#
# There is insufficient memory for the Java Runtime Environment to continue.
# Native memory allocation (malloc) failed to allocate 32784 bytes for Chunk::new
# Possible reasons:
#   The system is out of physical RAM or swap space
#   The process is running with CompressedOops enabled, and the Java Heap may be blocking the growth of the native heap
# Possible solutions:
#   Reduce memory load on the system
#   Increase physical memory or swap space
#   Check if swap backing store is full
#   Decrease Java heap size (-Xmx/-Xms)
#   Decrease number of Java threads
#   Decrease Java thread stack sizes (-Xss)
#   Set larger code cache with -XX:ReservedCodeCacheSize=
#   JVM is running with Unscaled Compressed Oops mode in which the Java heap is
#     placed in the first 4GB address space. The Java Heap base address is the
#     maximum limit for the native heap growth. Please use -XX:HeapBaseMinAddress
#     to set the Java Heap base and to place the Java Heap above 4GB virtual address.
# This output file may be truncated or incomplete.
#
#  Out of Memory Error (arena.cpp:189), pid=21920, tid=10144
#
# JRE version: Java(TM) SE Runtime Environment (17.0.9+11) (build 17.0.9+11-LTS-201)
# Java VM: Java HotSpot(TM) 64-Bit Server VM (17.0.9+11-LTS-201, mixed mode, sharing, tiered, compressed oops, compressed class ptrs, g1 gc, windows-amd64)
# No core dump will be written. Minidumps are not enabled by default on client versions of Windows
#

---------------  S U M M A R Y ------------

Command Line: -Xmx64m -Xms64m -Dorg.gradle.appname=gradlew org.gradle.wrapper.GradleWrapperMain assembleRelease

Host: AMD Ryzen 5 7520U with Radeon Graphics         , 8 cores, 5G,  Windows 11 , 64 bit Build 22621 (10.0.22621.3235)
Time: Wed Mar 20 11:34:19 2024 SE Asia Standard Time elapsed time: 315.257702 seconds (0d 0h 5m 15s)

---------------  T H R E A D  ---------------

Current thread (0x000001eeb9c1ff70):  JavaThread "C2 CompilerThread0" daemon [_thread_in_native, id=10144, stack(0x000000203cb00000,0x000000203cc00000)]


Current CompileTask:
C2: 315258 1837       4       org.fusesource.jansi.Ansi::flushAttributes (94 bytes)

Stack: [0x000000203cb00000,0x000000203cc00000]
Native frames: (J=compiled Java code, j=interpreted, Vv=VM code, C=native code)
V  [jvm.dll+0x678a4a]
V  [jvm.dll+0x7d9cfd]
V  [jvm.dll+0x7db60e]
V  [jvm.dll+0x7dbc73]
V  [jvm.dll+0x245e1f]
V  [jvm.dll+0xaaafb]
V  [jvm.dll+0xab09c]
V  [jvm.dll+0xaac14]
V  [jvm.dll+0x65744c]
V  [jvm.dll+0x222791]
V  [jvm.dll+0x21934a]
V  [jvm.dll+0x217459]
V  [jvm.dll+0x1a3bc0]
V  [jvm.dll+0x2272de]
V  [jvm.dll+0x22548b]
V  [jvm.dll+0x78f58c]
V  [jvm.dll+0x78998a]
V  [jvm.dll+0x677875]
C  [ucrtbase.dll+0x29363]
C  [KERNEL32.DLL+0x1257d]
C  [ntdll.dll+0x5aa58]


---------------  P R O C E S S  ---------------

Threads class SMR info:
_java_thread_list=0x000001ee8006ab40, length=15, elements={
0x000001eea04b8fa0, 0x000001eea05617b0, 0x000001eea0562a40, 0x000001eea05790e0,
0x000001eea057acb0, 0x000001eea057b870, 0x000001eea057e240, 0x000001eeb9c1ff70,
0x000001eeb9c32320, 0x000001eeb9c54c50, 0x000001eeff080dd0, 0x000001eeff0872e0,
0x000001eeff99ee60, 0x000001ee8003f9f0, 0x000001ee800190c0
}

Java Threads: ( => current thread )
  0x000001eea04b8fa0 JavaThread "main" [_thread_in_native, id=20112, stack(0x000000203be00000,0x000000203bf00000)]
  0x000001eea05617b0 JavaThread "Reference Handler" daemon [_thread_blocked, id=21596, stack(0x000000203c500000,0x000000203c600000)]
  0x000001eea0562a40 JavaThread "Finalizer" daemon [_thread_blocked, id=13852, stack(0x000000203c600000,0x000000203c700000)]
  0x000001eea05790e0 JavaThread "Signal Dispatcher" daemon [_thread_blocked, id=12716, stack(0x000000203c700000,0x000000203c800000)]
  0x000001eea057acb0 JavaThread "Attach Listener" daemon [_thread_blocked, id=3460, stack(0x000000203c800000,0x000000203c900000)]
  0x000001eea057b870 JavaThread "Service Thread" daemon [_thread_blocked, id=21892, stack(0x000000203c900000,0x000000203ca00000)]
  0x000001eea057e240 JavaThread "Monitor Deflation Thread" daemon [_thread_blocked, id=23240, stack(0x000000203ca00000,0x000000203cb00000)]
=>0x000001eeb9c1ff70 JavaThread "C2 CompilerThread0" daemon [_thread_in_native, id=10144, stack(0x000000203cb00000,0x000000203cc00000)]
  0x000001eeb9c32320 JavaThread "C1 CompilerThread0" daemon [_thread_blocked, id=7452, stack(0x000000203cc00000,0x000000203cd00000)]
  0x000001eeb9c54c50 JavaThread "Sweeper thread" daemon [_thread_blocked, id=15560, stack(0x000000203cd00000,0x000000203ce00000)]
  0x000001eeff080dd0 JavaThread "Notification Thread" daemon [_thread_blocked, id=4980, stack(0x000000203ce00000,0x000000203cf00000)]
  0x000001eeff0872e0 JavaThread "Common-Cleaner" daemon [_thread_blocked, id=16220, stack(0x000000203d000000,0x000000203d100000)]
  0x000001eeff99ee60 JavaThread "pool-1-thread-1" [_thread_blocked, id=16540, stack(0x000000203d500000,0x000000203d600000)]
  0x000001ee8003f9f0 JavaThread "DisconnectableInputStream source reader" daemon [_thread_in_native, id=13828, stack(0x000000203d700000,0x000000203d800000)]
  0x000001ee800190c0 JavaThread "Forward input" [_thread_blocked, id=24144, stack(0x000000203d800000,0x000000203d900000)]

Other Threads:
  0x000001eea055d730 VMThread "VM Thread" [stack: 0x000000203c400000,0x000000203c500000] [id=4728]
  0x000001eea04e91d0 WatcherThread [stack: 0x000000203cf00000,0x000000203d000000] [id=22468]
  0x000001eea04dac80 GCTaskThread "GC Thread#0" [stack: 0x000000203bf00000,0x000000203c000000] [id=11024]
  0x000001eeff7ab300 GCTaskThread "GC Thread#1" [stack: 0x000000203d100000,0x000000203d200000] [id=17360]
  0x000001eeff9c0cb0 GCTaskThread "GC Thread#2" [stack: 0x000000203d200000,0x000000203d300000] [id=23608]
  0x000001eeff9aecf0 GCTaskThread "GC Thread#3" [stack: 0x000000203d300000,0x000000203d400000] [id=2364]
  0x000001eeff992040 GCTaskThread "GC Thread#4" [stack: 0x000000203d400000,0x000000203d500000] [id=15904]
  0x000001ee8001c8b0 GCTaskThread "GC Thread#5" [stack: 0x000000203bb00000,0x000000203bc00000] [id=9372]
  0x000001eeff051450 GCTaskThread "GC Thread#6" [stack: 0x000000203bc00000,0x000000203bd00000] [id=324]
  0x000001eeb9cd7f70 GCTaskThread "GC Thread#7" [stack: 0x000000203bd00000,0x000000203be00000] [id=22188]
  0x000001eea04dc3d0 ConcurrentGCThread "G1 Main Marker" [stack: 0x000000203c000000,0x000000203c100000] [id=18208]
  0x000001eea04dcde0 ConcurrentGCThread "G1 Conc#0" [stack: 0x000000203c100000,0x000000203c200000] [id=3772]
  0x000001eea053f410 ConcurrentGCThread "G1 Refine#0" [stack: 0x000000203c200000,0x000000203c300000] [id=22456]
  0x000001eea053fe40 ConcurrentGCThread "G1 Service" [stack: 0x000000203c300000,0x000000203c400000] [id=12860]

Threads with active compile tasks:
C2 CompilerThread0   315316 1837       4       org.fusesource.jansi.Ansi::flushAttributes (94 bytes)

VM state: not at safepoint (normal execution)

VM Mutex/Monitor currently owned by a thread: None

Heap address: 0x00000000fc000000, size: 64 MB, Compressed Oops mode: 32-bit

CDS archive(s) mapped at: [0x000001eeba000000-0x000001eebabd0000-0x000001eebabd0000), size 12386304, SharedBaseAddress: 0x000001eeba000000, ArchiveRelocationMode: 1.
Compressed class space mapped at: 0x000001eebb000000-0x000001eefb000000, reserved size: 1073741824
Narrow klass base: 0x000001eeba000000, Narrow klass shift: 0, Narrow klass range: 0x100000000

GC Precious Log:
 CPUs: 8 total, 8 available
 Memory: 5877M
 Large Page Support: Disabled
 NUMA Support: Disabled
 Compressed Oops: Enabled (32-bit)
 Heap Region Size: 1M
 Heap Min Capacity: 64M
 Heap Initial Capacity: 64M
 Heap Max Capacity: 64M
 Pre-touch: Disabled
 Parallel Workers: 8
 Concurrent Workers: 2
 Concurrent Refinement Workers: 8
 Periodic GC: Disabled

Heap:
 garbage-first heap   total 65536K, used 13778K [0x00000000fc000000, 0x0000000100000000)
  region size 1024K, 4 young (4096K), 2 survivors (2048K)
 Metaspace       used 9223K, committed 9408K, reserved 1114112K
  class space    used 1199K, committed 1280K, reserved 1048576K

Heap Regions: E=young(eden), S=young(survivor), O=old, HS=humongous(starts), HC=humongous(continues), CS=collection set, F=free, OA=open archive, CA=closed archive, TAMS=top-at-mark-start (previous, next)
|   0|0x00000000fc000000, 0x00000000fc100000, 0x00000000fc100000|100%|HS|  |TAMS 0x00000000fc000000, 0x00000000fc000000| Complete 
|   1|0x00000000fc100000, 0x00000000fc200000, 0x00000000fc200000|100%|HC|  |TAMS 0x00000000fc100000, 0x00000000fc100000| Complete 
|   2|0x00000000fc200000, 0x00000000fc300000, 0x00000000fc300000|100%|HC|  |TAMS 0x00000000fc200000, 0x00000000fc200000| Complete 
|   3|0x00000000fc300000, 0x00000000fc400000, 0x00000000fc400000|100%|HC|  |TAMS 0x00000000fc300000, 0x00000000fc300000| Complete 
|   4|0x00000000fc400000, 0x00000000fc500000, 0x00000000fc500000|100%| O|  |TAMS 0x00000000fc400000, 0x00000000fc400000| Untracked 
|   5|0x00000000fc500000, 0x00000000fc600000, 0x00000000fc600000|100%| O|  |TAMS 0x00000000fc500000, 0x00000000fc500000| Untracked 
|   6|0x00000000fc600000, 0x00000000fc700000, 0x00000000fc700000|100%| O|  |TAMS 0x00000000fc600000, 0x00000000fc600000| Untracked 
|   7|0x00000000fc700000, 0x00000000fc800000, 0x00000000fc800000|100%| O|  |TAMS 0x00000000fc700000, 0x00000000fc700000| Untracked 
|   8|0x00000000fc800000, 0x00000000fc900000, 0x00000000fc900000|100%| O|  |TAMS 0x00000000fc800000, 0x00000000fc800000| Untracked 
|   9|0x00000000fc900000, 0x00000000fca00000, 0x00000000fca00000|100%| O|  |TAMS 0x00000000fc900000, 0x00000000fc900000| Untracked 
|  10|0x00000000fca00000, 0x00000000fcafce00, 0x00000000fcb00000| 98%| O|  |TAMS 0x00000000fca00000, 0x00000000fca00000| Untracked 
|  11|0x00000000fcb00000, 0x00000000fcb00000, 0x00000000fcc00000|  0%| F|  |TAMS 0x00000000fcb00000, 0x00000000fcb00000| Untracked 
|  12|0x00000000fcc00000, 0x00000000fcc00000, 0x00000000fcd00000|  0%| F|  |TAMS 0x00000000fcc00000, 0x00000000fcc00000| Untracked 
|  13|0x00000000fcd00000, 0x00000000fcd00000, 0x00000000fce00000|  0%| F|  |TAMS 0x00000000fcd00000, 0x00000000fcd00000| Untracked 
|  14|0x00000000fce00000, 0x00000000fce00000, 0x00000000fcf00000|  0%| F|  |TAMS 0x00000000fce00000, 0x00000000fce00000| Untracked 
|  15|0x00000000fcf00000, 0x00000000fcf00000, 0x00000000fd000000|  0%| F|  |TAMS 0x00000000fcf00000, 0x00000000fcf00000| Untracked 
|  16|0x00000000fd000000, 0x00000000fd000000, 0x00000000fd100000|  0%| F|  |TAMS 0x00000000fd000000, 0x00000000fd000000| Untracked 
|  17|0x00000000fd100000, 0x00000000fd100000, 0x00000000fd200000|  0%| F|  |TAMS 0x00000000fd100000, 0x00000000fd100000| Untracked 
|  18|0x00000000fd200000, 0x00000000fd200000, 0x00000000fd300000|  0%| F|  |TAMS 0x00000000fd200000, 0x00000000fd200000| Untracked 
|  19|0x00000000fd300000, 0x00000000fd300000, 0x00000000fd400000|  0%| F|  |TAMS 0x00000000fd300000, 0x00000000fd300000| Untracked 
|  20|0x00000000fd400000, 0x00000000fd400000, 0x00000000fd500000|  0%| F|  |TAMS 0x00000000fd400000, 0x00000000fd400000| Untracked 
|  21|0x00000000fd500000, 0x00000000fd500000, 0x00000000fd600000|  0%| F|  |TAMS 0x00000000fd500000, 0x00000000fd500000| Untracked 
|  22|0x00000000fd600000, 0x00000000fd600000, 0x00000000fd700000|  0%| F|  |TAMS 0x00000000fd600000, 0x00000000fd600000| Untracked 
|  23|0x00000000fd700000, 0x00000000fd700000, 0x00000000fd800000|  0%| F|  |TAMS 0x00000000fd700000, 0x00000000fd700000| Untracked 
|  24|0x00000000fd800000, 0x00000000fd800000, 0x00000000fd900000|  0%| F|  |TAMS 0x00000000fd800000, 0x00000000fd800000| Untracked 
|  25|0x00000000fd900000, 0x00000000fd900000, 0x00000000fda00000|  0%| F|  |TAMS 0x00000000fd900000, 0x00000000fd900000| Untracked 
|  26|0x00000000fda00000, 0x00000000fda00000, 0x00000000fdb00000|  0%| F|  |TAMS 0x00000000fda00000, 0x00000000fda00000| Untracked 
|  27|0x00000000fdb00000, 0x00000000fdb00000, 0x00000000fdc00000|  0%| F|  |TAMS 0x00000000fdb00000, 0x00000000fdb00000| Untracked 
|  28|0x00000000fdc00000, 0x00000000fdc00000, 0x00000000fdd00000|  0%| F|  |TAMS 0x00000000fdc00000, 0x00000000fdc00000| Untracked 
|  29|0x00000000fdd00000, 0x00000000fdd00000, 0x00000000fde00000|  0%| F|  |TAMS 0x00000000fdd00000, 0x00000000fdd00000| Untracked 
|  30|0x00000000fde00000, 0x00000000fde00000, 0x00000000fdf00000|  0%| F|  |TAMS 0x00000000fde00000, 0x00000000fde00000| Untracked 
|  31|0x00000000fdf00000, 0x00000000fdf00000, 0x00000000fe000000|  0%| F|  |TAMS 0x00000000fdf00000, 0x00000000fdf00000| Untracked 
|  32|0x00000000fe000000, 0x00000000fe000000, 0x00000000fe100000|  0%| F|  |TAMS 0x00000000fe000000, 0x00000000fe000000| Untracked 
|  33|0x00000000fe100000, 0x00000000fe100000, 0x00000000fe200000|  0%| F|  |TAMS 0x00000000fe100000, 0x00000000fe100000| Untracked 
|  34|0x00000000fe200000, 0x00000000fe200000, 0x00000000fe300000|  0%| F|  |TAMS 0x00000000fe200000, 0x00000000fe200000| Untracked 
|  35|0x00000000fe300000, 0x00000000fe300000, 0x00000000fe400000|  0%| F|  |TAMS 0x00000000fe300000, 0x00000000fe300000| Untracked 
|  36|0x00000000fe400000, 0x00000000fe400000, 0x00000000fe500000|  0%| F|  |TAMS 0x00000000fe400000, 0x00000000fe400000| Untracked 
|  37|0x00000000fe500000, 0x00000000fe577b78, 0x00000000fe600000| 46%| S|CS|TAMS 0x00000000fe500000, 0x00000000fe500000| Complete 
|  38|0x00000000fe600000, 0x00000000fe600000, 0x00000000fe700000|  0%| F|  |TAMS 0x00000000fe600000, 0x00000000fe600000| Untracked 
|  39|0x00000000fe700000, 0x00000000fe700000, 0x00000000fe800000|  0%| F|  |TAMS 0x00000000fe700000, 0x00000000fe700000| Untracked 
|  40|0x00000000fe800000, 0x00000000fe800000, 0x00000000fe900000|  0%| F|  |TAMS 0x00000000fe800000, 0x00000000fe800000| Untracked 
|  41|0x00000000fe900000, 0x00000000fea00000, 0x00000000fea00000|100%| S|CS|TAMS 0x00000000fe900000, 0x00000000fe900000| Complete 
|  42|0x00000000fea00000, 0x00000000fea00000, 0x00000000feb00000|  0%| F|  |TAMS 0x00000000fea00000, 0x00000000fea00000| Untracked 
|  43|0x00000000feb00000, 0x00000000feb00000, 0x00000000fec00000|  0%| F|  |TAMS 0x00000000feb00000, 0x00000000feb00000| Untracked 
|  44|0x00000000fec00000, 0x00000000fec00000, 0x00000000fed00000|  0%| F|  |TAMS 0x00000000fec00000, 0x00000000fec00000| Untracked 
|  45|0x00000000fed00000, 0x00000000fed00000, 0x00000000fee00000|  0%| F|  |TAMS 0x00000000fed00000, 0x00000000fed00000| Untracked 
|  46|0x00000000fee00000, 0x00000000fee00000, 0x00000000fef00000|  0%| F|  |TAMS 0x00000000fee00000, 0x00000000fee00000| Untracked 
|  47|0x00000000fef00000, 0x00000000fef00000, 0x00000000ff000000|  0%| F|  |TAMS 0x00000000fef00000, 0x00000000fef00000| Untracked 
|  48|0x00000000ff000000, 0x00000000ff000000, 0x00000000ff100000|  0%| F|  |TAMS 0x00000000ff000000, 0x00000000ff000000| Untracked 
|  49|0x00000000ff100000, 0x00000000ff100000, 0x00000000ff200000|  0%| F|  |TAMS 0x00000000ff100000, 0x00000000ff100000| Untracked 
|  50|0x00000000ff200000, 0x00000000ff200000, 0x00000000ff300000|  0%| F|  |TAMS 0x00000000ff200000, 0x00000000ff200000| Untracked 
|  51|0x00000000ff300000, 0x00000000ff300000, 0x00000000ff400000|  0%| F|  |TAMS 0x00000000ff300000, 0x00000000ff300000| Untracked 
|  52|0x00000000ff400000, 0x00000000ff400000, 0x00000000ff500000|  0%| F|  |TAMS 0x00000000ff400000, 0x00000000ff400000| Untracked 
|  53|0x00000000ff500000, 0x00000000ff500000, 0x00000000ff600000|  0%| F|  |TAMS 0x00000000ff500000, 0x00000000ff500000| Untracked 
|  54|0x00000000ff600000, 0x00000000ff600000, 0x00000000ff700000|  0%| F|  |TAMS 0x00000000ff600000, 0x00000000ff600000| Untracked 
|  55|0x00000000ff700000, 0x00000000ff700000, 0x00000000ff800000|  0%| F|  |TAMS 0x00000000ff700000, 0x00000000ff700000| Untracked 
|  56|0x00000000ff800000, 0x00000000ff800000, 0x00000000ff900000|  0%| F|  |TAMS 0x00000000ff800000, 0x00000000ff800000| Untracked 
|  57|0x00000000ff900000, 0x00000000ff900000, 0x00000000ffa00000|  0%| F|  |TAMS 0x00000000ff900000, 0x00000000ff900000| Untracked 
|  58|0x00000000ffa00000, 0x00000000ffa00000, 0x00000000ffb00000|  0%| F|  |TAMS 0x00000000ffa00000, 0x00000000ffa00000| Untracked 
|  59|0x00000000ffb00000, 0x00000000ffb00000, 0x00000000ffc00000|  0%| F|  |TAMS 0x00000000ffb00000, 0x00000000ffb00000| Untracked 
|  60|0x00000000ffc00000, 0x00000000ffc00000, 0x00000000ffd00000|  0%| F|  |TAMS 0x00000000ffc00000, 0x00000000ffc00000| Untracked 
|  61|0x00000000ffd00000, 0x00000000ffd00000, 0x00000000ffe00000|  0%| F|  |TAMS 0x00000000ffd00000, 0x00000000ffd00000| Untracked 
|  62|0x00000000ffe00000, 0x00000000ffe2b9a0, 0x00000000fff00000| 17%| E|  |TAMS 0x00000000ffe00000, 0x00000000ffe00000| Complete 
|  63|0x00000000fff00000, 0x0000000100000000, 0x0000000100000000|100%| E|CS|TAMS 0x00000000fff00000, 0x00000000fff00000| Complete 

Card table byte_map: [0x000001ee9e490000,0x000001ee9e4b0000] _byte_map_base: 0x000001ee9dcb0000

Marking Bits (Prev, Next): (CMBitMap*) 0x000001eea04db2a0, (CMBitMap*) 0x000001eea04db2e0
 Prev Bits: [0x000001eeb7080000, 0x000001eeb7180000)
 Next Bits: [0x000001eeb7180000, 0x000001eeb7280000)

Polling page: 0x000001ee9e440000

Metaspace:

Usage:
  Non-class:      7.84 MB used.
      Class:      1.17 MB used.
       Both:      9.01 MB used.

Virtual space:
  Non-class space:       64.00 MB reserved,       7.94 MB ( 12%) committed,  1 nodes.
      Class space:        1.00 GB reserved,       1.25 MB ( <1%) committed,  1 nodes.
             Both:        1.06 GB reserved,       9.19 MB ( <1%) committed. 

Chunk freelists:
   Non-Class:  7.75 MB
       Class:  14.61 MB
        Both:  22.36 MB

MaxMetaspaceSize: unlimited
CompressedClassSpaceSize: 1.00 GB
Initial GC threshold: 21.00 MB
Current GC threshold: 21.00 MB
CDS: on
MetaspaceReclaimPolicy: balanced
 - commit_granule_bytes: 65536.
 - commit_granule_words: 8192.
 - virtual_space_node_default_size: 8388608.
 - enlarge_chunks_in_place: 1.
 - new_chunks_are_fully_committed: 0.
 - uncommit_free_chunks: 1.
 - use_allocation_guard: 0.
 - handle_deallocations: 1.


Internal statistics:

num_allocs_failed_limit: 0.
num_arena_births: 76.
num_arena_deaths: 0.
num_vsnodes_births: 2.
num_vsnodes_deaths: 0.
num_space_committed: 147.
num_space_uncommitted: 0.
num_chunks_returned_to_freelist: 0.
num_chunks_taken_from_freelist: 316.
num_chunk_merges: 0.
num_chunk_splits: 224.
num_chunks_enlarged: 187.
num_inconsistent_stats: 0.

CodeHeap 'non-profiled nmethods': size=120000Kb used=699Kb max_used=699Kb free=119300Kb
 bounds [0x000001eeaf820000, 0x000001eeafa90000, 0x000001eeb6d50000]
CodeHeap 'profiled nmethods': size=120000Kb used=3460Kb max_used=3460Kb free=116539Kb
 bounds [0x000001eea7d50000, 0x000001eea80c0000, 0x000001eeaf280000]
CodeHeap 'non-nmethods': size=5760Kb used=1168Kb max_used=1205Kb free=4591Kb
 bounds [0x000001eeaf280000, 0x000001eeaf4f0000, 0x000001eeaf820000]
 total_blobs=2296 nmethods=1833 adapters=376
 compilation: enabled
              stopped_count=0, restarted_count=0
 full_count=0

Compilation events (20 events):
Event: 307.823 Thread 0x000001eeb9c32320 nmethod 1826 0x000001eea80ada10 code [0x000001eea80adc00, 0x000001eea80ae258]
Event: 308.593 Thread 0x000001eeb9c32320 1828       3       java.lang.System::checkKey (34 bytes)
Event: 308.593 Thread 0x000001eeb9c32320 nmethod 1828 0x000001eea80ae510 code [0x000001eea80ae6e0, 0x000001eea80aea98]
Event: 309.741 Thread 0x000001eeb9c32320 1829       3       java.lang.System::getProperty (25 bytes)
Event: 309.745 Thread 0x000001eeb9c32320 nmethod 1829 0x000001eea80aec10 code [0x000001eea80aee20, 0x000001eea80af538]
Event: 309.745 Thread 0x000001eeb9c32320 1830       1       org.gradle.internal.logging.console.DefaultAnsiExecutor::access$300 (5 bytes)
Event: 309.745 Thread 0x000001eeb9c32320 nmethod 1830 0x000001eeaf8ce410 code [0x000001eeaf8ce5a0, 0x000001eeaf8ce658]
Event: 313.890 Thread 0x000001eeb9c32320 1831       1       org.fusesource.jansi.Ansi$Erase::value (5 bytes)
Event: 313.890 Thread 0x000001eeb9c32320 nmethod 1831 0x000001eeaf8ce710 code [0x000001eeaf8ce8a0, 0x000001eeaf8ce978]
Event: 314.896 Thread 0x000001eeb9c32320 1832       3       org.gradle.internal.logging.text.AbstractStyledTextOutput::style (20 bytes)
Event: 314.897 Thread 0x000001eeb9c32320 nmethod 1832 0x000001eea80af790 code [0x000001eea80af940, 0x000001eea80afba8]
Event: 314.993 Thread 0x000001eeb9c32320 1833       3       org.gradle.internal.logging.text.AbstractStyledTextOutput::text (19 bytes)
Event: 314.993 Thread 0x000001eeb9c32320 nmethod 1833 0x000001eea80afc90 code [0x000001eea80afe40, 0x000001eea80b0138]
Event: 314.993 Thread 0x000001eeb9c32320 1835       3       org.gradle.internal.logging.text.AbstractLineChoppingStyledTextOutput$StateContext::<init> (79 bytes)
Event: 314.994 Thread 0x000001eeb9c32320 nmethod 1835 0x000001eea80b0290 code [0x000001eea80b0480, 0x000001eea80b0988]
Event: 314.994 Thread 0x000001eeb9c32320 1834       3       org.gradle.internal.logging.text.AbstractLineChoppingStyledTextOutput$SeenFromEol::copy (28 bytes)
Event: 314.994 Thread 0x000001eeb9c32320 nmethod 1834 0x000001eea80b0b90 code [0x000001eea80b0d40, 0x000001eea80b1088]
Event: 315.197 Thread 0x000001eeb9c32320 1836       1       org.gradle.internal.logging.console.AnsiConsole::access$100 (5 bytes)
Event: 315.197 Thread 0x000001eeb9c32320 nmethod 1836 0x000001eeaf8cea10 code [0x000001eeaf8ceba0, 0x000001eeaf8cec58]
Event: 315.198 Thread 0x000001eeb9c1ff70 1837       4       org.fusesource.jansi.Ansi::flushAttributes (94 bytes)

GC Heap History (4 events):
Event: 0.620 GC heap before
{Heap before GC invocations=0 (full 0):
 garbage-first heap   total 65536K, used 26624K [0x00000000fc000000, 0x0000000100000000)
  region size 1024K, 23 young (23552K), 0 survivors (0K)
 Metaspace       used 3801K, committed 3904K, reserved 1114112K
  class space    used 466K, committed 512K, reserved 1048576K
}
Event: 0.626 GC heap after
{Heap after GC invocations=1 (full 0):
 garbage-first heap   total 65536K, used 11072K [0x00000000fc000000, 0x0000000100000000)
  region size 1024K, 3 young (3072K), 3 survivors (3072K)
 Metaspace       used 3801K, committed 3904K, reserved 1114112K
  class space    used 466K, committed 512K, reserved 1048576K
}
Event: 282.311 GC heap before
{Heap before GC invocations=1 (full 0):
 garbage-first heap   total 65536K, used 33600K [0x00000000fc000000, 0x0000000100000000)
  region size 1024K, 25 young (25600K), 3 survivors (3072K)
 Metaspace       used 9214K, committed 9408K, reserved 1114112K
  class space    used 1199K, committed 1280K, reserved 1048576K
}
Event: 282.410 GC heap after
{Heap after GC invocations=2 (full 0):
 garbage-first heap   total 65536K, used 12754K [0x00000000fc000000, 0x0000000100000000)
  region size 1024K, 2 young (2048K), 2 survivors (2048K)
 Metaspace       used 9214K, committed 9408K, reserved 1114112K
  class space    used 1199K, committed 1280K, reserved 1048576K
}

Deoptimization events (20 events):
Event: 0.947 Thread 0x000001eea04b8fa0 Uncommon trap: trap_request=0xffffffc6 fr.pc=0x000001eeaf87c63c relative=0x000000000000055c
Event: 0.947 Thread 0x000001eea04b8fa0 Uncommon trap: reason=bimorphic_or_optimized_type_check action=maybe_recompile pc=0x000001eeaf87c63c method=java.util.concurrent.ConcurrentHashMap.get(Ljava/lang/Object;)Ljava/lang/Object; @ 149 c2
Event: 0.947 Thread 0x000001eea04b8fa0 DEOPT PACKING pc=0x000001eeaf87c63c sp=0x000000203befbd50
Event: 0.947 Thread 0x000001eea04b8fa0 DEOPT UNPACKING pc=0x000001eeaf2d23a3 sp=0x000000203befbcf0 mode 2
Event: 1.259 Thread 0x000001eea04b8fa0 Uncommon trap: trap_request=0xffffff45 fr.pc=0x000001eeaf855c58 relative=0x0000000000000618
Event: 1.259 Thread 0x000001eea04b8fa0 Uncommon trap: reason=unstable_if action=reinterpret pc=0x000001eeaf855c58 method=java.lang.AbstractStringBuilder.append(Ljava/lang/String;)Ljava/lang/AbstractStringBuilder; @ 1 c2
Event: 1.259 Thread 0x000001eea04b8fa0 DEOPT PACKING pc=0x000001eeaf855c58 sp=0x000000203befca90
Event: 1.259 Thread 0x000001eea04b8fa0 DEOPT UNPACKING pc=0x000001eeaf2d23a3 sp=0x000000203befca10 mode 2
Event: 1.259 Thread 0x000001eea04b8fa0 Uncommon trap: trap_request=0xffffff45 fr.pc=0x000001eeaf860968 relative=0x0000000000000628
Event: 1.259 Thread 0x000001eea04b8fa0 Uncommon trap: reason=unstable_if action=reinterpret pc=0x000001eeaf860968 method=java.lang.AbstractStringBuilder.append(Ljava/lang/String;)Ljava/lang/AbstractStringBuilder; @ 1 c2
Event: 1.259 Thread 0x000001eea04b8fa0 DEOPT PACKING pc=0x000001eeaf860968 sp=0x000000203befca30
Event: 1.259 Thread 0x000001eea04b8fa0 DEOPT UNPACKING pc=0x000001eeaf2d23a3 sp=0x000000203befca18 mode 2
Event: 109.279 Thread 0x000001eea04b8fa0 Uncommon trap: trap_request=0xffffffc6 fr.pc=0x000001eeaf87c63c relative=0x000000000000055c
Event: 109.279 Thread 0x000001eea04b8fa0 Uncommon trap: reason=bimorphic_or_optimized_type_check action=maybe_recompile pc=0x000001eeaf87c63c method=java.util.concurrent.ConcurrentHashMap.get(Ljava/lang/Object;)Ljava/lang/Object; @ 149 c2
Event: 109.279 Thread 0x000001eea04b8fa0 DEOPT PACKING pc=0x000001eeaf87c63c sp=0x000000203befcd20
Event: 109.280 Thread 0x000001eea04b8fa0 DEOPT UNPACKING pc=0x000001eeaf2d23a3 sp=0x000000203befccc0 mode 2
Event: 109.280 Thread 0x000001eea04b8fa0 Uncommon trap: trap_request=0xffffffc6 fr.pc=0x000001eeaf87c63c relative=0x000000000000055c
Event: 109.280 Thread 0x000001eea04b8fa0 Uncommon trap: reason=bimorphic_or_optimized_type_check action=maybe_recompile pc=0x000001eeaf87c63c method=java.util.concurrent.ConcurrentHashMap.get(Ljava/lang/Object;)Ljava/lang/Object; @ 149 c2
Event: 109.280 Thread 0x000001eea04b8fa0 DEOPT PACKING pc=0x000001eeaf87c63c sp=0x000000203befcd20
Event: 109.280 Thread 0x000001eea04b8fa0 DEOPT UNPACKING pc=0x000001eeaf2d23a3 sp=0x000000203befccc0 mode 2

Classes unloaded (0 events):
No events

Classes redefined (0 events):
No events

Internal exceptions (19 events):
Event: 0.153 Thread 0x000001eea04b8fa0 Exception <a 'java/lang/NoSuchMethodError'{0x00000000ffc6fc08}: 'int java.lang.invoke.DirectMethodHandle$Holder.invokeStaticInit(java.lang.Object, java.lang.Object)'> (0x00000000ffc6fc08) 
thrown [s\open\src\hotspot\share\interpreter\linkResolver.cpp, line 759]
Event: 0.598 Thread 0x000001eea04b8fa0 Exception <a 'java/lang/NoSuchMethodError'{0x00000000fe928760}: 'void java.lang.invoke.DirectMethodHandle$Holder.invokeStatic(java.lang.Object, java.lang.Object)'> (0x00000000fe928760) 
thrown [s\open\src\hotspot\share\interpreter\linkResolver.cpp, line 759]
Event: 0.615 Thread 0x000001eea04b8fa0 Exception <a 'java/lang/NoClassDefFoundError'{0x00000000fe9af4f8}: org/slf4j/impl/StaticMarkerBinder> (0x00000000fe9af4f8) 
thrown [s\open\src\hotspot\share\classfile\systemDictionary.cpp, line 245]
Event: 0.632 Thread 0x000001eea04b8fa0 Exception <a 'java/lang/NoSuchMethodError'{0x00000000fff578c8}: 'java.lang.Object java.lang.invoke.DirectMethodHandle$Holder.invokeVirtual(java.lang.Object, java.lang.Object, java.lang.Object, java.lang.Object, java.lang.Object, java.lang.Object, java.lang.Object)'> (0x00000000fff578c8) 
thrown [s\open\src\hotspot\share\interpreter\linkResolver.cpp, line 759]
Event: 0.634 Thread 0x000001eea04b8fa0 Exception <a 'java/lang/NoSuchMethodError'{0x00000000fff68e88}: 'java.lang.Object java.lang.invoke.Invokers$Holder.invoker(java.lang.Object, java.lang.Object, java.lang.Object)'> (0x00000000fff68e88) 
thrown [s\open\src\hotspot\share\interpreter\linkResolver.cpp, line 759]
Event: 0.635 Thread 0x000001eea04b8fa0 Exception <a 'java/lang/NoSuchMethodError'{0x00000000fff72060}: 'java.lang.Object java.lang.invoke.DirectMethodHandle$Holder.invokeStatic(java.lang.Object, java.lang.Object, int)'> (0x00000000fff72060) 
thrown [s\open\src\hotspot\share\interpreter\linkResolver.cpp, line 759]
Event: 0.636 Thread 0x000001eea04b8fa0 Exception <a 'java/lang/NoSuchMethodError'{0x00000000fffb6508}: 'void java.lang.invoke.DelegatingMethodHandle$Holder.delegate(java.lang.Object, java.lang.Object, int, java.lang.Object)'> (0x00000000fffb6508) 
thrown [s\open\src\hotspot\share\interpreter\linkResolver.cpp, line 759]
Event: 0.636 Thread 0x000001eea04b8fa0 Exception <a 'java/lang/NoSuchMethodError'{0x00000000fffba6d0}: 'int java.lang.invoke.DirectMethodHandle$Holder.invokeSpecial(java.lang.Object, java.lang.Object, java.lang.Object)'> (0x00000000fffba6d0) 
thrown [s\open\src\hotspot\share\interpreter\linkResolver.cpp, line 759]
Event: 0.638 Thread 0x000001eea04b8fa0 Exception <a 'java/lang/NoSuchMethodError'{0x00000000fffcd818}: 'java.lang.Object java.lang.invoke.Invokers$Holder.invokeExact_MT(java.lang.Object, java.lang.Object, java.lang.Object, java.lang.Object)'> (0x00000000fffcd818) 
thrown [s\open\src\hotspot\share\interpreter\linkResolver.cpp, line 759]
Event: 0.791 Thread 0x000001eea04b8fa0 Exception <a 'java/lang/NoSuchMethodError'{0x00000000ff9c9ee0}: 'void java.lang.invoke.DirectMethodHandle$Holder.invokeSpecial(java.lang.Object, java.lang.Object, java.lang.Object)'> (0x00000000ff9c9ee0) 
thrown [s\open\src\hotspot\share\interpreter\linkResolver.cpp, line 759]
Event: 0.801 Thread 0x000001eea04b8fa0 Implicit null exception at 0x000001eeaf87360a to 0x000001eeaf873b50
Event: 0.801 Thread 0x000001eea04b8fa0 Implicit null exception at 0x000001eeaf85b08c to 0x000001eeaf85b5d8
Event: 0.801 Thread 0x000001eea04b8fa0 Implicit null exception at 0x000001eeaf878a8f to 0x000001eeaf878b09
Event: 0.831 Thread 0x000001eea04b8fa0 Exception <a 'java/lang/NoSuchMethodError'{0x00000000ff7870d8}: 'java.lang.Object java.lang.invoke.DirectMethodHandle$Holder.invokeStaticInit(java.lang.Object)'> (0x00000000ff7870d8) 
thrown [s\open\src\hotspot\share\interpreter\linkResolver.cpp, line 759]
Event: 0.942 Thread 0x000001eea04b8fa0 Exception <a 'java/lang/NoSuchMethodError'{0x00000000ff33e1b0}: 'java.lang.Object java.lang.invoke.DirectMethodHandle$Holder.invokeStaticInit(java.lang.Object, int, int, int, int)'> (0x00000000ff33e1b0) 
thrown [s\open\src\hotspot\share\interpreter\linkResolver.cpp, line 759]
Event: 1.177 Thread 0x000001eea04b8fa0 Exception <a 'java/lang/NoSuchMethodError'{0x00000000ff2144a8}: 'java.lang.Object java.lang.invoke.DirectMethodHandle$Holder.invokeStaticInit(java.lang.Object, java.lang.Object, int, int, int, int)'> (0x00000000ff2144a8) 
thrown [s\open\src\hotspot\share\interpreter\linkResolver.cpp, line 759]
Event: 1.240 Thread 0x000001eea04b8fa0 Exception <a 'java/lang/NoSuchMethodError'{0x00000000ff240e58}: 'void java.lang.invoke.DirectMethodHandle$Holder.invokeStatic(java.lang.Object, java.lang.Object, java.lang.Object)'> (0x00000000ff240e58) 
thrown [s\open\src\hotspot\share\interpreter\linkResolver.cpp, line 759]
Event: 1.259 Thread 0x000001eea04b8fa0 Implicit null exception at 0x000001eeaf855672 to 0x000001eeaf855c40
Event: 1.259 Thread 0x000001eea04b8fa0 Implicit null exception at 0x000001eeaf860372 to 0x000001eeaf860950

VM Operations (20 events):
Event: 253.883 Executing VM operation: Cleanup
Event: 253.883 Executing VM operation: Cleanup done
Event: 261.955 Executing VM operation: Cleanup
Event: 261.955 Executing VM operation: Cleanup done
Event: 271.047 Executing VM operation: Cleanup
Event: 271.047 Executing VM operation: Cleanup done
Event: 274.076 Executing VM operation: Cleanup
Event: 274.076 Executing VM operation: Cleanup done
Event: 275.083 Executing VM operation: Cleanup
Event: 275.083 Executing VM operation: Cleanup done
Event: 282.307 Executing VM operation: G1CollectForAllocation
Event: 282.411 Executing VM operation: G1CollectForAllocation done
Event: 302.580 Executing VM operation: Cleanup
Event: 302.581 Executing VM operation: Cleanup done
Event: 306.622 Executing VM operation: Cleanup
Event: 306.622 Executing VM operation: Cleanup done
Event: 307.636 Executing VM operation: Cleanup
Event: 307.636 Executing VM operation: Cleanup done
Event: 308.638 Executing VM operation: Cleanup
Event: 308.638 Executing VM operation: Cleanup done

Events (20 events):
Event: 39.776 loading class jdk/internal/reflect/ByteVector done
Event: 39.776 loading class jdk/internal/reflect/ByteVectorImpl done
Event: 39.776 loading class jdk/internal/reflect/ClassFileAssembler
Event: 39.777 loading class jdk/internal/reflect/ClassFileAssembler done
Event: 39.777 loading class jdk/internal/reflect/UTF8
Event: 39.777 loading class jdk/internal/reflect/UTF8 done
Event: 39.779 loading class jdk/internal/reflect/Label
Event: 39.779 loading class jdk/internal/reflect/Label done
Event: 39.779 loading class jdk/internal/reflect/Label$PatchInfo
Event: 39.779 loading class jdk/internal/reflect/Label$PatchInfo done
Event: 39.779 loading class jdk/internal/reflect/MethodAccessorGenerator$1
Event: 39.779 loading class jdk/internal/reflect/MethodAccessorGenerator$1 done
Event: 39.779 loading class jdk/internal/reflect/ClassDefiner
Event: 39.779 loading class jdk/internal/reflect/ClassDefiner done
Event: 39.779 loading class jdk/internal/reflect/ClassDefiner$1
Event: 39.779 loading class jdk/internal/reflect/ClassDefiner$1 done
Event: 95.448 loading class java/util/ArrayList$ListItr
Event: 95.450 loading class java/util/ArrayList$ListItr done
Event: 113.547 loading class jdk/internal/misc/ScopedMemoryAccess$Scope
Event: 113.549 loading class jdk/internal/misc/ScopedMemoryAccess$Scope done


Dynamic libraries:
0x00007ff74db40000 - 0x00007ff74db50000 	C:\Program Files\Java\jdk-17\bin\java.exe
0x00007fffc1050000 - 0x00007fffc1266000 	C:\Windows\SYSTEM32\ntdll.dll
0x00007fffc0480000 - 0x00007fffc0544000 	C:\Windows\System32\KERNEL32.DLL
0x00007fffbe700000 - 0x00007fffbeaa6000 	C:\Windows\System32\KERNELBASE.dll
0x00007fffbe4d0000 - 0x00007fffbe5e1000 	C:\Windows\System32\ucrtbase.dll
0x00007fffb5210000 - 0x00007fffb5229000 	C:\Program Files\Java\jdk-17\bin\jli.dll
0x00007fffb5190000 - 0x00007fffb51ab000 	C:\Program Files\Java\jdk-17\bin\VCRUNTIME140.dll
0x00007fffbf3d0000 - 0x00007fffbf482000 	C:\Windows\System32\ADVAPI32.dll
0x00007fffbeda0000 - 0x00007fffbee47000 	C:\Windows\System32\msvcrt.dll
0x00007fffc0db0000 - 0x00007fffc0e58000 	C:\Windows\System32\sechost.dll
0x00007fffbed70000 - 0x00007fffbed98000 	C:\Windows\System32\bcrypt.dll
0x00007fffbfe40000 - 0x00007fffbff55000 	C:\Windows\System32\RPCRT4.dll
0x00007fffbff60000 - 0x00007fffc010d000 	C:\Windows\System32\USER32.dll
0x00007fffbed40000 - 0x00007fffbed66000 	C:\Windows\System32\win32u.dll
0x00007fffbf380000 - 0x00007fffbf3a9000 	C:\Windows\System32\GDI32.dll
0x00007fffbec20000 - 0x00007fffbed38000 	C:\Windows\System32\gdi32full.dll
0x00007fffbe5f0000 - 0x00007fffbe68a000 	C:\Windows\System32\msvcp_win.dll
0x00007fffa9620000 - 0x00007fffa98b3000 	C:\Windows\WinSxS\amd64_microsoft.windows.common-controls_6595b64144ccf1df_6.0.22621.3235_none_270f74e173860f98\COMCTL32.dll
0x00007fffb4fa0000 - 0x00007fffb4faa000 	C:\Windows\SYSTEM32\VERSION.dll
0x00007fffc0e60000 - 0x00007fffc0e91000 	C:\Windows\System32\IMM32.DLL
0x00007fffb9090000 - 0x00007fffb909c000 	C:\Program Files\Java\jdk-17\bin\vcruntime140_1.dll
0x00007fff25b40000 - 0x00007fff25bce000 	C:\Program Files\Java\jdk-17\bin\msvcp140.dll
0x00007fff13c70000 - 0x00007fff14851000 	C:\Program Files\Java\jdk-17\bin\server\jvm.dll
0x00007fffc1000000 - 0x00007fffc1008000 	C:\Windows\System32\PSAPI.DLL
0x00007fffb6550000 - 0x00007fffb6584000 	C:\Windows\SYSTEM32\WINMM.dll
0x00007fffbaa30000 - 0x00007fffbaa39000 	C:\Windows\SYSTEM32\WSOCK32.dll
0x00007fffc03b0000 - 0x00007fffc0421000 	C:\Windows\System32\WS2_32.dll
0x00007fffbd3d0000 - 0x00007fffbd3e8000 	C:\Windows\SYSTEM32\kernel.appcore.dll
0x00007fffb5200000 - 0x00007fffb520a000 	C:\Program Files\Java\jdk-17\bin\jimage.dll
0x00007fffbb8f0000 - 0x00007fffbbb23000 	C:\Windows\SYSTEM32\DBGHELP.DLL
0x00007fffbeee0000 - 0x00007fffbf268000 	C:\Windows\System32\combase.dll
0x00007fffbfd60000 - 0x00007fffbfe37000 	C:\Windows\System32\OLEAUT32.dll
0x00007fffa3fe0000 - 0x00007fffa4012000 	C:\Windows\SYSTEM32\dbgcore.DLL
0x00007fffbe450000 - 0x00007fffbe4ca000 	C:\Windows\System32\bcryptPrimitives.dll
0x00007fff99640000 - 0x00007fff99665000 	C:\Program Files\Java\jdk-17\bin\java.dll
0x00007fff13a70000 - 0x00007fff13b47000 	C:\Program Files\Java\jdk-17\bin\jsvml.dll
0x00007fffbf500000 - 0x00007fffbfd5d000 	C:\Windows\System32\SHELL32.dll
0x00007fffbc2f0000 - 0x00007fffbcbe8000 	C:\Windows\SYSTEM32\windows.storage.dll
0x00007fffbc1b0000 - 0x00007fffbc2ee000 	C:\Windows\SYSTEM32\wintypes.dll
0x00007fffbf280000 - 0x00007fffbf373000 	C:\Windows\System32\SHCORE.dll
0x00007fffbee80000 - 0x00007fffbeede000 	C:\Windows\System32\shlwapi.dll
0x00007fffbe2c0000 - 0x00007fffbe2e6000 	C:\Windows\SYSTEM32\profapi.dll
0x00007fffb0d50000 - 0x00007fffb0d69000 	C:\Program Files\Java\jdk-17\bin\net.dll
0x00007fffb8550000 - 0x00007fffb8687000 	C:\Windows\SYSTEM32\WINHTTP.dll
0x00007fffbd850000 - 0x00007fffbd8b9000 	C:\Windows\system32\mswsock.dll
0x00007fff9da80000 - 0x00007fff9da96000 	C:\Program Files\Java\jdk-17\bin\nio.dll
0x00007fff25b20000 - 0x00007fff25b38000 	C:\Program Files\Java\jdk-17\bin\zip.dll
0x00007fffb92c0000 - 0x00007fffb92d0000 	C:\Program Files\Java\jdk-17\bin\verify.dll
0x00007fffa2cf0000 - 0x00007fffa2d17000 	C:\Users\vanth\.gradle\native\68d5fa5c4cc2d200863cafc0d521ce42e7d3e7ee720ec0a83991735586a16f82\windows-amd64\native-platform.dll
0x00007fffb7220000 - 0x00007fffb722a000 	C:\Users\vanth\.gradle\native\jansi\1.18\windows64\jansi.dll
0x00007fffb4f80000 - 0x00007fffb4f8a000 	C:\Program Files\Java\jdk-17\bin\management.dll
0x00007fffb4f70000 - 0x00007fffb4f7b000 	C:\Program Files\Java\jdk-17\bin\management_ext.dll
0x00007fffbdaa0000 - 0x00007fffbdabb000 	C:\Windows\SYSTEM32\CRYPTSP.dll
0x00007fffbd330000 - 0x00007fffbd365000 	C:\Windows\system32\rsaenh.dll
0x00007fffbd940000 - 0x00007fffbd96c000 	C:\Windows\SYSTEM32\USERENV.dll
0x00007fffbdac0000 - 0x00007fffbdacc000 	C:\Windows\SYSTEM32\CRYPTBASE.dll
0x00007fffbce50000 - 0x00007fffbce7d000 	C:\Windows\SYSTEM32\IPHLPAPI.DLL
0x00007fffbf4f0000 - 0x00007fffbf4f9000 	C:\Windows\System32\NSI.dll
0x00007fffb8480000 - 0x00007fffb8499000 	C:\Windows\SYSTEM32\dhcpcsvc6.DLL
0x00007fffb8130000 - 0x00007fffb814f000 	C:\Windows\SYSTEM32\dhcpcsvc.DLL
0x00007fffbcec0000 - 0x00007fffbcfb9000 	C:\Windows\SYSTEM32\DNSAPI.dll
0x00007fffb4f60000 - 0x00007fffb4f6e000 	C:\Program Files\Java\jdk-17\bin\sunmscapi.dll
0x00007fffbeab0000 - 0x00007fffbec16000 	C:\Windows\System32\CRYPT32.dll
0x00007fffbdcb0000 - 0x00007fffbdcde000 	C:\Windows\SYSTEM32\ncrypt.dll
0x00007fffbdc70000 - 0x00007fffbdca7000 	C:\Windows\SYSTEM32\NTASN1.dll
0x00007fffb0d80000 - 0x00007fffb0d88000 	C:\Windows\system32\wshunix.dll

dbghelp: loaded successfully - version: 4.0.5 - missing functions: none
symbol engine: initialized successfully - sym options: 0x614 - pdb path: .;C:\Program Files\Java\jdk-17\bin;C:\Windows\SYSTEM32;C:\Windows\WinSxS\amd64_microsoft.windows.common-controls_6595b64144ccf1df_6.0.22621.3235_none_270f74e173860f98;C:\Program Files\Java\jdk-17\bin\server;C:\Users\vanth\.gradle\native\68d5fa5c4cc2d200863cafc0d521ce42e7d3e7ee720ec0a83991735586a16f82\windows-amd64;C:\Users\vanth\.gradle\native\jansi\1.18\windows64

VM Arguments:
jvm_args: -Xmx64m -Xms64m -Dorg.gradle.appname=gradlew 
java_command: org.gradle.wrapper.GradleWrapperMain assembleRelease
java_class_path (initial): C:/Users/vanth/FixAllNow/Mobile/android/gradle/wrapper/gradle-wrapper.jar
Launcher Type: SUN_STANDARD

[Global flags]
     intx CICompilerCount                          = 4                                         {product} {ergonomic}
     uint ConcGCThreads                            = 2                                         {product} {ergonomic}
     uint G1ConcRefinementThreads                  = 8                                         {product} {ergonomic}
   size_t G1HeapRegionSize                         = 1048576                                   {product} {ergonomic}
    uintx GCDrainStackTargetSize                   = 64                                        {product} {ergonomic}
   size_t InitialHeapSize                          = 67108864                                  {product} {command line}
   size_t MarkStackSize                            = 4194304                                   {product} {ergonomic}
   size_t MaxHeapSize                              = 67108864                                  {product} {command line}
   size_t MaxNewSize                               = 39845888                                  {product} {ergonomic}
   size_t MinHeapDeltaBytes                        = 1048576                                   {product} {ergonomic}
   size_t MinHeapSize                              = 67108864                                  {product} {command line}
    uintx NonNMethodCodeHeapSize                   = 5839372                                {pd product} {ergonomic}
    uintx NonProfiledCodeHeapSize                  = 122909434                              {pd product} {ergonomic}
    uintx ProfiledCodeHeapSize                     = 122909434                              {pd product} {ergonomic}
    uintx ReservedCodeCacheSize                    = 251658240                              {pd product} {ergonomic}
     bool SegmentedCodeCache                       = true                                      {product} {ergonomic}
   size_t SoftMaxHeapSize                          = 67108864                               {manageable} {ergonomic}
     bool UseCompressedClassPointers               = true                           {product lp64_product} {ergonomic}
     bool UseCompressedOops                        = true                           {product lp64_product} {ergonomic}
     bool UseG1GC                                  = true                                      {product} {ergonomic}
     bool UseLargePagesIndividualAllocation        = false                                  {pd product} {ergonomic}

Logging:
Log output configuration:
 #0: stdout all=warning uptime,level,tags
 #1: stderr all=off uptime,level,tags

Environment Variables:
JAVA_HOME=C:\Program Files\Java\jdk-17
PATH=C:\Users\vanth\bin;C:\Program Files\Git\mingw64\bin;C:\Program Files\Git\usr\local\bin;C:\Program Files\Git\usr\bin;C:\Program Files\Git\usr\bin;C:\Program Files\Git\mingw64\bin;C:\Program Files\Git\usr\bin;C:\Users\vanth\bin;C:\Program Files\Common Files\Oracle\Java\javapath;C:\Program Files\Microsoft\jdk-11.0.16.101-hotspot\bin;C:\Windows\system32;C:\Windows;C:\Windows\System32\Wbem;C:\Windows\System32\WindowsPowerShell\v1.0;C:\Windows\System32\OpenSSH;C:\Program Files\Git\cmd;C:\xampp\php;C:\Program Files\Microsoft SQL Server\150\Tools\Binn;C:\Program Files\Microsoft SQL Server\Client SDK\ODBC\170\Tools\Binn;C:\Program Files\dotnet;C:\ProgramData\ComposerSetup\bin;C:\Program Files (x86)\Microsoft SQL Server\150\Tools\Binn;C:\Program Files\Microsoft SQL Server\150\DTS\Binn;C:\Program Files\Azure Data Studio\bin;C:\Users\vanth\AppData\Roaming\nvm;C:\Program Files\nodejs;C:\Program Files (x86)\Microsoft SQL Server\160\DTS\Binn;C:\Program Files\Microsoft\jdk-11.0.16.101-hotspot\bin;C:\Windows\system32;C:\Windows;C:\Windows\System32\Wbem;C:\Windows\System32\WindowsPowerShell\v1.0;C:\Windows\System32\OpenSSH;C:\Program Files\Git\cmd;C:\xampp\php;C:\Program Files\Microsoft SQL Server\150\Tools\Binn;C:\Program Files\Microsoft SQL Server\Client SDK\ODBC\170\Tools\Binn;C:\Program Files\dotnet;C:\ProgramData\ComposerSetup\bin;C:\Program Files (x86)\Microsoft SQL Server\150\Tools\Binn;C:\Program Files\Microsoft SQL Server\150\DTS\Binn;C:\Program Files\Azure Data Studio\bin;C:\Users\vanth\AppData\Roaming\nvm;C:\Program Files (x86)\Microsoft SQL Server\160\DTS\Binn;C:\Users\vanth\AppData\Local\jdk-11.0.2\bin;C:\Users\vanth\AppData\Local\Android\Sdk\platform-tools;C:\Users\vanth\AppData\Local\Android\Sdk\tools;C:\Users\vanth\AppData\Local\Microsoft\WindowsApps;C:\Users\vanth\AppData\Local\Programs\Microsoft VS Code\bin;C:\Users\vanth\AppData\Local\GitHubDesktop\bin;C:\Users\vanth\AppData;C:\Users\vanth\AppData\Roaming\nvm;C:\Program Files\nodejs;C:\Program Files\Git\usr\bin\v
USERNAME=HI
SHELL=C:\Program Files\Git\usr\bin\bash.exe
DISPLAY=needs-to-be-defined
LANG=en_US.UTF-8
OS=Windows_NT
PROCESSOR_IDENTIFIER=AMD64 Family 23 Model 160 Stepping 0, AuthenticAMD



---------------  S Y S T E M  ---------------

OS:
 Windows 11 , 64 bit Build 22621 (10.0.22621.3235)
OS uptime: 0 days 14:52 hours

CPU: total 8 (initial active 8) (8 cores per cpu, 2 threads per core) family 23 model 160 stepping 0 microcode 0x0, cx8, cmov, fxsr, ht, mmx, 3dnowpref, sse, sse2, sse3, ssse3, sse4a, sse4.1, sse4.2, popcnt, lzcnt, tsc, tscinvbit, avx, avx2, aes, clmul, bmi1, bmi2, adx, sha, fma, vzeroupper, clflush, clflushopt

Memory: 4k page, system-wide physical 5877M (1042M free)
TotalPageFile size 24309M (AvailPageFile size 1094M)
current process WorkingSet (physical memory assigned to process): 25M, peak: 90M
current process commit charge ("private bytes"): 164M, peak: 185M

vm_info: Java HotSpot(TM) 64-Bit Server VM (17.0.9+11-LTS-201) for windows-amd64 JRE (17.0.9+11-LTS-201), built on Oct 10 2023 23:16:06 by "mach5one" with MS VC++ 17.1 (VS2022)

END.
