#
# There is insufficient memory for the Java Runtime Environment to continue.
# Native memory allocation (mmap) failed to map 67108864 bytes for G1 virtual space
# Possible reasons:
#   The system is out of physical RAM or swap space
#   The process is running with CompressedOops enabled, and the Java Heap may be blocking the growth of the native heap
# Possible solutions:
#   Reduce memory load on the system
#   Increase physical memory or swap space
#   Check if swap backing store is full
#   Decrease Java heap size (-Xmx/-Xms)
#   Decrease number of Java threads
#   Decrease Java thread stack sizes (-Xss)
#   Set larger code cache with -XX:ReservedCodeCacheSize=
#   JVM is running with Unscaled Compressed Oops mode in which the Java heap is
#     placed in the first 4GB address space. The Java Heap base address is the
#     maximum limit for the native heap growth. Please use -XX:HeapBaseMinAddress
#     to set the Java Heap base and to place the Java Heap above 4GB virtual address.
# This output file may be truncated or incomplete.
#
#  Out of Memory Error (os_windows.cpp:3552), pid=3180, tid=12220
#
# JRE version:  (17.0.9+11) (build )
# Java VM: Java HotSpot(TM) 64-Bit Server VM (17.0.9+11-LTS-201, mixed mode, sharing, tiered, compressed oops, compressed class ptrs, g1 gc, windows-amd64)
# No core dump will be written. Minidumps are not enabled by default on client versions of Windows
#

---------------  S U M M A R Y ------------

Command Line: -Xmx64m -Xms64m -Dorg.gradle.appname=gradlew org.gradle.wrapper.GradleWrapperMain installRelease

Host: AMD Ryzen 5 7520U with Radeon Graphics         , 8 cores, 5G,  Windows 11 , 64 bit Build 22621 (10.0.22621.3085)
Time: Mon Mar  4 10:50:23 2024 SE Asia Standard Time elapsed time: 0.016530 seconds (0d 0h 0m 0s)

---------------  T H R E A D  ---------------

Current thread (0x000002a18c32bbb0):  JavaThread "Unknown thread" [_thread_in_vm, id=12220, stack(0x000000fea2000000,0x000000fea2100000)]

Stack: [0x000000fea2000000,0x000000fea2100000]
Native frames: (J=compiled Java code, j=interpreted, Vv=VM code, C=native code)
V  [jvm.dll+0x678a4a]
V  [jvm.dll+0x7d9cfd]
V  [jvm.dll+0x7db60e]
V  [jvm.dll+0x7dbc73]
V  [jvm.dll+0x245e1f]
V  [jvm.dll+0x6758f9]
V  [jvm.dll+0x66a2a2]
V  [jvm.dll+0x303686]
V  [jvm.dll+0x30ac06]
V  [jvm.dll+0x35a48e]
V  [jvm.dll+0x35a6bf]
V  [jvm.dll+0x2da678]
V  [jvm.dll+0x2db5e4]
V  [jvm.dll+0x7ab6b1]
V  [jvm.dll+0x368041]
V  [jvm.dll+0x78a749]
V  [jvm.dll+0x3ebd4f]
V  [jvm.dll+0x3ed7d1]
C  [jli.dll+0x5297]
C  [ucrtbase.dll+0x29363]
C  [KERNEL32.DLL+0x1257d]
C  [ntdll.dll+0x5aa58]


---------------  P R O C E S S  ---------------

Threads class SMR info:
_java_thread_list=0x00007ffdedae89d8, length=0, elements={
}

Java Threads: ( => current thread )

Other Threads:
  0x000002a18c463160 GCTaskThread "GC Thread#0" [stack: 0x000000fea2100000,0x000000fea2200000] [id=4060]
  0x000002a18c4657d0 ConcurrentGCThread "G1 Main Marker" [stack: 0x000000fea2200000,0x000000fea2300000] [id=15808]
  0x000002a18c4678a0 ConcurrentGCThread "G1 Conc#0" [stack: 0x000000fea2300000,0x000000fea2400000] [id=2652]

[error occurred during error reporting (printing all threads), id 0xc0000005, EXCEPTION_ACCESS_VIOLATION (0xc0000005) at pc=0x00007ffded31b2d7]

VM state: not at safepoint (not fully initialized)

VM Mutex/Monitor currently owned by a thread:  ([mutex/lock_event])
[0x000002a18c4441a0] Heap_lock - owner thread: 0x000002a18c32bbb0

Heap address: 0x00000000fc000000, size: 64 MB, Compressed Oops mode: 32-bit

CDS archive(s) mapped at: [0x0000000000000000-0x0000000000000000-0x0000000000000000), size 0, SharedBaseAddress: 0x0000000800000000, ArchiveRelocationMode: 1.
Narrow klass base: 0x0000000000000000, Narrow klass shift: 0, Narrow klass range: 0x0

GC Precious Log:
<Empty>

Heap:
 garbage-first heap   total 0K, used 0K [0x00000000fc000000, 0x0000000100000000)
  region size 1024K, 0 young (0K), 0 survivors (0K)

[error occurred during error reporting (printing heap information), id 0xc0000005, EXCEPTION_ACCESS_VIOLATION (0xc0000005) at pc=0x00007ffded702229]

GC Heap History (0 events):
No events

Deoptimization events (0 events):
No events

Classes unloaded (0 events):
No events

Classes redefined (0 events):
No events

Internal exceptions (0 events):
No events

VM Operations (0 events):
No events

Events (1 events):
Event: 0.007 Loaded shared library C:\Program Files\Java\jdk-17\bin\java.dll


Dynamic libraries:
0x00007ff79dee0000 - 0x00007ff79def0000 	C:\Program Files\Java\jdk-17\bin\java.exe
0x00007ffe78c90000 - 0x00007ffe78ea7000 	C:\Windows\SYSTEM32\ntdll.dll
0x00007ffe77710000 - 0x00007ffe777d4000 	C:\Windows\System32\KERNEL32.DLL
0x00007ffe765b0000 - 0x00007ffe76956000 	C:\Windows\System32\KERNELBASE.dll
0x00007ffe76340000 - 0x00007ffe76451000 	C:\Windows\System32\ucrtbase.dll
0x00007ffdee070000 - 0x00007ffdee089000 	C:\Program Files\Java\jdk-17\bin\jli.dll
0x00007ffdee090000 - 0x00007ffdee0ab000 	C:\Program Files\Java\jdk-17\bin\VCRUNTIME140.dll
0x00007ffe771d0000 - 0x00007ffe77283000 	C:\Windows\System32\ADVAPI32.dll
0x00007ffe77fa0000 - 0x00007ffe78047000 	C:\Windows\System32\msvcrt.dll
0x00007ffe76e40000 - 0x00007ffe76ee8000 	C:\Windows\System32\sechost.dll
0x00007ffe76580000 - 0x00007ffe765a8000 	C:\Windows\System32\bcrypt.dll
0x00007ffe782d0000 - 0x00007ffe783e7000 	C:\Windows\System32\RPCRT4.dll
0x00007ffe76be0000 - 0x00007ffe76d8e000 	C:\Windows\System32\USER32.dll
0x00007ffe63210000 - 0x00007ffe634a3000 	C:\Windows\WinSxS\amd64_microsoft.windows.common-controls_6595b64144ccf1df_6.0.22621.2506_none_270c5ae97388e100\COMCTL32.dll
0x00007ffe76310000 - 0x00007ffe76336000 	C:\Windows\System32\win32u.dll
0x00007ffe777f0000 - 0x00007ffe77819000 	C:\Windows\System32\GDI32.dll
0x00007ffe76460000 - 0x00007ffe76578000 	C:\Windows\System32\gdi32full.dll
0x00007ffe76200000 - 0x00007ffe7629a000 	C:\Windows\System32\msvcp_win.dll
0x00007ffe6cde0000 - 0x00007ffe6cdea000 	C:\Windows\SYSTEM32\VERSION.dll
0x00007ffe769e0000 - 0x00007ffe76a11000 	C:\Windows\System32\IMM32.DLL
0x00007ffe2f160000 - 0x00007ffe2f16c000 	C:\Program Files\Java\jdk-17\bin\vcruntime140_1.dll
0x00007ffdedc20000 - 0x00007ffdedcae000 	C:\Program Files\Java\jdk-17\bin\msvcp140.dll
0x00007ffded030000 - 0x00007ffdedc11000 	C:\Program Files\Java\jdk-17\bin\server\jvm.dll
0x00007ffe779b0000 - 0x00007ffe779b8000 	C:\Windows\System32\PSAPI.DLL
0x00007ffe6d880000 - 0x00007ffe6d8b4000 	C:\Windows\SYSTEM32\WINMM.dll
0x00007ffe6d8c0000 - 0x00007ffe6d8c9000 	C:\Windows\SYSTEM32\WSOCK32.dll
0x00007ffe76f10000 - 0x00007ffe76f81000 	C:\Windows\System32\WS2_32.dll
0x00007ffe75010000 - 0x00007ffe75028000 	C:\Windows\SYSTEM32\kernel.appcore.dll
0x00007ffe2f130000 - 0x00007ffe2f13a000 	C:\Program Files\Java\jdk-17\bin\jimage.dll
0x00007ffe739c0000 - 0x00007ffe73bf3000 	C:\Windows\SYSTEM32\DBGHELP.DLL
0x00007ffe77c10000 - 0x00007ffe77f99000 	C:\Windows\System32\combase.dll
0x00007ffe778d0000 - 0x00007ffe779a7000 	C:\Windows\System32\OLEAUT32.dll
0x00007ffe5f860000 - 0x00007ffe5f892000 	C:\Windows\SYSTEM32\dbgcore.DLL
0x00007ffe76960000 - 0x00007ffe769da000 	C:\Windows\System32\bcryptPrimitives.dll
0x00007ffdece30000 - 0x00007ffdece55000 	C:\Program Files\Java\jdk-17\bin\java.dll

dbghelp: loaded successfully - version: 4.0.5 - missing functions: none
symbol engine: initialized successfully - sym options: 0x614 - pdb path: .;C:\Program Files\Java\jdk-17\bin;C:\Windows\SYSTEM32;C:\Windows\WinSxS\amd64_microsoft.windows.common-controls_6595b64144ccf1df_6.0.22621.2506_none_270c5ae97388e100;C:\Program Files\Java\jdk-17\bin\server

VM Arguments:
jvm_args: -Xmx64m -Xms64m -Dorg.gradle.appname=gradlew 
java_command: org.gradle.wrapper.GradleWrapperMain installRelease
java_class_path (initial): C:\Users\vanth\FixAllNow\Mobile\android\\gradle\wrapper\gradle-wrapper.jar
Launcher Type: SUN_STANDARD

[Global flags]
     intx CICompilerCount                          = 4                                         {product} {ergonomic}
     uint ConcGCThreads                            = 2                                         {product} {ergonomic}
     uint G1ConcRefinementThreads                  = 8                                         {product} {ergonomic}
   size_t G1HeapRegionSize                         = 1048576                                   {product} {ergonomic}
    uintx GCDrainStackTargetSize                   = 64                                        {product} {ergonomic}
   size_t InitialHeapSize                          = 67108864                                  {product} {command line}
   size_t MarkStackSize                            = 4194304                                   {product} {ergonomic}
   size_t MaxHeapSize                              = 67108864                                  {product} {command line}
   size_t MinHeapDeltaBytes                        = 1048576                                   {product} {ergonomic}
   size_t MinHeapSize                              = 67108864                                  {product} {command line}
    uintx NonNMethodCodeHeapSize                   = 5839372                                {pd product} {ergonomic}
    uintx NonProfiledCodeHeapSize                  = 122909434                              {pd product} {ergonomic}
    uintx ProfiledCodeHeapSize                     = 122909434                              {pd product} {ergonomic}
    uintx ReservedCodeCacheSize                    = 251658240                              {pd product} {ergonomic}
     bool SegmentedCodeCache                       = true                                      {product} {ergonomic}
   size_t SoftMaxHeapSize                          = 67108864                               {manageable} {ergonomic}
     bool UseCompressedClassPointers               = true                           {product lp64_product} {ergonomic}
     bool UseCompressedOops                        = true                           {product lp64_product} {ergonomic}
     bool UseG1GC                                  = true                                      {product} {ergonomic}
     bool UseLargePagesIndividualAllocation        = false                                  {pd product} {ergonomic}

Logging:
Log output configuration:
 #0: stdout all=warning uptime,level,tags
 #1: stderr all=off uptime,level,tags

Environment Variables:
JAVA_HOME=C:\Program Files\Java\jdk-17
CLASSPATH=C:\Users\vanth\FixAllNow\Mobile\android\\gradle\wrapper\gradle-wrapper.jar
PATH=C:\Program Files\Common Files\Oracle\Java\javapath;C:\Program Files\Microsoft\jdk-11.0.16.101-hotspot\bin;C:\Windows\system32;C:\Windows;C:\Windows\System32\Wbem;C:\Windows\System32\WindowsPowerShell\v1.0\;C:\Windows\System32\OpenSSH\;C:\Program Files\Git\cmd;C:\xampp\php;C:\Program Files\Microsoft SQL Server\150\Tools\Binn\;C:\Program Files\Microsoft SQL Server\Client SDK\ODBC\170\Tools\Binn\;C:\Program Files\dotnet\;C:\ProgramData\ComposerSetup\bin;C:\Program Files (x86)\Microsoft SQL Server\150\Tools\Binn\;C:\Program Files\Microsoft SQL Server\150\DTS\Binn\;C:\Program Files\Azure Data Studio\bin;C:\Users\vanth\AppData\Roaming\nvm;C:\Program Files\nodejs;;C:\Program Files (x86)\Microsoft SQL Server\160\DTS\Binn\;C:\Program Files\Microsoft\jdk-11.0.16.101-hotspot\bin;C:\Windows\system32;C:\Windows;C:\Windows\System32\Wbem;C:\Windows\System32\WindowsPowerShell\v1.0\;C:\Windows\System32\OpenSSH\;C:\Program Files\Git\cmd;C:\xampp\php;C:\Program Files\Microsoft SQL Server\150\Tools\Binn\;C:\Program Files\Microsoft SQL Server\Client SDK\ODBC\170\Tools\Binn\;C:\Program Files\dotnet\;C:\ProgramData\ComposerSetup\bin;C:\Program Files (x86)\Microsoft SQL Server\150\Tools\Binn\;C:\Program Files\Microsoft SQL Server\150\DTS\Binn\;C:\Program Files\Azure Data Studio\bin;C:\Users\vanth\AppData\Roaming\nvm;C:\Program Files (x86)\Microsoft SQL Server\160\DTS\Binn\;C:\Users\vanth\AppData\Local\jdk-11.0.2\bin;C:\Users\vanth\AppData\Local\Android\Sdk\platform-tools;C:\Users\vanth\AppData\Local\Android\Sdk\tools;C:\Users\vanth\AppData\Local\Microsoft\WindowsApps;C:\Users\vanth\AppData\Local\Programs\Microsoft VS Code\bin;C:\Users\vanth\AppData\Local\GitHubDesktop\bin;C:\Users\vanth\AppData;C:\Users\vanth\AppData\Roaming\nvm;C:\Program Files\nodejs;
USERNAME=HI
LANG=en_US.UTF-8
OS=Windows_NT
PROCESSOR_IDENTIFIER=AMD64 Family 23 Model 160 Stepping 0, AuthenticAMD



---------------  S Y S T E M  ---------------

OS:
 Windows 11 , 64 bit Build 22621 (10.0.22621.3085)
OS uptime: 0 days 20:34 hours

CPU: total 8 (initial active 8) (8 cores per cpu, 2 threads per core) family 23 model 160 stepping 0 microcode 0x0, cx8, cmov, fxsr, ht, mmx, 3dnowpref, sse, sse2, sse3, ssse3, sse4a, sse4.1, sse4.2, popcnt, lzcnt, tsc, tscinvbit, avx, avx2, aes, clmul, bmi1, bmi2, adx, sha, fma, vzeroupper, clflush, clflushopt

Memory: 4k page, system-wide physical 5877M (948M free)
TotalPageFile size 24309M (AvailPageFile size 53M)
current process WorkingSet (physical memory assigned to process): 10M, peak: 10M
current process commit charge ("private bytes"): 59M, peak: 123M

vm_info: Java HotSpot(TM) 64-Bit Server VM (17.0.9+11-LTS-201) for windows-amd64 JRE (17.0.9+11-LTS-201), built on Oct 10 2023 23:16:06 by "mach5one" with MS VC++ 17.1 (VS2022)

END.
