#
# There is insufficient memory for the Java Runtime Environment to continue.
# Native memory allocation (mmap) failed to map 26214400 bytes for G1 virtual space
# Possible reasons:
#   The system is out of physical RAM or swap space
#   The process is running with CompressedOops enabled, and the Java Heap may be blocking the growth of the native heap
# Possible solutions:
#   Reduce memory load on the system
#   Increase physical memory or swap space
#   Check if swap backing store is full
#   Decrease Java heap size (-Xmx/-Xms)
#   Decrease number of Java threads
#   Decrease Java thread stack sizes (-Xss)
#   Set larger code cache with -XX:ReservedCodeCacheSize=
#   JVM is running with Unscaled Compressed Oops mode in which the Java heap is
#     placed in the first 4GB address space. The Java Heap base address is the
#     maximum limit for the native heap growth. Please use -XX:HeapBaseMinAddress
#     to set the Java Heap base and to place the Java Heap above 4GB virtual address.
# This output file may be truncated or incomplete.
#
#  Out of Memory Error (os_windows.cpp:3552), pid=2096, tid=22984
#
# JRE version: Java(TM) SE Runtime Environment (17.0.9+11) (build 17.0.9+11-LTS-201)
# Java VM: Java HotSpot(TM) 64-Bit Server VM (17.0.9+11-LTS-201, mixed mode, sharing, tiered, compressed oops, compressed class ptrs, g1 gc, windows-amd64)
# No core dump will be written. Minidumps are not enabled by default on client versions of Windows
#

---------------  S U M M A R Y ------------

Command Line: org.jetbrains.kotlin.cli.jvm.K2JVMCompiler @C:\Users\vanth\FixAllNow\Mobile\node_modules\react-native-safe-area-context\android\build\20240228_8846636339176835184.compiler.options

Host: AMD Ryzen 5 7520U with Radeon Graphics         , 8 cores, 5G,  Windows 11 , 64 bit Build 22621 (10.0.22621.3085)
Time: Wed Feb 28 16:01:19 2024 SE Asia Standard Time elapsed time: 14.523388 seconds (0d 0h 0m 14s)

---------------  T H R E A D  ---------------

Current thread (0x00000267ada4d1a0):  VMThread "VM Thread" [stack: 0x0000008064f00000,0x0000008065000000] [id=22984]

Stack: [0x0000008064f00000,0x0000008065000000]
Native frames: (J=compiled Java code, j=interpreted, Vv=VM code, C=native code)
V  [jvm.dll+0x678a4a]
V  [jvm.dll+0x7d9cfd]
V  [jvm.dll+0x7db60e]
V  [jvm.dll+0x7dbc73]
V  [jvm.dll+0x245e1f]
V  [jvm.dll+0x6758f9]
V  [jvm.dll+0x66a2a2]
V  [jvm.dll+0x303686]
V  [jvm.dll+0x30ac06]
V  [jvm.dll+0x35a48e]
V  [jvm.dll+0x35a6bf]
V  [jvm.dll+0x2da678]
V  [jvm.dll+0x2d8a85]
V  [jvm.dll+0x2d808c]
V  [jvm.dll+0x31b97b]
V  [jvm.dll+0x7e048b]
V  [jvm.dll+0x7e11c4]
V  [jvm.dll+0x7e16dd]
V  [jvm.dll+0x7e1ab4]
V  [jvm.dll+0x7e1b80]
V  [jvm.dll+0x78998a]
V  [jvm.dll+0x677875]
C  [ucrtbase.dll+0x29363]
C  [KERNEL32.DLL+0x1257d]
C  [ntdll.dll+0x5aa58]

VM_Operation (0x00000080649fbd50): G1CollectForAllocation, mode: safepoint, requested by thread 0x000002678ee99960


---------------  P R O C E S S  ---------------

Threads class SMR info:
_java_thread_list=0x00000267f306e220, length=12, elements={
0x000002678ee99960, 0x00000267ada51540, 0x00000267ada523c0, 0x00000267ada67ae0,
0x00000267ada696c0, 0x00000267ada6c090, 0x00000267ada6ca50, 0x00000267ada6d7f0,
0x00000267ada6f1c0, 0x00000267adadf190, 0x00000267f3098b90, 0x00000267f30a3670
}

Java Threads: ( => current thread )
  0x000002678ee99960 JavaThread "main" [_thread_blocked, id=5036, stack(0x0000008064900000,0x0000008064a00000)]
  0x00000267ada51540 JavaThread "Reference Handler" daemon [_thread_blocked, id=28620, stack(0x0000008065000000,0x0000008065100000)]
  0x00000267ada523c0 JavaThread "Finalizer" daemon [_thread_blocked, id=1820, stack(0x0000008065100000,0x0000008065200000)]
  0x00000267ada67ae0 JavaThread "Signal Dispatcher" daemon [_thread_blocked, id=28660, stack(0x0000008065200000,0x0000008065300000)]
  0x00000267ada696c0 JavaThread "Attach Listener" daemon [_thread_blocked, id=1496, stack(0x0000008065300000,0x0000008065400000)]
  0x00000267ada6c090 JavaThread "Service Thread" daemon [_thread_blocked, id=19052, stack(0x0000008065400000,0x0000008065500000)]
  0x00000267ada6ca50 JavaThread "Monitor Deflation Thread" daemon [_thread_blocked, id=11708, stack(0x0000008065500000,0x0000008065600000)]
  0x00000267ada6d7f0 JavaThread "C2 CompilerThread0" daemon [_thread_blocked, id=13104, stack(0x0000008065600000,0x0000008065700000)]
  0x00000267ada6f1c0 JavaThread "C1 CompilerThread0" daemon [_thread_blocked, id=28448, stack(0x0000008065700000,0x0000008065800000)]
  0x00000267adadf190 JavaThread "Sweeper thread" daemon [_thread_blocked, id=17884, stack(0x0000008065800000,0x0000008065900000)]
  0x00000267f3098b90 JavaThread "Notification Thread" daemon [_thread_blocked, id=22916, stack(0x0000008065900000,0x0000008065a00000)]
  0x00000267f30a3670 JavaThread "Common-Cleaner" daemon [_thread_blocked, id=26084, stack(0x0000008065b00000,0x0000008065c00000)]

Other Threads:
=>0x00000267ada4d1a0 VMThread "VM Thread" [stack: 0x0000008064f00000,0x0000008065000000] [id=22984]
  0x000002678ef06470 WatcherThread [stack: 0x0000008065a00000,0x0000008065b00000] [id=24460]
  0x000002678eee3800 GCTaskThread "GC Thread#0" [stack: 0x0000008064a00000,0x0000008064b00000] [id=28104]
  0x00000267f359f3e0 GCTaskThread "GC Thread#1" [stack: 0x0000008065c00000,0x0000008065d00000] [id=26360]
  0x00000267f35e9b80 GCTaskThread "GC Thread#2" [stack: 0x0000008065d00000,0x0000008065e00000] [id=9560]
  0x00000267f35e9e40 GCTaskThread "GC Thread#3" [stack: 0x0000008065e00000,0x0000008065f00000] [id=12768]
  0x00000267f35ec110 GCTaskThread "GC Thread#4" [stack: 0x0000008065f00000,0x0000008066000000] [id=23072]
  0x00000267f35ec3d0 GCTaskThread "GC Thread#5" [stack: 0x0000008066000000,0x0000008066100000] [id=2128]
  0x00000267f395b850 GCTaskThread "GC Thread#6" [stack: 0x0000008066100000,0x0000008066200000] [id=12380]
  0x00000267f3928850 GCTaskThread "GC Thread#7" [stack: 0x0000008066200000,0x0000008066300000] [id=18040]
  0x000002678eeeff10 ConcurrentGCThread "G1 Main Marker" [stack: 0x0000008064b00000,0x0000008064c00000] [id=19608]
  0x000002678eef1930 ConcurrentGCThread "G1 Conc#0" [stack: 0x0000008064c00000,0x0000008064d00000] [id=22276]
  0x00000267f4cc58b0 ConcurrentGCThread "G1 Conc#1" [stack: 0x0000008066300000,0x0000008066400000] [id=21660]
  0x000002678ef57840 ConcurrentGCThread "G1 Refine#0" [stack: 0x0000008064d00000,0x0000008064e00000] [id=4576]
  0x000002678ef58270 ConcurrentGCThread "G1 Service" [stack: 0x0000008064e00000,0x0000008064f00000] [id=23536]

Threads with active compile tasks:
C2 CompilerThread0    14578 3963   !   4       org.jetbrains.kotlin.metadata.ProtoBuf$Type::<init> (875 bytes)

VM state: at safepoint (normal execution)

VM Mutex/Monitor currently owned by a thread:  ([mutex/lock_event])
[0x000002678ee94a20] Threads_lock - owner thread: 0x00000267ada4d1a0
[0x000002678ee94360] Heap_lock - owner thread: 0x000002678ee99960

Heap address: 0x00000000a4200000, size: 1470 MB, Compressed Oops mode: 32-bit

CDS archive(s) mapped at: [0x00000267ae000000-0x00000267aebd0000-0x00000267aebd0000), size 12386304, SharedBaseAddress: 0x00000267ae000000, ArchiveRelocationMode: 1.
Compressed class space mapped at: 0x00000267af000000-0x00000267ef000000, reserved size: 1073741824
Narrow klass base: 0x00000267ae000000, Narrow klass shift: 0, Narrow klass range: 0x100000000

GC Precious Log:
 CPUs: 8 total, 8 available
 Memory: 5877M
 Large Page Support: Disabled
 NUMA Support: Disabled
 Compressed Oops: Enabled (32-bit)
 Heap Region Size: 1M
 Heap Min Capacity: 8M
 Heap Initial Capacity: 92M
 Heap Max Capacity: 1470M
 Pre-touch: Disabled
 Parallel Workers: 8
 Concurrent Workers: 2
 Concurrent Refinement Workers: 8
 Periodic GC: Disabled

Heap:
 garbage-first heap   total 68608K, used 32942K [0x00000000a4200000, 0x0000000100000000)
  region size 1024K, 1 young (1024K), 1 survivors (1024K)
 Metaspace       used 44676K, committed 44928K, reserved 1114112K
  class space    used 5598K, committed 5696K, reserved 1048576K

Heap Regions: E=young(eden), S=young(survivor), O=old, HS=humongous(starts), HC=humongous(continues), CS=collection set, F=free, OA=open archive, CA=closed archive, TAMS=top-at-mark-start (previous, next)
|   0|0x00000000a4200000, 0x00000000a4300000, 0x00000000a4300000|100%|HS|  |TAMS 0x00000000a4300000, 0x00000000a4200000| Complete 
|   1|0x00000000a4300000, 0x00000000a4400000, 0x00000000a4400000|100%|HC|  |TAMS 0x00000000a4400000, 0x00000000a4300000| Complete 
|   2|0x00000000a4400000, 0x00000000a4500000, 0x00000000a4500000|100%|HC|  |TAMS 0x00000000a4500000, 0x00000000a4400000| Complete 
|   3|0x00000000a4500000, 0x00000000a4600000, 0x00000000a4600000|100%|HC|  |TAMS 0x00000000a4600000, 0x00000000a4500000| Complete 
|   4|0x00000000a4600000, 0x00000000a4700000, 0x00000000a4700000|100%| O|  |TAMS 0x00000000a4700000, 0x00000000a4600000| Untracked 
|   5|0x00000000a4700000, 0x00000000a4800000, 0x00000000a4800000|100%| O|  |TAMS 0x00000000a4800000, 0x00000000a4700000| Untracked 
|   6|0x00000000a4800000, 0x00000000a4900000, 0x00000000a4900000|100%| O|  |TAMS 0x00000000a4900000, 0x00000000a4800000| Untracked 
|   7|0x00000000a4900000, 0x00000000a4a00000, 0x00000000a4a00000|100%|HS|  |TAMS 0x00000000a4a00000, 0x00000000a4900000| Complete 
|   8|0x00000000a4a00000, 0x00000000a4b00000, 0x00000000a4b00000|100%|HC|  |TAMS 0x00000000a4b00000, 0x00000000a4a00000| Complete 
|   9|0x00000000a4b00000, 0x00000000a4c00000, 0x00000000a4c00000|100%|HC|  |TAMS 0x00000000a4c00000, 0x00000000a4b00000| Complete 
|  10|0x00000000a4c00000, 0x00000000a4d00000, 0x00000000a4d00000|100%|HC|  |TAMS 0x00000000a4d00000, 0x00000000a4c00000| Complete 
|  11|0x00000000a4d00000, 0x00000000a4e00000, 0x00000000a4e00000|100%| O|  |TAMS 0x00000000a4e00000, 0x00000000a4d00000| Untracked 
|  12|0x00000000a4e00000, 0x00000000a4f00000, 0x00000000a4f00000|100%| O|  |TAMS 0x00000000a4f00000, 0x00000000a4e00000| Untracked 
|  13|0x00000000a4f00000, 0x00000000a5000000, 0x00000000a5000000|100%| O|  |TAMS 0x00000000a5000000, 0x00000000a4f00000| Untracked 
|  14|0x00000000a5000000, 0x00000000a5100000, 0x00000000a5100000|100%| O|  |TAMS 0x00000000a5100000, 0x00000000a5000000| Untracked 
|  15|0x00000000a5100000, 0x00000000a5200000, 0x00000000a5200000|100%| O|  |TAMS 0x00000000a5200000, 0x00000000a5100000| Untracked 
|  16|0x00000000a5200000, 0x00000000a5300000, 0x00000000a5300000|100%| O|  |TAMS 0x00000000a5300000, 0x00000000a5200000| Untracked 
|  17|0x00000000a5300000, 0x00000000a5400000, 0x00000000a5400000|100%| O|  |TAMS 0x00000000a5400000, 0x00000000a5300000| Untracked 
|  18|0x00000000a5400000, 0x00000000a5500000, 0x00000000a5500000|100%| O|  |TAMS 0x00000000a5500000, 0x00000000a5400000| Untracked 
|  19|0x00000000a5500000, 0x00000000a5600000, 0x00000000a5600000|100%| O|  |TAMS 0x00000000a5600000, 0x00000000a5500000| Untracked 
|  20|0x00000000a5600000, 0x00000000a5600000, 0x00000000a5700000|  0%| F|  |TAMS 0x00000000a5600000, 0x00000000a5600000| Untracked 
|  21|0x00000000a5700000, 0x00000000a5800000, 0x00000000a5800000|100%|HS|  |TAMS 0x00000000a5800000, 0x00000000a5700000| Complete 
|  22|0x00000000a5800000, 0x00000000a5900000, 0x00000000a5900000|100%|HC|  |TAMS 0x00000000a5900000, 0x00000000a5800000| Complete 
|  23|0x00000000a5900000, 0x00000000a5a00000, 0x00000000a5a00000|100%| O|  |TAMS 0x00000000a5a00000, 0x00000000a5900000| Untracked 
|  24|0x00000000a5a00000, 0x00000000a5b00000, 0x00000000a5b00000|100%| O|  |TAMS 0x00000000a5b00000, 0x00000000a5a00000| Untracked 
|  25|0x00000000a5b00000, 0x00000000a5c00000, 0x00000000a5c00000|100%| O|  |TAMS 0x00000000a5c00000, 0x00000000a5b00000| Untracked 
|  26|0x00000000a5c00000, 0x00000000a5d00000, 0x00000000a5d00000|100%| O|  |TAMS 0x00000000a5d00000, 0x00000000a5c00000| Untracked 
|  27|0x00000000a5d00000, 0x00000000a5e00000, 0x00000000a5e00000|100%| O|  |TAMS 0x00000000a5e00000, 0x00000000a5d00000| Untracked 
|  28|0x00000000a5e00000, 0x00000000a5f00000, 0x00000000a5f00000|100%| O|  |TAMS 0x00000000a5f00000, 0x00000000a5e00000| Untracked 
|  29|0x00000000a5f00000, 0x00000000a6000000, 0x00000000a6000000|100%| O|  |TAMS 0x00000000a5f00000, 0x00000000a5f00000| Untracked 
|  30|0x00000000a6000000, 0x00000000a6100000, 0x00000000a6100000|100%| O|  |TAMS 0x00000000a6100000, 0x00000000a6000000| Untracked 
|  31|0x00000000a6100000, 0x00000000a6200000, 0x00000000a6200000|100%| O|  |TAMS 0x00000000a612f200, 0x00000000a6100000| Untracked 
|  32|0x00000000a6200000, 0x00000000a62dca00, 0x00000000a6300000| 86%| O|  |TAMS 0x00000000a6200000, 0x00000000a6200000| Untracked 
|  33|0x00000000a6300000, 0x00000000a6300000, 0x00000000a6400000|  0%| F|  |TAMS 0x00000000a6300000, 0x00000000a6300000| Untracked 
|  34|0x00000000a6400000, 0x00000000a6400000, 0x00000000a6500000|  0%| F|  |TAMS 0x00000000a6400000, 0x00000000a6400000| Untracked 
|  35|0x00000000a6500000, 0x00000000a6500000, 0x00000000a6600000|  0%| F|  |TAMS 0x00000000a6500000, 0x00000000a6500000| Untracked 
|  36|0x00000000a6600000, 0x00000000a6600000, 0x00000000a6700000|  0%| F|  |TAMS 0x00000000a6600000, 0x00000000a6600000| Untracked 
|  37|0x00000000a6700000, 0x00000000a6700000, 0x00000000a6800000|  0%| F|  |TAMS 0x00000000a6700000, 0x00000000a6700000| Untracked 
|  38|0x00000000a6800000, 0x00000000a6800000, 0x00000000a6900000|  0%| F|  |TAMS 0x00000000a6800000, 0x00000000a6800000| Untracked 
|  39|0x00000000a6900000, 0x00000000a6900000, 0x00000000a6a00000|  0%| F|  |TAMS 0x00000000a6900000, 0x00000000a6900000| Untracked 
|  40|0x00000000a6a00000, 0x00000000a6a00000, 0x00000000a6b00000|  0%| F|  |TAMS 0x00000000a6a00000, 0x00000000a6a00000| Untracked 
|  41|0x00000000a6b00000, 0x00000000a6b00000, 0x00000000a6c00000|  0%| F|  |TAMS 0x00000000a6b00000, 0x00000000a6b00000| Untracked 
|  42|0x00000000a6c00000, 0x00000000a6c00000, 0x00000000a6d00000|  0%| F|  |TAMS 0x00000000a6c00000, 0x00000000a6c00000| Untracked 
|  43|0x00000000a6d00000, 0x00000000a6d00000, 0x00000000a6e00000|  0%| F|  |TAMS 0x00000000a6d00000, 0x00000000a6d00000| Untracked 
|  44|0x00000000a6e00000, 0x00000000a6e00000, 0x00000000a6f00000|  0%| F|  |TAMS 0x00000000a6e00000, 0x00000000a6e00000| Untracked 
|  45|0x00000000a6f00000, 0x00000000a6f00000, 0x00000000a7000000|  0%| F|  |TAMS 0x00000000a6f00000, 0x00000000a6f00000| Untracked 
|  46|0x00000000a7000000, 0x00000000a7000000, 0x00000000a7100000|  0%| F|  |TAMS 0x00000000a7000000, 0x00000000a7000000| Untracked 
|  47|0x00000000a7100000, 0x00000000a7100000, 0x00000000a7200000|  0%| F|  |TAMS 0x00000000a7100000, 0x00000000a7100000| Untracked 
|  48|0x00000000a7200000, 0x00000000a7200000, 0x00000000a7300000|  0%| F|  |TAMS 0x00000000a7200000, 0x00000000a7200000| Untracked 
|  49|0x00000000a7300000, 0x00000000a7300000, 0x00000000a7400000|  0%| F|  |TAMS 0x00000000a7300000, 0x00000000a7300000| Untracked 
|  50|0x00000000a7400000, 0x00000000a7400000, 0x00000000a7500000|  0%| F|  |TAMS 0x00000000a7400000, 0x00000000a7400000| Untracked 
|  51|0x00000000a7500000, 0x00000000a7500000, 0x00000000a7600000|  0%| F|  |TAMS 0x00000000a7500000, 0x00000000a7500000| Untracked 
|  52|0x00000000a7600000, 0x00000000a7600000, 0x00000000a7700000|  0%| F|  |TAMS 0x00000000a7600000, 0x00000000a7600000| Untracked 
|  53|0x00000000a7700000, 0x00000000a7700000, 0x00000000a7800000|  0%| F|  |TAMS 0x00000000a7700000, 0x00000000a7700000| Untracked 
|  54|0x00000000a7800000, 0x00000000a7800000, 0x00000000a7900000|  0%| F|  |TAMS 0x00000000a7800000, 0x00000000a7800000| Untracked 
|  55|0x00000000a7900000, 0x00000000a7900000, 0x00000000a7a00000|  0%| F|  |TAMS 0x00000000a7900000, 0x00000000a7900000| Untracked 
|  56|0x00000000a7a00000, 0x00000000a7a00000, 0x00000000a7b00000|  0%| F|  |TAMS 0x00000000a7a00000, 0x00000000a7a00000| Untracked 
|  57|0x00000000a7b00000, 0x00000000a7b00000, 0x00000000a7c00000|  0%| F|  |TAMS 0x00000000a7b00000, 0x00000000a7b00000| Untracked 
|  58|0x00000000a7c00000, 0x00000000a7c00000, 0x00000000a7d00000|  0%| F|  |TAMS 0x00000000a7c00000, 0x00000000a7c00000| Untracked 
|  59|0x00000000a7d00000, 0x00000000a7d00000, 0x00000000a7e00000|  0%| F|  |TAMS 0x00000000a7d00000, 0x00000000a7d00000| Untracked 
|  60|0x00000000a7e00000, 0x00000000a7e00000, 0x00000000a7f00000|  0%| F|  |TAMS 0x00000000a7e00000, 0x00000000a7e00000| Untracked 
|  61|0x00000000a7f00000, 0x00000000a7f00000, 0x00000000a8000000|  0%| F|  |TAMS 0x00000000a7f00000, 0x00000000a7f00000| Untracked 
|  62|0x00000000a8000000, 0x00000000a8000000, 0x00000000a8100000|  0%| F|  |TAMS 0x00000000a8000000, 0x00000000a8000000| Untracked 
|  63|0x00000000a8100000, 0x00000000a8100000, 0x00000000a8200000|  0%| F|  |TAMS 0x00000000a8100000, 0x00000000a8100000| Untracked 
|  64|0x00000000a8200000, 0x00000000a8200000, 0x00000000a8300000|  0%| F|  |TAMS 0x00000000a8200000, 0x00000000a8200000| Untracked 
|  65|0x00000000a8300000, 0x00000000a834f060, 0x00000000a8400000| 30%| S|CS|TAMS 0x00000000a8300000, 0x00000000a8300000| Complete 
|  91|0x00000000a9d00000, 0x00000000a9d00000, 0x00000000a9e00000|  0%| F|  |TAMS 0x00000000a9d00000, 0x00000000a9d00000| Untracked 

Card table byte_map: [0x00000267a7c60000,0x00000267a7f40000] _byte_map_base: 0x00000267a773f000

Marking Bits (Prev, Next): (CMBitMap*) 0x000002678eee3e60, (CMBitMap*) 0x000002678eee3e20
 Prev Bits: [0x00000267a9920000, 0x00000267ab018000)
 Next Bits: [0x00000267a8220000, 0x00000267a9918000)

Polling page: 0x000002678ef60000

Metaspace:

Usage:
  Non-class:     38.16 MB used.
      Class:      5.47 MB used.
       Both:     43.63 MB used.

Virtual space:
  Non-class space:       64.00 MB reserved,      38.31 MB ( 60%) committed,  1 nodes.
      Class space:        1.00 GB reserved,       5.56 MB ( <1%) committed,  1 nodes.
             Both:        1.06 GB reserved,      43.88 MB (  4%) committed. 

Chunk freelists:
   Non-Class:  9.16 MB
       Class:  10.47 MB
        Both:  19.62 MB

MaxMetaspaceSize: unlimited
CompressedClassSpaceSize: 1.00 GB
Initial GC threshold: 21.00 MB
Current GC threshold: 72.81 MB
CDS: on
MetaspaceReclaimPolicy: balanced
 - commit_granule_bytes: 65536.
 - commit_granule_words: 8192.
 - virtual_space_node_default_size: 8388608.
 - enlarge_chunks_in_place: 1.
 - new_chunks_are_fully_committed: 0.
 - uncommit_free_chunks: 1.
 - use_allocation_guard: 0.
 - handle_deallocations: 1.


Internal statistics:

num_allocs_failed_limit: 6.
num_arena_births: 232.
num_arena_deaths: 0.
num_vsnodes_births: 2.
num_vsnodes_deaths: 0.
num_space_committed: 700.
num_space_uncommitted: 0.
num_chunks_returned_to_freelist: 6.
num_chunks_taken_from_freelist: 1742.
num_chunk_merges: 6.
num_chunk_splits: 1438.
num_chunks_enlarged: 1274.
num_inconsistent_stats: 0.

CodeHeap 'non-profiled nmethods': size=120000Kb used=1884Kb max_used=1884Kb free=118115Kb
 bounds [0x000002679f9d0000, 0x000002679fc40000, 0x00000267a6f00000]
CodeHeap 'profiled nmethods': size=120000Kb used=8376Kb max_used=8376Kb free=111623Kb
 bounds [0x0000026797f00000, 0x0000026798730000, 0x000002679f430000]
CodeHeap 'non-nmethods': size=5760Kb used=1283Kb max_used=1329Kb free=4476Kb
 bounds [0x000002679f430000, 0x000002679f6a0000, 0x000002679f9d0000]
 total_blobs=4618 nmethods=4012 adapters=517
 compilation: enabled
              stopped_count=0, restarted_count=0
 full_count=0

Compilation events (20 events):
Event: 14.360 Thread 0x00000267ada6f1c0 4020       3       org.jetbrains.kotlin.serialization.deserialization.descriptors.DeserializedMemberScope$OptimizedImplementation::packToByteArray (262 bytes)
Event: 14.361 Thread 0x00000267ada6f1c0 nmethod 4020 0x000002679871e390 code [0x000002679871e7c0, 0x00000267987209e8]
Event: 14.365 Thread 0x00000267ada6d7f0 nmethod 3880 0x000002679fba1810 code [0x000002679fba1be0, 0x000002679fba4c90]
Event: 14.366 Thread 0x00000267ada6d7f0 3963   !   4       org.jetbrains.kotlin.metadata.ProtoBuf$Type::<init> (875 bytes)
Event: 14.374 Thread 0x00000267ada6f1c0 4021       3       org.jetbrains.kotlin.metadata.ProtoBuf$Annotation$Argument::writeTo (52 bytes)
Event: 14.375 Thread 0x00000267ada6f1c0 nmethod 4021 0x0000026798721690 code [0x0000026798721900, 0x0000026798722178]
Event: 14.375 Thread 0x00000267ada6f1c0 4022       3       org.jetbrains.kotlin.metadata.ProtoBuf$Annotation$Argument$Value::writeTo (272 bytes)
Event: 14.377 Thread 0x00000267ada6f1c0 nmethod 4022 0x0000026798722590 code [0x0000026798722b20, 0x0000026798725198]
Event: 14.381 Thread 0x00000267ada6f1c0 4029 %     3       org.jetbrains.kotlin.metadata.jvm.deserialization.UtfEncodingKt::stringsToBytes @ 97 (173 bytes)
Event: 14.383 Thread 0x00000267ada6f1c0 nmethod 4029% 0x0000026798726110 code [0x0000026798726400, 0x00000267987275d8]
Event: 14.387 Thread 0x00000267ada6f1c0 4030       2       org.jetbrains.kotlin.protobuf.CodedInputStream::readRawVarint64 (305 bytes)
Event: 14.387 Thread 0x00000267ada6f1c0 nmethod 4030 0x0000026798727e90 code [0x0000026798728060, 0x0000026798728568]
Event: 14.389 Thread 0x00000267ada6f1c0 4032       2       org.jetbrains.kotlin.serialization.deserialization.DeserializationContext::<init> (170 bytes)
Event: 14.390 Thread 0x00000267ada6f1c0 nmethod 4032 0x0000026798728710 code [0x0000026798728b40, 0x0000026798729ed8]
Event: 14.390 Thread 0x00000267ada6f1c0 4035       3       org.jetbrains.kotlin.metadata.jvm.deserialization.UtfEncodingKt::stringsToBytes (173 bytes)
Event: 14.392 Thread 0x00000267ada6f1c0 nmethod 4035 0x000002679872a990 code [0x000002679872ac60, 0x000002679872bc98]
Event: 14.392 Thread 0x00000267ada6f1c0 4034       2       org.jetbrains.kotlin.serialization.deserialization.TypeDeserializer::<init> (230 bytes)
Event: 14.393 Thread 0x00000267ada6f1c0 nmethod 4034 0x000002679872c410 code [0x000002679872c780, 0x000002679872d838]
Event: 14.393 Thread 0x00000267ada6f1c0 4033       1       org.jetbrains.kotlin.load.kotlin.JvmPackagePartSource::getClassName (5 bytes)
Event: 14.393 Thread 0x00000267ada6f1c0 nmethod 4033 0x000002679fba6d90 code [0x000002679fba6f20, 0x000002679fba6ff8]

GC Heap History (20 events):
Event: 4.999 GC heap after
{Heap after GC invocations=3 (full 0):
 garbage-first heap   total 94208K, used 16687K [0x00000000a4200000, 0x0000000100000000)
  region size 1024K, 6 young (6144K), 6 survivors (6144K)
 Metaspace       used 21256K, committed 21504K, reserved 1114112K
  class space    used 2745K, committed 2880K, reserved 1048576K
}
Event: 7.750 GC heap before
{Heap before GC invocations=4 (full 0):
 garbage-first heap   total 61440K, used 49455K [0x00000000a4200000, 0x0000000100000000)
  region size 1024K, 36 young (36864K), 6 survivors (6144K)
 Metaspace       used 26157K, committed 26432K, reserved 1114112K
  class space    used 3524K, committed 3648K, reserved 1048576K
}
Event: 7.771 GC heap after
{Heap after GC invocations=5 (full 0):
 garbage-first heap   total 61440K, used 23794K [0x00000000a4200000, 0x0000000100000000)
  region size 1024K, 5 young (5120K), 5 survivors (5120K)
 Metaspace       used 26157K, committed 26432K, reserved 1114112K
  class space    used 3524K, committed 3648K, reserved 1048576K
}
Event: 7.813 GC heap before
{Heap before GC invocations=5 (full 0):
 garbage-first heap   total 61440K, used 24818K [0x00000000a4200000, 0x0000000100000000)
  region size 1024K, 6 young (6144K), 5 survivors (5120K)
 Metaspace       used 26379K, committed 26624K, reserved 1114112K
  class space    used 3548K, committed 3648K, reserved 1048576K
}
Event: 7.823 GC heap after
{Heap after GC invocations=6 (full 0):
 garbage-first heap   total 61440K, used 25146K [0x00000000a4200000, 0x0000000100000000)
  region size 1024K, 1 young (1024K), 1 survivors (1024K)
 Metaspace       used 26379K, committed 26624K, reserved 1114112K
  class space    used 3548K, committed 3648K, reserved 1048576K
}
Event: 9.118 GC heap before
{Heap before GC invocations=6 (full 0):
 garbage-first heap   total 61440K, used 45626K [0x00000000a4200000, 0x0000000100000000)
  region size 1024K, 22 young (22528K), 1 survivors (1024K)
 Metaspace       used 30145K, committed 30400K, reserved 1114112K
  class space    used 3924K, committed 4032K, reserved 1048576K
}
Event: 9.124 GC heap after
{Heap after GC invocations=7 (full 0):
 garbage-first heap   total 61440K, used 25109K [0x00000000a4200000, 0x0000000100000000)
  region size 1024K, 3 young (3072K), 3 survivors (3072K)
 Metaspace       used 30145K, committed 30400K, reserved 1114112K
  class space    used 3924K, committed 4032K, reserved 1048576K
}
Event: 10.326 GC heap before
{Heap before GC invocations=7 (full 0):
 garbage-first heap   total 61440K, used 45589K [0x00000000a4200000, 0x0000000100000000)
  region size 1024K, 24 young (24576K), 3 survivors (3072K)
 Metaspace       used 35227K, committed 35456K, reserved 1114112K
  class space    used 4398K, committed 4480K, reserved 1048576K
}
Event: 10.334 GC heap after
{Heap after GC invocations=8 (full 0):
 garbage-first heap   total 61440K, used 27092K [0x00000000a4200000, 0x0000000100000000)
  region size 1024K, 2 young (2048K), 2 survivors (2048K)
 Metaspace       used 35227K, committed 35456K, reserved 1114112K
  class space    used 4398K, committed 4480K, reserved 1048576K
}
Event: 10.602 GC heap before
{Heap before GC invocations=8 (full 0):
 garbage-first heap   total 61440K, used 28116K [0x00000000a4200000, 0x0000000100000000)
  region size 1024K, 4 young (4096K), 2 survivors (2048K)
 Metaspace       used 35740K, committed 35968K, reserved 1114112K
  class space    used 4430K, committed 4544K, reserved 1048576K
}
Event: 10.607 GC heap after
{Heap after GC invocations=9 (full 0):
 garbage-first heap   total 61440K, used 27666K [0x00000000a4200000, 0x0000000100000000)
  region size 1024K, 1 young (1024K), 1 survivors (1024K)
 Metaspace       used 35740K, committed 35968K, reserved 1114112K
  class space    used 4430K, committed 4544K, reserved 1048576K
}
Event: 12.260 GC heap before
{Heap before GC invocations=10 (full 0):
 garbage-first heap   total 61440K, used 46098K [0x00000000a4200000, 0x0000000100000000)
  region size 1024K, 18 young (18432K), 1 survivors (1024K)
 Metaspace       used 39508K, committed 39744K, reserved 1114112K
  class space    used 4896K, committed 4992K, reserved 1048576K
}
Event: 12.266 GC heap after
{Heap after GC invocations=11 (full 0):
 garbage-first heap   total 61440K, used 31546K [0x00000000a4200000, 0x0000000100000000)
  region size 1024K, 3 young (3072K), 3 survivors (3072K)
 Metaspace       used 39508K, committed 39744K, reserved 1114112K
  class space    used 4896K, committed 4992K, reserved 1048576K
}
Event: 12.541 GC heap before
{Heap before GC invocations=11 (full 0):
 garbage-first heap   total 61440K, used 32570K [0x00000000a4200000, 0x0000000100000000)
  region size 1024K, 4 young (4096K), 3 survivors (3072K)
 Metaspace       used 39865K, committed 40128K, reserved 1114112K
  class space    used 4939K, committed 5056K, reserved 1048576K
}
Event: 12.548 GC heap after
{Heap after GC invocations=12 (full 0):
 garbage-first heap   total 61440K, used 31233K [0x00000000a4200000, 0x0000000100000000)
  region size 1024K, 1 young (1024K), 1 survivors (1024K)
 Metaspace       used 39865K, committed 40128K, reserved 1114112K
  class space    used 4939K, committed 5056K, reserved 1048576K
}
Event: 14.120 GC heap before
{Heap before GC invocations=12 (full 0):
 garbage-first heap   total 61440K, used 46593K [0x00000000a4200000, 0x0000000100000000)
  region size 1024K, 16 young (16384K), 1 survivors (1024K)
 Metaspace       used 44327K, committed 44544K, reserved 1114112K
  class space    used 5553K, committed 5632K, reserved 1048576K
}
Event: 14.125 GC heap after
{Heap after GC invocations=13 (full 0):
 garbage-first heap   total 61440K, used 32226K [0x00000000a4200000, 0x0000000100000000)
  region size 1024K, 2 young (2048K), 2 survivors (2048K)
 Metaspace       used 44327K, committed 44544K, reserved 1114112K
  class space    used 5553K, committed 5632K, reserved 1048576K
}
Event: 14.383 GC heap before
{Heap before GC invocations=14 (full 0):
 garbage-first heap   total 61440K, used 48610K [0x00000000a4200000, 0x0000000100000000)
  region size 1024K, 17 young (17408K), 2 survivors (2048K)
 Metaspace       used 44671K, committed 44928K, reserved 1114112K
  class space    used 5598K, committed 5696K, reserved 1048576K
}
Event: 14.387 GC heap after
{Heap after GC invocations=15 (full 0):
 garbage-first heap   total 61440K, used 33042K [0x00000000a4200000, 0x0000000100000000)
  region size 1024K, 3 young (3072K), 3 survivors (3072K)
 Metaspace       used 44671K, committed 44928K, reserved 1114112K
  class space    used 5598K, committed 5696K, reserved 1048576K
}
Event: 14.394 GC heap before
{Heap before GC invocations=15 (full 0):
 garbage-first heap   total 61440K, used 34066K [0x00000000a4200000, 0x0000000100000000)
  region size 1024K, 4 young (4096K), 3 survivors (3072K)
 Metaspace       used 44676K, committed 44928K, reserved 1114112K
  class space    used 5598K, committed 5696K, reserved 1048576K
}

Deoptimization events (20 events):
Event: 10.910 Thread 0x000002678ee99960 Uncommon trap: trap_request=0xffffffde fr.pc=0x000002679fb2e94c relative=0x000000000000012c
Event: 10.910 Thread 0x000002678ee99960 Uncommon trap: reason=class_check action=maybe_recompile pc=0x000002679fb2e94c method=java.lang.Character.codePointAt(Ljava/lang/CharSequence;I)I @ 2 c2
Event: 10.910 Thread 0x000002678ee99960 DEOPT PACKING pc=0x000002679fb2e94c sp=0x00000080649fb830
Event: 10.910 Thread 0x000002678ee99960 DEOPT UNPACKING pc=0x000002679f4823a3 sp=0x00000080649fb7e8 mode 2
Event: 11.105 Thread 0x000002678ee99960 Uncommon trap: trap_request=0xffffffc6 fr.pc=0x000002679fae189c relative=0x00000000000005bc
Event: 11.105 Thread 0x000002678ee99960 Uncommon trap: reason=bimorphic_or_optimized_type_check action=maybe_recompile pc=0x000002679fae189c method=org.jetbrains.kotlin.protobuf.CodedInputStream.tryRefillBuffer(I)Z @ 177 c2
Event: 11.105 Thread 0x000002678ee99960 DEOPT PACKING pc=0x000002679fae189c sp=0x00000080649fb690
Event: 11.105 Thread 0x000002678ee99960 DEOPT UNPACKING pc=0x000002679f4823a3 sp=0x00000080649fb578 mode 2
Event: 13.033 Thread 0x000002678ee99960 DEOPT PACKING pc=0x0000026798495565 sp=0x00000080649fb3f0
Event: 13.033 Thread 0x000002678ee99960 DEOPT UNPACKING pc=0x000002679f482b43 sp=0x00000080649fa868 mode 0
Event: 13.949 Thread 0x000002678ee99960 Uncommon trap: trap_request=0xffffffc6 fr.pc=0x000002679fb4e260 relative=0x00000000000007e0
Event: 13.949 Thread 0x000002678ee99960 Uncommon trap: reason=bimorphic_or_optimized_type_check action=maybe_recompile pc=0x000002679fb4e260 method=java.util.HashMap.putVal(ILjava/lang/Object;Ljava/lang/Object;ZZ)Ljava/lang/Object; @ 203 c2
Event: 13.949 Thread 0x000002678ee99960 DEOPT PACKING pc=0x000002679fb4e260 sp=0x00000080649fd3a0
Event: 13.949 Thread 0x000002678ee99960 DEOPT UNPACKING pc=0x000002679f4823a3 sp=0x00000080649fd2b0 mode 2
Event: 13.950 Thread 0x000002678ee99960 Uncommon trap: trap_request=0xffffffc6 fr.pc=0x000002679fb4e260 relative=0x00000000000007e0
Event: 13.950 Thread 0x000002678ee99960 Uncommon trap: reason=bimorphic_or_optimized_type_check action=maybe_recompile pc=0x000002679fb4e260 method=java.util.HashMap.putVal(ILjava/lang/Object;Ljava/lang/Object;ZZ)Ljava/lang/Object; @ 203 c2
Event: 13.950 Thread 0x000002678ee99960 DEOPT PACKING pc=0x000002679fb4e260 sp=0x00000080649fdba0
Event: 13.950 Thread 0x000002678ee99960 DEOPT UNPACKING pc=0x000002679f4823a3 sp=0x00000080649fdab0 mode 2
Event: 14.272 Thread 0x000002678ee99960 DEOPT PACKING pc=0x0000026798495565 sp=0x00000080649fc0c0
Event: 14.272 Thread 0x000002678ee99960 DEOPT UNPACKING pc=0x000002679f482b43 sp=0x00000080649fb538 mode 0

Classes unloaded (0 events):
No events

Classes redefined (0 events):
No events

Internal exceptions (20 events):
Event: 3.246 Thread 0x000002678ee99960 Exception <a 'java/lang/NoSuchMethodError'{0x00000000a9c29e48}: 'int java.lang.invoke.DirectMethodHandle$Holder.invokeStaticInit(java.lang.Object, java.lang.Object, java.lang.Object)'> (0x00000000a9c29e48) 
thrown [s\open\src\hotspot\share\interpreter\linkResolver.cpp, line 759]
Event: 3.256 Thread 0x000002678ee99960 Exception <a 'java/lang/NoSuchMethodError'{0x00000000a9c52510}: 'int java.lang.invoke.DirectMethodHandle$Holder.invokeStaticInit(java.lang.Object, java.lang.Object)'> (0x00000000a9c52510) 
thrown [s\open\src\hotspot\share\interpreter\linkResolver.cpp, line 759]
Event: 3.303 Thread 0x000002678ee99960 Exception <a 'java/lang/NoSuchMethodError'{0x00000000a9b2db88}: 'void java.lang.invoke.DirectMethodHandle$Holder.invokeSpecial(java.lang.Object, java.lang.Object, java.lang.Object)'> (0x00000000a9b2db88) 
thrown [s\open\src\hotspot\share\interpreter\linkResolver.cpp, line 759]
Event: 3.961 Thread 0x000002678ee99960 Exception <a 'java/lang/NoSuchMethodError'{0x00000000a90089e0}: 'void java.lang.invoke.DirectMethodHandle$Holder.invokeStatic(java.lang.Object, java.lang.Object, java.lang.Object, java.lang.Object)'> (0x00000000a90089e0) 
thrown [s\open\src\hotspot\share\interpreter\linkResolver.cpp, line 759]
Event: 4.216 Thread 0x000002678ee99960 Exception <a 'java/lang/NoSuchMethodError'{0x00000000a8dfb580}: 'void java.lang.invoke.DirectMethodHandle$Holder.invokeStaticInit(java.lang.Object, java.lang.Object)'> (0x00000000a8dfb580) 
thrown [s\open\src\hotspot\share\interpreter\linkResolver.cpp, line 759]
Event: 4.571 Thread 0x000002678ee99960 Exception <a 'java/lang/NoSuchMethodError'{0x00000000a881cef0}: 'void java.lang.invoke.DirectMethodHandle$Holder.invokeVirtual(java.lang.Object, java.lang.Object)'> (0x00000000a881cef0) 
thrown [s\open\src\hotspot\share\interpreter\linkResolver.cpp, line 759]
Event: 4.631 Thread 0x000002678ee99960 Exception <a 'java/lang/NoSuchMethodError'{0x00000000a88a78b0}: 'int java.lang.invoke.DirectMethodHandle$Holder.invokeVirtual(java.lang.Object, java.lang.Object)'> (0x00000000a88a78b0) 
thrown [s\open\src\hotspot\share\interpreter\linkResolver.cpp, line 759]
Event: 4.712 Thread 0x000002678ee99960 Exception <a 'java/lang/NoSuchMethodError'{0x00000000a874e790}: 'java.lang.Object java.lang.invoke.Invokers$Holder.invokeExact_MT(java.lang.Object, java.lang.Object, java.lang.Object, java.lang.Object, java.lang.Object, java.lang.Object)'> (0x00000000a874e790) 
thrown [s\open\src\hotspot\share\interpreter\linkResolver.cpp, line 759]
Event: 7.858 Thread 0x000002678ee99960 Exception <a 'java/lang/NoSuchMethodError'{0x00000000a82d5700}: 'java.lang.Object java.lang.invoke.DirectMethodHandle$Holder.invokeVirtual(java.lang.Object, java.lang.Object, java.lang.Object)'> (0x00000000a82d5700) 
thrown [s\open\src\hotspot\share\interpreter\linkResolver.cpp, line 759]
Event: 10.292 Thread 0x000002678ee99960 Exception <a 'java/lang/NoSuchMethodError'{0x00000000a69dc1c0}: 'java.lang.Object java.lang.invoke.DirectMethodHandle$Holder.newInvokeSpecial(java.lang.Object, java.lang.Object, int)'> (0x00000000a69dc1c0) 
thrown [s\open\src\hotspot\share\interpreter\linkResolver.cpp, line 759]
Event: 10.703 Thread 0x000002678ee99960 Exception <a 'java/lang/NoSuchMethodError'{0x00000000a9dc3110}: 'java.lang.Object java.lang.invoke.DirectMethodHandle$Holder.newInvokeSpecial(java.lang.Object, java.lang.Object, java.lang.Object, int)'> (0x00000000a9dc3110) 
thrown [s\open\src\hotspot\share\interpreter\linkResolver.cpp, line 759]
Event: 10.705 Thread 0x000002678ee99960 Exception <a 'java/lang/NoSuchMethodError'{0x00000000a9dc7798}: 'java.lang.Object java.lang.invoke.DirectMethodHandle$Holder.invokeSpecial(java.lang.Object, java.lang.Object, java.lang.Object, java.lang.Object, int)'> (0x00000000a9dc7798) 
thrown [s\open\src\hotspot\share\interpreter\linkResolver.cpp, line 759]
Event: 10.706 Thread 0x000002678ee99960 Exception <a 'java/lang/NoSuchMethodError'{0x00000000a9dcb608}: 'java.lang.Object java.lang.invoke.Invokers$Holder.linkToTargetMethod(java.lang.Object, java.lang.Object, int, java.lang.Object)'> (0x00000000a9dcb608) 
thrown [s\open\src\hotspot\share\interpreter\linkResolver.cpp, line 759]
Event: 11.520 Thread 0x000002678ee99960 Exception <a 'java/lang/NoSuchMethodError'{0x00000000a706a1a8}: 'java.lang.Object java.lang.invoke.DirectMethodHandle$Holder.invokeInterface(java.lang.Object, java.lang.Object)'> (0x00000000a706a1a8) 
thrown [s\open\src\hotspot\share\interpreter\linkResolver.cpp, line 759]
Event: 13.144 Thread 0x000002678ee99960 Exception <a 'java/lang/NoSuchMethodError'{0x00000000a7e9b070}: 'java.lang.Object java.lang.invoke.DirectMethodHandle$Holder.invokeStatic(java.lang.Object, java.lang.Object, java.lang.Object, java.lang.Object, int)'> (0x00000000a7e9b070) 
thrown [s\open\src\hotspot\share\interpreter\linkResolver.cpp, line 759]
Event: 13.145 Thread 0x000002678ee99960 Exception <a 'java/lang/NoSuchMethodError'{0x00000000a7ea4ab0}: 'java.lang.Object java.lang.invoke.DirectMethodHandle$Holder.newInvokeSpecial(java.lang.Object, java.lang.Object, java.lang.Object, java.lang.Object, int)'> (0x00000000a7ea4ab0) 
thrown [s\open\src\hotspot\share\interpreter\linkResolver.cpp, line 759]
Event: 13.146 Thread 0x000002678ee99960 Exception <a 'java/lang/NoSuchMethodError'{0x00000000a7ea9338}: 'java.lang.Object java.lang.invoke.DirectMethodHandle$Holder.invokeSpecial(java.lang.Object, java.lang.Object, java.lang.Object, java.lang.Object, java.lang.Object, int)'> (0x00000000a7ea9338) 
thrown [s\open\src\hotspot\share\interpreter\linkResolver.cpp, line 759]
Event: 13.147 Thread 0x000002678ee99960 Exception <a 'java/lang/NoSuchMethodError'{0x00000000a7ead570}: 'java.lang.Object java.lang.invoke.Invokers$Holder.linkToTargetMethod(java.lang.Object, java.lang.Object, java.lang.Object, int, java.lang.Object)'> (0x00000000a7ead570) 
thrown [s\open\src\hotspot\share\interpreter\linkResolver.cpp, line 759]
Event: 14.001 Thread 0x000002678ee99960 Exception <a 'java/lang/NoSuchMethodError'{0x00000000a70b2ba8}: 'int java.lang.invoke.DirectMethodHandle$Holder.invokeVirtual(java.lang.Object, java.lang.Object, java.lang.Object)'> (0x00000000a70b2ba8) 
thrown [s\open\src\hotspot\share\interpreter\linkResolver.cpp, line 759]
Event: 14.010 Thread 0x000002678ee99960 Exception <a 'java/lang/NoSuchMethodError'{0x00000000a70dd7b8}: 'java.lang.Object java.lang.invoke.DirectMethodHandle$Holder.invokeStaticInit(java.lang.Object, java.lang.Object, java.lang.Object)'> (0x00000000a70dd7b8) 
thrown [s\open\src\hotspot\share\interpreter\linkResolver.cpp, line 759]

VM Operations (20 events):
Event: 12.986 Executing VM operation: HandshakeAllThreads done
Event: 12.991 Executing VM operation: HandshakeAllThreads
Event: 12.991 Executing VM operation: HandshakeAllThreads done
Event: 13.171 Executing VM operation: HandshakeAllThreads
Event: 13.171 Executing VM operation: HandshakeAllThreads done
Event: 13.494 Executing VM operation: HandshakeAllThreads
Event: 13.494 Executing VM operation: HandshakeAllThreads done
Event: 13.872 Executing VM operation: HandshakeAllThreads
Event: 13.872 Executing VM operation: HandshakeAllThreads done
Event: 13.872 Executing VM operation: Cleanup
Event: 13.873 Executing VM operation: Cleanup done
Event: 14.120 Executing VM operation: G1CollectForAllocation
Event: 14.125 Executing VM operation: G1CollectForAllocation done
Event: 14.150 Executing VM operation: G1Concurrent
Event: 14.157 Executing VM operation: G1Concurrent done
Event: 14.166 Executing VM operation: G1Concurrent
Event: 14.166 Executing VM operation: G1Concurrent done
Event: 14.383 Executing VM operation: G1CollectForAllocation
Event: 14.387 Executing VM operation: G1CollectForAllocation done
Event: 14.394 Executing VM operation: G1CollectForAllocation

Events (20 events):
Event: 10.063 loading class java/util/BitSet
Event: 10.064 loading class java/util/BitSet done
Event: 10.067 loading class java/util/PrimitiveIterator$OfInt
Event: 10.068 loading class java/util/PrimitiveIterator
Event: 10.068 loading class java/util/PrimitiveIterator done
Event: 10.068 loading class java/util/PrimitiveIterator$OfInt done
Event: 10.286 loading class java/util/function/IntUnaryOperator
Event: 10.286 loading class java/util/function/IntUnaryOperator done
Event: 10.574 loading class java/util/ArrayList$ListItr
Event: 10.601 loading class java/util/ArrayList$ListItr done
Event: 11.545 loading class java/util/AbstractList$SubList$1
Event: 11.546 loading class java/util/AbstractList$SubList$1 done
Event: 11.546 loading class java/util/AbstractList$ListItr
Event: 11.547 loading class java/util/AbstractList$ListItr done
Event: 11.654 loading class java/text/StringCharacterIterator
Event: 11.657 loading class java/text/CharacterIterator
Event: 11.666 loading class java/text/CharacterIterator done
Event: 11.666 loading class java/text/StringCharacterIterator done
Event: 13.023 loading class java/util/ComparableTimSort
Event: 13.024 loading class java/util/ComparableTimSort done


Dynamic libraries:
0x00007ff6aa9e0000 - 0x00007ff6aa9f0000 	C:\Program Files\Java\jdk-17\bin\java.exe
0x00007ff82bad0000 - 0x00007ff82bce7000 	C:\Windows\SYSTEM32\ntdll.dll
0x00007ff829f50000 - 0x00007ff82a014000 	C:\Windows\System32\KERNEL32.DLL
0x00007ff829160000 - 0x00007ff829506000 	C:\Windows\System32\KERNELBASE.dll
0x00007ff829630000 - 0x00007ff829741000 	C:\Windows\System32\ucrtbase.dll
0x00007ffff3160000 - 0x00007ffff3179000 	C:\Program Files\Java\jdk-17\bin\jli.dll
0x00007ff82a430000 - 0x00007ff82a4e3000 	C:\Windows\System32\ADVAPI32.dll
0x00007ff82b9e0000 - 0x00007ff82ba87000 	C:\Windows\System32\msvcrt.dll
0x00007ff82a760000 - 0x00007ff82a808000 	C:\Windows\System32\sechost.dll
0x00007ff8297f0000 - 0x00007ff829818000 	C:\Windows\System32\bcrypt.dll
0x00007ff82b140000 - 0x00007ff82b257000 	C:\Windows\System32\RPCRT4.dll
0x00007ff8073e0000 - 0x00007ff8073fb000 	C:\Program Files\Java\jdk-17\bin\VCRUNTIME140.dll
0x00007ff829980000 - 0x00007ff829b2e000 	C:\Windows\System32\USER32.dll
0x00007ff829510000 - 0x00007ff829536000 	C:\Windows\System32\win32u.dll
0x00007ff82b110000 - 0x00007ff82b139000 	C:\Windows\System32\GDI32.dll
0x00007ff828e10000 - 0x00007ff828f28000 	C:\Windows\System32\gdi32full.dll
0x00007ff829750000 - 0x00007ff8297ea000 	C:\Windows\System32\msvcp_win.dll
0x00007ff817570000 - 0x00007ff817803000 	C:\Windows\WinSxS\amd64_microsoft.windows.common-controls_6595b64144ccf1df_6.0.22621.2506_none_270c5ae97388e100\COMCTL32.dll
0x00007ff81e280000 - 0x00007ff81e28a000 	C:\Windows\SYSTEM32\VERSION.dll
0x00007ff82b0d0000 - 0x00007ff82b101000 	C:\Windows\System32\IMM32.DLL
0x00007ff815c70000 - 0x00007ff815c7c000 	C:\Program Files\Java\jdk-17\bin\vcruntime140_1.dll
0x00007fffecc50000 - 0x00007fffeccde000 	C:\Program Files\Java\jdk-17\bin\msvcp140.dll
0x00007fffd9a30000 - 0x00007fffda611000 	C:\Program Files\Java\jdk-17\bin\server\jvm.dll
0x00007ff829d80000 - 0x00007ff829d88000 	C:\Windows\System32\PSAPI.DLL
0x00007ff81e550000 - 0x00007ff81e559000 	C:\Windows\SYSTEM32\WSOCK32.dll
0x00007ff82b8b0000 - 0x00007ff82b921000 	C:\Windows\System32\WS2_32.dll
0x00007ff821030000 - 0x00007ff821064000 	C:\Windows\SYSTEM32\WINMM.dll
0x00007ff827e50000 - 0x00007ff827e68000 	C:\Windows\SYSTEM32\kernel.appcore.dll
0x00007ff815c20000 - 0x00007ff815c2a000 	C:\Program Files\Java\jdk-17\bin\jimage.dll
0x00007ff826800000 - 0x00007ff826a33000 	C:\Windows\SYSTEM32\DBGHELP.DLL
0x00007ff82a020000 - 0x00007ff82a3a9000 	C:\Windows\System32\combase.dll
0x00007ff82b2c0000 - 0x00007ff82b397000 	C:\Windows\System32\OLEAUT32.dll
0x00007ff810c10000 - 0x00007ff810c42000 	C:\Windows\SYSTEM32\dbgcore.DLL
0x00007ff8295b0000 - 0x00007ff82962a000 	C:\Windows\System32\bcryptPrimitives.dll
0x00007fffef500000 - 0x00007fffef525000 	C:\Program Files\Java\jdk-17\bin\java.dll
0x00007fffdd8f0000 - 0x00007fffdd9c7000 	C:\Program Files\Java\jdk-17\bin\jsvml.dll
0x00007ff82a860000 - 0x00007ff82b0bb000 	C:\Windows\System32\SHELL32.dll
0x00007ff826d70000 - 0x00007ff827666000 	C:\Windows\SYSTEM32\windows.storage.dll
0x00007ff826c30000 - 0x00007ff826d6e000 	C:\Windows\SYSTEM32\wintypes.dll
0x00007ff82a660000 - 0x00007ff82a753000 	C:\Windows\System32\SHCORE.dll
0x00007ff82a600000 - 0x00007ff82a65e000 	C:\Windows\System32\shlwapi.dll
0x00007ff828d40000 - 0x00007ff828d66000 	C:\Windows\SYSTEM32\profapi.dll
0x00007fffef4e0000 - 0x00007fffef4f9000 	C:\Program Files\Java\jdk-17\bin\net.dll
0x00007ff823110000 - 0x00007ff823247000 	C:\Windows\SYSTEM32\WINHTTP.dll
0x00007ff828340000 - 0x00007ff8283a9000 	C:\Windows\system32\mswsock.dll
0x00007fffef4c0000 - 0x00007fffef4d6000 	C:\Program Files\Java\jdk-17\bin\nio.dll
0x00007fffecc30000 - 0x00007fffecc48000 	C:\Program Files\Java\jdk-17\bin\zip.dll
0x00007ff815c00000 - 0x00007ff815c10000 	C:\Program Files\Java\jdk-17\bin\verify.dll

dbghelp: loaded successfully - version: 4.0.5 - missing functions: none
symbol engine: initialized successfully - sym options: 0x614 - pdb path: .;C:\Program Files\Java\jdk-17\bin;C:\Windows\SYSTEM32;C:\Windows\WinSxS\amd64_microsoft.windows.common-controls_6595b64144ccf1df_6.0.22621.2506_none_270c5ae97388e100;C:\Program Files\Java\jdk-17\bin\server

VM Arguments:
java_command: org.jetbrains.kotlin.cli.jvm.K2JVMCompiler @C:\Users\vanth\FixAllNow\Mobile\node_modules\react-native-safe-area-context\android\build\20240228_8846636339176835184.compiler.options
java_class_path (initial): C:\Users\vanth\.gradle\caches\modules-2\files-2.1\org.jetbrains.kotlin\kotlin-compiler-embeddable\1.8.0\eb9118d4bcceaa2a94b2ae2a33a4ddba7c9a947f\kotlin-compiler-embeddable-1.8.0.jar;C:\Users\vanth\.gradle\caches\modules-2\files-2.1\org.jetbrains.kotlin\kotlin-stdlib\1.8.0\1796921c7a3e2e2665a83e6c8d33399336cd39bc\kotlin-stdlib-1.8.0.jar;C:\Users\vanth\.gradle\caches\modules-2\files-2.1\org.jetbrains.kotlin\kotlin-script-runtime\1.8.0\b2f7e760d283cb339974851c222a4c1d48f2d3d\kotlin-script-runtime-1.8.0.jar;C:\Users\vanth\.gradle\caches\modules-2\files-2.1\org.jetbrains.kotlin\kotlin-reflect\1.6.10\1cbe9c92c12a94eea200d23c2bbaedaf3daf5132\kotlin-reflect-1.6.10.jar;C:\Users\vanth\.gradle\caches\modules-2\files-2.1\org.jetbrains.kotlin\kotlin-daemon-embeddable\1.8.0\d255216c551685dc3a7e852b53617f5f01aaaa5c\kotlin-daemon-embeddable-1.8.0.jar;C:\Users\vanth\.gradle\caches\modules-2\files-2.1\org.jetbrains.intellij.deps\trove4j\1.0.20200330\3afb14d5f9ceb459d724e907a21145e8ff394f02\trove4j-1.0.20200330.jar;C:\Users\vanth\.gradle\caches\modules-2\files-2.1\net.java.dev.jna\jna\5.6.0\330f2244e9030119ab3030fc3fededc86713d9cc\jna-5.6.0.jar;C:\Users\vanth\.gradle\caches\modules-2\files-2.1\org.jetbrains.kotlin\kotlin-stdlib-common\1.8.0\f7197e7cc76453ac59f8b0f8d5137cc600becd36\kotlin-stdlib-common-1.8.0.jar;C:\Users\vanth\.gradle\caches\modules-2\files-2.1\org.jetbrains\annotations\13.0\919f0dfe192fb4e063e7dacadee7f8bb9a2672a9\annotations-13.0.jar
Launcher Type: SUN_STANDARD

[Global flags]
     intx CICompilerCount                          = 4                                         {product} {ergonomic}
     uint ConcGCThreads                            = 2                                         {product} {ergonomic}
     uint G1ConcRefinementThreads                  = 8                                         {product} {ergonomic}
   size_t G1HeapRegionSize                         = 1048576                                   {product} {ergonomic}
    uintx GCDrainStackTargetSize                   = 64                                        {product} {ergonomic}
   size_t InitialHeapSize                          = 96468992                                  {product} {ergonomic}
   size_t MarkStackSize                            = 4194304                                   {product} {ergonomic}
   size_t MaxHeapSize                              = 1541406720                                {product} {ergonomic}
   size_t MaxNewSize                               = 924844032                                 {product} {ergonomic}
   size_t MinHeapDeltaBytes                        = 1048576                                   {product} {ergonomic}
   size_t MinHeapSize                              = 8388608                                   {product} {ergonomic}
    uintx NonNMethodCodeHeapSize                   = 5839372                                {pd product} {ergonomic}
    uintx NonProfiledCodeHeapSize                  = 122909434                              {pd product} {ergonomic}
    uintx ProfiledCodeHeapSize                     = 122909434                              {pd product} {ergonomic}
    uintx ReservedCodeCacheSize                    = 251658240                              {pd product} {ergonomic}
     bool SegmentedCodeCache                       = true                                      {product} {ergonomic}
   size_t SoftMaxHeapSize                          = 1541406720                             {manageable} {ergonomic}
     bool UseCompressedClassPointers               = true                           {product lp64_product} {ergonomic}
     bool UseCompressedOops                        = true                           {product lp64_product} {ergonomic}
     bool UseG1GC                                  = true                                      {product} {ergonomic}
     bool UseLargePagesIndividualAllocation        = false                                  {pd product} {ergonomic}

Logging:
Log output configuration:
 #0: stdout all=warning uptime,level,tags
 #1: stderr all=off uptime,level,tags

Environment Variables:
JAVA_HOME=C:\Program Files\Java\jdk-17
CLASSPATH=C:\Users\vanth\FixAllNow\Mobile\android\\gradle\wrapper\gradle-wrapper.jar
PATH=C:\Users\vanth\FixAllNow\Mobile\node_modules\.bin;C:\Users\vanth\FixAllNow\Mobile\node_modules\.bin;C:\Users\vanth\FixAllNow\node_modules\.bin;C:\Users\vanth\node_modules\.bin;C:\Users\node_modules\.bin;C:\node_modules\.bin;C:\Users\vanth\AppData\Roaming\npm\node_modules\npm\node_modules\@npmcli\run-script\lib\node-gyp-bin;C:\Users\vanth\FixAllNow\Mobile\node_modules\.bin;C:\Users\vanth\FixAllNow\node_modules\.bin;C:\Users\vanth\node_modules\.bin;C:\Users\node_modules\.bin;C:\node_modules\.bin;C:\Users\vanth\AppData\Roaming\npm\node_modules\npm\node_modules\@npmcli\run-script\lib\node-gyp-bin;C:\Program Files\Common Files\Oracle\Java\javapath;C:\Program Files\Microsoft\jdk-11.0.16.101-hotspot\bin;C:\Windows\system32;C:\Windows;C:\Windows\System32\Wbem;C:\Windows\System32\WindowsPowerShell\v1.0\;C:\Windows\System32\OpenSSH\;C:\Program Files\Git\cmd;C:\xampp\php;C:\Program Files\Microsoft SQL Server\150\Tools\Binn\;C:\Program Files\Microsoft SQL Server\Client SDK\ODBC\170\Tools\Binn\;C:\Program Files\dotnet\;C:\ProgramData\ComposerSetup\bin;C:\Program Files (x86)\Microsoft SQL Server\150\Tools\Binn\;C:\Program Files\Microsoft SQL Server\150\DTS\Binn\;C:\Program Files\Azure Data Studio\bin;C:\Users\vanth\AppData\Roaming\nvm;C:\Program Files\nodejs;;C:\Program Files (x86)\Microsoft SQL Server\160\DTS\Binn\;C:\Program Files\Microsoft\jdk-11.0.16.101-hotspot\bin;C:\Windows\system32;C:\Windows;C:\Windows\System32\Wbem;C:\Windows\System32\WindowsPowerShell\v1.0\;C:\Windows\System32\OpenSSH\;C:\Program Files\Git\cmd;C:\xampp\php;C:\Program Files\Microsoft SQL Server\150\Tools\Binn\;C:\Program Files\Microsoft SQL Server\Client SDK\ODBC\170\Tools\Binn\;C:\Program Files\dotnet\;C:\ProgramData\ComposerSetup\bin;C:\Program Files (x86)\Microsoft SQL Server\150\Tools\Binn\;C:\Program Files\Microsoft SQL Server\150\DTS\Binn\;C:\Program Files\Azure Data Studio\bin;C:\Users\vanth\AppData\Roaming\nvm;C:\Program Files (x86)\Microsoft SQL Server\160\DTS\Binn\;C:\Users\vanth\AppData\Loc
USERNAME=HI
LANG=en_US.UTF-8
OS=Windows_NT
PROCESSOR_IDENTIFIER=AMD64 Family 23 Model 160 Stepping 0, AuthenticAMD



---------------  S Y S T E M  ---------------

OS:
 Windows 11 , 64 bit Build 22621 (10.0.22621.3085)
OS uptime: 4 days 6:47 hours

CPU: total 8 (initial active 8) (8 cores per cpu, 2 threads per core) family 23 model 160 stepping 0 microcode 0x0, cx8, cmov, fxsr, ht, mmx, 3dnowpref, sse, sse2, sse3, ssse3, sse4a, sse4.1, sse4.2, popcnt, lzcnt, tsc, tscinvbit, avx, avx2, aes, clmul, bmi1, bmi2, adx, sha, fma, vzeroupper, clflush, clflushopt

Memory: 4k page, system-wide physical 5877M (30M free)
TotalPageFile size 24309M (AvailPageFile size 5M)
current process WorkingSet (physical memory assigned to process): 158M, peak: 184M
current process commit charge ("private bytes"): 245M, peak: 270M

vm_info: Java HotSpot(TM) 64-Bit Server VM (17.0.9+11-LTS-201) for windows-amd64 JRE (17.0.9+11-LTS-201), built on Oct 10 2023 23:16:06 by "mach5one" with MS VC++ 17.1 (VS2022)

END.
