#
# There is insufficient memory for the Java Runtime Environment to continue.
# Native memory allocation (malloc) failed to allocate 2677856 bytes for Chunk::new
# Possible reasons:
#   The system is out of physical RAM or swap space
#   The process is running with CompressedOops enabled, and the Java Heap may be blocking the growth of the native heap
# Possible solutions:
#   Reduce memory load on the system
#   Increase physical memory or swap space
#   Check if swap backing store is full
#   Decrease Java heap size (-Xmx/-Xms)
#   Decrease number of Java threads
#   Decrease Java thread stack sizes (-Xss)
#   Set larger code cache with -XX:ReservedCodeCacheSize=
#   JVM is running with Unscaled Compressed Oops mode in which the Java heap is
#     placed in the first 4GB address space. The Java Heap base address is the
#     maximum limit for the native heap growth. Please use -XX:HeapBaseMinAddress
#     to set the Java Heap base and to place the Java Heap above 4GB virtual address.
# This output file may be truncated or incomplete.
#
#  Out of Memory Error (arena.cpp:189), pid=22208, tid=24340
#
# JRE version: Java(TM) SE Runtime Environment (17.0.9+11) (build 17.0.9+11-LTS-201)
# Java VM: Java HotSpot(TM) 64-Bit Server VM (17.0.9+11-LTS-201, mixed mode, sharing, tiered, compressed oops, compressed class ptrs, g1 gc, windows-amd64)
# No core dump will be written. Minidumps are not enabled by default on client versions of Windows
#

---------------  S U M M A R Y ------------

Command Line: -XX:MaxMetaspaceSize=512m --add-opens=java.base/java.util=ALL-UNNAMED --add-opens=java.base/java.lang=ALL-UNNAMED --add-opens=java.base/java.lang.invoke=ALL-UNNAMED --add-opens=java.prefs/java.util.prefs=ALL-UNNAMED --add-opens=java.base/java.nio.charset=ALL-UNNAMED --add-opens=java.base/java.net=ALL-UNNAMED --add-opens=java.base/java.util.concurrent.atomic=ALL-UNNAMED -Xmx2048m -Dfile.encoding=windows-1252 -Duser.country=US -Duser.language=en -Duser.variant -javaagent:C:\Users\vanth\.gradle\wrapper\dists\gradle-8.3-all\6en3ugtfdg5xnpx44z4qbwgas\gradle-8.3\lib\agents\gradle-instrumentation-agent-8.3.jar org.gradle.launcher.daemon.bootstrap.GradleDaemon 8.3

Host: AMD Ryzen 5 7520U with Radeon Graphics         , 8 cores, 5G,  Windows 11 , 64 bit Build 22621 (10.0.22621.3085)
Time: Wed Feb 21 15:57:51 2024 SE Asia Standard Time elapsed time: 82.658461 seconds (0d 0h 1m 22s)

---------------  T H R E A D  ---------------

Current thread (0x0000021f8477df20):  JavaThread "C2 CompilerThread1" daemon [_thread_in_native, id=24340, stack(0x0000008287700000,0x0000008287800000)]


Current CompileTask:
C2:  82659 9461   !   4       java.lang.reflect.Executable::sharedToGenericString (255 bytes)

Stack: [0x0000008287700000,0x0000008287800000]
Native frames: (J=compiled Java code, j=interpreted, Vv=VM code, C=native code)
V  [jvm.dll+0x678a4a]
V  [jvm.dll+0x7d9cfd]
V  [jvm.dll+0x7db60e]
V  [jvm.dll+0x7dbc73]
V  [jvm.dll+0x245e1f]
V  [jvm.dll+0xaaafb]
V  [jvm.dll+0xab09c]
V  [jvm.dll+0x36237e]
V  [jvm.dll+0x32ca01]
V  [jvm.dll+0x32be9a]
V  [jvm.dll+0x21812f]
V  [jvm.dll+0x217561]
V  [jvm.dll+0x1a3bc0]
V  [jvm.dll+0x2272de]
V  [jvm.dll+0x22548b]
V  [jvm.dll+0x78f58c]
V  [jvm.dll+0x78998a]
V  [jvm.dll+0x677875]
C  [ucrtbase.dll+0x29363]
C  [KERNEL32.DLL+0x1257d]
C  [ntdll.dll+0x5aa58]


---------------  P R O C E S S  ---------------

Threads class SMR info:
_java_thread_list=0x0000021f86725870, length=92, elements={
0x0000021fc3cffcf0, 0x0000021fe1ead8e0, 0x0000021fe1eae370, 0x0000021fe1ec1440,
0x0000021fe1ec3020, 0x0000021fe1ec5600, 0x0000021fe1ec7be0, 0x0000021fe1ece430,
0x0000021fe1eceaf0, 0x0000021fe1ecf100, 0x0000021ffd1b8f80, 0x0000021ffd1b9eb0,
0x0000021ffd1ba8d0, 0x0000021ffd1ba3c0, 0x0000021ffd1bade0, 0x0000021ffd1b9490,
0x0000021ffd1bb2f0, 0x0000021ffd1bb800, 0x0000021ffd1b8a70, 0x0000021ffd1b99a0,
0x0000021ffd1bc220, 0x0000021ffeb4d2e0, 0x0000021ffeb47cd0, 0x0000021ffeb4bea0,
0x0000021ffeb4c3b0, 0x0000021ffeb4c8c0, 0x0000021ffeb49620, 0x0000021ffeb4af70,
0x0000021ffeb481e0, 0x0000021ffeb46890, 0x0000021ffeb486f0, 0x0000021ffeb49b30,
0x0000021ffeb4b480, 0x0000021ffeb477c0, 0x0000021ffeb48c00, 0x0000021ffeb4a550,
0x0000021ffeb4aa60, 0x0000021ffdef5780, 0x0000021ffdef9440, 0x0000021ffdef29f0,
0x0000021ffdef8f30, 0x0000021ffdef7af0, 0x0000021ffdef66b0, 0x0000021ffdef5c90,
0x0000021ffdef4d60, 0x0000021ffdef3410, 0x0000021ffdef3920, 0x0000021ffdef70d0,
0x0000021ffdef2f00, 0x0000021ffdef6bc0, 0x0000021ffdef1fd0, 0x0000021ffdef5270,
0x0000021ffdef75e0, 0x0000021ffdef61a0, 0x0000021ffdef8a20, 0x0000021ffdef4850,
0x0000021ffeb46da0, 0x0000021f85bb9c00, 0x0000021f85bb3bd0, 0x0000021f85bb45f0,
0x0000021f85bb6e70, 0x0000021f85bb4b00, 0x0000021f85bb7380, 0x0000021f85bb5010,
0x0000021f85bb6450, 0x0000021f85bb5a30, 0x0000021f85bb91e0, 0x0000021f85bb6960,
0x0000021f85bb5f40, 0x0000021f85bb7da0, 0x0000021f85bb8cd0, 0x0000021f85bb7890,
0x0000021f85bb82b0, 0x0000021f85bb5520, 0x0000021f85bb87c0, 0x0000021f85bb96f0,
0x0000021f85bb2790, 0x0000021f85bba110, 0x0000021f85bb36c0, 0x0000021f85bb2ca0,
0x0000021f85bb31b0, 0x0000021f85bb40e0, 0x0000021f85bc1200, 0x0000021f85bbb6e0,
0x0000021f85bbf3a0, 0x0000021f85bbdf60, 0x0000021f85bbd030, 0x0000021f85bbee90,
0x0000021f85bc02d0, 0x0000021f85bbbbf0, 0x0000021f8477df20, 0x0000021f85bc44a0
}

Java Threads: ( => current thread )
  0x0000021fc3cffcf0 JavaThread "main" [_thread_blocked, id=15720, stack(0x0000008287a00000,0x0000008287b00000)]
  0x0000021fe1ead8e0 JavaThread "Reference Handler" daemon [_thread_blocked, id=8944, stack(0x0000008288100000,0x0000008288200000)]
  0x0000021fe1eae370 JavaThread "Finalizer" daemon [_thread_blocked, id=16924, stack(0x0000008288200000,0x0000008288300000)]
  0x0000021fe1ec1440 JavaThread "Signal Dispatcher" daemon [_thread_blocked, id=22492, stack(0x0000008288300000,0x0000008288400000)]
  0x0000021fe1ec3020 JavaThread "Attach Listener" daemon [_thread_blocked, id=21136, stack(0x0000008288400000,0x0000008288500000)]
  0x0000021fe1ec5600 JavaThread "Service Thread" daemon [_thread_blocked, id=22176, stack(0x0000008288500000,0x0000008288600000)]
  0x0000021fe1ec7be0 JavaThread "Monitor Deflation Thread" daemon [_thread_blocked, id=15140, stack(0x0000008288600000,0x0000008288700000)]
  0x0000021fe1ece430 JavaThread "C2 CompilerThread0" daemon [_thread_in_native, id=15816, stack(0x0000008288700000,0x0000008288800000)]
  0x0000021fe1eceaf0 JavaThread "C1 CompilerThread0" daemon [_thread_blocked, id=26512, stack(0x0000008288800000,0x0000008288900000)]
  0x0000021fe1ecf100 JavaThread "Sweeper thread" daemon [_thread_blocked, id=18016, stack(0x0000008288900000,0x0000008288a00000)]
  0x0000021ffd1b8f80 JavaThread "Common-Cleaner" daemon [_thread_blocked, id=5520, stack(0x0000008288a00000,0x0000008288b00000)]
  0x0000021ffd1b9eb0 JavaThread "Notification Thread" daemon [_thread_blocked, id=20508, stack(0x0000008288b00000,0x0000008288c00000)]
  0x0000021ffd1ba8d0 JavaThread "Daemon health stats" [_thread_blocked, id=4928, stack(0x0000008289100000,0x0000008289200000)]
  0x0000021ffd1ba3c0 JavaThread "Incoming local TCP Connector on port 56077" [_thread_in_native, id=25860, stack(0x0000008289200000,0x0000008289300000)]
  0x0000021ffd1bade0 JavaThread "Daemon periodic checks" [_thread_blocked, id=9748, stack(0x0000008289300000,0x0000008289400000)]
  0x0000021ffd1b9490 JavaThread "Daemon" [_thread_blocked, id=7332, stack(0x0000008289400000,0x0000008289500000)]
  0x0000021ffd1bb2f0 JavaThread "Handler for socket connection from /127.0.0.1:56077 to /127.0.0.1:56078" [_thread_in_native, id=6228, stack(0x0000008289500000,0x0000008289600000)]
  0x0000021ffd1bb800 JavaThread "Cancel handler" [_thread_blocked, id=22984, stack(0x0000008289600000,0x0000008289700000)]
  0x0000021ffd1b8a70 JavaThread "Daemon worker" [_thread_in_Java, id=21912, stack(0x0000008289700000,0x0000008289800000)]
  0x0000021ffd1b99a0 JavaThread "Asynchronous log dispatcher for DefaultDaemonConnection: socket connection from /127.0.0.1:56077 to /127.0.0.1:56078" [_thread_blocked, id=24900, stack(0x0000008289800000,0x0000008289900000)]
  0x0000021ffd1bc220 JavaThread "Stdin handler" [_thread_blocked, id=15272, stack(0x0000008289900000,0x0000008289a00000)]
  0x0000021ffeb4d2e0 JavaThread "Daemon client event forwarder" [_thread_blocked, id=18008, stack(0x0000008289a00000,0x0000008289b00000)]
  0x0000021ffeb47cd0 JavaThread "Cache worker for journal cache (C:\Users\vanth\.gradle\caches\journal-1)" [_thread_blocked, id=20688, stack(0x0000008289e00000,0x0000008289f00000)]
  0x0000021ffeb4bea0 JavaThread "File lock request listener" [_thread_in_native, id=20476, stack(0x0000008289f00000,0x000000828a000000)]
  0x0000021ffeb4c3b0 JavaThread "Cache worker for file hash cache (C:\Users\vanth\.gradle\caches\8.3\fileHashes)" [_thread_blocked, id=26536, stack(0x000000828a000000,0x000000828a100000)]
  0x0000021ffeb4c8c0 JavaThread "File watcher server" daemon [_thread_in_native, id=18828, stack(0x000000828a100000,0x000000828a200000)]
  0x0000021ffeb49620 JavaThread "File watcher consumer" daemon [_thread_in_vm, id=20532, stack(0x000000828a200000,0x000000828a300000)]
  0x0000021ffeb4af70 JavaThread "Cache worker for checksums cache (C:\Users\vanth\FixAllNow\Mobile\android\.gradle\8.3\checksums)" [_thread_blocked, id=7788, stack(0x000000828a300000,0x000000828a400000)]
  0x0000021ffeb481e0 JavaThread "Cache worker for file hash cache (C:\Users\vanth\FixAllNow\Mobile\android\.gradle\8.3\fileHashes)" [_thread_blocked, id=10712, stack(0x000000828a400000,0x000000828a500000)]
  0x0000021ffeb46890 JavaThread "Cache worker for cache directory md-supplier (C:\Users\vanth\.gradle\caches\8.3\md-supplier)" [_thread_blocked, id=25616, stack(0x000000828a500000,0x000000828a600000)]
  0x0000021ffeb486f0 JavaThread "Cache worker for file content cache (C:\Users\vanth\.gradle\caches\8.3\fileContent)" [_thread_blocked, id=11216, stack(0x000000828a600000,0x000000828a700000)]
  0x0000021ffeb49b30 JavaThread "Cache worker for cache directory md-rule (C:\Users\vanth\.gradle\caches\8.3\md-rule)" [_thread_blocked, id=26252, stack(0x000000828a800000,0x000000828a900000)]
  0x0000021ffeb4b480 JavaThread "Cache worker for execution history cache (C:\Users\vanth\.gradle\caches\8.3\executionHistory)" [_thread_blocked, id=16784, stack(0x000000828a900000,0x000000828aa00000)]
  0x0000021ffeb477c0 JavaThread "jar transforms" [_thread_blocked, id=2992, stack(0x000000828aa00000,0x000000828ab00000)]
  0x0000021ffeb48c00 JavaThread "jar transforms Thread 2" [_thread_blocked, id=24088, stack(0x000000828ab00000,0x000000828ac00000)]
  0x0000021ffeb4a550 JavaThread "jar transforms Thread 3" [_thread_blocked, id=21368, stack(0x000000828ac00000,0x000000828ad00000)]
  0x0000021ffeb4aa60 JavaThread "jar transforms Thread 4" [_thread_blocked, id=24980, stack(0x000000828ad00000,0x000000828ae00000)]
  0x0000021ffdef5780 JavaThread "Cache worker for kotlin-dsl (C:\Users\vanth\.gradle\caches\8.3\kotlin-dsl)" [_thread_blocked, id=18484, stack(0x000000828b000000,0x000000828b100000)]
  0x0000021ffdef9440 JavaThread "jar transforms Thread 5" [_thread_blocked, id=20100, stack(0x000000828b100000,0x000000828b200000)]
  0x0000021ffdef29f0 JavaThread "jar transforms Thread 6" [_thread_blocked, id=18584, stack(0x000000828b200000,0x000000828b300000)]
  0x0000021ffdef8f30 JavaThread "Unconstrained build operations" [_thread_blocked, id=19620, stack(0x000000828b300000,0x000000828b400000)]
  0x0000021ffdef7af0 JavaThread "Unconstrained build operations Thread 2" [_thread_blocked, id=5068, stack(0x000000828b400000,0x000000828b500000)]
  0x0000021ffdef66b0 JavaThread "jar transforms Thread 7" [_thread_blocked, id=16548, stack(0x000000828b500000,0x000000828b600000)]
  0x0000021ffdef5c90 JavaThread "jar transforms Thread 8" [_thread_blocked, id=26212, stack(0x000000828b600000,0x000000828b700000)]
  0x0000021ffdef4d60 JavaThread "Cache worker for dependencies-accessors (C:\Users\vanth\FixAllNow\Mobile\android\.gradle\8.3\dependencies-accessors)" [_thread_blocked, id=17080, stack(0x000000828b700000,0x000000828b800000)]
  0x0000021ffdef3410 JavaThread "Cache worker for Build Output Cleanup Cache (C:\Users\vanth\FixAllNow\Mobile\node_modules\@react-native\gradle-plugin\.gradle\buildOutputCleanup)" [_thread_blocked, id=12216, stack(0x000000828b800000,0x000000828b900000)]
  0x0000021ffdef3920 JavaThread "Unconstrained build operations Thread 3" [_thread_blocked, id=6056, stack(0x000000828b900000,0x000000828ba00000)]
  0x0000021ffdef70d0 JavaThread "Unconstrained build operations Thread 4" [_thread_blocked, id=21372, stack(0x000000828ba00000,0x000000828bb00000)]
  0x0000021ffdef2f00 JavaThread "Unconstrained build operations Thread 5" [_thread_blocked, id=22336, stack(0x000000828bb00000,0x000000828bc00000)]
  0x0000021ffdef6bc0 JavaThread "Unconstrained build operations Thread 6" [_thread_blocked, id=20180, stack(0x000000828bc00000,0x000000828bd00000)]
  0x0000021ffdef1fd0 JavaThread "Unconstrained build operations Thread 7" [_thread_blocked, id=24764, stack(0x000000828bd00000,0x000000828be00000)]
  0x0000021ffdef5270 JavaThread "Unconstrained build operations Thread 8" [_thread_blocked, id=21860, stack(0x000000828be00000,0x000000828bf00000)]
  0x0000021ffdef75e0 JavaThread "Unconstrained build operations Thread 9" [_thread_blocked, id=14824, stack(0x000000828bf00000,0x000000828c000000)]
  0x0000021ffdef61a0 JavaThread "Memory manager" [_thread_blocked, id=7196, stack(0x000000828c000000,0x000000828c100000)]
  0x0000021ffdef8a20 JavaThread "Cache worker for Build Output Cleanup Cache (C:\Users\vanth\FixAllNow\Mobile\android\.gradle\buildOutputCleanup)" [_thread_blocked, id=6060, stack(0x000000828c100000,0x000000828c200000)]
  0x0000021ffdef4850 JavaThread "ForkJoinPool.commonPool-worker-1" daemon [_thread_blocked, id=21944, stack(0x000000828c200000,0x000000828c300000)]
  0x0000021ffeb46da0 JavaThread "ForkJoinPool.commonPool-worker-2" daemon [_thread_blocked, id=25544, stack(0x000000828c300000,0x000000828c400000)]
  0x0000021f85bb9c00 JavaThread "ForkJoinPool.commonPool-worker-3" daemon [_thread_blocked, id=2476, stack(0x000000828c400000,0x000000828c500000)]
  0x0000021f85bb3bd0 JavaThread "ForkJoinPool.commonPool-worker-4" daemon [_thread_blocked, id=17036, stack(0x000000828c500000,0x000000828c600000)]
  0x0000021f85bb45f0 JavaThread "ForkJoinPool.commonPool-worker-5" daemon [_thread_blocked, id=23716, stack(0x000000828c600000,0x000000828c700000)]
  0x0000021f85bb6e70 JavaThread "ForkJoinPool.commonPool-worker-6" daemon [_thread_blocked, id=11544, stack(0x000000828c700000,0x000000828c800000)]
  0x0000021f85bb4b00 JavaThread "ForkJoinPool.commonPool-worker-7" daemon [_thread_blocked, id=19944, stack(0x000000828c800000,0x000000828c900000)]
  0x0000021f85bb7380 JavaThread "Exec process" [_thread_blocked, id=14700, stack(0x000000828c900000,0x000000828ca00000)]
  0x0000021f85bb5010 JavaThread "Exec process Thread 2" [_thread_blocked, id=21964, stack(0x000000828ca00000,0x000000828cb00000)]
  0x0000021f85bb6450 JavaThread "Exec process Thread 3" [_thread_blocked, id=1612, stack(0x000000828cb00000,0x000000828cc00000)]
  0x0000021f85bb5a30 JavaThread "included builds" [_thread_blocked, id=17924, stack(0x000000828cc00000,0x000000828cd00000)]
  0x0000021f85bb91e0 JavaThread "Execution worker" [_thread_blocked, id=25536, stack(0x000000828cd00000,0x000000828ce00000)]
  0x0000021f85bb6960 JavaThread "Execution worker Thread 2" [_thread_blocked, id=21052, stack(0x000000828ce00000,0x000000828cf00000)]
  0x0000021f85bb5f40 JavaThread "Execution worker Thread 3" [_thread_blocked, id=21032, stack(0x000000828cf00000,0x000000828d000000)]
  0x0000021f85bb7da0 JavaThread "Execution worker Thread 4" [_thread_blocked, id=16188, stack(0x000000828d000000,0x000000828d100000)]
  0x0000021f85bb8cd0 JavaThread "Execution worker Thread 5" [_thread_blocked, id=24360, stack(0x000000828d100000,0x000000828d200000)]
  0x0000021f85bb7890 JavaThread "Execution worker Thread 6" [_thread_blocked, id=22260, stack(0x000000828d200000,0x000000828d300000)]
  0x0000021f85bb82b0 JavaThread "Execution worker Thread 7" [_thread_blocked, id=11860, stack(0x000000828d300000,0x000000828d400000)]
  0x0000021f85bb5520 JavaThread "Cache worker for execution history cache (C:\Users\vanth\FixAllNow\Mobile\node_modules\@react-native\gradle-plugin\.gradle\8.3\executionHistory)" [_thread_blocked, id=21724, stack(0x000000828d400000,0x000000828d500000)]
  0x0000021f85bb87c0 JavaThread "Unconstrained build operations Thread 10" [_thread_blocked, id=17416, stack(0x000000828d500000,0x000000828d600000)]
  0x0000021f85bb96f0 JavaThread "Unconstrained build operations Thread 11" [_thread_blocked, id=21264, stack(0x000000828d600000,0x000000828d700000)]
  0x0000021f85bb2790 JavaThread "Unconstrained build operations Thread 12" [_thread_blocked, id=20280, stack(0x000000828d700000,0x000000828d800000)]
  0x0000021f85bba110 JavaThread "Unconstrained build operations Thread 13" [_thread_blocked, id=16312, stack(0x000000828d800000,0x000000828d900000)]
  0x0000021f85bb36c0 JavaThread "Unconstrained build operations Thread 14" [_thread_blocked, id=4896, stack(0x000000828d900000,0x000000828da00000)]
  0x0000021f85bb2ca0 JavaThread "Unconstrained build operations Thread 15" [_thread_blocked, id=3076, stack(0x000000828da00000,0x000000828db00000)]
  0x0000021f85bb31b0 JavaThread "Unconstrained build operations Thread 16" [_thread_blocked, id=12548, stack(0x000000828db00000,0x000000828dc00000)]
  0x0000021f85bb40e0 JavaThread "Unconstrained build operations Thread 17" [_thread_blocked, id=11436, stack(0x000000828dc00000,0x000000828dd00000)]
  0x0000021f85bc1200 JavaThread "Unconstrained build operations Thread 18" [_thread_blocked, id=23352, stack(0x000000828dd00000,0x000000828de00000)]
  0x0000021f85bbb6e0 JavaThread "Unconstrained build operations Thread 19" [_thread_blocked, id=20092, stack(0x000000828de00000,0x000000828df00000)]
  0x0000021f85bbf3a0 JavaThread "Unconstrained build operations Thread 20" [_thread_blocked, id=9972, stack(0x000000828df00000,0x000000828e000000)]
  0x0000021f85bbdf60 JavaThread "Unconstrained build operations Thread 21" [_thread_blocked, id=17360, stack(0x000000828e000000,0x000000828e100000)]
  0x0000021f85bbd030 JavaThread "Unconstrained build operations Thread 22" [_thread_blocked, id=18420, stack(0x000000828e100000,0x000000828e200000)]
  0x0000021f85bbee90 JavaThread "Unconstrained build operations Thread 23" [_thread_blocked, id=23816, stack(0x000000828e200000,0x000000828e300000)]
  0x0000021f85bc02d0 JavaThread "Unconstrained build operations Thread 24" [_thread_blocked, id=24744, stack(0x000000828e300000,0x000000828e400000)]
  0x0000021f85bbbbf0 JavaThread "Unconstrained build operations Thread 25" [_thread_blocked, id=12484, stack(0x000000828e400000,0x000000828e500000)]
=>0x0000021f8477df20 JavaThread "C2 CompilerThread1" daemon [_thread_in_native, id=24340, stack(0x0000008287700000,0x0000008287800000)]
  0x0000021f85bc44a0 JavaThread "C2 CompilerThread2" daemon [_thread_in_native, id=11760, stack(0x0000008287800000,0x0000008287900000)]

Other Threads:
  0x0000021fe1eaace0 VMThread "VM Thread" [stack: 0x0000008288000000,0x0000008288100000] [id=23848]
  0x0000021fc3d710a0 WatcherThread [stack: 0x0000008288c00000,0x0000008288d00000] [id=25228]
  0x0000021fc1afe7f0 GCTaskThread "GC Thread#0" [stack: 0x0000008287b00000,0x0000008287c00000] [id=17088]
  0x0000021ffdf96c90 GCTaskThread "GC Thread#1" [stack: 0x0000008288d00000,0x0000008288e00000] [id=20880]
  0x0000021ffdbdaed0 GCTaskThread "GC Thread#2" [stack: 0x0000008288e00000,0x0000008288f00000] [id=21564]
  0x0000021ffdaae3f0 GCTaskThread "GC Thread#3" [stack: 0x0000008288f00000,0x0000008289000000] [id=16216]
  0x0000021ffdb97200 GCTaskThread "GC Thread#4" [stack: 0x0000008289000000,0x0000008289100000] [id=8396]
  0x0000021ffee9d8f0 GCTaskThread "GC Thread#5" [stack: 0x0000008289b00000,0x0000008289c00000] [id=12092]
  0x0000021ffee9dbb0 GCTaskThread "GC Thread#6" [stack: 0x0000008289c00000,0x0000008289d00000] [id=18688]
  0x0000021ffeb78e50 GCTaskThread "GC Thread#7" [stack: 0x0000008289d00000,0x0000008289e00000] [id=16464]
  0x0000021fc3d67290 ConcurrentGCThread "G1 Main Marker" [stack: 0x0000008287c00000,0x0000008287d00000] [id=17644]
  0x0000021fc3d67bb0 ConcurrentGCThread "G1 Conc#0" [stack: 0x0000008287d00000,0x0000008287e00000] [id=26336]
  0x0000021fff0edf10 ConcurrentGCThread "G1 Conc#1" [stack: 0x000000828a700000,0x000000828a800000] [id=20772]
  0x0000021fc3dbd1c0 ConcurrentGCThread "G1 Refine#0" [stack: 0x0000008287e00000,0x0000008287f00000] [id=13684]
  0x0000021fe1d54400 ConcurrentGCThread "G1 Service" [stack: 0x0000008287f00000,0x0000008288000000] [id=21484]

Threads with active compile tasks:
C2 CompilerThread0    82735 9468 %     4       groovy.lang.MetaClassImpl::inheritInterfaceNewMetaMethods @ 100 (195 bytes)
C1 CompilerThread0    82735 9474       3       org.gradle.internal.vfs.impl.AbstractVirtualFileSystem::updateRootUnderLock (12 bytes)
C2 CompilerThread1    82736 9461   !   4       java.lang.reflect.Executable::sharedToGenericString (255 bytes)
C2 CompilerThread2    82736 9443       4       java.beans.Introspector::addMethod (196 bytes)

VM state: not at safepoint (normal execution)

VM Mutex/Monitor currently owned by a thread: None

Heap address: 0x0000000080000000, size: 2048 MB, Compressed Oops mode: 32-bit

CDS archive(s) mapped at: [0x0000021fe2000000-0x0000021fe2bd0000-0x0000021fe2bd0000), size 12386304, SharedBaseAddress: 0x0000021fe2000000, ArchiveRelocationMode: 1.
Compressed class space mapped at: 0x0000021fe3000000-0x0000021ffd000000, reserved size: 436207616
Narrow klass base: 0x0000021fe2000000, Narrow klass shift: 0, Narrow klass range: 0x100000000

GC Precious Log:
 CPUs: 8 total, 8 available
 Memory: 5877M
 Large Page Support: Disabled
 NUMA Support: Disabled
 Compressed Oops: Enabled (32-bit)
 Heap Region Size: 1M
 Heap Min Capacity: 8M
 Heap Initial Capacity: 92M
 Heap Max Capacity: 2G
 Pre-touch: Disabled
 Parallel Workers: 8
 Concurrent Workers: 2
 Concurrent Refinement Workers: 8
 Periodic GC: Disabled

Heap:
 garbage-first heap   total 251904K, used 128835K [0x0000000080000000, 0x0000000100000000)
  region size 1024K, 47 young (48128K), 9 survivors (9216K)
 Metaspace       used 77428K, committed 78208K, reserved 557056K
  class space    used 10791K, committed 11136K, reserved 425984K

Heap Regions: E=young(eden), S=young(survivor), O=old, HS=humongous(starts), HC=humongous(continues), CS=collection set, F=free, OA=open archive, CA=closed archive, TAMS=top-at-mark-start (previous, next)
|   0|0x0000000080000000, 0x0000000080100000, 0x0000000080100000|100%|HS|  |TAMS 0x0000000080100000, 0x0000000080000000| Complete 
|   1|0x0000000080100000, 0x0000000080200000, 0x0000000080200000|100%|HC|  |TAMS 0x0000000080200000, 0x0000000080100000| Complete 
|   2|0x0000000080200000, 0x0000000080300000, 0x0000000080300000|100%|HC|  |TAMS 0x0000000080300000, 0x0000000080200000| Complete 
|   3|0x0000000080300000, 0x0000000080400000, 0x0000000080400000|100%|HC|  |TAMS 0x0000000080400000, 0x0000000080300000| Complete 
|   4|0x0000000080400000, 0x0000000080500000, 0x0000000080500000|100%| O|  |TAMS 0x0000000080500000, 0x0000000080400000| Untracked 
|   5|0x0000000080500000, 0x0000000080600000, 0x0000000080600000|100%| O|  |TAMS 0x0000000080600000, 0x0000000080500000| Untracked 
|   6|0x0000000080600000, 0x0000000080700000, 0x0000000080700000|100%| O|  |TAMS 0x0000000080700000, 0x0000000080600000| Untracked 
|   7|0x0000000080700000, 0x0000000080800000, 0x0000000080800000|100%| O|  |TAMS 0x0000000080800000, 0x0000000080700000| Untracked 
|   8|0x0000000080800000, 0x0000000080900000, 0x0000000080900000|100%| O|  |TAMS 0x0000000080900000, 0x0000000080800000| Untracked 
|   9|0x0000000080900000, 0x0000000080a00000, 0x0000000080a00000|100%| O|  |TAMS 0x0000000080a00000, 0x0000000080900000| Untracked 
|  10|0x0000000080a00000, 0x0000000080b00000, 0x0000000080b00000|100%| O|  |TAMS 0x0000000080b00000, 0x0000000080a00000| Untracked 
|  11|0x0000000080b00000, 0x0000000080c00000, 0x0000000080c00000|100%| O|  |TAMS 0x0000000080c00000, 0x0000000080b00000| Untracked 
|  12|0x0000000080c00000, 0x0000000080d00000, 0x0000000080d00000|100%| O|  |TAMS 0x0000000080d00000, 0x0000000080c00000| Untracked 
|  13|0x0000000080d00000, 0x0000000080e00000, 0x0000000080e00000|100%| O|  |TAMS 0x0000000080e00000, 0x0000000080d00000| Untracked 
|  14|0x0000000080e00000, 0x0000000080f00000, 0x0000000080f00000|100%| O|  |TAMS 0x0000000080f00000, 0x0000000080e00000| Untracked 
|  15|0x0000000080f00000, 0x0000000081000000, 0x0000000081000000|100%| O|  |TAMS 0x0000000081000000, 0x0000000080f00000| Untracked 
|  16|0x0000000081000000, 0x0000000081100000, 0x0000000081100000|100%| O|  |TAMS 0x0000000081100000, 0x0000000081000000| Untracked 
|  17|0x0000000081100000, 0x0000000081200000, 0x0000000081200000|100%| O|  |TAMS 0x0000000081200000, 0x0000000081100000| Untracked 
|  18|0x0000000081200000, 0x00000000812e0c00, 0x0000000081300000| 87%| O|  |TAMS 0x00000000812e0c00, 0x0000000081200000| Untracked 
|  19|0x0000000081300000, 0x0000000081400000, 0x0000000081400000|100%| O|  |TAMS 0x0000000081400000, 0x0000000081300000| Untracked 
|  20|0x0000000081400000, 0x0000000081500000, 0x0000000081500000|100%| O|  |TAMS 0x0000000081500000, 0x0000000081400000| Untracked 
|  21|0x0000000081500000, 0x0000000081600000, 0x0000000081600000|100%| O|  |TAMS 0x0000000081600000, 0x0000000081500000| Untracked 
|  22|0x0000000081600000, 0x0000000081700000, 0x0000000081700000|100%| O|  |TAMS 0x0000000081700000, 0x0000000081600000| Untracked 
|  23|0x0000000081700000, 0x0000000081800000, 0x0000000081800000|100%| O|  |TAMS 0x0000000081800000, 0x0000000081700000| Untracked 
|  24|0x0000000081800000, 0x0000000081900000, 0x0000000081900000|100%| O|  |TAMS 0x0000000081800000, 0x0000000081800000| Untracked 
|  25|0x0000000081900000, 0x0000000081a00000, 0x0000000081a00000|100%| O|  |TAMS 0x0000000081a00000, 0x0000000081900000| Untracked 
|  26|0x0000000081a00000, 0x0000000081b00000, 0x0000000081b00000|100%| O|  |TAMS 0x0000000081b00000, 0x0000000081a00000| Untracked 
|  27|0x0000000081b00000, 0x0000000081b00000, 0x0000000081c00000|  0%| F|  |TAMS 0x0000000081b00000, 0x0000000081b00000| Untracked 
|  28|0x0000000081c00000, 0x0000000081d00000, 0x0000000081d00000|100%| O|  |TAMS 0x0000000081d00000, 0x0000000081c00000| Untracked 
|  29|0x0000000081d00000, 0x0000000081e00000, 0x0000000081e00000|100%| O|  |TAMS 0x0000000081e00000, 0x0000000081d00000| Untracked 
|  30|0x0000000081e00000, 0x0000000081f00000, 0x0000000081f00000|100%|HS|  |TAMS 0x0000000081f00000, 0x0000000081e00000| Complete 
|  31|0x0000000081f00000, 0x0000000082000000, 0x0000000082000000|100%| O|  |TAMS 0x0000000082000000, 0x0000000081f00000| Untracked 
|  32|0x0000000082000000, 0x0000000082100000, 0x0000000082100000|100%| O|  |TAMS 0x0000000082100000, 0x0000000082000000| Untracked 
|  33|0x0000000082100000, 0x0000000082200000, 0x0000000082200000|100%| O|  |TAMS 0x0000000082200000, 0x0000000082100000| Untracked 
|  34|0x0000000082200000, 0x0000000082300000, 0x0000000082300000|100%| O|  |TAMS 0x0000000082300000, 0x0000000082200000| Untracked 
|  35|0x0000000082300000, 0x0000000082400000, 0x0000000082400000|100%| O|  |TAMS 0x0000000082400000, 0x0000000082300000| Untracked 
|  36|0x0000000082400000, 0x0000000082500000, 0x0000000082500000|100%| O|  |TAMS 0x0000000082500000, 0x0000000082400000| Untracked 
|  37|0x0000000082500000, 0x0000000082600000, 0x0000000082600000|100%|HS|  |TAMS 0x0000000082600000, 0x0000000082500000| Complete 
|  38|0x0000000082600000, 0x0000000082700000, 0x0000000082700000|100%|HC|  |TAMS 0x0000000082700000, 0x0000000082600000| Complete 
|  39|0x0000000082700000, 0x0000000082800000, 0x0000000082800000|100%|HS|  |TAMS 0x0000000082800000, 0x0000000082700000| Complete 
|  40|0x0000000082800000, 0x0000000082900000, 0x0000000082900000|100%|HC|  |TAMS 0x0000000082900000, 0x0000000082800000| Complete 
|  41|0x0000000082900000, 0x0000000082a00000, 0x0000000082a00000|100%| O|  |TAMS 0x0000000082a00000, 0x0000000082900000| Untracked 
|  42|0x0000000082a00000, 0x0000000082b00000, 0x0000000082b00000|100%| O|  |TAMS 0x0000000082b00000, 0x0000000082a00000| Untracked 
|  43|0x0000000082b00000, 0x0000000082c00000, 0x0000000082c00000|100%|HS|  |TAMS 0x0000000082c00000, 0x0000000082b00000| Complete 
|  44|0x0000000082c00000, 0x0000000082d00000, 0x0000000082d00000|100%|HC|  |TAMS 0x0000000082d00000, 0x0000000082c00000| Complete 
|  45|0x0000000082d00000, 0x0000000082e00000, 0x0000000082e00000|100%|HC|  |TAMS 0x0000000082e00000, 0x0000000082d00000| Complete 
|  46|0x0000000082e00000, 0x0000000082f00000, 0x0000000082f00000|100%|HC|  |TAMS 0x0000000082f00000, 0x0000000082e00000| Complete 
|  47|0x0000000082f00000, 0x0000000083000000, 0x0000000083000000|100%| O|  |TAMS 0x0000000083000000, 0x0000000082f00000| Untracked 
|  48|0x0000000083000000, 0x0000000083100000, 0x0000000083100000|100%| O|  |TAMS 0x0000000083100000, 0x0000000083000000| Untracked 
|  49|0x0000000083100000, 0x0000000083200000, 0x0000000083200000|100%| O|  |TAMS 0x0000000083200000, 0x0000000083100000| Untracked 
|  50|0x0000000083200000, 0x0000000083300000, 0x0000000083300000|100%| O|  |TAMS 0x0000000083300000, 0x0000000083200000| Untracked 
|  51|0x0000000083300000, 0x0000000083400000, 0x0000000083400000|100%| O|  |TAMS 0x0000000083400000, 0x0000000083300000| Untracked 
|  52|0x0000000083400000, 0x0000000083500000, 0x0000000083500000|100%|HS|  |TAMS 0x0000000083500000, 0x0000000083400000| Complete 
|  53|0x0000000083500000, 0x0000000083600000, 0x0000000083600000|100%|HC|  |TAMS 0x0000000083600000, 0x0000000083500000| Complete 
|  54|0x0000000083600000, 0x0000000083700000, 0x0000000083700000|100%|HC|  |TAMS 0x0000000083700000, 0x0000000083600000| Complete 
|  55|0x0000000083700000, 0x0000000083800000, 0x0000000083800000|100%|HC|  |TAMS 0x0000000083800000, 0x0000000083700000| Complete 
|  56|0x0000000083800000, 0x0000000083900000, 0x0000000083900000|100%| O|  |TAMS 0x0000000083900000, 0x0000000083800000| Untracked 
|  57|0x0000000083900000, 0x0000000083a00000, 0x0000000083a00000|100%| O|  |TAMS 0x0000000083a00000, 0x0000000083900000| Untracked 
|  58|0x0000000083a00000, 0x0000000083b00000, 0x0000000083b00000|100%| O|  |TAMS 0x0000000083b00000, 0x0000000083a00000| Untracked 
|  59|0x0000000083b00000, 0x0000000083b00000, 0x0000000083c00000|  0%| F|  |TAMS 0x0000000083b00000, 0x0000000083b00000| Untracked 
|  60|0x0000000083c00000, 0x0000000083d00000, 0x0000000083d00000|100%| O|  |TAMS 0x0000000083d00000, 0x0000000083c00000| Untracked 
|  61|0x0000000083d00000, 0x0000000083e00000, 0x0000000083e00000|100%| O|  |TAMS 0x0000000083e00000, 0x0000000083d00000| Untracked 
|  62|0x0000000083e00000, 0x0000000083f00000, 0x0000000083f00000|100%| O|  |TAMS 0x0000000083f00000, 0x0000000083e00000| Untracked 
|  63|0x0000000083f00000, 0x0000000084000000, 0x0000000084000000|100%| O|  |TAMS 0x0000000084000000, 0x0000000083f00000| Untracked 
|  64|0x0000000084000000, 0x0000000084100000, 0x0000000084100000|100%| O|  |TAMS 0x0000000084100000, 0x0000000084000000| Untracked 
|  65|0x0000000084100000, 0x0000000084200000, 0x0000000084200000|100%| O|  |TAMS 0x0000000084200000, 0x0000000084100000| Untracked 
|  66|0x0000000084200000, 0x0000000084300000, 0x0000000084300000|100%| O|  |TAMS 0x0000000084300000, 0x0000000084200000| Untracked 
|  67|0x0000000084300000, 0x0000000084400000, 0x0000000084400000|100%| O|  |TAMS 0x0000000084400000, 0x0000000084300000| Untracked 
|  68|0x0000000084400000, 0x0000000084500000, 0x0000000084500000|100%|HS|  |TAMS 0x0000000084500000, 0x0000000084400000| Complete 
|  69|0x0000000084500000, 0x0000000084600000, 0x0000000084600000|100%|HS|  |TAMS 0x0000000084600000, 0x0000000084500000| Complete 
|  70|0x0000000084600000, 0x0000000084700000, 0x0000000084700000|100%| O|  |TAMS 0x0000000084700000, 0x0000000084600000| Untracked 
|  71|0x0000000084700000, 0x0000000084800000, 0x0000000084800000|100%|HS|  |TAMS 0x0000000084800000, 0x0000000084700000| Complete 
|  72|0x0000000084800000, 0x0000000084900000, 0x0000000084900000|100%| O|  |TAMS 0x0000000084900000, 0x0000000084800000| Untracked 
|  73|0x0000000084900000, 0x0000000084a00000, 0x0000000084a00000|100%| O|  |TAMS 0x0000000084a00000, 0x0000000084900000| Untracked 
|  74|0x0000000084a00000, 0x0000000084b00000, 0x0000000084b00000|100%| O|  |TAMS 0x0000000084b00000, 0x0000000084a00000| Untracked 
|  75|0x0000000084b00000, 0x0000000084c00000, 0x0000000084c00000|100%| O|  |TAMS 0x0000000084c00000, 0x0000000084b00000| Untracked 
|  76|0x0000000084c00000, 0x0000000084d00000, 0x0000000084d00000|100%| O|  |TAMS 0x0000000084d00000, 0x0000000084c00000| Untracked 
|  77|0x0000000084d00000, 0x0000000084e00000, 0x0000000084e00000|100%| O|  |TAMS 0x0000000084e00000, 0x0000000084d00000| Untracked 
|  78|0x0000000084e00000, 0x0000000084f00000, 0x0000000084f00000|100%| O|  |TAMS 0x0000000084f00000, 0x0000000084e00000| Untracked 
|  79|0x0000000084f00000, 0x0000000085000000, 0x0000000085000000|100%| O|  |TAMS 0x0000000085000000, 0x0000000084f00000| Untracked 
|  80|0x0000000085000000, 0x0000000085100000, 0x0000000085100000|100%| O|  |TAMS 0x0000000085040600, 0x0000000085000000| Untracked 
|  81|0x0000000085100000, 0x0000000085200000, 0x0000000085200000|100%| O|  |TAMS 0x0000000085100000, 0x0000000085100000| Untracked 
|  82|0x0000000085200000, 0x0000000085230000, 0x0000000085300000| 18%| O|  |TAMS 0x0000000085200000, 0x0000000085200000| Untracked 
|  83|0x0000000085300000, 0x0000000085300000, 0x0000000085400000|  0%| F|  |TAMS 0x0000000085300000, 0x0000000085300000| Untracked 
|  84|0x0000000085400000, 0x0000000085400000, 0x0000000085500000|  0%| F|  |TAMS 0x0000000085400000, 0x0000000085400000| Untracked 
|  85|0x0000000085500000, 0x0000000085500000, 0x0000000085600000|  0%| F|  |TAMS 0x0000000085500000, 0x0000000085500000| Untracked 
|  86|0x0000000085600000, 0x0000000085600000, 0x0000000085700000|  0%| F|  |TAMS 0x0000000085600000, 0x0000000085600000| Untracked 
|  87|0x0000000085700000, 0x0000000085700000, 0x0000000085800000|  0%| F|  |TAMS 0x0000000085700000, 0x0000000085700000| Untracked 
|  88|0x0000000085800000, 0x0000000085800000, 0x0000000085900000|  0%| F|  |TAMS 0x0000000085800000, 0x0000000085800000| Untracked 
|  89|0x0000000085900000, 0x0000000085900000, 0x0000000085a00000|  0%| F|  |TAMS 0x0000000085900000, 0x0000000085900000| Untracked 
|  90|0x0000000085a00000, 0x0000000085a00000, 0x0000000085b00000|  0%| F|  |TAMS 0x0000000085a00000, 0x0000000085a00000| Untracked 
|  91|0x0000000085b00000, 0x0000000085b00000, 0x0000000085c00000|  0%| F|  |TAMS 0x0000000085b00000, 0x0000000085b00000| Untracked 
|  92|0x0000000085c00000, 0x0000000085c00000, 0x0000000085d00000|  0%| F|  |TAMS 0x0000000085c00000, 0x0000000085c00000| Untracked 
|  93|0x0000000085d00000, 0x0000000085d00000, 0x0000000085e00000|  0%| F|  |TAMS 0x0000000085d00000, 0x0000000085d00000| Untracked 
|  94|0x0000000085e00000, 0x0000000085e00000, 0x0000000085f00000|  0%| F|  |TAMS 0x0000000085e00000, 0x0000000085e00000| Untracked 
|  95|0x0000000085f00000, 0x0000000085f00000, 0x0000000086000000|  0%| F|  |TAMS 0x0000000085f00000, 0x0000000085f00000| Untracked 
|  96|0x0000000086000000, 0x0000000086000000, 0x0000000086100000|  0%| F|  |TAMS 0x0000000086000000, 0x0000000086000000| Untracked 
|  97|0x0000000086100000, 0x0000000086100000, 0x0000000086200000|  0%| F|  |TAMS 0x0000000086100000, 0x0000000086100000| Untracked 
|  98|0x0000000086200000, 0x0000000086200000, 0x0000000086300000|  0%| F|  |TAMS 0x0000000086200000, 0x0000000086200000| Untracked 
|  99|0x0000000086300000, 0x0000000086300000, 0x0000000086400000|  0%| F|  |TAMS 0x0000000086300000, 0x0000000086300000| Untracked 
| 100|0x0000000086400000, 0x0000000086400000, 0x0000000086500000|  0%| F|  |TAMS 0x0000000086400000, 0x0000000086400000| Untracked 
| 101|0x0000000086500000, 0x0000000086500000, 0x0000000086600000|  0%| F|  |TAMS 0x0000000086500000, 0x0000000086500000| Untracked 
| 102|0x0000000086600000, 0x0000000086600000, 0x0000000086700000|  0%| F|  |TAMS 0x0000000086600000, 0x0000000086600000| Untracked 
| 103|0x0000000086700000, 0x0000000086700000, 0x0000000086800000|  0%| F|  |TAMS 0x0000000086700000, 0x0000000086700000| Untracked 
| 104|0x0000000086800000, 0x0000000086800000, 0x0000000086900000|  0%| F|  |TAMS 0x0000000086800000, 0x0000000086800000| Untracked 
| 105|0x0000000086900000, 0x0000000086900000, 0x0000000086a00000|  0%| F|  |TAMS 0x0000000086900000, 0x0000000086900000| Untracked 
| 106|0x0000000086a00000, 0x0000000086a00000, 0x0000000086b00000|  0%| F|  |TAMS 0x0000000086a00000, 0x0000000086a00000| Untracked 
| 107|0x0000000086b00000, 0x0000000086b00000, 0x0000000086c00000|  0%| F|  |TAMS 0x0000000086b00000, 0x0000000086b00000| Untracked 
| 108|0x0000000086c00000, 0x0000000086c00000, 0x0000000086d00000|  0%| F|  |TAMS 0x0000000086c00000, 0x0000000086c00000| Untracked 
| 109|0x0000000086d00000, 0x0000000086d00000, 0x0000000086e00000|  0%| F|  |TAMS 0x0000000086d00000, 0x0000000086d00000| Untracked 
| 110|0x0000000086e00000, 0x0000000086e00000, 0x0000000086f00000|  0%| F|  |TAMS 0x0000000086e00000, 0x0000000086e00000| Untracked 
| 111|0x0000000086f00000, 0x0000000086f00000, 0x0000000087000000|  0%| F|  |TAMS 0x0000000086f00000, 0x0000000086f00000| Untracked 
| 112|0x0000000087000000, 0x0000000087000000, 0x0000000087100000|  0%| F|  |TAMS 0x0000000087000000, 0x0000000087000000| Untracked 
| 113|0x0000000087100000, 0x0000000087100000, 0x0000000087200000|  0%| F|  |TAMS 0x0000000087100000, 0x0000000087100000| Untracked 
| 114|0x0000000087200000, 0x0000000087200000, 0x0000000087300000|  0%| F|  |TAMS 0x0000000087200000, 0x0000000087200000| Untracked 
| 115|0x0000000087300000, 0x0000000087300000, 0x0000000087400000|  0%| F|  |TAMS 0x0000000087300000, 0x0000000087300000| Untracked 
| 116|0x0000000087400000, 0x0000000087400000, 0x0000000087500000|  0%| F|  |TAMS 0x0000000087400000, 0x0000000087400000| Untracked 
| 117|0x0000000087500000, 0x0000000087500000, 0x0000000087600000|  0%| F|  |TAMS 0x0000000087500000, 0x0000000087500000| Untracked 
| 118|0x0000000087600000, 0x0000000087600000, 0x0000000087700000|  0%| F|  |TAMS 0x0000000087600000, 0x0000000087600000| Untracked 
| 119|0x0000000087700000, 0x0000000087700000, 0x0000000087800000|  0%| F|  |TAMS 0x0000000087700000, 0x0000000087700000| Untracked 
| 120|0x0000000087800000, 0x0000000087800000, 0x0000000087900000|  0%| F|  |TAMS 0x0000000087800000, 0x0000000087800000| Untracked 
| 121|0x0000000087900000, 0x0000000087900000, 0x0000000087a00000|  0%| F|  |TAMS 0x0000000087900000, 0x0000000087900000| Untracked 
| 122|0x0000000087a00000, 0x0000000087ac0200, 0x0000000087b00000| 75%| S|CS|TAMS 0x0000000087a00000, 0x0000000087a00000| Complete 
| 123|0x0000000087b00000, 0x0000000087c00000, 0x0000000087c00000|100%| S|CS|TAMS 0x0000000087b00000, 0x0000000087b00000| Complete 
| 124|0x0000000087c00000, 0x0000000087d00000, 0x0000000087d00000|100%| S|CS|TAMS 0x0000000087c00000, 0x0000000087c00000| Complete 
| 125|0x0000000087d00000, 0x0000000087e00000, 0x0000000087e00000|100%| S|CS|TAMS 0x0000000087d00000, 0x0000000087d00000| Complete 
| 126|0x0000000087e00000, 0x0000000087f00000, 0x0000000087f00000|100%| S|CS|TAMS 0x0000000087e00000, 0x0000000087e00000| Complete 
| 127|0x0000000087f00000, 0x0000000088000000, 0x0000000088000000|100%| S|CS|TAMS 0x0000000087f00000, 0x0000000087f00000| Complete 
| 128|0x0000000088000000, 0x0000000088100000, 0x0000000088100000|100%| S|CS|TAMS 0x0000000088000000, 0x0000000088000000| Complete 
| 129|0x0000000088100000, 0x0000000088200000, 0x0000000088200000|100%| S|CS|TAMS 0x0000000088100000, 0x0000000088100000| Complete 
| 130|0x0000000088200000, 0x0000000088300000, 0x0000000088300000|100%| S|CS|TAMS 0x0000000088200000, 0x0000000088200000| Complete 
| 131|0x0000000088300000, 0x0000000088300000, 0x0000000088400000|  0%| F|  |TAMS 0x0000000088300000, 0x0000000088300000| Untracked 
| 132|0x0000000088400000, 0x0000000088400000, 0x0000000088500000|  0%| F|  |TAMS 0x0000000088400000, 0x0000000088400000| Untracked 
| 133|0x0000000088500000, 0x0000000088500000, 0x0000000088600000|  0%| F|  |TAMS 0x0000000088500000, 0x0000000088500000| Untracked 
| 134|0x0000000088600000, 0x0000000088600000, 0x0000000088700000|  0%| F|  |TAMS 0x0000000088600000, 0x0000000088600000| Untracked 
| 135|0x0000000088700000, 0x0000000088700000, 0x0000000088800000|  0%| F|  |TAMS 0x0000000088700000, 0x0000000088700000| Untracked 
| 136|0x0000000088800000, 0x0000000088800000, 0x0000000088900000|  0%| F|  |TAMS 0x0000000088800000, 0x0000000088800000| Untracked 
| 137|0x0000000088900000, 0x0000000088900000, 0x0000000088a00000|  0%| F|  |TAMS 0x0000000088900000, 0x0000000088900000| Untracked 
| 138|0x0000000088a00000, 0x0000000088a00000, 0x0000000088b00000|  0%| F|  |TAMS 0x0000000088a00000, 0x0000000088a00000| Untracked 
| 139|0x0000000088b00000, 0x0000000088b00000, 0x0000000088c00000|  0%| F|  |TAMS 0x0000000088b00000, 0x0000000088b00000| Untracked 
| 140|0x0000000088c00000, 0x0000000088c00000, 0x0000000088d00000|  0%| F|  |TAMS 0x0000000088c00000, 0x0000000088c00000| Untracked 
| 141|0x0000000088d00000, 0x0000000088d00000, 0x0000000088e00000|  0%| F|  |TAMS 0x0000000088d00000, 0x0000000088d00000| Untracked 
| 142|0x0000000088e00000, 0x0000000088e00000, 0x0000000088f00000|  0%| F|  |TAMS 0x0000000088e00000, 0x0000000088e00000| Untracked 
| 143|0x0000000088f00000, 0x0000000088f00000, 0x0000000089000000|  0%| F|  |TAMS 0x0000000088f00000, 0x0000000088f00000| Untracked 
| 144|0x0000000089000000, 0x0000000089000000, 0x0000000089100000|  0%| F|  |TAMS 0x0000000089000000, 0x0000000089000000| Untracked 
| 145|0x0000000089100000, 0x0000000089100000, 0x0000000089200000|  0%| F|  |TAMS 0x0000000089100000, 0x0000000089100000| Untracked 
| 146|0x0000000089200000, 0x0000000089200000, 0x0000000089300000|  0%| F|  |TAMS 0x0000000089200000, 0x0000000089200000| Untracked 
| 147|0x0000000089300000, 0x0000000089300000, 0x0000000089400000|  0%| F|  |TAMS 0x0000000089300000, 0x0000000089300000| Untracked 
| 148|0x0000000089400000, 0x0000000089400000, 0x0000000089500000|  0%| F|  |TAMS 0x0000000089400000, 0x0000000089400000| Untracked 
| 149|0x0000000089500000, 0x0000000089500000, 0x0000000089600000|  0%| F|  |TAMS 0x0000000089500000, 0x0000000089500000| Untracked 
| 150|0x0000000089600000, 0x0000000089600000, 0x0000000089700000|  0%| F|  |TAMS 0x0000000089600000, 0x0000000089600000| Untracked 
| 151|0x0000000089700000, 0x0000000089700000, 0x0000000089800000|  0%| F|  |TAMS 0x0000000089700000, 0x0000000089700000| Untracked 
| 152|0x0000000089800000, 0x0000000089800000, 0x0000000089900000|  0%| F|  |TAMS 0x0000000089800000, 0x0000000089800000| Untracked 
| 153|0x0000000089900000, 0x0000000089900000, 0x0000000089a00000|  0%| F|  |TAMS 0x0000000089900000, 0x0000000089900000| Untracked 
| 154|0x0000000089a00000, 0x0000000089a00000, 0x0000000089b00000|  0%| F|  |TAMS 0x0000000089a00000, 0x0000000089a00000| Untracked 
| 155|0x0000000089b00000, 0x0000000089b00000, 0x0000000089c00000|  0%| F|  |TAMS 0x0000000089b00000, 0x0000000089b00000| Untracked 
| 156|0x0000000089c00000, 0x0000000089c00000, 0x0000000089d00000|  0%| F|  |TAMS 0x0000000089c00000, 0x0000000089c00000| Untracked 
| 157|0x0000000089d00000, 0x0000000089d00000, 0x0000000089e00000|  0%| F|  |TAMS 0x0000000089d00000, 0x0000000089d00000| Untracked 
| 158|0x0000000089e00000, 0x0000000089e00000, 0x0000000089f00000|  0%| F|  |TAMS 0x0000000089e00000, 0x0000000089e00000| Untracked 
| 159|0x0000000089f00000, 0x0000000089f00000, 0x000000008a000000|  0%| F|  |TAMS 0x0000000089f00000, 0x0000000089f00000| Untracked 
| 160|0x000000008a000000, 0x000000008a000000, 0x000000008a100000|  0%| F|  |TAMS 0x000000008a000000, 0x000000008a000000| Untracked 
| 161|0x000000008a100000, 0x000000008a100000, 0x000000008a200000|  0%| F|  |TAMS 0x000000008a100000, 0x000000008a100000| Untracked 
| 162|0x000000008a200000, 0x000000008a200000, 0x000000008a300000|  0%| F|  |TAMS 0x000000008a200000, 0x000000008a200000| Untracked 
| 163|0x000000008a300000, 0x000000008a300000, 0x000000008a400000|  0%| F|  |TAMS 0x000000008a300000, 0x000000008a300000| Untracked 
| 164|0x000000008a400000, 0x000000008a400000, 0x000000008a500000|  0%| F|  |TAMS 0x000000008a400000, 0x000000008a400000| Untracked 
| 165|0x000000008a500000, 0x000000008a500000, 0x000000008a600000|  0%| F|  |TAMS 0x000000008a500000, 0x000000008a500000| Untracked 
| 166|0x000000008a600000, 0x000000008a600000, 0x000000008a700000|  0%| F|  |TAMS 0x000000008a600000, 0x000000008a600000| Untracked 
| 167|0x000000008a700000, 0x000000008a700000, 0x000000008a800000|  0%| F|  |TAMS 0x000000008a700000, 0x000000008a700000| Untracked 
| 168|0x000000008a800000, 0x000000008a800000, 0x000000008a900000|  0%| F|  |TAMS 0x000000008a800000, 0x000000008a800000| Untracked 
| 169|0x000000008a900000, 0x000000008a900000, 0x000000008aa00000|  0%| F|  |TAMS 0x000000008a900000, 0x000000008a900000| Untracked 
| 170|0x000000008aa00000, 0x000000008aa00000, 0x000000008ab00000|  0%| F|  |TAMS 0x000000008aa00000, 0x000000008aa00000| Untracked 
| 171|0x000000008ab00000, 0x000000008ab00000, 0x000000008ac00000|  0%| F|  |TAMS 0x000000008ab00000, 0x000000008ab00000| Untracked 
| 172|0x000000008ac00000, 0x000000008ac00000, 0x000000008ad00000|  0%| F|  |TAMS 0x000000008ac00000, 0x000000008ac00000| Untracked 
| 173|0x000000008ad00000, 0x000000008ad00000, 0x000000008ae00000|  0%| F|  |TAMS 0x000000008ad00000, 0x000000008ad00000| Untracked 
| 174|0x000000008ae00000, 0x000000008ae00000, 0x000000008af00000|  0%| F|  |TAMS 0x000000008ae00000, 0x000000008ae00000| Untracked 
| 175|0x000000008af00000, 0x000000008af00000, 0x000000008b000000|  0%| F|  |TAMS 0x000000008af00000, 0x000000008af00000| Untracked 
| 176|0x000000008b000000, 0x000000008b000000, 0x000000008b100000|  0%| F|  |TAMS 0x000000008b000000, 0x000000008b000000| Untracked 
| 177|0x000000008b100000, 0x000000008b100000, 0x000000008b200000|  0%| F|  |TAMS 0x000000008b100000, 0x000000008b100000| Untracked 
| 178|0x000000008b200000, 0x000000008b200000, 0x000000008b300000|  0%| F|  |TAMS 0x000000008b200000, 0x000000008b200000| Untracked 
| 179|0x000000008b300000, 0x000000008b300000, 0x000000008b400000|  0%| F|  |TAMS 0x000000008b300000, 0x000000008b300000| Untracked 
| 180|0x000000008b400000, 0x000000008b400000, 0x000000008b500000|  0%| F|  |TAMS 0x000000008b400000, 0x000000008b400000| Untracked 
| 181|0x000000008b500000, 0x000000008b500000, 0x000000008b600000|  0%| F|  |TAMS 0x000000008b500000, 0x000000008b500000| Untracked 
| 182|0x000000008b600000, 0x000000008b600000, 0x000000008b700000|  0%| F|  |TAMS 0x000000008b600000, 0x000000008b600000| Untracked 
| 183|0x000000008b700000, 0x000000008b700000, 0x000000008b800000|  0%| F|  |TAMS 0x000000008b700000, 0x000000008b700000| Untracked 
| 184|0x000000008b800000, 0x000000008b800000, 0x000000008b900000|  0%| F|  |TAMS 0x000000008b800000, 0x000000008b800000| Untracked 
| 185|0x000000008b900000, 0x000000008b900000, 0x000000008ba00000|  0%| F|  |TAMS 0x000000008b900000, 0x000000008b900000| Untracked 
| 186|0x000000008ba00000, 0x000000008ba00000, 0x000000008bb00000|  0%| F|  |TAMS 0x000000008ba00000, 0x000000008ba00000| Untracked 
| 187|0x000000008bb00000, 0x000000008bb00000, 0x000000008bc00000|  0%| F|  |TAMS 0x000000008bb00000, 0x000000008bb00000| Untracked 
| 188|0x000000008bc00000, 0x000000008bc00000, 0x000000008bd00000|  0%| F|  |TAMS 0x000000008bc00000, 0x000000008bc00000| Untracked 
| 189|0x000000008bd00000, 0x000000008bd00000, 0x000000008be00000|  0%| F|  |TAMS 0x000000008bd00000, 0x000000008bd00000| Untracked 
| 190|0x000000008be00000, 0x000000008be00000, 0x000000008bf00000|  0%| F|  |TAMS 0x000000008be00000, 0x000000008be00000| Untracked 
| 191|0x000000008bf00000, 0x000000008bf00000, 0x000000008c000000|  0%| F|  |TAMS 0x000000008bf00000, 0x000000008bf00000| Untracked 
| 192|0x000000008c000000, 0x000000008c000000, 0x000000008c100000|  0%| F|  |TAMS 0x000000008c000000, 0x000000008c000000| Untracked 
| 193|0x000000008c100000, 0x000000008c100000, 0x000000008c200000|  0%| F|  |TAMS 0x000000008c100000, 0x000000008c100000| Untracked 
| 194|0x000000008c200000, 0x000000008c200000, 0x000000008c300000|  0%| F|  |TAMS 0x000000008c200000, 0x000000008c200000| Untracked 
| 195|0x000000008c300000, 0x000000008c300000, 0x000000008c400000|  0%| F|  |TAMS 0x000000008c300000, 0x000000008c300000| Untracked 
| 196|0x000000008c400000, 0x000000008c400000, 0x000000008c500000|  0%| F|  |TAMS 0x000000008c400000, 0x000000008c400000| Untracked 
| 197|0x000000008c500000, 0x000000008c500000, 0x000000008c600000|  0%| F|  |TAMS 0x000000008c500000, 0x000000008c500000| Untracked 
| 198|0x000000008c600000, 0x000000008c600000, 0x000000008c700000|  0%| F|  |TAMS 0x000000008c600000, 0x000000008c600000| Untracked 
| 199|0x000000008c700000, 0x000000008c700000, 0x000000008c800000|  0%| F|  |TAMS 0x000000008c700000, 0x000000008c700000| Untracked 
| 200|0x000000008c800000, 0x000000008c800000, 0x000000008c900000|  0%| F|  |TAMS 0x000000008c800000, 0x000000008c800000| Untracked 
| 201|0x000000008c900000, 0x000000008c900000, 0x000000008ca00000|  0%| F|  |TAMS 0x000000008c900000, 0x000000008c900000| Untracked 
| 202|0x000000008ca00000, 0x000000008ca00000, 0x000000008cb00000|  0%| F|  |TAMS 0x000000008ca00000, 0x000000008ca00000| Untracked 
| 203|0x000000008cb00000, 0x000000008cb00000, 0x000000008cc00000|  0%| F|  |TAMS 0x000000008cb00000, 0x000000008cb00000| Untracked 
| 204|0x000000008cc00000, 0x000000008cc00000, 0x000000008cd00000|  0%| F|  |TAMS 0x000000008cc00000, 0x000000008cc00000| Untracked 
| 205|0x000000008cd00000, 0x000000008cd00000, 0x000000008ce00000|  0%| F|  |TAMS 0x000000008cd00000, 0x000000008cd00000| Untracked 
| 206|0x000000008ce00000, 0x000000008ce00000, 0x000000008cf00000|  0%| F|  |TAMS 0x000000008ce00000, 0x000000008ce00000| Untracked 
| 207|0x000000008cf00000, 0x000000008cf00000, 0x000000008d000000|  0%| F|  |TAMS 0x000000008cf00000, 0x000000008cf00000| Untracked 
| 208|0x000000008d000000, 0x000000008d04b528, 0x000000008d100000| 29%| E|  |TAMS 0x000000008d000000, 0x000000008d000000| Complete 
| 209|0x000000008d100000, 0x000000008d200000, 0x000000008d200000|100%| E|CS|TAMS 0x000000008d100000, 0x000000008d100000| Complete 
| 210|0x000000008d200000, 0x000000008d300000, 0x000000008d300000|100%| E|CS|TAMS 0x000000008d200000, 0x000000008d200000| Complete 
| 211|0x000000008d300000, 0x000000008d400000, 0x000000008d400000|100%| E|CS|TAMS 0x000000008d300000, 0x000000008d300000| Complete 
| 212|0x000000008d400000, 0x000000008d500000, 0x000000008d500000|100%| E|CS|TAMS 0x000000008d400000, 0x000000008d400000| Complete 
| 213|0x000000008d500000, 0x000000008d600000, 0x000000008d600000|100%| E|CS|TAMS 0x000000008d500000, 0x000000008d500000| Complete 
| 214|0x000000008d600000, 0x000000008d700000, 0x000000008d700000|100%| E|CS|TAMS 0x000000008d600000, 0x000000008d600000| Complete 
| 215|0x000000008d700000, 0x000000008d800000, 0x000000008d800000|100%| E|CS|TAMS 0x000000008d700000, 0x000000008d700000| Complete 
| 216|0x000000008d800000, 0x000000008d900000, 0x000000008d900000|100%| E|CS|TAMS 0x000000008d800000, 0x000000008d800000| Complete 
| 217|0x000000008d900000, 0x000000008da00000, 0x000000008da00000|100%| E|CS|TAMS 0x000000008d900000, 0x000000008d900000| Complete 
| 218|0x000000008da00000, 0x000000008db00000, 0x000000008db00000|100%| E|CS|TAMS 0x000000008da00000, 0x000000008da00000| Complete 
| 219|0x000000008db00000, 0x000000008dc00000, 0x000000008dc00000|100%| E|CS|TAMS 0x000000008db00000, 0x000000008db00000| Complete 
| 220|0x000000008dc00000, 0x000000008dd00000, 0x000000008dd00000|100%| E|CS|TAMS 0x000000008dc00000, 0x000000008dc00000| Complete 
| 221|0x000000008dd00000, 0x000000008de00000, 0x000000008de00000|100%| E|CS|TAMS 0x000000008dd00000, 0x000000008dd00000| Complete 
| 222|0x000000008de00000, 0x000000008df00000, 0x000000008df00000|100%| E|CS|TAMS 0x000000008de00000, 0x000000008de00000| Complete 
| 223|0x000000008df00000, 0x000000008e000000, 0x000000008e000000|100%| E|CS|TAMS 0x000000008df00000, 0x000000008df00000| Complete 
| 224|0x000000008e000000, 0x000000008e100000, 0x000000008e100000|100%| E|CS|TAMS 0x000000008e000000, 0x000000008e000000| Complete 
| 225|0x000000008e100000, 0x000000008e200000, 0x000000008e200000|100%| E|CS|TAMS 0x000000008e100000, 0x000000008e100000| Complete 
| 226|0x000000008e200000, 0x000000008e300000, 0x000000008e300000|100%| E|CS|TAMS 0x000000008e200000, 0x000000008e200000| Complete 
| 227|0x000000008e300000, 0x000000008e400000, 0x000000008e400000|100%| E|CS|TAMS 0x000000008e300000, 0x000000008e300000| Complete 
| 228|0x000000008e400000, 0x000000008e500000, 0x000000008e500000|100%| E|CS|TAMS 0x000000008e400000, 0x000000008e400000| Complete 
| 229|0x000000008e500000, 0x000000008e600000, 0x000000008e600000|100%| E|CS|TAMS 0x000000008e500000, 0x000000008e500000| Complete 
| 230|0x000000008e600000, 0x000000008e700000, 0x000000008e700000|100%| E|CS|TAMS 0x000000008e600000, 0x000000008e600000| Complete 
| 231|0x000000008e700000, 0x000000008e800000, 0x000000008e800000|100%| E|CS|TAMS 0x000000008e700000, 0x000000008e700000| Complete 
| 232|0x000000008e800000, 0x000000008e900000, 0x000000008e900000|100%| E|CS|TAMS 0x000000008e800000, 0x000000008e800000| Complete 
| 233|0x000000008e900000, 0x000000008ea00000, 0x000000008ea00000|100%| E|CS|TAMS 0x000000008e900000, 0x000000008e900000| Complete 
| 234|0x000000008ea00000, 0x000000008eb00000, 0x000000008eb00000|100%| E|CS|TAMS 0x000000008ea00000, 0x000000008ea00000| Complete 
| 235|0x000000008eb00000, 0x000000008ec00000, 0x000000008ec00000|100%| E|CS|TAMS 0x000000008eb00000, 0x000000008eb00000| Complete 
| 236|0x000000008ec00000, 0x000000008ed00000, 0x000000008ed00000|100%| E|CS|TAMS 0x000000008ec00000, 0x000000008ec00000| Complete 
| 237|0x000000008ed00000, 0x000000008ee00000, 0x000000008ee00000|100%| E|CS|TAMS 0x000000008ed00000, 0x000000008ed00000| Complete 
| 238|0x000000008ee00000, 0x000000008ef00000, 0x000000008ef00000|100%| E|CS|TAMS 0x000000008ee00000, 0x000000008ee00000| Complete 
| 239|0x000000008ef00000, 0x000000008f000000, 0x000000008f000000|100%| E|CS|TAMS 0x000000008ef00000, 0x000000008ef00000| Complete 
| 240|0x000000008f000000, 0x000000008f100000, 0x000000008f100000|100%| E|CS|TAMS 0x000000008f000000, 0x000000008f000000| Complete 
| 241|0x000000008f100000, 0x000000008f200000, 0x000000008f200000|100%| E|CS|TAMS 0x000000008f100000, 0x000000008f100000| Complete 
| 242|0x000000008f200000, 0x000000008f300000, 0x000000008f300000|100%| E|CS|TAMS 0x000000008f200000, 0x000000008f200000| Complete 
| 243|0x000000008f300000, 0x000000008f400000, 0x000000008f400000|100%| E|CS|TAMS 0x000000008f300000, 0x000000008f300000| Complete 
| 244|0x000000008f400000, 0x000000008f500000, 0x000000008f500000|100%| E|CS|TAMS 0x000000008f400000, 0x000000008f400000| Complete 
| 245|0x000000008f500000, 0x000000008f600000, 0x000000008f600000|100%| E|CS|TAMS 0x000000008f500000, 0x000000008f500000| Complete 

Card table byte_map: [0x0000021fdacc0000,0x0000021fdb0c0000] _byte_map_base: 0x0000021fda8c0000

Marking Bits (Prev, Next): (CMBitMap*) 0x0000021fc3d56960, (CMBitMap*) 0x0000021fc3d569a0
 Prev Bits: [0x0000021fdb4c0000, 0x0000021fdd4c0000)
 Next Bits: [0x0000021fdd4c0000, 0x0000021fdf4c0000)

Polling page: 0x0000021fc1c80000

Metaspace:

Usage:
  Non-class:     65.08 MB used.
      Class:     10.54 MB used.
       Both:     75.62 MB used.

Virtual space:
  Non-class space:      128.00 MB reserved,      65.50 MB ( 51%) committed,  2 nodes.
      Class space:      416.00 MB reserved,      10.88 MB (  3%) committed,  1 nodes.
             Both:      544.00 MB reserved,      76.38 MB ( 14%) committed. 

Chunk freelists:
   Non-Class:  14.08 MB
       Class:  5.14 MB
        Both:  19.22 MB

MaxMetaspaceSize: 512.00 MB
CompressedClassSpaceSize: 416.00 MB
Initial GC threshold: 21.00 MB
Current GC threshold: 110.62 MB
CDS: on
MetaspaceReclaimPolicy: balanced
 - commit_granule_bytes: 65536.
 - commit_granule_words: 8192.
 - virtual_space_node_default_size: 8388608.
 - enlarge_chunks_in_place: 1.
 - new_chunks_are_fully_committed: 0.
 - uncommit_free_chunks: 1.
 - use_allocation_guard: 0.
 - handle_deallocations: 1.


Internal statistics:

num_allocs_failed_limit: 6.
num_arena_births: 896.
num_arena_deaths: 0.
num_vsnodes_births: 3.
num_vsnodes_deaths: 0.
num_space_committed: 1222.
num_space_uncommitted: 0.
num_chunks_returned_to_freelist: 6.
num_chunks_taken_from_freelist: 4089.
num_chunk_merges: 6.
num_chunk_splits: 2726.
num_chunks_enlarged: 1831.
num_inconsistent_stats: 0.

CodeHeap 'non-profiled nmethods': size=120000Kb used=5140Kb max_used=5140Kb free=114859Kb
 bounds [0x0000021fd3060000, 0x0000021fd3570000, 0x0000021fda590000]
CodeHeap 'profiled nmethods': size=120000Kb used=17660Kb max_used=17660Kb free=102339Kb
 bounds [0x0000021fcb590000, 0x0000021fcc6d0000, 0x0000021fd2ac0000]
CodeHeap 'non-nmethods': size=5760Kb used=2373Kb max_used=2426Kb free=3386Kb
 bounds [0x0000021fd2ac0000, 0x0000021fd2d30000, 0x0000021fd3060000]
 total_blobs=9602 nmethods=8701 adapters=813
 compilation: enabled
              stopped_count=0, restarted_count=0
 full_count=0

Compilation events (20 events):
Event: 82.307 Thread 0x0000021f8477df20 nmethod 9444 0x0000021fd3550890 code [0x0000021fd3550ec0, 0x0000021fd3554660]
Event: 82.308 Thread 0x0000021f8477df20 9459   !   4       org.codehaus.groovy.vmplugin.v8.Java8::checkCanSetAccessible (49 bytes)
Event: 82.309 Thread 0x0000021f8477df20 nmethod 9459 0x0000021fd3558190 code [0x0000021fd3558320, 0x0000021fd35583f8]
Event: 82.322 Thread 0x0000021f8477df20 9460       4       sun.reflect.generics.visitor.Reifier::getResult (26 bytes)
Event: 82.322 Thread 0x0000021f8477df20 nmethod 9460 0x0000021fd3558510 code [0x0000021fd3558680, 0x0000021fd35586f8]
Event: 82.325 Thread 0x0000021f8477df20 9461   !   4       java.lang.reflect.Executable::sharedToGenericString (255 bytes)
Event: 82.353 Thread 0x0000021fe1eceaf0 9463       3       org.codehaus.groovy.util.ComplexKeyHashMap::resize (103 bytes)
Event: 82.354 Thread 0x0000021fe1eceaf0 nmethod 9463 0x0000021fcc6c8390 code [0x0000021fcc6c8560, 0x0000021fcc6c8b38]
Event: 82.469 Thread 0x0000021fe1eceaf0 9465       3       org.codehaus.groovy.reflection.CachedClass$1::initValue (5 bytes)
Event: 82.485 Thread 0x0000021fe1eceaf0 nmethod 9465 0x0000021fcc6c8d10 code [0x0000021fcc6c8f60, 0x0000021fcc6c9908]
Event: 82.485 Thread 0x0000021fe1eceaf0 9466       3       org.codehaus.groovy.reflection.CachedClass$1::initValue (15 bytes)
Event: 82.486 Thread 0x0000021fe1eceaf0 nmethod 9466 0x0000021fcc6c9c90 code [0x0000021fcc6c9ee0, 0x0000021fcc6ca7e8]
Event: 82.486 Thread 0x0000021fe1eceaf0 9467       3       org.codehaus.groovy.reflection.CachedClass$1$$Lambda$434/0x0000021fe3400cc8::run (8 bytes)
Event: 82.486 Thread 0x0000021fe1eceaf0 nmethod 9467 0x0000021fcc6cab10 code [0x0000021fcc6cacc0, 0x0000021fcc6cae08]
Event: 82.518 Thread 0x0000021fe1ece430 nmethod 9458 0x0000021fd3558810 code [0x0000021fd3558c80, 0x0000021fd355d3b8]
Event: 82.519 Thread 0x0000021fe1ece430 9464       4       groovy.lang.MetaClassImpl::filterPropertyMethod (305 bytes)
Event: 82.537 Thread 0x0000021fe1ece430 nmethod 9464 0x0000021fd355f910 code [0x0000021fd355fb00, 0x0000021fd35600c0]
Event: 82.537 Thread 0x0000021fe1ece430 9462       4       java.lang.reflect.Executable::printModifiersIfNonzero (101 bytes)
Event: 82.638 Thread 0x0000021fe1ece430 nmethod 9462 0x0000021fd3560590 code [0x0000021fd3560900, 0x0000021fd35633f8]
Event: 82.638 Thread 0x0000021fe1ece430 9468 %     4       groovy.lang.MetaClassImpl::inheritInterfaceNewMetaMethods @ 100 (195 bytes)

GC Heap History (20 events):
Event: 49.529 GC heap before
{Heap before GC invocations=27 (full 0):
 garbage-first heap   total 121856K, used 95243K [0x0000000080000000, 0x0000000100000000)
  region size 1024K, 36 young (36864K), 5 survivors (5120K)
 Metaspace       used 60826K, committed 61504K, reserved 491520K
  class space    used 8588K, committed 8896K, reserved 425984K
}
Event: 49.534 GC heap after
{Heap after GC invocations=28 (full 0):
 garbage-first heap   total 121856K, used 66069K [0x0000000080000000, 0x0000000100000000)
  region size 1024K, 3 young (3072K), 3 survivors (3072K)
 Metaspace       used 60826K, committed 61504K, reserved 491520K
  class space    used 8588K, committed 8896K, reserved 425984K
}
Event: 50.518 GC heap before
{Heap before GC invocations=29 (full 0):
 garbage-first heap   total 121856K, used 96789K [0x0000000080000000, 0x0000000100000000)
  region size 1024K, 33 young (33792K), 3 survivors (3072K)
 Metaspace       used 62836K, committed 63552K, reserved 491520K
  class space    used 8874K, committed 9216K, reserved 425984K
}
Event: 50.522 GC heap after
{Heap after GC invocations=30 (full 0):
 garbage-first heap   total 121856K, used 68608K [0x0000000080000000, 0x0000000100000000)
  region size 1024K, 5 young (5120K), 5 survivors (5120K)
 Metaspace       used 62836K, committed 63552K, reserved 491520K
  class space    used 8874K, committed 9216K, reserved 425984K
}
Event: 50.544 GC heap before
{Heap before GC invocations=30 (full 0):
 garbage-first heap   total 121856K, used 69632K [0x0000000080000000, 0x0000000100000000)
  region size 1024K, 6 young (6144K), 5 survivors (5120K)
 Metaspace       used 62880K, committed 63616K, reserved 491520K
  class space    used 8882K, committed 9216K, reserved 425984K
}
Event: 50.548 GC heap after
{Heap after GC invocations=31 (full 0):
 garbage-first heap   total 121856K, used 68540K [0x0000000080000000, 0x0000000100000000)
  region size 1024K, 1 young (1024K), 1 survivors (1024K)
 Metaspace       used 62880K, committed 63616K, reserved 491520K
  class space    used 8882K, committed 9216K, reserved 425984K
}
Event: 52.229 GC heap before
{Heap before GC invocations=31 (full 0):
 garbage-first heap   total 121856K, used 97212K [0x0000000080000000, 0x0000000100000000)
  region size 1024K, 30 young (30720K), 1 survivors (1024K)
 Metaspace       used 64832K, committed 65536K, reserved 491520K
  class space    used 9218K, committed 9536K, reserved 425984K
}
Event: 52.235 GC heap after
{Heap after GC invocations=32 (full 0):
 garbage-first heap   total 121856K, used 70296K [0x0000000080000000, 0x0000000100000000)
  region size 1024K, 3 young (3072K), 3 survivors (3072K)
 Metaspace       used 64832K, committed 65536K, reserved 491520K
  class space    used 9218K, committed 9536K, reserved 425984K
}
Event: 54.617 GC heap before
{Heap before GC invocations=33 (full 0):
 garbage-first heap   total 122880K, used 103064K [0x0000000080000000, 0x0000000100000000)
  region size 1024K, 31 young (31744K), 3 survivors (3072K)
 Metaspace       used 65755K, committed 66496K, reserved 491520K
  class space    used 9326K, committed 9664K, reserved 425984K
}
Event: 54.625 GC heap after
{Heap after GC invocations=34 (full 0):
 garbage-first heap   total 122880K, used 81739K [0x0000000080000000, 0x0000000100000000)
  region size 1024K, 4 young (4096K), 4 survivors (4096K)
 Metaspace       used 65755K, committed 66496K, reserved 491520K
  class space    used 9326K, committed 9664K, reserved 425984K
}
Event: 54.694 GC heap before
{Heap before GC invocations=34 (full 0):
 garbage-first heap   total 122880K, used 82763K [0x0000000080000000, 0x0000000100000000)
  region size 1024K, 6 young (6144K), 4 survivors (4096K)
 Metaspace       used 65838K, committed 66560K, reserved 491520K
  class space    used 9336K, committed 9664K, reserved 425984K
}
Event: 54.700 GC heap after
{Heap after GC invocations=35 (full 0):
 garbage-first heap   total 122880K, used 81837K [0x0000000080000000, 0x0000000100000000)
  region size 1024K, 1 young (1024K), 1 survivors (1024K)
 Metaspace       used 65838K, committed 66560K, reserved 491520K
  class space    used 9336K, committed 9664K, reserved 425984K
}
Event: 55.593 GC heap before
{Heap before GC invocations=35 (full 0):
 garbage-first heap   total 122880K, used 99245K [0x0000000080000000, 0x0000000100000000)
  region size 1024K, 18 young (18432K), 1 survivors (1024K)
 Metaspace       used 67204K, committed 67968K, reserved 491520K
  class space    used 9509K, committed 9856K, reserved 425984K
}
Event: 55.595 GC heap after
{Heap after GC invocations=36 (full 0):
 garbage-first heap   total 122880K, used 82340K [0x0000000080000000, 0x0000000100000000)
  region size 1024K, 2 young (2048K), 2 survivors (2048K)
 Metaspace       used 67204K, committed 67968K, reserved 491520K
  class space    used 9509K, committed 9856K, reserved 425984K
}
Event: 56.913 GC heap before
{Heap before GC invocations=37 (full 0):
 garbage-first heap   total 142336K, used 99748K [0x0000000080000000, 0x0000000100000000)
  region size 1024K, 20 young (20480K), 2 survivors (2048K)
 Metaspace       used 68879K, committed 69632K, reserved 491520K
  class space    used 9687K, committed 10048K, reserved 425984K
}
Event: 56.959 GC heap after
{Heap after GC invocations=38 (full 0):
 garbage-first heap   total 142336K, used 82589K [0x0000000080000000, 0x0000000100000000)
  region size 1024K, 2 young (2048K), 2 survivors (2048K)
 Metaspace       used 68879K, committed 69632K, reserved 491520K
  class space    used 9687K, committed 10048K, reserved 425984K
}
Event: 57.207 GC heap before
{Heap before GC invocations=38 (full 0):
 garbage-first heap   total 142336K, used 86685K [0x0000000080000000, 0x0000000100000000)
  region size 1024K, 6 young (6144K), 2 survivors (2048K)
 Metaspace       used 69105K, committed 69824K, reserved 491520K
  class space    used 9715K, committed 10048K, reserved 425984K
}
Event: 57.240 GC heap after
{Heap after GC invocations=39 (full 0):
 garbage-first heap   total 251904K, used 82473K [0x0000000080000000, 0x0000000100000000)
  region size 1024K, 1 young (1024K), 1 survivors (1024K)
 Metaspace       used 69105K, committed 69824K, reserved 491520K
  class space    used 9715K, committed 10048K, reserved 425984K
}
Event: 60.936 GC heap before
{Heap before GC invocations=39 (full 0):
 garbage-first heap   total 251904K, used 204329K [0x0000000080000000, 0x0000000100000000)
  region size 1024K, 115 young (117760K), 1 survivors (1024K)
 Metaspace       used 77114K, committed 77824K, reserved 557056K
  class space    used 10751K, committed 11072K, reserved 425984K
}
Event: 60.955 GC heap after
{Heap after GC invocations=40 (full 0):
 garbage-first heap   total 251904K, used 90947K [0x0000000080000000, 0x0000000100000000)
  region size 1024K, 9 young (9216K), 9 survivors (9216K)
 Metaspace       used 77114K, committed 77824K, reserved 557056K
  class space    used 10751K, committed 11072K, reserved 425984K
}

Deoptimization events (20 events):
Event: 60.720 Thread 0x0000021ffd1b8a70 Uncommon trap: trap_request=0xffffffc6 fr.pc=0x0000021fd329e800 relative=0x0000000000000260
Event: 60.720 Thread 0x0000021ffd1b8a70 Uncommon trap: reason=bimorphic_or_optimized_type_check action=maybe_recompile pc=0x0000021fd329e800 method=java.util.stream.StreamOpFlag.fromCharacteristics(Ljava/util/Spliterator;)I @ 14 c2
Event: 60.720 Thread 0x0000021ffd1b8a70 DEOPT PACKING pc=0x0000021fd329e800 sp=0x00000082897f3ea0
Event: 60.720 Thread 0x0000021ffd1b8a70 DEOPT UNPACKING pc=0x0000021fd2b123a3 sp=0x00000082897f3d88 mode 2
Event: 60.872 Thread 0x0000021ffd1b8a70 Uncommon trap: trap_request=0xffffff45 fr.pc=0x0000021fd30a0e00 relative=0x0000000000000440
Event: 60.872 Thread 0x0000021ffd1b8a70 Uncommon trap: reason=unstable_if action=reinterpret pc=0x0000021fd30a0e00 method=java.util.StringJoiner.add(Ljava/lang/CharSequence;)Ljava/util/StringJoiner; @ 33 c2
Event: 60.873 Thread 0x0000021ffd1b8a70 DEOPT PACKING pc=0x0000021fd30a0e00 sp=0x00000082897f3700
Event: 60.873 Thread 0x0000021ffd1b8a70 DEOPT UNPACKING pc=0x0000021fd2b123a3 sp=0x00000082897f36b0 mode 2
Event: 61.041 Thread 0x0000021ffd1b8a70 Uncommon trap: trap_request=0xfffffff4 fr.pc=0x0000021fd351984c relative=0x000000000000094c
Event: 61.041 Thread 0x0000021ffd1b8a70 Uncommon trap: reason=null_check action=make_not_entrant pc=0x0000021fd351984c method=com.sun.beans.introspect.MethodInfo$MethodOrder.compare(Ljava/lang/reflect/Method;Ljava/lang/reflect/Method;)I @ 133 c2
Event: 61.041 Thread 0x0000021ffd1b8a70 DEOPT PACKING pc=0x0000021fd351984c sp=0x00000082897f13c0
Event: 61.041 Thread 0x0000021ffd1b8a70 DEOPT UNPACKING pc=0x0000021fd2b123a3 sp=0x00000082897f1360 mode 2
Event: 61.129 Thread 0x0000021ffd1b8a70 Uncommon trap: trap_request=0xfffffff4 fr.pc=0x0000021fd351ce68 relative=0x0000000000000a68
Event: 61.129 Thread 0x0000021ffd1b8a70 Uncommon trap: reason=null_check action=make_not_entrant pc=0x0000021fd351ce68 method=com.sun.beans.introspect.MethodInfo$MethodOrder.compare(Ljava/lang/reflect/Method;Ljava/lang/reflect/Method;)I @ 145 c2
Event: 61.129 Thread 0x0000021ffd1b8a70 DEOPT PACKING pc=0x0000021fd351ce68 sp=0x00000082897effb0
Event: 61.129 Thread 0x0000021ffd1b8a70 DEOPT UNPACKING pc=0x0000021fd2b123a3 sp=0x00000082897eff50 mode 2
Event: 61.226 Thread 0x0000021ffd1b8a70 Uncommon trap: trap_request=0xffffff45 fr.pc=0x0000021fd3287900 relative=0x0000000000001100
Event: 61.226 Thread 0x0000021ffd1b8a70 Uncommon trap: reason=unstable_if action=reinterpret pc=0x0000021fd3287900 method=org.codehaus.groovy.runtime.metaclass.MetaMethodIndex.isOverridden(Lgroovy/lang/MetaMethod;Lgroovy/lang/MetaMethod;)Z @ 52 c2
Event: 61.226 Thread 0x0000021ffd1b8a70 DEOPT PACKING pc=0x0000021fd3287900 sp=0x00000082897f0cc0
Event: 61.226 Thread 0x0000021ffd1b8a70 DEOPT UNPACKING pc=0x0000021fd2b123a3 sp=0x00000082897f0c18 mode 2

Classes unloaded (0 events):
No events

Classes redefined (0 events):
No events

Internal exceptions (20 events):
Event: 61.260 Thread 0x0000021ffd1b8a70 Exception <a 'java/lang/ClassNotFoundException'{0x000000008d9aaf78}: build_ce4hciyunbl0lds1fo2z95a1e$_run_closure2$_closure6BeanInfo> (0x000000008d9aaf78) 
thrown [s\open\src\hotspot\share\classfile\systemDictionary.cpp, line 256]
Event: 61.261 Thread 0x0000021ffd1b8a70 Exception <a 'java/lang/ClassNotFoundException'{0x000000008d9b8ce0}: build_ce4hciyunbl0lds1fo2z95a1e$_run_closure2$_closure6Customizer> (0x000000008d9b8ce0) 
thrown [s\open\src\hotspot\share\classfile\systemDictionary.cpp, line 256]
Event: 81.986 Thread 0x0000021ffd1b8a70 Exception <a 'java/lang/ClassNotFoundException'{0x000000008d681070}: org/gradle/api/DefaultTask_DecoratedBeanInfo> (0x000000008d681070) 
thrown [s\open\src\hotspot\share\classfile\systemDictionary.cpp, line 256]
Event: 81.991 Thread 0x0000021ffd1b8a70 Exception <a 'java/lang/ClassNotFoundException'{0x000000008d69cb60}: org/gradle/api/DefaultTaskBeanInfo> (0x000000008d69cb60) 
thrown [s\open\src\hotspot\share\classfile\systemDictionary.cpp, line 256]
Event: 81.996 Thread 0x0000021ffd1b8a70 Exception <a 'java/lang/ClassNotFoundException'{0x000000008d6b8a90}: org/gradle/api/internal/AbstractTaskBeanInfo> (0x000000008d6b8a90) 
thrown [s\open\src\hotspot\share\classfile\systemDictionary.cpp, line 256]
Event: 82.000 Thread 0x0000021ffd1b8a70 Exception <a 'java/lang/ClassNotFoundException'{0x000000008d6d49d0}: org/gradle/api/internal/AbstractTaskCustomizer> (0x000000008d6d49d0) 
thrown [s\open\src\hotspot\share\classfile\systemDictionary.cpp, line 256]
Event: 82.025 Thread 0x0000021ffd1b8a70 Exception <a 'java/lang/ClassNotFoundException'{0x000000008d542310}: org/gradle/api/DefaultTaskCustomizer> (0x000000008d542310) 
thrown [s\open\src\hotspot\share\classfile\systemDictionary.cpp, line 256]
Event: 82.038 Thread 0x0000021ffd1b8a70 Exception <a 'java/lang/ClassNotFoundException'{0x000000008d5ba9e8}: org/gradle/api/DefaultTask_DecoratedCustomizer> (0x000000008d5ba9e8) 
thrown [s\open\src\hotspot\share\classfile\systemDictionary.cpp, line 256]
Event: 82.143 Thread 0x0000021ffd1b8a70 Exception <a 'java/lang/ClassNotFoundException'{0x000000008d43c5c0}: java/util/regex/MatcherBeanInfo> (0x000000008d43c5c0) 
thrown [s\open\src\hotspot\share\classfile\systemDictionary.cpp, line 256]
Event: 82.148 Thread 0x0000021ffd1b8a70 Exception <a 'java/lang/ClassNotFoundException'{0x000000008d446648}: java/util/regex/MatcherCustomizer> (0x000000008d446648) 
thrown [s\open\src\hotspot\share\classfile\systemDictionary.cpp, line 256]
Event: 82.298 Thread 0x0000021ffd1b8a70 Exception <a 'java/lang/ClassNotFoundException'{0x000000008d4fc778}: com/android/build/gradle/internal/api/DefaultAndroidSourceSet_DecoratedBeanInfo> (0x000000008d4fc778) 
thrown [s\open\src\hotspot\share\classfile\systemDictionary.cpp, line 256]
Event: 82.305 Thread 0x0000021ffd1b8a70 Exception <a 'java/lang/ClassNotFoundException'{0x000000008d30f090}: com/android/build/gradle/internal/api/DefaultAndroidSourceSetBeanInfo> (0x000000008d30f090) 
thrown [s\open\src\hotspot\share\classfile\systemDictionary.cpp, line 256]
Event: 82.311 Thread 0x0000021ffd1b8a70 Exception <a 'java/lang/ClassNotFoundException'{0x000000008d321500}: com/android/build/gradle/internal/api/DefaultAndroidSourceSetCustomizer> (0x000000008d321500) 
thrown [s\open\src\hotspot\share\classfile\systemDictionary.cpp, line 256]
Event: 82.332 Thread 0x0000021ffd1b8a70 Exception <a 'java/lang/ClassNotFoundException'{0x000000008d38e500}: com/android/build/gradle/internal/api/DefaultAndroidSourceSet_DecoratedCustomizer> (0x000000008d38e500) 
thrown [s\open\src\hotspot\share\classfile\systemDictionary.cpp, line 256]
Event: 82.453 Thread 0x0000021ffd1b8a70 Exception <a 'java/lang/ClassNotFoundException'{0x000000008d237e50}: com/android/build/gradle/internal/api/DefaultAndroidSourceDirectorySetBeanInfo> (0x000000008d237e50) 
thrown [s\open\src\hotspot\share\classfile\systemDictionary.cpp, line 256]
Event: 82.459 Thread 0x0000021ffd1b8a70 Exception <a 'java/lang/ClassNotFoundException'{0x000000008d24b668}: com/android/build/gradle/internal/api/DefaultAndroidSourceDirectorySetCustomizer> (0x000000008d24b668) 
thrown [s\open\src\hotspot\share\classfile\systemDictionary.cpp, line 256]
Event: 82.615 Thread 0x0000021ffd1b8a70 Exception <a 'java/lang/ClassNotFoundException'{0x000000008d16f448}: com/google/common/collect/SingletonImmutableSetBeanInfo> (0x000000008d16f448) 
thrown [s\open\src\hotspot\share\classfile\systemDictionary.cpp, line 256]
Event: 82.624 Thread 0x0000021ffd1b8a70 Exception <a 'java/lang/ClassNotFoundException'{0x000000008d1829f8}: com/google/common/collect/ImmutableSetBeanInfo> (0x000000008d1829f8) 
thrown [s\open\src\hotspot\share\classfile\systemDictionary.cpp, line 256]
Event: 82.634 Thread 0x0000021ffd1b8a70 Exception <a 'java/lang/ClassNotFoundException'{0x000000008d195dd8}: com/google/common/collect/ImmutableCollectionBeanInfo> (0x000000008d195dd8) 
thrown [s\open\src\hotspot\share\classfile\systemDictionary.cpp, line 256]
Event: 82.639 Thread 0x0000021ffd1b8a70 Exception <a 'java/lang/ClassNotFoundException'{0x000000008d1a9228}: com/google/common/collect/ImmutableCollectionCustomizer> (0x000000008d1a9228) 
thrown [s\open\src\hotspot\share\classfile\systemDictionary.cpp, line 256]

VM Operations (20 events):
Event: 57.465 Executing VM operation: HandshakeAllThreads
Event: 57.465 Executing VM operation: HandshakeAllThreads done
Event: 57.599 Executing VM operation: HandshakeAllThreads
Event: 57.599 Executing VM operation: HandshakeAllThreads done
Event: 58.614 Executing VM operation: Cleanup
Event: 58.614 Executing VM operation: Cleanup done
Event: 59.629 Executing VM operation: Cleanup
Event: 59.629 Executing VM operation: Cleanup done
Event: 60.633 Executing VM operation: Cleanup
Event: 60.634 Executing VM operation: Cleanup done
Event: 60.933 Executing VM operation: G1CollectForAllocation
Event: 60.956 Executing VM operation: G1CollectForAllocation done
Event: 61.957 Executing VM operation: Cleanup
Event: 61.957 Executing VM operation: Cleanup done
Event: 62.971 Executing VM operation: Cleanup
Event: 62.980 Executing VM operation: Cleanup done
Event: 68.032 Executing VM operation: Cleanup
Event: 68.034 Executing VM operation: Cleanup done
Event: 82.203 Executing VM operation: Cleanup
Event: 82.204 Executing VM operation: Cleanup done

Events (20 events):
Event: 59.036 loading class java/security/KeyStore$1
Event: 59.036 loading class java/security/KeyStore$1 done
Event: 59.433 loading class javax/xml/stream/XMLStreamException
Event: 59.434 loading class javax/xml/stream/XMLStreamException done
Event: 59.492 loading class sun/reflect/annotation/AnnotationInvocationHandler$1
Event: 59.493 loading class sun/reflect/annotation/AnnotationInvocationHandler$1 done
Event: 60.715 loading class java/util/regex/Pattern$Pos
Event: 60.716 loading class java/util/regex/Pattern$Pos done
Event: 61.048 loading class java/beans/IntrospectionException
Event: 61.049 loading class java/beans/IntrospectionException done
Event: 82.010 Thread 0x0000021f8477df20 Thread added: 0x0000021f8477df20
Event: 82.038 Thread 0x0000021f85bc44a0 Thread added: 0x0000021f85bc44a0
Event: 82.138 loading class java/util/regex/MatcherBeanInfo
Event: 82.142 loading class java/util/regex/MatcherBeanInfo done
Event: 82.143 loading class java/util/regex/MatcherBeanInfo
Event: 82.143 loading class java/util/regex/MatcherBeanInfo done
Event: 82.144 loading class java/util/regex/MatcherCustomizer
Event: 82.146 loading class java/util/regex/MatcherCustomizer done
Event: 82.147 loading class java/util/regex/MatcherCustomizer
Event: 82.147 loading class java/util/regex/MatcherCustomizer done


Dynamic libraries:
0x00007ff73d330000 - 0x00007ff73d340000 	C:\Program Files\Java\jdk-17\bin\java.exe
0x00007ffc99a70000 - 0x00007ffc99c87000 	C:\Windows\SYSTEM32\ntdll.dll
0x00007ffc97c90000 - 0x00007ffc97d54000 	C:\Windows\System32\KERNEL32.DLL
0x00007ffc96ff0000 - 0x00007ffc97396000 	C:\Windows\System32\KERNELBASE.dll
0x00007ffc973a0000 - 0x00007ffc974b1000 	C:\Windows\System32\ucrtbase.dll
0x00007ffc8b730000 - 0x00007ffc8b74b000 	C:\Program Files\Java\jdk-17\bin\VCRUNTIME140.dll
0x00007ffc8de20000 - 0x00007ffc8de39000 	C:\Program Files\Java\jdk-17\bin\jli.dll
0x00007ffc977c0000 - 0x00007ffc97873000 	C:\Windows\System32\ADVAPI32.dll
0x00007ffc98ee0000 - 0x00007ffc98f87000 	C:\Windows\System32\msvcrt.dll
0x00007ffc97d60000 - 0x00007ffc97e08000 	C:\Windows\System32\sechost.dll
0x00007ffc96de0000 - 0x00007ffc96e08000 	C:\Windows\System32\bcrypt.dll
0x00007ffc98570000 - 0x00007ffc98687000 	C:\Windows\System32\RPCRT4.dll
0x00007ffc98f90000 - 0x00007ffc9913e000 	C:\Windows\System32\USER32.dll
0x00007ffc96db0000 - 0x00007ffc96dd6000 	C:\Windows\System32\win32u.dll
0x00007ffc99140000 - 0x00007ffc99169000 	C:\Windows\System32\GDI32.dll
0x00007ffc97580000 - 0x00007ffc97698000 	C:\Windows\System32\gdi32full.dll
0x00007ffc89680000 - 0x00007ffc89913000 	C:\Windows\WinSxS\amd64_microsoft.windows.common-controls_6595b64144ccf1df_6.0.22621.2506_none_270c5ae97388e100\COMCTL32.dll
0x00007ffc97720000 - 0x00007ffc977ba000 	C:\Windows\System32\msvcp_win.dll
0x00007ffc8df70000 - 0x00007ffc8df7a000 	C:\Windows\SYSTEM32\VERSION.dll
0x00007ffc98520000 - 0x00007ffc98551000 	C:\Windows\System32\IMM32.DLL
0x00007ffc8a710000 - 0x00007ffc8a71c000 	C:\Program Files\Java\jdk-17\bin\vcruntime140_1.dll
0x00007ffc5f520000 - 0x00007ffc5f5ae000 	C:\Program Files\Java\jdk-17\bin\msvcp140.dll
0x00007ffc474f0000 - 0x00007ffc480d1000 	C:\Program Files\Java\jdk-17\bin\server\jvm.dll
0x00007ffc98560000 - 0x00007ffc98568000 	C:\Windows\System32\PSAPI.DLL
0x00007ffc92690000 - 0x00007ffc92699000 	C:\Windows\SYSTEM32\WSOCK32.dll
0x00007ffc92570000 - 0x00007ffc925a4000 	C:\Windows\SYSTEM32\WINMM.dll
0x00007ffc98690000 - 0x00007ffc98701000 	C:\Windows\System32\WS2_32.dll
0x00007ffc95df0000 - 0x00007ffc95e08000 	C:\Windows\SYSTEM32\kernel.appcore.dll
0x00007ffc796d0000 - 0x00007ffc796da000 	C:\Program Files\Java\jdk-17\bin\jimage.dll
0x00007ffc947a0000 - 0x00007ffc949d3000 	C:\Windows\SYSTEM32\DBGHELP.DLL
0x00007ffc97ff0000 - 0x00007ffc98379000 	C:\Windows\System32\combase.dll
0x00007ffc97ba0000 - 0x00007ffc97c77000 	C:\Windows\System32\OLEAUT32.dll
0x00007ffc8f050000 - 0x00007ffc8f082000 	C:\Windows\SYSTEM32\dbgcore.DLL
0x00007ffc976a0000 - 0x00007ffc9771a000 	C:\Windows\System32\bcryptPrimitives.dll
0x00007ffc7a760000 - 0x00007ffc7a76e000 	C:\Program Files\Java\jdk-17\bin\instrument.dll
0x00007ffc77200000 - 0x00007ffc77225000 	C:\Program Files\Java\jdk-17\bin\java.dll
0x00007ffc48590000 - 0x00007ffc48667000 	C:\Program Files\Java\jdk-17\bin\jsvml.dll
0x00007ffc99180000 - 0x00007ffc999db000 	C:\Windows\System32\SHELL32.dll
0x00007ffc94d10000 - 0x00007ffc95606000 	C:\Windows\SYSTEM32\windows.storage.dll
0x00007ffc94bd0000 - 0x00007ffc94d0e000 	C:\Windows\SYSTEM32\wintypes.dll
0x00007ffc98710000 - 0x00007ffc98803000 	C:\Windows\System32\SHCORE.dll
0x00007ffc97e10000 - 0x00007ffc97e6e000 	C:\Windows\System32\shlwapi.dll
0x00007ffc96ce0000 - 0x00007ffc96d06000 	C:\Windows\SYSTEM32\profapi.dll
0x00007ffc6b0c0000 - 0x00007ffc6b0d8000 	C:\Program Files\Java\jdk-17\bin\zip.dll
0x00007ffc6e670000 - 0x00007ffc6e689000 	C:\Program Files\Java\jdk-17\bin\net.dll
0x00007ffc93290000 - 0x00007ffc933c7000 	C:\Windows\SYSTEM32\WINHTTP.dll
0x00007ffc96270000 - 0x00007ffc962d9000 	C:\Windows\system32\mswsock.dll
0x00007ffc6e650000 - 0x00007ffc6e666000 	C:\Program Files\Java\jdk-17\bin\nio.dll
0x00007ffc8fa90000 - 0x00007ffc8faa0000 	C:\Program Files\Java\jdk-17\bin\verify.dll
0x00007ffc795b0000 - 0x00007ffc795d7000 	C:\Users\vanth\.gradle\native\68d5fa5c4cc2d200863cafc0d521ce42e7d3e7ee720ec0a83991735586a16f82\windows-amd64\native-platform.dll
0x00007ffc62f20000 - 0x00007ffc63064000 	C:\Users\vanth\.gradle\native\e376f236ea51e6404a007f0833ffe2c6e607c4080706a723a18a27aeea778392\windows-amd64\native-platform-file-events.dll
0x00007ffc77340000 - 0x00007ffc7734a000 	C:\Program Files\Java\jdk-17\bin\management.dll
0x00007ffc77090000 - 0x00007ffc7709b000 	C:\Program Files\Java\jdk-17\bin\management_ext.dll
0x00007ffc96530000 - 0x00007ffc9654b000 	C:\Windows\SYSTEM32\CRYPTSP.dll
0x00007ffc95d50000 - 0x00007ffc95d85000 	C:\Windows\system32\rsaenh.dll
0x00007ffc963d0000 - 0x00007ffc963fc000 	C:\Windows\SYSTEM32\USERENV.dll
0x00007ffc96550000 - 0x00007ffc9655c000 	C:\Windows\SYSTEM32\CRYPTBASE.dll
0x00007ffc95860000 - 0x00007ffc9588d000 	C:\Windows\SYSTEM32\IPHLPAPI.DLL
0x00007ffc98ed0000 - 0x00007ffc98ed9000 	C:\Windows\System32\NSI.dll
0x00007ffc92cb0000 - 0x00007ffc92cc9000 	C:\Windows\SYSTEM32\dhcpcsvc6.DLL
0x00007ffc92c10000 - 0x00007ffc92c2f000 	C:\Windows\SYSTEM32\dhcpcsvc.DLL
0x00007ffc95890000 - 0x00007ffc95989000 	C:\Windows\SYSTEM32\DNSAPI.dll
0x00007ffc73a80000 - 0x00007ffc73a8e000 	C:\Program Files\Java\jdk-17\bin\sunmscapi.dll
0x00007ffc96e80000 - 0x00007ffc96fe6000 	C:\Windows\System32\CRYPT32.dll
0x00007ffc966d0000 - 0x00007ffc966fe000 	C:\Windows\SYSTEM32\ncrypt.dll
0x00007ffc96690000 - 0x00007ffc966c7000 	C:\Windows\SYSTEM32\NTASN1.dll
0x00007ffc74c30000 - 0x00007ffc74c38000 	C:\Windows\system32\wshunix.dll
0x00007ffc73a50000 - 0x00007ffc73a67000 	C:\Windows\system32\napinsp.dll
0x00007ffc70850000 - 0x00007ffc7086b000 	C:\Windows\system32\pnrpnsp.dll
0x00007ffc70830000 - 0x00007ffc70841000 	C:\Windows\System32\winrnr.dll
0x00007ffc70810000 - 0x00007ffc70825000 	C:\Windows\system32\wshbth.dll
0x00007ffc707e0000 - 0x00007ffc70801000 	C:\Windows\system32\nlansp_c.dll
0x00007ffc91da0000 - 0x00007ffc91daa000 	C:\Windows\System32\rasadhlp.dll
0x00007ffc91890000 - 0x00007ffc91913000 	C:\Windows\System32\fwpuclnt.dll

dbghelp: loaded successfully - version: 4.0.5 - missing functions: none
symbol engine: initialized successfully - sym options: 0x614 - pdb path: .;C:\Program Files\Java\jdk-17\bin;C:\Windows\SYSTEM32;C:\Windows\WinSxS\amd64_microsoft.windows.common-controls_6595b64144ccf1df_6.0.22621.2506_none_270c5ae97388e100;C:\Program Files\Java\jdk-17\bin\server;C:\Users\vanth\.gradle\native\68d5fa5c4cc2d200863cafc0d521ce42e7d3e7ee720ec0a83991735586a16f82\windows-amd64;C:\Users\vanth\.gradle\native\e376f236ea51e6404a007f0833ffe2c6e607c4080706a723a18a27aeea778392\windows-amd64

VM Arguments:
jvm_args: -XX:MaxMetaspaceSize=512m --add-opens=java.base/java.util=ALL-UNNAMED --add-opens=java.base/java.lang=ALL-UNNAMED --add-opens=java.base/java.lang.invoke=ALL-UNNAMED --add-opens=java.prefs/java.util.prefs=ALL-UNNAMED --add-opens=java.base/java.nio.charset=ALL-UNNAMED --add-opens=java.base/java.net=ALL-UNNAMED --add-opens=java.base/java.util.concurrent.atomic=ALL-UNNAMED -Xmx2048m -Dfile.encoding=windows-1252 -Duser.country=US -Duser.language=en -Duser.variant -javaagent:C:\Users\vanth\.gradle\wrapper\dists\gradle-8.3-all\6en3ugtfdg5xnpx44z4qbwgas\gradle-8.3\lib\agents\gradle-instrumentation-agent-8.3.jar 
java_command: org.gradle.launcher.daemon.bootstrap.GradleDaemon 8.3
java_class_path (initial): C:\Users\vanth\.gradle\wrapper\dists\gradle-8.3-all\6en3ugtfdg5xnpx44z4qbwgas\gradle-8.3\lib\gradle-launcher-8.3.jar
Launcher Type: SUN_STANDARD

[Global flags]
     intx CICompilerCount                          = 4                                         {product} {ergonomic}
   size_t CompressedClassSpaceSize                 = 436207616                                 {product} {ergonomic}
     uint ConcGCThreads                            = 2                                         {product} {ergonomic}
     uint G1ConcRefinementThreads                  = 8                                         {product} {ergonomic}
   size_t G1HeapRegionSize                         = 1048576                                   {product} {ergonomic}
    uintx GCDrainStackTargetSize                   = 64                                        {product} {ergonomic}
   size_t InitialHeapSize                          = 96468992                                  {product} {ergonomic}
   size_t MarkStackSize                            = 4194304                                   {product} {ergonomic}
   size_t MaxHeapSize                              = 2147483648                                {product} {command line}
   size_t MaxMetaspaceSize                         = 536870912                                 {product} {command line}
   size_t MaxNewSize                               = 1287651328                                {product} {ergonomic}
   size_t MinHeapDeltaBytes                        = 1048576                                   {product} {ergonomic}
   size_t MinHeapSize                              = 8388608                                   {product} {ergonomic}
    uintx NonNMethodCodeHeapSize                   = 5839372                                {pd product} {ergonomic}
    uintx NonProfiledCodeHeapSize                  = 122909434                              {pd product} {ergonomic}
    uintx ProfiledCodeHeapSize                     = 122909434                              {pd product} {ergonomic}
    uintx ReservedCodeCacheSize                    = 251658240                              {pd product} {ergonomic}
     bool SegmentedCodeCache                       = true                                      {product} {ergonomic}
   size_t SoftMaxHeapSize                          = 2147483648                             {manageable} {ergonomic}
     bool UseCompressedClassPointers               = true                           {product lp64_product} {ergonomic}
     bool UseCompressedOops                        = true                           {product lp64_product} {ergonomic}
     bool UseG1GC                                  = true                                      {product} {ergonomic}
     bool UseLargePagesIndividualAllocation        = false                                  {pd product} {ergonomic}

Logging:
Log output configuration:
 #0: stdout all=warning uptime,level,tags
 #1: stderr all=off uptime,level,tags

Environment Variables:
JAVA_HOME=C:\Program Files\Java\jdk-17
CLASSPATH=C:\Users\vanth\FixAllNow\Mobile\android\\gradle\wrapper\gradle-wrapper.jar
PATH=C:\Users\vanth\FixAllNow\Mobile\node_modules\.bin;C:\Users\vanth\FixAllNow\Mobile\node_modules\.bin;C:\Users\vanth\FixAllNow\node_modules\.bin;C:\Users\vanth\node_modules\.bin;C:\Users\node_modules\.bin;C:\node_modules\.bin;C:\Users\vanth\AppData\Roaming\npm\node_modules\npm\node_modules\@npmcli\run-script\lib\node-gyp-bin;C:\Users\vanth\FixAllNow\Mobile\node_modules\.bin;C:\Users\vanth\FixAllNow\node_modules\.bin;C:\Users\vanth\node_modules\.bin;C:\Users\node_modules\.bin;C:\node_modules\.bin;C:\Users\vanth\AppData\Roaming\npm\node_modules\npm\node_modules\@npmcli\run-script\lib\node-gyp-bin;C:\Program Files\Common Files\Oracle\Java\javapath;C:\Program Files\Microsoft\jdk-11.0.16.101-hotspot\bin;C:\Windows\system32;C:\Windows;C:\Windows\System32\Wbem;C:\Windows\System32\WindowsPowerShell\v1.0\;C:\Windows\System32\OpenSSH\;C:\Program Files\Git\cmd;C:\xampp\php;C:\Program Files\Microsoft SQL Server\150\Tools\Binn\;C:\Program Files\Microsoft SQL Server\Client SDK\ODBC\170\Tools\Binn\;C:\Program Files\dotnet\;C:\ProgramData\ComposerSetup\bin;C:\Program Files (x86)\Microsoft SQL Server\150\Tools\Binn\;C:\Program Files\Microsoft SQL Server\150\DTS\Binn\;C:\Program Files\Azure Data Studio\bin;C:\Users\vanth\AppData\Roaming\nvm;C:\Program Files\nodejs;;C:\Program Files (x86)\Microsoft SQL Server\160\DTS\Binn\;C:\Program Files\Microsoft\jdk-11.0.16.101-hotspot\bin;C:\Windows\system32;C:\Windows;C:\Windows\System32\Wbem;C:\Windows\System32\WindowsPowerShell\v1.0\;C:\Windows\System32\OpenSSH\;C:\Program Files\Git\cmd;C:\xampp\php;C:\Program Files\Microsoft SQL Server\150\Tools\Binn\;C:\Program Files\Microsoft SQL Server\Client SDK\ODBC\170\Tools\Binn\;C:\Program Files\dotnet\;C:\ProgramData\ComposerSetup\bin;C:\Program Files (x86)\Microsoft SQL Server\150\Tools\Binn\;C:\Program Files\Microsoft SQL Server\150\DTS\Binn\;C:\Program Files\Azure Data Studio\bin;C:\Users\vanth\AppData\Roaming\nvm;C:\Program Files (x86)\Microsoft SQL Server\160\DTS\Binn\;C:\Users\vanth\AppData\Loc
USERNAME=HI
LANG=en_US.UTF-8
OS=Windows_NT
PROCESSOR_IDENTIFIER=AMD64 Family 23 Model 160 Stepping 0, AuthenticAMD



---------------  S Y S T E M  ---------------

OS:
 Windows 11 , 64 bit Build 22621 (10.0.22621.3085)
OS uptime: 0 days 12:23 hours

CPU: total 8 (initial active 8) (8 cores per cpu, 2 threads per core) family 23 model 160 stepping 0 microcode 0x0, cx8, cmov, fxsr, ht, mmx, 3dnowpref, sse, sse2, sse3, ssse3, sse4a, sse4.1, sse4.2, popcnt, lzcnt, tsc, tscinvbit, avx, avx2, aes, clmul, bmi1, bmi2, adx, sha, fma, vzeroupper, clflush, clflushopt

Memory: 4k page, system-wide physical 5877M (934M free)
TotalPageFile size 24309M (AvailPageFile size 90M)
current process WorkingSet (physical memory assigned to process): 137M, peak: 280M
current process commit charge ("private bytes"): 546M, peak: 548M

vm_info: Java HotSpot(TM) 64-Bit Server VM (17.0.9+11-LTS-201) for windows-amd64 JRE (17.0.9+11-LTS-201), built on Oct 10 2023 23:16:06 by "mach5one" with MS VC++ 17.1 (VS2022)

END.
