#
# There is insufficient memory for the Java Runtime Environment to continue.
# Native memory allocation (malloc) failed to allocate 963696 bytes for Chunk::new
# Possible reasons:
#   The system is out of physical RAM or swap space
#   The process is running with CompressedOops enabled, and the Java Heap may be blocking the growth of the native heap
# Possible solutions:
#   Reduce memory load on the system
#   Increase physical memory or swap space
#   Check if swap backing store is full
#   Decrease Java heap size (-Xmx/-Xms)
#   Decrease number of Java threads
#   Decrease Java thread stack sizes (-Xss)
#   Set larger code cache with -XX:ReservedCodeCacheSize=
#   JVM is running with Unscaled Compressed Oops mode in which the Java heap is
#     placed in the first 4GB address space. The Java Heap base address is the
#     maximum limit for the native heap growth. Please use -XX:HeapBaseMinAddress
#     to set the Java Heap base and to place the Java Heap above 4GB virtual address.
# This output file may be truncated or incomplete.
#
#  Out of Memory Error (arena.cpp:189), pid=5452, tid=20816
#
# JRE version: Java(TM) SE Runtime Environment (17.0.9+11) (build 17.0.9+11-LTS-201)
# Java VM: Java HotSpot(TM) 64-Bit Server VM (17.0.9+11-LTS-201, mixed mode, sharing, tiered, compressed oops, compressed class ptrs, g1 gc, windows-amd64)
# No core dump will be written. Minidumps are not enabled by default on client versions of Windows
#

---------------  S U M M A R Y ------------

Command Line: -XX:MaxMetaspaceSize=512m --add-opens=java.base/java.util=ALL-UNNAMED --add-opens=java.base/java.lang=ALL-UNNAMED --add-opens=java.base/java.lang.invoke=ALL-UNNAMED --add-opens=java.prefs/java.util.prefs=ALL-UNNAMED --add-opens=java.base/java.nio.charset=ALL-UNNAMED --add-opens=java.base/java.net=ALL-UNNAMED --add-opens=java.base/java.util.concurrent.atomic=ALL-UNNAMED -Xmx2048m -Dfile.encoding=windows-1252 -Duser.country=US -Duser.language=en -Duser.variant -javaagent:C:\Users\vanth\.gradle\wrapper\dists\gradle-8.3-all\6en3ugtfdg5xnpx44z4qbwgas\gradle-8.3\lib\agents\gradle-instrumentation-agent-8.3.jar org.gradle.launcher.daemon.bootstrap.GradleDaemon 8.3

Host: AMD Ryzen 5 7520U with Radeon Graphics         , 8 cores, 5G,  Windows 11 , 64 bit Build 22621 (10.0.22621.2506)
Time: Tue Jan 16 22:18:34 2024 SE Asia Standard Time elapsed time: 84.063343 seconds (0d 0h 1m 24s)

---------------  T H R E A D  ---------------

Current thread (0x00000220e2b5b380):  JavaThread "C2 CompilerThread0" daemon [_thread_in_native, id=20816, stack(0x00000092fa700000,0x00000092fa800000)]


Current CompileTask:
C2:  84063 12501       4       org.gradle.internal.operations.DefaultBuildOperationRunner::execute (23 bytes)

Stack: [0x00000092fa700000,0x00000092fa800000]
Native frames: (J=compiled Java code, j=interpreted, Vv=VM code, C=native code)
V  [jvm.dll+0x678a4a]
V  [jvm.dll+0x7d9cfd]
V  [jvm.dll+0x7db60e]
V  [jvm.dll+0x7dbc73]
V  [jvm.dll+0x245e1f]
V  [jvm.dll+0xaaafb]
V  [jvm.dll+0xab09c]
V  [jvm.dll+0x2ab7ef]
V  [jvm.dll+0x5812e5]
V  [jvm.dll+0x220c52]
V  [jvm.dll+0x219c3f]
V  [jvm.dll+0x217459]
V  [jvm.dll+0x1a3bc0]
V  [jvm.dll+0x2272de]
V  [jvm.dll+0x22548b]
V  [jvm.dll+0x78f58c]
V  [jvm.dll+0x78998a]
V  [jvm.dll+0x677875]
C  [ucrtbase.dll+0x29363]
C  [KERNEL32.DLL+0x1257d]
C  [ntdll.dll+0x5aa58]


---------------  P R O C E S S  ---------------

Threads class SMR info:
_java_thread_list=0x00000220870befe0, length=111, elements={
0x00000220c498a180, 0x00000220e2b3b320, 0x00000220e2b3c1a0, 0x00000220e2b4f960,
0x00000220e2b51530, 0x00000220e2b53f00, 0x00000220e2b56cd0, 0x00000220e2b5b380,
0x00000220e2b63e40, 0x00000220e2b79b50, 0x00000220e2b27ec0, 0x00000220fe178460,
0x00000220ff325bb0, 0x0000022084593390, 0x0000022084615fb0, 0x000002208435e290,
0x00000220ff3b06a0, 0x00000220ff575d00, 0x00000220ff577650, 0x00000220ff577b60,
0x00000220ff574dd0, 0x00000220ff578070, 0x00000220ff5752e0, 0x00000220ff576720,
0x00000220ff577140, 0x00000220ff5748c0, 0x00000220ff5757f0, 0x00000220ff576210,
0x00000220851104a0, 0x000002208510ff90, 0x0000022085110ec0, 0x0000022085115fc0,
0x0000022085115ab0, 0x0000022085113c50, 0x00000220851113d0, 0x0000022085114160,
0x000002208510f570, 0x00000220851109b0, 0x0000022085114670, 0x0000022085113740,
0x000002208510fa80, 0x00000220851118e0, 0x0000022085111df0, 0x0000022085112300,
0x0000022085115090, 0x0000022085112d20, 0x0000022085114b80, 0x00000220851164d0,
0x000002208510f060, 0x00000220851169e0, 0x00000220fe517f90, 0x00000220fe5193d0,
0x00000220fe51d090, 0x00000220fe517570, 0x00000220fe51a300, 0x00000220fe51cb80,
0x00000220fe5198e0, 0x00000220fe5184a0, 0x00000220fe51b740, 0x00000220fe51bc50,
0x00000220fe51c670, 0x00000220fe519df0, 0x00000220fe51d5a0, 0x00000220fe51c160,
0x00000220fe51a810, 0x00000220fe51dfc0, 0x00000220fe51e4d0, 0x00000220fe518ec0,
0x00000220fe51ad20, 0x00000220fe5189b0, 0x00000220fe517060, 0x00000220fe51e9e0,
0x00000220fe517a80, 0x00000220fe3b04a0, 0x00000220fe3b55a0, 0x00000220fe3b4160,
0x00000220fe3af570, 0x00000220fe3b0ec0, 0x00000220fe3b4b80, 0x00000220fe3b5ab0,
0x00000220fe3b2810, 0x00000220fe3b2d20, 0x00000220fe3b3230, 0x00000220fe3aff90,
0x00000220fe3b64d0, 0x00000220fe3b3740, 0x00000220fe3b3c50, 0x00000220fe3b09b0,
0x00000220fe3b4670, 0x00000220fe3b13d0, 0x00000220fe51b230, 0x00000220fe3b1df0,
0x000002208677c3d0, 0x000002208677cdf0, 0x000002208677c8e0, 0x000002208677a570,
0x000002208677bec0, 0x000002208677b4a0, 0x000002208677d810, 0x000002208677dd20,
0x000002208677aa80, 0x000002208677af90, 0x000002208753ee70, 0x00000220875411e0,
0x000002208753da30, 0x000002208753fda0, 0x00000220875402b0, 0x000002208753a280,
0x000002208753aca0, 0x000002208753f890, 0x0000022087540cd0
}

Java Threads: ( => current thread )
  0x00000220c498a180 JavaThread "main" [_thread_blocked, id=10132, stack(0x00000092f9a00000,0x00000092f9b00000)]
  0x00000220e2b3b320 JavaThread "Reference Handler" daemon [_thread_blocked, id=13976, stack(0x00000092fa100000,0x00000092fa200000)]
  0x00000220e2b3c1a0 JavaThread "Finalizer" daemon [_thread_blocked, id=9788, stack(0x00000092fa200000,0x00000092fa300000)]
  0x00000220e2b4f960 JavaThread "Signal Dispatcher" daemon [_thread_blocked, id=3748, stack(0x00000092fa300000,0x00000092fa400000)]
  0x00000220e2b51530 JavaThread "Attach Listener" daemon [_thread_blocked, id=14828, stack(0x00000092fa400000,0x00000092fa500000)]
  0x00000220e2b53f00 JavaThread "Service Thread" daemon [_thread_blocked, id=22604, stack(0x00000092fa500000,0x00000092fa600000)]
  0x00000220e2b56cd0 JavaThread "Monitor Deflation Thread" daemon [_thread_blocked, id=14736, stack(0x00000092fa600000,0x00000092fa700000)]
=>0x00000220e2b5b380 JavaThread "C2 CompilerThread0" daemon [_thread_in_native, id=20816, stack(0x00000092fa700000,0x00000092fa800000)]
  0x00000220e2b63e40 JavaThread "C1 CompilerThread0" daemon [_thread_blocked, id=19864, stack(0x00000092fa800000,0x00000092fa900000)]
  0x00000220e2b79b50 JavaThread "Sweeper thread" daemon [_thread_blocked, id=19000, stack(0x00000092fa900000,0x00000092faa00000)]
  0x00000220e2b27ec0 JavaThread "Common-Cleaner" daemon [_thread_blocked, id=8688, stack(0x00000092faa00000,0x00000092fab00000)]
  0x00000220fe178460 JavaThread "Notification Thread" daemon [_thread_blocked, id=10368, stack(0x00000092fab00000,0x00000092fac00000)]
  0x00000220ff325bb0 JavaThread "Daemon health stats" [_thread_blocked, id=13948, stack(0x00000092fb200000,0x00000092fb300000)]
  0x0000022084593390 JavaThread "Incoming local TCP Connector on port 56381" [_thread_in_native, id=13644, stack(0x00000092fad00000,0x00000092fae00000)]
  0x0000022084615fb0 JavaThread "Daemon periodic checks" [_thread_blocked, id=16284, stack(0x00000092fb300000,0x00000092fb400000)]
  0x000002208435e290 JavaThread "Daemon" [_thread_blocked, id=9632, stack(0x00000092fb400000,0x00000092fb500000)]
  0x00000220ff3b06a0 JavaThread "Handler for socket connection from /127.0.0.1:56381 to /127.0.0.1:56382" [_thread_in_native, id=17072, stack(0x00000092fb500000,0x00000092fb600000)]
  0x00000220ff575d00 JavaThread "Cancel handler" [_thread_blocked, id=17368, stack(0x00000092fb600000,0x00000092fb700000)]
  0x00000220ff577650 JavaThread "Daemon worker" [_thread_in_native, id=5228, stack(0x00000092fb700000,0x00000092fb800000)]
  0x00000220ff577b60 JavaThread "Asynchronous log dispatcher for DefaultDaemonConnection: socket connection from /127.0.0.1:56381 to /127.0.0.1:56382" [_thread_blocked, id=13436, stack(0x00000092fb800000,0x00000092fb900000)]
  0x00000220ff574dd0 JavaThread "Stdin handler" [_thread_blocked, id=18104, stack(0x00000092fb900000,0x00000092fba00000)]
  0x00000220ff578070 JavaThread "Daemon client event forwarder" [_thread_blocked, id=5700, stack(0x00000092fba00000,0x00000092fbb00000)]
  0x00000220ff5752e0 JavaThread "Cache worker for journal cache (C:\Users\vanth\.gradle\caches\journal-1)" [_thread_blocked, id=4044, stack(0x00000092fbe00000,0x00000092fbf00000)]
  0x00000220ff576720 JavaThread "File lock request listener" [_thread_in_native, id=14868, stack(0x00000092fbf00000,0x00000092fc000000)]
  0x00000220ff577140 JavaThread "Cache worker for file hash cache (C:\Users\vanth\.gradle\caches\8.3\fileHashes)" [_thread_blocked, id=15392, stack(0x00000092fc000000,0x00000092fc100000)]
  0x00000220ff5748c0 JavaThread "File watcher server" daemon [_thread_in_native, id=16068, stack(0x00000092fc100000,0x00000092fc200000)]
  0x00000220ff5757f0 JavaThread "File watcher consumer" daemon [_thread_blocked, id=3444, stack(0x00000092fc200000,0x00000092fc300000)]
  0x00000220ff576210 JavaThread "Cache worker for checksums cache (C:\Users\vanth\FixAllNow\Mobile\android\.gradle\8.3\checksums)" [_thread_blocked, id=1244, stack(0x00000092fc300000,0x00000092fc400000)]
  0x00000220851104a0 JavaThread "Cache worker for file hash cache (C:\Users\vanth\FixAllNow\Mobile\android\.gradle\8.3\fileHashes)" [_thread_blocked, id=12664, stack(0x00000092fc400000,0x00000092fc500000)]
  0x000002208510ff90 JavaThread "Cache worker for cache directory md-supplier (C:\Users\vanth\.gradle\caches\8.3\md-supplier)" [_thread_blocked, id=22664, stack(0x00000092fc500000,0x00000092fc600000)]
  0x0000022085110ec0 JavaThread "Cache worker for file content cache (C:\Users\vanth\.gradle\caches\8.3\fileContent)" [_thread_blocked, id=12460, stack(0x00000092fc600000,0x00000092fc700000)]
  0x0000022085115fc0 JavaThread "Cache worker for cache directory md-rule (C:\Users\vanth\.gradle\caches\8.3\md-rule)" [_thread_blocked, id=21024, stack(0x00000092fc800000,0x00000092fc900000)]
  0x0000022085115ab0 JavaThread "Cache worker for execution history cache (C:\Users\vanth\.gradle\caches\8.3\executionHistory)" [_thread_blocked, id=3152, stack(0x00000092fc900000,0x00000092fca00000)]
  0x0000022085113c50 JavaThread "jar transforms" [_thread_blocked, id=7316, stack(0x00000092fca00000,0x00000092fcb00000)]
  0x00000220851113d0 JavaThread "jar transforms Thread 2" [_thread_blocked, id=10868, stack(0x00000092fcb00000,0x00000092fcc00000)]
  0x0000022085114160 JavaThread "jar transforms Thread 3" [_thread_blocked, id=2012, stack(0x00000092fcc00000,0x00000092fcd00000)]
  0x000002208510f570 JavaThread "jar transforms Thread 4" [_thread_blocked, id=15144, stack(0x00000092fcd00000,0x00000092fce00000)]
  0x00000220851109b0 JavaThread "Cache worker for kotlin-dsl (C:\Users\vanth\.gradle\caches\8.3\kotlin-dsl)" [_thread_blocked, id=21076, stack(0x00000092fd000000,0x00000092fd100000)]
  0x0000022085114670 JavaThread "jar transforms Thread 5" [_thread_blocked, id=14620, stack(0x00000092fd100000,0x00000092fd200000)]
  0x0000022085113740 JavaThread "jar transforms Thread 6" [_thread_blocked, id=11892, stack(0x00000092fd200000,0x00000092fd300000)]
  0x000002208510fa80 JavaThread "Unconstrained build operations" [_thread_blocked, id=4720, stack(0x00000092fd300000,0x00000092fd400000)]
  0x00000220851118e0 JavaThread "Unconstrained build operations Thread 2" [_thread_blocked, id=13128, stack(0x00000092fd400000,0x00000092fd500000)]
  0x0000022085111df0 JavaThread "jar transforms Thread 7" [_thread_blocked, id=14076, stack(0x00000092fd500000,0x00000092fd600000)]
  0x0000022085112300 JavaThread "jar transforms Thread 8" [_thread_blocked, id=8992, stack(0x00000092fd600000,0x00000092fd700000)]
  0x0000022085115090 JavaThread "Cache worker for dependencies-accessors (C:\Users\vanth\FixAllNow\Mobile\android\.gradle\8.3\dependencies-accessors)" [_thread_blocked, id=22540, stack(0x00000092fd700000,0x00000092fd800000)]
  0x0000022085112d20 JavaThread "Cache worker for Build Output Cleanup Cache (C:\Users\vanth\FixAllNow\Mobile\node_modules\@react-native\gradle-plugin\.gradle\buildOutputCleanup)" [_thread_blocked, id=6536, stack(0x00000092fd800000,0x00000092fd900000)]
  0x0000022085114b80 JavaThread "Unconstrained build operations Thread 3" [_thread_blocked, id=4240, stack(0x00000092fd900000,0x00000092fda00000)]
  0x00000220851164d0 JavaThread "Unconstrained build operations Thread 4" [_thread_blocked, id=11340, stack(0x00000092fda00000,0x00000092fdb00000)]
  0x000002208510f060 JavaThread "Unconstrained build operations Thread 5" [_thread_blocked, id=3720, stack(0x00000092fdb00000,0x00000092fdc00000)]
  0x00000220851169e0 JavaThread "Unconstrained build operations Thread 6" [_thread_blocked, id=2008, stack(0x00000092fdc00000,0x00000092fdd00000)]
  0x00000220fe517f90 JavaThread "Unconstrained build operations Thread 7" [_thread_blocked, id=17084, stack(0x00000092fdd00000,0x00000092fde00000)]
  0x00000220fe5193d0 JavaThread "Unconstrained build operations Thread 8" [_thread_blocked, id=14248, stack(0x00000092fde00000,0x00000092fdf00000)]
  0x00000220fe51d090 JavaThread "Unconstrained build operations Thread 9" [_thread_blocked, id=6180, stack(0x00000092fdf00000,0x00000092fe000000)]
  0x00000220fe517570 JavaThread "Memory manager" [_thread_blocked, id=6520, stack(0x00000092fe000000,0x00000092fe100000)]
  0x00000220fe51a300 JavaThread "Cache worker for Build Output Cleanup Cache (C:\Users\vanth\FixAllNow\Mobile\android\.gradle\buildOutputCleanup)" [_thread_blocked, id=20808, stack(0x00000092fe100000,0x00000092fe200000)]
  0x00000220fe51cb80 JavaThread "ForkJoinPool.commonPool-worker-1" daemon [_thread_blocked, id=16196, stack(0x00000092fe200000,0x00000092fe300000)]
  0x00000220fe5198e0 JavaThread "ForkJoinPool.commonPool-worker-2" daemon [_thread_blocked, id=16416, stack(0x00000092fe300000,0x00000092fe400000)]
  0x00000220fe5184a0 JavaThread "ForkJoinPool.commonPool-worker-3" daemon [_thread_blocked, id=22652, stack(0x00000092fe400000,0x00000092fe500000)]
  0x00000220fe51b740 JavaThread "ForkJoinPool.commonPool-worker-4" daemon [_thread_blocked, id=328, stack(0x00000092fe500000,0x00000092fe600000)]
  0x00000220fe51bc50 JavaThread "ForkJoinPool.commonPool-worker-5" daemon [_thread_blocked, id=18948, stack(0x00000092fe600000,0x00000092fe700000)]
  0x00000220fe51c670 JavaThread "ForkJoinPool.commonPool-worker-6" daemon [_thread_blocked, id=10516, stack(0x00000092fe700000,0x00000092fe800000)]
  0x00000220fe519df0 JavaThread "ForkJoinPool.commonPool-worker-7" daemon [_thread_blocked, id=14696, stack(0x00000092fe800000,0x00000092fe900000)]
  0x00000220fe51d5a0 JavaThread "Exec process" [_thread_blocked, id=19020, stack(0x00000092fe900000,0x00000092fea00000)]
  0x00000220fe51c160 JavaThread "Exec process Thread 2" [_thread_blocked, id=14124, stack(0x00000092fea00000,0x00000092feb00000)]
  0x00000220fe51a810 JavaThread "Exec process Thread 3" [_thread_blocked, id=22400, stack(0x00000092feb00000,0x00000092fec00000)]
  0x00000220fe51dfc0 JavaThread "included builds" [_thread_blocked, id=17908, stack(0x00000092fec00000,0x00000092fed00000)]
  0x00000220fe51e4d0 JavaThread "Execution worker" [_thread_blocked, id=19608, stack(0x00000092fed00000,0x00000092fee00000)]
  0x00000220fe518ec0 JavaThread "Execution worker Thread 2" [_thread_blocked, id=11636, stack(0x00000092fee00000,0x00000092fef00000)]
  0x00000220fe51ad20 JavaThread "Execution worker Thread 3" [_thread_blocked, id=20336, stack(0x00000092fef00000,0x00000092ff000000)]
  0x00000220fe5189b0 JavaThread "Execution worker Thread 4" [_thread_blocked, id=11840, stack(0x00000092ff000000,0x00000092ff100000)]
  0x00000220fe517060 JavaThread "Execution worker Thread 5" [_thread_blocked, id=7896, stack(0x00000092ff100000,0x00000092ff200000)]
  0x00000220fe51e9e0 JavaThread "Execution worker Thread 6" [_thread_blocked, id=6288, stack(0x00000092ff200000,0x00000092ff300000)]
  0x00000220fe517a80 JavaThread "Execution worker Thread 7" [_thread_blocked, id=21224, stack(0x00000092ff300000,0x00000092ff400000)]
  0x00000220fe3b04a0 JavaThread "Cache worker for execution history cache (C:\Users\vanth\FixAllNow\Mobile\node_modules\@react-native\gradle-plugin\.gradle\8.3\executionHistory)" [_thread_blocked, id=1592, stack(0x00000092ff400000,0x00000092ff500000)]
  0x00000220fe3b55a0 JavaThread "Unconstrained build operations Thread 10" [_thread_blocked, id=8860, stack(0x00000092ff500000,0x00000092ff600000)]
  0x00000220fe3b4160 JavaThread "Unconstrained build operations Thread 11" [_thread_blocked, id=20764, stack(0x00000092ff600000,0x00000092ff700000)]
  0x00000220fe3af570 JavaThread "Unconstrained build operations Thread 12" [_thread_blocked, id=17200, stack(0x00000092ff700000,0x00000092ff800000)]
  0x00000220fe3b0ec0 JavaThread "Unconstrained build operations Thread 13" [_thread_blocked, id=9816, stack(0x00000092ff800000,0x00000092ff900000)]
  0x00000220fe3b4b80 JavaThread "Unconstrained build operations Thread 14" [_thread_blocked, id=2300, stack(0x00000092ff900000,0x00000092ffa00000)]
  0x00000220fe3b5ab0 JavaThread "Unconstrained build operations Thread 15" [_thread_blocked, id=11384, stack(0x00000092ffa00000,0x00000092ffb00000)]
  0x00000220fe3b2810 JavaThread "Unconstrained build operations Thread 16" [_thread_blocked, id=6000, stack(0x00000092ffb00000,0x00000092ffc00000)]
  0x00000220fe3b2d20 JavaThread "Unconstrained build operations Thread 17" [_thread_blocked, id=12148, stack(0x00000092ffc00000,0x00000092ffd00000)]
  0x00000220fe3b3230 JavaThread "Unconstrained build operations Thread 18" [_thread_blocked, id=22228, stack(0x00000092ffd00000,0x00000092ffe00000)]
  0x00000220fe3aff90 JavaThread "Unconstrained build operations Thread 19" [_thread_blocked, id=6796, stack(0x00000092ffe00000,0x00000092fff00000)]
  0x00000220fe3b64d0 JavaThread "Unconstrained build operations Thread 20" [_thread_blocked, id=12496, stack(0x00000092fff00000,0x0000009300000000)]
  0x00000220fe3b3740 JavaThread "Unconstrained build operations Thread 21" [_thread_blocked, id=11828, stack(0x0000009280000000,0x0000009280100000)]
  0x00000220fe3b3c50 JavaThread "Unconstrained build operations Thread 22" [_thread_blocked, id=17552, stack(0x0000009280100000,0x0000009280200000)]
  0x00000220fe3b09b0 JavaThread "Unconstrained build operations Thread 23" [_thread_blocked, id=16044, stack(0x0000009280200000,0x0000009280300000)]
  0x00000220fe3b4670 JavaThread "Unconstrained build operations Thread 24" [_thread_blocked, id=12440, stack(0x0000009280300000,0x0000009280400000)]
  0x00000220fe3b13d0 JavaThread "Unconstrained build operations Thread 25" [_thread_blocked, id=17032, stack(0x0000009280400000,0x0000009280500000)]
  0x00000220fe51b230 JavaThread "Unconstrained build operations Thread 26" [_thread_blocked, id=10784, stack(0x0000009280500000,0x0000009280600000)]
  0x00000220fe3b1df0 JavaThread "Unconstrained build operations Thread 27" [_thread_blocked, id=16828, stack(0x0000009280600000,0x0000009280700000)]
  0x000002208677c3d0 JavaThread "Unconstrained build operations Thread 28" [_thread_blocked, id=15052, stack(0x0000009280700000,0x0000009280800000)]
  0x000002208677cdf0 JavaThread "Unconstrained build operations Thread 29" [_thread_blocked, id=13612, stack(0x0000009280800000,0x0000009280900000)]
  0x000002208677c8e0 JavaThread "Unconstrained build operations Thread 30" [_thread_blocked, id=23344, stack(0x0000009280900000,0x0000009280a00000)]
  0x000002208677a570 JavaThread "Unconstrained build operations Thread 31" [_thread_blocked, id=11996, stack(0x0000009280a00000,0x0000009280b00000)]
  0x000002208677bec0 JavaThread "Unconstrained build operations Thread 32" [_thread_blocked, id=22796, stack(0x0000009280b00000,0x0000009280c00000)]
  0x000002208677b4a0 JavaThread "Unconstrained build operations Thread 33" [_thread_blocked, id=6552, stack(0x0000009280c00000,0x0000009280d00000)]
  0x000002208677d810 JavaThread "Unconstrained build operations Thread 34" [_thread_blocked, id=8180, stack(0x0000009280d00000,0x0000009280e00000)]
  0x000002208677dd20 JavaThread "Unconstrained build operations Thread 35" [_thread_blocked, id=13968, stack(0x0000009280e00000,0x0000009280f00000)]
  0x000002208677aa80 JavaThread "Unconstrained build operations Thread 36" [_thread_blocked, id=2644, stack(0x0000009280f00000,0x0000009281000000)]
  0x000002208677af90 JavaThread "Unconstrained build operations Thread 37" [_thread_blocked, id=6464, stack(0x0000009281000000,0x0000009281100000)]
  0x000002208753ee70 JavaThread "Unconstrained build operations Thread 38" [_thread_blocked, id=22620, stack(0x0000009281100000,0x0000009281200000)]
  0x00000220875411e0 JavaThread "Unconstrained build operations Thread 39" [_thread_blocked, id=1896, stack(0x0000009281200000,0x0000009281300000)]
  0x000002208753da30 JavaThread "Unconstrained build operations Thread 40" [_thread_blocked, id=12724, stack(0x0000009281900000,0x0000009281a00000)]
  0x000002208753fda0 JavaThread "Unconstrained build operations Thread 41" [_thread_blocked, id=2912, stack(0x0000009281a00000,0x0000009281b00000)]
  0x00000220875402b0 JavaThread "Unconstrained build operations Thread 42" [_thread_blocked, id=11096, stack(0x0000009281b00000,0x0000009281c00000)]
  0x000002208753a280 JavaThread "Unconstrained build operations Thread 43" [_thread_blocked, id=5116, stack(0x0000009281c00000,0x0000009281d00000)]
  0x000002208753aca0 JavaThread "Unconstrained build operations Thread 44" [_thread_blocked, id=8132, stack(0x0000009281d00000,0x0000009281e00000)]
  0x000002208753f890 JavaThread "Unconstrained build operations Thread 45" [_thread_blocked, id=2588, stack(0x0000009281e00000,0x0000009281f00000)]
  0x0000022087540cd0 JavaThread "Unconstrained build operations Thread 46" [_thread_blocked, id=12736, stack(0x0000009281f00000,0x0000009282000000)]

Other Threads:
  0x00000220e2b38720 VMThread "VM Thread" [stack: 0x00000092fa000000,0x00000092fa100000] [id=16636]
  0x00000220c4a02f80 WatcherThread [stack: 0x00000092fac00000,0x00000092fad00000] [id=2168]
  0x00000220c49e4740 GCTaskThread "GC Thread#0" [stack: 0x00000092f9b00000,0x00000092f9c00000] [id=9240]
  0x00000220febfe5d0 GCTaskThread "GC Thread#1" [stack: 0x00000092faf00000,0x00000092fb000000] [id=10460]
  0x00000220ff4deb50 GCTaskThread "GC Thread#2" [stack: 0x00000092fb000000,0x00000092fb100000] [id=2408]
  0x00000220fe38cc70 GCTaskThread "GC Thread#3" [stack: 0x00000092fb100000,0x00000092fb200000] [id=8464]
  0x00000220fefc1010 GCTaskThread "GC Thread#4" [stack: 0x00000092fae00000,0x00000092faf00000] [id=16368]
  0x0000022084b98a40 GCTaskThread "GC Thread#5" [stack: 0x00000092fbb00000,0x00000092fbc00000] [id=23400]
  0x0000022084e0c480 GCTaskThread "GC Thread#6" [stack: 0x00000092fbc00000,0x00000092fbd00000] [id=7872]
  0x0000022084e0c740 GCTaskThread "GC Thread#7" [stack: 0x00000092fbd00000,0x00000092fbe00000] [id=13148]
  0x00000220c49f5690 ConcurrentGCThread "G1 Main Marker" [stack: 0x00000092f9c00000,0x00000092f9d00000] [id=15952]
  0x00000220c49f6840 ConcurrentGCThread "G1 Conc#0" [stack: 0x00000092f9d00000,0x00000092f9e00000] [id=13964]
  0x000002208511a450 ConcurrentGCThread "G1 Conc#1" [stack: 0x00000092fc700000,0x00000092fc800000] [id=4944]
  0x00000220c4a4e270 ConcurrentGCThread "G1 Refine#0" [stack: 0x00000092f9e00000,0x00000092f9f00000] [id=21476]
  0x00000220856cb360 ConcurrentGCThread "G1 Refine#1" [stack: 0x0000009281300000,0x0000009281400000] [id=20804]
  0x00000220856cb650 ConcurrentGCThread "G1 Refine#2" [stack: 0x0000009281400000,0x0000009281500000] [id=16632]
  0x00000220856cc210 ConcurrentGCThread "G1 Refine#3" [stack: 0x0000009281500000,0x0000009281600000] [id=17528]
  0x000002208dbe21e0 ConcurrentGCThread "G1 Refine#4" [stack: 0x0000009281600000,0x0000009281700000] [id=20568]
  0x000002208dbde720 ConcurrentGCThread "G1 Refine#5" [stack: 0x0000009281700000,0x0000009281800000] [id=11432]
  0x000002208dbe0a60 ConcurrentGCThread "G1 Refine#6" [stack: 0x0000009281800000,0x0000009281900000] [id=17804]
  0x00000220c4a4eca0 ConcurrentGCThread "G1 Service" [stack: 0x00000092f9f00000,0x00000092fa000000] [id=15152]

Threads with active compile tasks:
C2 CompilerThread0    84119 12501       4       org.gradle.internal.operations.DefaultBuildOperationRunner::execute (23 bytes)

VM state: not at safepoint (normal execution)

VM Mutex/Monitor currently owned by a thread: None

Heap address: 0x0000000080000000, size: 2048 MB, Compressed Oops mode: 32-bit

CDS archive(s) mapped at: [0x00000220e3000000-0x00000220e3bd0000-0x00000220e3bd0000), size 12386304, SharedBaseAddress: 0x00000220e3000000, ArchiveRelocationMode: 1.
Compressed class space mapped at: 0x00000220e4000000-0x00000220fe000000, reserved size: 436207616
Narrow klass base: 0x00000220e3000000, Narrow klass shift: 0, Narrow klass range: 0x100000000

GC Precious Log:
 CPUs: 8 total, 8 available
 Memory: 5877M
 Large Page Support: Disabled
 NUMA Support: Disabled
 Compressed Oops: Enabled (32-bit)
 Heap Region Size: 1M
 Heap Min Capacity: 8M
 Heap Initial Capacity: 92M
 Heap Max Capacity: 2G
 Pre-touch: Disabled
 Parallel Workers: 8
 Concurrent Workers: 2
 Concurrent Refinement Workers: 8
 Periodic GC: Disabled

Heap:
 garbage-first heap   total 250880K, used 204701K [0x0000000080000000, 0x0000000100000000)
  region size 1024K, 60 young (61440K), 9 survivors (9216K)
 Metaspace       used 95467K, committed 96448K, reserved 557056K
  class space    used 13454K, committed 13888K, reserved 425984K

Heap Regions: E=young(eden), S=young(survivor), O=old, HS=humongous(starts), HC=humongous(continues), CS=collection set, F=free, OA=open archive, CA=closed archive, TAMS=top-at-mark-start (previous, next)
|   0|0x0000000080000000, 0x0000000080100000, 0x0000000080100000|100%|HS|  |TAMS 0x0000000080100000, 0x0000000080000000| Complete 
|   1|0x0000000080100000, 0x0000000080200000, 0x0000000080200000|100%|HC|  |TAMS 0x0000000080200000, 0x0000000080100000| Complete 
|   2|0x0000000080200000, 0x0000000080300000, 0x0000000080300000|100%|HC|  |TAMS 0x0000000080300000, 0x0000000080200000| Complete 
|   3|0x0000000080300000, 0x0000000080400000, 0x0000000080400000|100%|HC|  |TAMS 0x0000000080400000, 0x0000000080300000| Complete 
|   4|0x0000000080400000, 0x0000000080500000, 0x0000000080500000|100%| O|  |TAMS 0x0000000080500000, 0x0000000080400000| Untracked 
|   5|0x0000000080500000, 0x0000000080600000, 0x0000000080600000|100%| O|  |TAMS 0x0000000080600000, 0x0000000080500000| Untracked 
|   6|0x0000000080600000, 0x0000000080700000, 0x0000000080700000|100%| O|  |TAMS 0x0000000080700000, 0x0000000080600000| Untracked 
|   7|0x0000000080700000, 0x0000000080800000, 0x0000000080800000|100%| O|  |TAMS 0x0000000080800000, 0x0000000080700000| Untracked 
|   8|0x0000000080800000, 0x0000000080900000, 0x0000000080900000|100%| O|  |TAMS 0x0000000080900000, 0x0000000080800000| Untracked 
|   9|0x0000000080900000, 0x0000000080a00000, 0x0000000080a00000|100%| O|  |TAMS 0x0000000080a00000, 0x0000000080900000| Untracked 
|  10|0x0000000080a00000, 0x0000000080b00000, 0x0000000080b00000|100%| O|  |TAMS 0x0000000080b00000, 0x0000000080a00000| Untracked 
|  11|0x0000000080b00000, 0x0000000080c00000, 0x0000000080c00000|100%| O|  |TAMS 0x0000000080c00000, 0x0000000080b00000| Untracked 
|  12|0x0000000080c00000, 0x0000000080d00000, 0x0000000080d00000|100%| O|  |TAMS 0x0000000080d00000, 0x0000000080c00000| Untracked 
|  13|0x0000000080d00000, 0x0000000080e00000, 0x0000000080e00000|100%| O|  |TAMS 0x0000000080e00000, 0x0000000080d00000| Untracked 
|  14|0x0000000080e00000, 0x0000000080f00000, 0x0000000080f00000|100%| O|  |TAMS 0x0000000080f00000, 0x0000000080e00000| Untracked 
|  15|0x0000000080f00000, 0x0000000081000000, 0x0000000081000000|100%| O|  |TAMS 0x0000000081000000, 0x0000000080f00000| Untracked 
|  16|0x0000000081000000, 0x0000000081100000, 0x0000000081100000|100%| O|  |TAMS 0x0000000081100000, 0x0000000081000000| Untracked 
|  17|0x0000000081100000, 0x0000000081200000, 0x0000000081200000|100%| O|  |TAMS 0x0000000081200000, 0x0000000081100000| Untracked 
|  18|0x0000000081200000, 0x00000000812e7400, 0x0000000081300000| 90%| O|  |TAMS 0x00000000812e7400, 0x0000000081200000| Untracked 
|  19|0x0000000081300000, 0x0000000081400000, 0x0000000081400000|100%| O|  |TAMS 0x0000000081400000, 0x0000000081300000| Untracked 
|  20|0x0000000081400000, 0x0000000081500000, 0x0000000081500000|100%| O|  |TAMS 0x0000000081500000, 0x0000000081400000| Untracked 
|  21|0x0000000081500000, 0x0000000081600000, 0x0000000081600000|100%| O|  |TAMS 0x0000000081600000, 0x0000000081500000| Untracked 
|  22|0x0000000081600000, 0x0000000081700000, 0x0000000081700000|100%| O|  |TAMS 0x0000000081700000, 0x0000000081600000| Untracked 
|  23|0x0000000081700000, 0x0000000081800000, 0x0000000081800000|100%| O|  |TAMS 0x0000000081800000, 0x0000000081700000| Untracked 
|  24|0x0000000081800000, 0x0000000081900000, 0x0000000081900000|100%| O|  |TAMS 0x0000000081900000, 0x0000000081800000| Untracked 
|  25|0x0000000081900000, 0x0000000081a00000, 0x0000000081a00000|100%| O|  |TAMS 0x0000000081a00000, 0x0000000081900000| Untracked 
|  26|0x0000000081a00000, 0x0000000081b00000, 0x0000000081b00000|100%| O|  |TAMS 0x0000000081b00000, 0x0000000081a00000| Untracked 
|  27|0x0000000081b00000, 0x0000000081c00000, 0x0000000081c00000|100%| O|  |TAMS 0x0000000081c00000, 0x0000000081b00000| Untracked 
|  28|0x0000000081c00000, 0x0000000081d00000, 0x0000000081d00000|100%| O|  |TAMS 0x0000000081c00000, 0x0000000081c00000| Untracked 
|  29|0x0000000081d00000, 0x0000000081e00000, 0x0000000081e00000|100%| O|  |TAMS 0x0000000081e00000, 0x0000000081d00000| Untracked 
|  30|0x0000000081e00000, 0x0000000081f00000, 0x0000000081f00000|100%|HS|  |TAMS 0x0000000081f00000, 0x0000000081e00000| Complete 
|  31|0x0000000081f00000, 0x0000000082000000, 0x0000000082000000|100%| O|  |TAMS 0x0000000082000000, 0x0000000081f00000| Untracked 
|  32|0x0000000082000000, 0x0000000082100000, 0x0000000082100000|100%| O|  |TAMS 0x0000000082100000, 0x0000000082000000| Untracked 
|  33|0x0000000082100000, 0x0000000082200000, 0x0000000082200000|100%| O|  |TAMS 0x0000000082200000, 0x0000000082100000| Untracked 
|  34|0x0000000082200000, 0x0000000082300000, 0x0000000082300000|100%| O|  |TAMS 0x0000000082300000, 0x0000000082200000| Untracked 
|  35|0x0000000082300000, 0x0000000082400000, 0x0000000082400000|100%| O|  |TAMS 0x0000000082400000, 0x0000000082300000| Untracked 
|  36|0x0000000082400000, 0x0000000082500000, 0x0000000082500000|100%| O|  |TAMS 0x0000000082500000, 0x0000000082400000| Untracked 
|  37|0x0000000082500000, 0x0000000082600000, 0x0000000082600000|100%| O|  |TAMS 0x0000000082600000, 0x0000000082500000| Untracked 
|  38|0x0000000082600000, 0x0000000082700000, 0x0000000082700000|100%|HS|  |TAMS 0x0000000082700000, 0x0000000082600000| Complete 
|  39|0x0000000082700000, 0x0000000082800000, 0x0000000082800000|100%|HC|  |TAMS 0x0000000082800000, 0x0000000082700000| Complete 
|  40|0x0000000082800000, 0x0000000082900000, 0x0000000082900000|100%|HS|  |TAMS 0x0000000082900000, 0x0000000082800000| Complete 
|  41|0x0000000082900000, 0x0000000082a00000, 0x0000000082a00000|100%|HC|  |TAMS 0x0000000082a00000, 0x0000000082900000| Complete 
|  42|0x0000000082a00000, 0x0000000082b00000, 0x0000000082b00000|100%| O|  |TAMS 0x0000000082b00000, 0x0000000082a00000| Untracked 
|  43|0x0000000082b00000, 0x0000000082c00000, 0x0000000082c00000|100%|HS|  |TAMS 0x0000000082c00000, 0x0000000082b00000| Complete 
|  44|0x0000000082c00000, 0x0000000082d00000, 0x0000000082d00000|100%|HC|  |TAMS 0x0000000082d00000, 0x0000000082c00000| Complete 
|  45|0x0000000082d00000, 0x0000000082e00000, 0x0000000082e00000|100%|HC|  |TAMS 0x0000000082e00000, 0x0000000082d00000| Complete 
|  46|0x0000000082e00000, 0x0000000082f00000, 0x0000000082f00000|100%|HC|  |TAMS 0x0000000082f00000, 0x0000000082e00000| Complete 
|  47|0x0000000082f00000, 0x0000000083000000, 0x0000000083000000|100%| O|  |TAMS 0x0000000082f00000, 0x0000000082f00000| Untracked 
|  48|0x0000000083000000, 0x0000000083100000, 0x0000000083100000|100%| O|  |TAMS 0x0000000083100000, 0x0000000083000000| Untracked 
|  49|0x0000000083100000, 0x0000000083200000, 0x0000000083200000|100%| O|  |TAMS 0x0000000083200000, 0x0000000083100000| Untracked 
|  50|0x0000000083200000, 0x0000000083300000, 0x0000000083300000|100%| O|  |TAMS 0x0000000083300000, 0x0000000083200000| Untracked 
|  51|0x0000000083300000, 0x0000000083400000, 0x0000000083400000|100%| O|  |TAMS 0x0000000083400000, 0x0000000083300000| Untracked 
|  52|0x0000000083400000, 0x0000000083500000, 0x0000000083500000|100%| O|  |TAMS 0x0000000083500000, 0x0000000083400000| Untracked 
|  53|0x0000000083500000, 0x0000000083600000, 0x0000000083600000|100%|HS|  |TAMS 0x0000000083600000, 0x0000000083500000| Complete 
|  54|0x0000000083600000, 0x0000000083700000, 0x0000000083700000|100%|HC|  |TAMS 0x0000000083700000, 0x0000000083600000| Complete 
|  55|0x0000000083700000, 0x0000000083800000, 0x0000000083800000|100%|HC|  |TAMS 0x0000000083800000, 0x0000000083700000| Complete 
|  56|0x0000000083800000, 0x0000000083900000, 0x0000000083900000|100%|HC|  |TAMS 0x0000000083900000, 0x0000000083800000| Complete 
|  57|0x0000000083900000, 0x0000000083a00000, 0x0000000083a00000|100%| O|  |TAMS 0x0000000083a00000, 0x0000000083900000| Untracked 
|  58|0x0000000083a00000, 0x0000000083b00000, 0x0000000083b00000|100%| O|  |TAMS 0x0000000083b00000, 0x0000000083a00000| Untracked 
|  59|0x0000000083b00000, 0x0000000083c00000, 0x0000000083c00000|100%| O|  |TAMS 0x0000000083c00000, 0x0000000083b00000| Untracked 
|  60|0x0000000083c00000, 0x0000000083d00000, 0x0000000083d00000|100%| O|  |TAMS 0x0000000083d00000, 0x0000000083c00000| Untracked 
|  61|0x0000000083d00000, 0x0000000083e00000, 0x0000000083e00000|100%|HS|  |TAMS 0x0000000083d00000, 0x0000000083d00000| Complete 
|  62|0x0000000083e00000, 0x0000000083f00000, 0x0000000083f00000|100%| O|  |TAMS 0x0000000083f00000, 0x0000000083e00000| Untracked 
|  63|0x0000000083f00000, 0x0000000084000000, 0x0000000084000000|100%| O|  |TAMS 0x0000000084000000, 0x0000000083f00000| Untracked 
|  64|0x0000000084000000, 0x0000000084100000, 0x0000000084100000|100%| O|  |TAMS 0x0000000084100000, 0x0000000084000000| Untracked 
|  65|0x0000000084100000, 0x0000000084200000, 0x0000000084200000|100%| O|  |TAMS 0x0000000084200000, 0x0000000084100000| Untracked 
|  66|0x0000000084200000, 0x0000000084300000, 0x0000000084300000|100%| O|  |TAMS 0x0000000084300000, 0x0000000084200000| Untracked 
|  67|0x0000000084300000, 0x0000000084400000, 0x0000000084400000|100%| O|  |TAMS 0x0000000084400000, 0x0000000084300000| Untracked 
|  68|0x0000000084400000, 0x0000000084500000, 0x0000000084500000|100%| O|  |TAMS 0x0000000084400000, 0x0000000084400000| Untracked 
|  69|0x0000000084500000, 0x0000000084600000, 0x0000000084600000|100%|HS|  |TAMS 0x0000000084600000, 0x0000000084500000| Complete 
|  70|0x0000000084600000, 0x0000000084700000, 0x0000000084700000|100%|HS|  |TAMS 0x0000000084700000, 0x0000000084600000| Complete 
|  71|0x0000000084700000, 0x0000000084800000, 0x0000000084800000|100%| O|  |TAMS 0x0000000084800000, 0x0000000084700000| Untracked 
|  72|0x0000000084800000, 0x0000000084900000, 0x0000000084900000|100%|HS|  |TAMS 0x0000000084900000, 0x0000000084800000| Complete 
|  73|0x0000000084900000, 0x0000000084a00000, 0x0000000084a00000|100%| O|  |TAMS 0x0000000084a00000, 0x0000000084900000| Untracked 
|  74|0x0000000084a00000, 0x0000000084b00000, 0x0000000084b00000|100%| O|  |TAMS 0x0000000084b00000, 0x0000000084a00000| Untracked 
|  75|0x0000000084b00000, 0x0000000084c00000, 0x0000000084c00000|100%| O|  |TAMS 0x0000000084c00000, 0x0000000084b00000| Untracked 
|  76|0x0000000084c00000, 0x0000000084d00000, 0x0000000084d00000|100%| O|  |TAMS 0x0000000084d00000, 0x0000000084c00000| Untracked 
|  77|0x0000000084d00000, 0x0000000084e00000, 0x0000000084e00000|100%| O|  |TAMS 0x0000000084e00000, 0x0000000084d00000| Untracked 
|  78|0x0000000084e00000, 0x0000000084f00000, 0x0000000084f00000|100%| O|  |TAMS 0x0000000084f00000, 0x0000000084e00000| Untracked 
|  79|0x0000000084f00000, 0x0000000085000000, 0x0000000085000000|100%| O|  |TAMS 0x0000000085000000, 0x0000000084f00000| Untracked 
|  80|0x0000000085000000, 0x0000000085100000, 0x0000000085100000|100%| O|  |TAMS 0x0000000085100000, 0x0000000085000000| Untracked 
|  81|0x0000000085100000, 0x0000000085200000, 0x0000000085200000|100%| O|  |TAMS 0x00000000851f9e00, 0x0000000085100000| Untracked 
|  82|0x0000000085200000, 0x0000000085300000, 0x0000000085300000|100%| O|  |TAMS 0x0000000085200000, 0x0000000085200000| Untracked 
|  83|0x0000000085300000, 0x0000000085400000, 0x0000000085400000|100%| O|  |TAMS 0x0000000085300000, 0x0000000085300000| Untracked 
|  84|0x0000000085400000, 0x0000000085500000, 0x0000000085500000|100%| O|  |TAMS 0x0000000085400000, 0x0000000085400000| Untracked 
|  85|0x0000000085500000, 0x0000000085600000, 0x0000000085600000|100%|HS|  |TAMS 0x0000000085500000, 0x0000000085500000| Complete 
|  86|0x0000000085600000, 0x0000000085700000, 0x0000000085700000|100%|HS|  |TAMS 0x0000000085600000, 0x0000000085600000| Complete 
|  87|0x0000000085700000, 0x0000000085800000, 0x0000000085800000|100%| O|  |TAMS 0x0000000085700000, 0x0000000085700000| Untracked 
|  88|0x0000000085800000, 0x0000000085900000, 0x0000000085900000|100%| O|  |TAMS 0x0000000085800000, 0x0000000085800000| Untracked 
|  89|0x0000000085900000, 0x0000000085a00000, 0x0000000085a00000|100%| O|  |TAMS 0x0000000085900000, 0x0000000085900000| Untracked 
|  90|0x0000000085a00000, 0x0000000085b00000, 0x0000000085b00000|100%|HS|  |TAMS 0x0000000085a00000, 0x0000000085a00000| Complete 
|  91|0x0000000085b00000, 0x0000000085c00000, 0x0000000085c00000|100%|HC|  |TAMS 0x0000000085b00000, 0x0000000085b00000| Complete 
|  92|0x0000000085c00000, 0x0000000085d00000, 0x0000000085d00000|100%|HS|  |TAMS 0x0000000085c00000, 0x0000000085c00000| Complete 
|  93|0x0000000085d00000, 0x0000000085e00000, 0x0000000085e00000|100%| O|  |TAMS 0x0000000085d00000, 0x0000000085d00000| Untracked 
|  94|0x0000000085e00000, 0x0000000085f00000, 0x0000000085f00000|100%| O|  |TAMS 0x0000000085e00000, 0x0000000085e00000| Untracked 
|  95|0x0000000085f00000, 0x0000000086000000, 0x0000000086000000|100%| O|  |TAMS 0x0000000085f00000, 0x0000000085f00000| Untracked 
|  96|0x0000000086000000, 0x0000000086100000, 0x0000000086100000|100%| O|  |TAMS 0x0000000086000000, 0x0000000086000000| Untracked 
|  97|0x0000000086100000, 0x0000000086200000, 0x0000000086200000|100%| O|  |TAMS 0x0000000086100000, 0x0000000086100000| Untracked 
|  98|0x0000000086200000, 0x0000000086300000, 0x0000000086300000|100%| O|  |TAMS 0x0000000086200000, 0x0000000086200000| Untracked 
|  99|0x0000000086300000, 0x0000000086400000, 0x0000000086400000|100%| O|  |TAMS 0x0000000086300000, 0x0000000086300000| Untracked 
| 100|0x0000000086400000, 0x0000000086500000, 0x0000000086500000|100%| O|  |TAMS 0x0000000086400000, 0x0000000086400000| Untracked 
| 101|0x0000000086500000, 0x0000000086600000, 0x0000000086600000|100%| O|  |TAMS 0x0000000086500000, 0x0000000086500000| Untracked 
| 102|0x0000000086600000, 0x0000000086700000, 0x0000000086700000|100%| O|  |TAMS 0x0000000086600000, 0x0000000086600000| Untracked 
| 103|0x0000000086700000, 0x0000000086800000, 0x0000000086800000|100%| O|  |TAMS 0x0000000086700000, 0x0000000086700000| Untracked 
| 104|0x0000000086800000, 0x0000000086900000, 0x0000000086900000|100%| O|  |TAMS 0x0000000086800000, 0x0000000086800000| Untracked 
| 105|0x0000000086900000, 0x0000000086a00000, 0x0000000086a00000|100%| O|  |TAMS 0x0000000086900000, 0x0000000086900000| Untracked 
| 106|0x0000000086a00000, 0x0000000086b00000, 0x0000000086b00000|100%| O|  |TAMS 0x0000000086a00000, 0x0000000086a00000| Untracked 
| 107|0x0000000086b00000, 0x0000000086c00000, 0x0000000086c00000|100%| O|  |TAMS 0x0000000086b00000, 0x0000000086b00000| Untracked 
| 108|0x0000000086c00000, 0x0000000086d00000, 0x0000000086d00000|100%| O|  |TAMS 0x0000000086c00000, 0x0000000086c00000| Untracked 
| 109|0x0000000086d00000, 0x0000000086e00000, 0x0000000086e00000|100%| O|  |TAMS 0x0000000086d00000, 0x0000000086d00000| Untracked 
| 110|0x0000000086e00000, 0x0000000086f00000, 0x0000000086f00000|100%| O|  |TAMS 0x0000000086e00000, 0x0000000086e00000| Untracked 
| 111|0x0000000086f00000, 0x0000000087000000, 0x0000000087000000|100%| O|  |TAMS 0x0000000086f00000, 0x0000000086f00000| Untracked 
| 112|0x0000000087000000, 0x0000000087100000, 0x0000000087100000|100%| O|  |TAMS 0x0000000087000000, 0x0000000087000000| Untracked 
| 113|0x0000000087100000, 0x0000000087200000, 0x0000000087200000|100%| O|  |TAMS 0x0000000087100000, 0x0000000087100000| Untracked 
| 114|0x0000000087200000, 0x0000000087300000, 0x0000000087300000|100%| O|  |TAMS 0x0000000087200000, 0x0000000087200000| Untracked 
| 115|0x0000000087300000, 0x0000000087400000, 0x0000000087400000|100%| O|  |TAMS 0x0000000087300000, 0x0000000087300000| Untracked 
| 116|0x0000000087400000, 0x0000000087500000, 0x0000000087500000|100%| O|  |TAMS 0x0000000087400000, 0x0000000087400000| Untracked 
| 117|0x0000000087500000, 0x0000000087600000, 0x0000000087600000|100%| O|  |TAMS 0x0000000087500000, 0x0000000087500000| Untracked 
| 118|0x0000000087600000, 0x0000000087700000, 0x0000000087700000|100%| O|  |TAMS 0x0000000087600000, 0x0000000087600000| Untracked 
| 119|0x0000000087700000, 0x0000000087800000, 0x0000000087800000|100%| O|  |TAMS 0x0000000087700000, 0x0000000087700000| Untracked 
| 120|0x0000000087800000, 0x0000000087900000, 0x0000000087900000|100%| O|  |TAMS 0x0000000087800000, 0x0000000087800000| Untracked 
| 121|0x0000000087900000, 0x0000000087a00000, 0x0000000087a00000|100%| O|  |TAMS 0x0000000087900000, 0x0000000087900000| Untracked 
| 122|0x0000000087a00000, 0x0000000087b00000, 0x0000000087b00000|100%| O|  |TAMS 0x0000000087a00000, 0x0000000087a00000| Untracked 
| 123|0x0000000087b00000, 0x0000000087c00000, 0x0000000087c00000|100%| O|  |TAMS 0x0000000087b00000, 0x0000000087b00000| Untracked 
| 124|0x0000000087c00000, 0x0000000087d00000, 0x0000000087d00000|100%| O|  |TAMS 0x0000000087c00000, 0x0000000087c00000| Untracked 
| 125|0x0000000087d00000, 0x0000000087e00000, 0x0000000087e00000|100%| O|  |TAMS 0x0000000087d00000, 0x0000000087d00000| Untracked 
| 126|0x0000000087e00000, 0x0000000087f00000, 0x0000000087f00000|100%| O|  |TAMS 0x0000000087e00000, 0x0000000087e00000| Untracked 
| 127|0x0000000087f00000, 0x0000000088000000, 0x0000000088000000|100%| O|  |TAMS 0x0000000087f00000, 0x0000000087f00000| Untracked 
| 128|0x0000000088000000, 0x0000000088100000, 0x0000000088100000|100%| O|  |TAMS 0x0000000088000000, 0x0000000088000000| Untracked 
| 129|0x0000000088100000, 0x0000000088200000, 0x0000000088200000|100%| O|  |TAMS 0x0000000088100000, 0x0000000088100000| Untracked 
| 130|0x0000000088200000, 0x0000000088300000, 0x0000000088300000|100%| O|  |TAMS 0x0000000088200000, 0x0000000088200000| Untracked 
| 131|0x0000000088300000, 0x0000000088400000, 0x0000000088400000|100%| O|  |TAMS 0x0000000088300000, 0x0000000088300000| Untracked 
| 132|0x0000000088400000, 0x0000000088500000, 0x0000000088500000|100%| O|  |TAMS 0x0000000088400000, 0x0000000088400000| Untracked 
| 133|0x0000000088500000, 0x0000000088600000, 0x0000000088600000|100%| O|  |TAMS 0x0000000088500000, 0x0000000088500000| Untracked 
| 134|0x0000000088600000, 0x0000000088700000, 0x0000000088700000|100%| O|  |TAMS 0x0000000088600000, 0x0000000088600000| Untracked 
| 135|0x0000000088700000, 0x0000000088800000, 0x0000000088800000|100%| O|  |TAMS 0x0000000088700000, 0x0000000088700000| Untracked 
| 136|0x0000000088800000, 0x0000000088900000, 0x0000000088900000|100%| O|  |TAMS 0x0000000088800000, 0x0000000088800000| Untracked 
| 137|0x0000000088900000, 0x0000000088a00000, 0x0000000088a00000|100%| O|  |TAMS 0x0000000088900000, 0x0000000088900000| Untracked 
| 138|0x0000000088a00000, 0x0000000088b00000, 0x0000000088b00000|100%| O|  |TAMS 0x0000000088a00000, 0x0000000088a00000| Untracked 
| 139|0x0000000088b00000, 0x0000000088c00000, 0x0000000088c00000|100%|HS|  |TAMS 0x0000000088b00000, 0x0000000088b00000| Complete 
| 140|0x0000000088c00000, 0x0000000088d00000, 0x0000000088d00000|100%|HS|  |TAMS 0x0000000088c00000, 0x0000000088c00000| Complete 
| 141|0x0000000088d00000, 0x0000000088d00000, 0x0000000088e00000|  0%| F|  |TAMS 0x0000000088d00000, 0x0000000088d00000| Untracked 
| 142|0x0000000088e00000, 0x0000000088e00000, 0x0000000088f00000|  0%| F|  |TAMS 0x0000000088e00000, 0x0000000088e00000| Untracked 
| 143|0x0000000088f00000, 0x0000000088f00000, 0x0000000089000000|  0%| F|  |TAMS 0x0000000088f00000, 0x0000000088f00000| Untracked 
| 144|0x0000000089000000, 0x0000000089000000, 0x0000000089100000|  0%| F|  |TAMS 0x0000000089000000, 0x0000000089000000| Untracked 
| 145|0x0000000089100000, 0x0000000089100000, 0x0000000089200000|  0%| F|  |TAMS 0x0000000089100000, 0x0000000089100000| Untracked 
| 146|0x0000000089200000, 0x0000000089200000, 0x0000000089300000|  0%| F|  |TAMS 0x0000000089200000, 0x0000000089200000| Untracked 
| 147|0x0000000089300000, 0x0000000089300000, 0x0000000089400000|  0%| F|  |TAMS 0x0000000089300000, 0x0000000089300000| Untracked 
| 148|0x0000000089400000, 0x0000000089400000, 0x0000000089500000|  0%| F|  |TAMS 0x0000000089400000, 0x0000000089400000| Untracked 
| 149|0x0000000089500000, 0x0000000089500000, 0x0000000089600000|  0%| F|  |TAMS 0x0000000089500000, 0x0000000089500000| Untracked 
| 150|0x0000000089600000, 0x0000000089600000, 0x0000000089700000|  0%| F|  |TAMS 0x0000000089600000, 0x0000000089600000| Untracked 
| 151|0x0000000089700000, 0x0000000089700000, 0x0000000089800000|  0%| F|  |TAMS 0x0000000089700000, 0x0000000089700000| Untracked 
| 152|0x0000000089800000, 0x0000000089800000, 0x0000000089900000|  0%| F|  |TAMS 0x0000000089800000, 0x0000000089800000| Untracked 
| 153|0x0000000089900000, 0x0000000089900000, 0x0000000089a00000|  0%| F|  |TAMS 0x0000000089900000, 0x0000000089900000| Untracked 
| 154|0x0000000089a00000, 0x0000000089a00000, 0x0000000089b00000|  0%| F|  |TAMS 0x0000000089a00000, 0x0000000089a00000| Untracked 
| 155|0x0000000089b00000, 0x0000000089b00000, 0x0000000089c00000|  0%| F|  |TAMS 0x0000000089b00000, 0x0000000089b00000| Untracked 
| 156|0x0000000089c00000, 0x0000000089c00000, 0x0000000089d00000|  0%| F|  |TAMS 0x0000000089c00000, 0x0000000089c00000| Untracked 
| 157|0x0000000089d00000, 0x0000000089d00000, 0x0000000089e00000|  0%| F|  |TAMS 0x0000000089d00000, 0x0000000089d00000| Untracked 
| 158|0x0000000089e00000, 0x0000000089e00000, 0x0000000089f00000|  0%| F|  |TAMS 0x0000000089e00000, 0x0000000089e00000| Untracked 
| 159|0x0000000089f00000, 0x0000000089f00000, 0x000000008a000000|  0%| F|  |TAMS 0x0000000089f00000, 0x0000000089f00000| Untracked 
| 160|0x000000008a000000, 0x000000008a000000, 0x000000008a100000|  0%| F|  |TAMS 0x000000008a000000, 0x000000008a000000| Untracked 
| 161|0x000000008a100000, 0x000000008a100000, 0x000000008a200000|  0%| F|  |TAMS 0x000000008a100000, 0x000000008a100000| Untracked 
| 162|0x000000008a200000, 0x000000008a200000, 0x000000008a300000|  0%| F|  |TAMS 0x000000008a200000, 0x000000008a200000| Untracked 
| 163|0x000000008a300000, 0x000000008a300000, 0x000000008a400000|  0%| F|  |TAMS 0x000000008a300000, 0x000000008a300000| Untracked 
| 164|0x000000008a400000, 0x000000008a400000, 0x000000008a500000|  0%| F|  |TAMS 0x000000008a400000, 0x000000008a400000| Untracked 
| 165|0x000000008a500000, 0x000000008a500000, 0x000000008a600000|  0%| F|  |TAMS 0x000000008a500000, 0x000000008a500000| Untracked 
| 166|0x000000008a600000, 0x000000008a600000, 0x000000008a700000|  0%| F|  |TAMS 0x000000008a600000, 0x000000008a600000| Untracked 
| 167|0x000000008a700000, 0x000000008a700000, 0x000000008a800000|  0%| F|  |TAMS 0x000000008a700000, 0x000000008a700000| Untracked 
| 168|0x000000008a800000, 0x000000008a900000, 0x000000008a900000|100%| S|CS|TAMS 0x000000008a800000, 0x000000008a800000| Complete 
| 169|0x000000008a900000, 0x000000008aa00000, 0x000000008aa00000|100%| S|CS|TAMS 0x000000008a900000, 0x000000008a900000| Complete 
| 170|0x000000008aa00000, 0x000000008ab00000, 0x000000008ab00000|100%| S|CS|TAMS 0x000000008aa00000, 0x000000008aa00000| Complete 
| 171|0x000000008ab00000, 0x000000008ac00000, 0x000000008ac00000|100%| S|CS|TAMS 0x000000008ab00000, 0x000000008ab00000| Complete 
| 172|0x000000008ac00000, 0x000000008ad00000, 0x000000008ad00000|100%| S|CS|TAMS 0x000000008ac00000, 0x000000008ac00000| Complete 
| 173|0x000000008ad00000, 0x000000008ae00000, 0x000000008ae00000|100%| S|CS|TAMS 0x000000008ad00000, 0x000000008ad00000| Complete 
| 174|0x000000008ae00000, 0x000000008ae00000, 0x000000008af00000|  0%| F|  |TAMS 0x000000008ae00000, 0x000000008ae00000| Untracked 
| 175|0x000000008af00000, 0x000000008af00000, 0x000000008b000000|  0%| F|  |TAMS 0x000000008af00000, 0x000000008af00000| Untracked 
| 176|0x000000008b000000, 0x000000008b000000, 0x000000008b100000|  0%| F|  |TAMS 0x000000008b000000, 0x000000008b000000| Untracked 
| 177|0x000000008b100000, 0x000000008b200000, 0x000000008b200000|100%| S|CS|TAMS 0x000000008b100000, 0x000000008b100000| Complete 
| 178|0x000000008b200000, 0x000000008b300000, 0x000000008b300000|100%| S|CS|TAMS 0x000000008b200000, 0x000000008b200000| Complete 
| 179|0x000000008b300000, 0x000000008b400000, 0x000000008b400000|100%| S|CS|TAMS 0x000000008b300000, 0x000000008b300000| Complete 
| 180|0x000000008b400000, 0x000000008b400000, 0x000000008b500000|  0%| F|  |TAMS 0x000000008b400000, 0x000000008b400000| Untracked 
| 181|0x000000008b500000, 0x000000008b500000, 0x000000008b600000|  0%| F|  |TAMS 0x000000008b500000, 0x000000008b500000| Untracked 
| 182|0x000000008b600000, 0x000000008b600000, 0x000000008b700000|  0%| F|  |TAMS 0x000000008b600000, 0x000000008b600000| Untracked 
| 183|0x000000008b700000, 0x000000008b700000, 0x000000008b800000|  0%| F|  |TAMS 0x000000008b700000, 0x000000008b700000| Untracked 
| 184|0x000000008b800000, 0x000000008b800000, 0x000000008b900000|  0%| F|  |TAMS 0x000000008b800000, 0x000000008b800000| Untracked 
| 185|0x000000008b900000, 0x000000008b900000, 0x000000008ba00000|  0%| F|  |TAMS 0x000000008b900000, 0x000000008b900000| Untracked 
| 186|0x000000008ba00000, 0x000000008ba00000, 0x000000008bb00000|  0%| F|  |TAMS 0x000000008ba00000, 0x000000008ba00000| Untracked 
| 187|0x000000008bb00000, 0x000000008bb00000, 0x000000008bc00000|  0%| F|  |TAMS 0x000000008bb00000, 0x000000008bb00000| Untracked 
| 188|0x000000008bc00000, 0x000000008bc00000, 0x000000008bd00000|  0%| F|  |TAMS 0x000000008bc00000, 0x000000008bc00000| Untracked 
| 189|0x000000008bd00000, 0x000000008bd00000, 0x000000008be00000|  0%| F|  |TAMS 0x000000008bd00000, 0x000000008bd00000| Untracked 
| 190|0x000000008be00000, 0x000000008be00000, 0x000000008bf00000|  0%| F|  |TAMS 0x000000008be00000, 0x000000008be00000| Untracked 
| 191|0x000000008bf00000, 0x000000008bf00000, 0x000000008c000000|  0%| F|  |TAMS 0x000000008bf00000, 0x000000008bf00000| Untracked 
| 192|0x000000008c000000, 0x000000008c000000, 0x000000008c100000|  0%| F|  |TAMS 0x000000008c000000, 0x000000008c000000| Untracked 
| 193|0x000000008c100000, 0x000000008c100000, 0x000000008c200000|  0%| F|  |TAMS 0x000000008c100000, 0x000000008c100000| Untracked 
| 194|0x000000008c200000, 0x000000008c280800, 0x000000008c300000| 50%| E|  |TAMS 0x000000008c200000, 0x000000008c200000| Complete 
| 195|0x000000008c300000, 0x000000008c400000, 0x000000008c400000|100%| E|CS|TAMS 0x000000008c300000, 0x000000008c300000| Complete 
| 196|0x000000008c400000, 0x000000008c500000, 0x000000008c500000|100%| E|CS|TAMS 0x000000008c400000, 0x000000008c400000| Complete 
| 197|0x000000008c500000, 0x000000008c600000, 0x000000008c600000|100%| E|CS|TAMS 0x000000008c500000, 0x000000008c500000| Complete 
| 198|0x000000008c600000, 0x000000008c700000, 0x000000008c700000|100%| E|CS|TAMS 0x000000008c600000, 0x000000008c600000| Complete 
| 199|0x000000008c700000, 0x000000008c800000, 0x000000008c800000|100%| E|CS|TAMS 0x000000008c700000, 0x000000008c700000| Complete 
| 200|0x000000008c800000, 0x000000008c900000, 0x000000008c900000|100%| E|CS|TAMS 0x000000008c800000, 0x000000008c800000| Complete 
| 201|0x000000008c900000, 0x000000008ca00000, 0x000000008ca00000|100%| E|CS|TAMS 0x000000008c900000, 0x000000008c900000| Complete 
| 202|0x000000008ca00000, 0x000000008cb00000, 0x000000008cb00000|100%| E|CS|TAMS 0x000000008ca00000, 0x000000008ca00000| Complete 
| 203|0x000000008cb00000, 0x000000008cc00000, 0x000000008cc00000|100%| E|CS|TAMS 0x000000008cb00000, 0x000000008cb00000| Complete 
| 204|0x000000008cc00000, 0x000000008cd00000, 0x000000008cd00000|100%| E|CS|TAMS 0x000000008cc00000, 0x000000008cc00000| Complete 
| 205|0x000000008cd00000, 0x000000008ce00000, 0x000000008ce00000|100%| E|CS|TAMS 0x000000008cd00000, 0x000000008cd00000| Complete 
| 206|0x000000008ce00000, 0x000000008cf00000, 0x000000008cf00000|100%| E|CS|TAMS 0x000000008ce00000, 0x000000008ce00000| Complete 
| 207|0x000000008cf00000, 0x000000008d000000, 0x000000008d000000|100%| E|CS|TAMS 0x000000008cf00000, 0x000000008cf00000| Complete 
| 208|0x000000008d000000, 0x000000008d100000, 0x000000008d100000|100%| E|CS|TAMS 0x000000008d000000, 0x000000008d000000| Complete 
| 209|0x000000008d100000, 0x000000008d200000, 0x000000008d200000|100%| E|CS|TAMS 0x000000008d100000, 0x000000008d100000| Complete 
| 210|0x000000008d200000, 0x000000008d300000, 0x000000008d300000|100%| E|CS|TAMS 0x000000008d200000, 0x000000008d200000| Complete 
| 211|0x000000008d300000, 0x000000008d400000, 0x000000008d400000|100%| E|CS|TAMS 0x000000008d300000, 0x000000008d300000| Complete 
| 212|0x000000008d400000, 0x000000008d500000, 0x000000008d500000|100%| E|CS|TAMS 0x000000008d400000, 0x000000008d400000| Complete 
| 213|0x000000008d500000, 0x000000008d600000, 0x000000008d600000|100%| E|CS|TAMS 0x000000008d500000, 0x000000008d500000| Complete 
| 214|0x000000008d600000, 0x000000008d700000, 0x000000008d700000|100%| E|CS|TAMS 0x000000008d600000, 0x000000008d600000| Complete 
| 215|0x000000008d700000, 0x000000008d800000, 0x000000008d800000|100%| E|CS|TAMS 0x000000008d700000, 0x000000008d700000| Complete 
| 216|0x000000008d800000, 0x000000008d900000, 0x000000008d900000|100%| E|CS|TAMS 0x000000008d800000, 0x000000008d800000| Complete 
| 217|0x000000008d900000, 0x000000008da00000, 0x000000008da00000|100%| E|CS|TAMS 0x000000008d900000, 0x000000008d900000| Complete 
| 218|0x000000008da00000, 0x000000008db00000, 0x000000008db00000|100%| E|CS|TAMS 0x000000008da00000, 0x000000008da00000| Complete 
| 219|0x000000008db00000, 0x000000008dc00000, 0x000000008dc00000|100%| E|CS|TAMS 0x000000008db00000, 0x000000008db00000| Complete 
| 220|0x000000008dc00000, 0x000000008dd00000, 0x000000008dd00000|100%| E|CS|TAMS 0x000000008dc00000, 0x000000008dc00000| Complete 
| 221|0x000000008dd00000, 0x000000008de00000, 0x000000008de00000|100%| E|CS|TAMS 0x000000008dd00000, 0x000000008dd00000| Complete 
| 222|0x000000008de00000, 0x000000008df00000, 0x000000008df00000|100%| E|CS|TAMS 0x000000008de00000, 0x000000008de00000| Complete 
| 223|0x000000008df00000, 0x000000008e000000, 0x000000008e000000|100%| E|CS|TAMS 0x000000008df00000, 0x000000008df00000| Complete 
| 224|0x000000008e000000, 0x000000008e100000, 0x000000008e100000|100%| E|CS|TAMS 0x000000008e000000, 0x000000008e000000| Complete 
| 225|0x000000008e100000, 0x000000008e200000, 0x000000008e200000|100%| E|CS|TAMS 0x000000008e100000, 0x000000008e100000| Complete 
| 226|0x000000008e200000, 0x000000008e300000, 0x000000008e300000|100%| E|CS|TAMS 0x000000008e200000, 0x000000008e200000| Complete 
| 227|0x000000008e300000, 0x000000008e400000, 0x000000008e400000|100%| E|CS|TAMS 0x000000008e300000, 0x000000008e300000| Complete 
| 228|0x000000008e400000, 0x000000008e500000, 0x000000008e500000|100%| E|CS|TAMS 0x000000008e400000, 0x000000008e400000| Complete 
| 229|0x000000008e500000, 0x000000008e600000, 0x000000008e600000|100%| E|CS|TAMS 0x000000008e500000, 0x000000008e500000| Complete 
| 230|0x000000008e600000, 0x000000008e700000, 0x000000008e700000|100%| E|CS|TAMS 0x000000008e600000, 0x000000008e600000| Complete 
| 231|0x000000008e700000, 0x000000008e800000, 0x000000008e800000|100%| E|CS|TAMS 0x000000008e700000, 0x000000008e700000| Complete 
| 232|0x000000008e800000, 0x000000008e900000, 0x000000008e900000|100%| E|CS|TAMS 0x000000008e800000, 0x000000008e800000| Complete 
| 233|0x000000008e900000, 0x000000008ea00000, 0x000000008ea00000|100%| E|CS|TAMS 0x000000008e900000, 0x000000008e900000| Complete 
| 234|0x000000008ea00000, 0x000000008eb00000, 0x000000008eb00000|100%| E|CS|TAMS 0x000000008ea00000, 0x000000008ea00000| Complete 
| 235|0x000000008eb00000, 0x000000008ec00000, 0x000000008ec00000|100%| E|CS|TAMS 0x000000008eb00000, 0x000000008eb00000| Complete 
| 236|0x000000008ec00000, 0x000000008ed00000, 0x000000008ed00000|100%| E|CS|TAMS 0x000000008ec00000, 0x000000008ec00000| Complete 
| 237|0x000000008ed00000, 0x000000008ee00000, 0x000000008ee00000|100%| E|CS|TAMS 0x000000008ed00000, 0x000000008ed00000| Complete 
| 238|0x000000008ee00000, 0x000000008ef00000, 0x000000008ef00000|100%| E|CS|TAMS 0x000000008ee00000, 0x000000008ee00000| Complete 
| 239|0x000000008ef00000, 0x000000008f000000, 0x000000008f000000|100%| E|CS|TAMS 0x000000008ef00000, 0x000000008ef00000| Complete 
| 240|0x000000008f000000, 0x000000008f100000, 0x000000008f100000|100%| E|CS|TAMS 0x000000008f000000, 0x000000008f000000| Complete 
| 241|0x000000008f100000, 0x000000008f200000, 0x000000008f200000|100%| E|CS|TAMS 0x000000008f100000, 0x000000008f100000| Complete 
| 242|0x000000008f200000, 0x000000008f300000, 0x000000008f300000|100%| E|CS|TAMS 0x000000008f200000, 0x000000008f200000| Complete 
| 243|0x000000008f300000, 0x000000008f400000, 0x000000008f400000|100%| E|CS|TAMS 0x000000008f300000, 0x000000008f300000| Complete 
| 244|0x000000008f400000, 0x000000008f500000, 0x000000008f500000|100%| E|CS|TAMS 0x000000008f400000, 0x000000008f400000| Complete 

Card table byte_map: [0x00000220db950000,0x00000220dbd50000] _byte_map_base: 0x00000220db550000

Marking Bits (Prev, Next): (CMBitMap*) 0x00000220c49e4da0, (CMBitMap*) 0x00000220c49e4d60
 Prev Bits: [0x00000220de150000, 0x00000220e0150000)
 Next Bits: [0x00000220dc150000, 0x00000220de150000)

Polling page: 0x00000220c28b0000

Metaspace:

Usage:
  Non-class:     80.09 MB used.
      Class:     13.14 MB used.
       Both:     93.23 MB used.

Virtual space:
  Non-class space:      128.00 MB reserved,      80.62 MB ( 63%) committed,  2 nodes.
      Class space:      416.00 MB reserved,      13.56 MB (  3%) committed,  1 nodes.
             Both:      544.00 MB reserved,      94.19 MB ( 17%) committed. 

Chunk freelists:
   Non-Class:  15.34 MB
       Class:  2.46 MB
        Both:  17.81 MB

MaxMetaspaceSize: 512.00 MB
CompressedClassSpaceSize: 416.00 MB
Initial GC threshold: 21.00 MB
Current GC threshold: 116.50 MB
CDS: on
MetaspaceReclaimPolicy: balanced
 - commit_granule_bytes: 65536.
 - commit_granule_words: 8192.
 - virtual_space_node_default_size: 8388608.
 - enlarge_chunks_in_place: 1.
 - new_chunks_are_fully_committed: 0.
 - uncommit_free_chunks: 1.
 - use_allocation_guard: 0.
 - handle_deallocations: 1.


Internal statistics:

num_allocs_failed_limit: 6.
num_arena_births: 1212.
num_arena_deaths: 0.
num_vsnodes_births: 3.
num_vsnodes_deaths: 0.
num_space_committed: 1507.
num_space_uncommitted: 0.
num_chunks_returned_to_freelist: 6.
num_chunks_taken_from_freelist: 5410.
num_chunk_merges: 6.
num_chunk_splits: 3508.
num_chunks_enlarged: 2276.
num_inconsistent_stats: 0.

CodeHeap 'non-profiled nmethods': size=120000Kb used=6566Kb max_used=6566Kb free=113433Kb
 bounds [0x00000220d3cf0000, 0x00000220d4360000, 0x00000220db220000]
CodeHeap 'profiled nmethods': size=120000Kb used=22895Kb max_used=22895Kb free=97104Kb
 bounds [0x00000220cc220000, 0x00000220cd880000, 0x00000220d3750000]
CodeHeap 'non-nmethods': size=5760Kb used=2408Kb max_used=2450Kb free=3351Kb
 bounds [0x00000220d3750000, 0x00000220d39c0000, 0x00000220d3cf0000]
 total_blobs=11970 nmethods=11026 adapters=856
 compilation: enabled
              stopped_count=0, restarted_count=0
 full_count=0

Compilation events (20 events):
Event: 83.994 Thread 0x00000220e2b63e40 12524       3       org.jetbrains.kotlin.gradle.plugin.sources.DefaultKotlinSourceSetFactory$setUpSourceSetDefaults$1$1$1::<init> (21 bytes)
Event: 83.994 Thread 0x00000220e2b63e40 nmethod 12524 0x00000220cd873d10 code [0x00000220cd873ec0, 0x00000220cd874198]
Event: 83.994 Thread 0x00000220e2b63e40 12525       3       org.jetbrains.kotlin.gradle.plugin.sources.DefaultKotlinSourceSetFactory$sam$org_gradle_api_Action$0::<init> (16 bytes)
Event: 83.994 Thread 0x00000220e2b63e40 nmethod 12525 0x00000220cd874290 code [0x00000220cd8744a0, 0x00000220cd874b18]
Event: 83.997 Thread 0x00000220e2b63e40 12526       3       org.gradle.internal.instantiation.generator.DefaultInstantiatorFactory::decorateLenient (14 bytes)
Event: 83.997 Thread 0x00000220e2b63e40 nmethod 12526 0x00000220cd874d90 code [0x00000220cd874f40, 0x00000220cd875108]
Event: 84.001 Thread 0x00000220e2b63e40 12527       3       org.jetbrains.kotlin.gradle.utils.MutableObservableSetImpl::<init> (66 bytes)
Event: 84.002 Thread 0x00000220e2b63e40 nmethod 12527 0x00000220cd875210 code [0x00000220cd8757a0, 0x00000220cd8780e8]
Event: 84.003 Thread 0x00000220e2b63e40 12528       3       org.gradle.api.internal.plugins.DefaultPluginManager::pluginsForId (123 bytes)
Event: 84.004 Thread 0x00000220e2b63e40 nmethod 12528 0x00000220cd878e10 code [0x00000220cd8790c0, 0x00000220cd87a1f8]
Event: 84.005 Thread 0x00000220e2b63e40 12529       3       org.codehaus.groovy.reflection.CachedClass$2$$Lambda$429/0x00000220e43d3510::test (8 bytes)
Event: 84.006 Thread 0x00000220e2b63e40 nmethod 12529 0x00000220cd87a710 code [0x00000220cd87a8e0, 0x00000220cd87ad68]
Event: 84.006 Thread 0x00000220e2b63e40 12530       3       org.codehaus.groovy.reflection.CachedClass$2::lambda$initValue$1 (25 bytes)
Event: 84.006 Thread 0x00000220e2b63e40 nmethod 12530 0x00000220cd87af10 code [0x00000220cd87b0c0, 0x00000220cd87b3c8]
Event: 84.008 Thread 0x00000220e2b63e40 12531       1       org.codehaus.groovy.runtime.metaclass.ClosureMetaClass::setInitialized (6 bytes)
Event: 84.009 Thread 0x00000220e2b63e40 nmethod 12531 0x00000220d4359610 code [0x00000220d43597a0, 0x00000220d4359878]
Event: 84.028 Thread 0x00000220e2b63e40 12532       3       java.security.PrivilegedActionException::getException (8 bytes)
Event: 84.028 Thread 0x00000220e2b63e40 nmethod 12532 0x00000220cd87b510 code [0x00000220cd87b6c0, 0x00000220cd87ba58]
Event: 84.028 Thread 0x00000220e2b63e40 12533  s    3       java.lang.Throwable::getCause (17 bytes)
Event: 84.028 Thread 0x00000220e2b63e40 nmethod 12533 0x00000220cd87bb10 code [0x00000220cd87bca0, 0x00000220cd87beb8]

GC Heap History (20 events):
Event: 53.027 GC heap before
{Heap before GC invocations=42 (full 0):
 garbage-first heap   total 122880K, used 98244K [0x0000000080000000, 0x0000000100000000)
  region size 1024K, 16 young (16384K), 2 survivors (2048K)
 Metaspace       used 70836K, committed 71552K, reserved 491520K
  class space    used 9902K, committed 10240K, reserved 425984K
}
Event: 53.030 GC heap after
{Heap after GC invocations=43 (full 0):
 garbage-first heap   total 122880K, used 87377K [0x0000000080000000, 0x0000000100000000)
  region size 1024K, 3 young (3072K), 3 survivors (3072K)
 Metaspace       used 70836K, committed 71552K, reserved 491520K
  class space    used 9902K, committed 10240K, reserved 425984K
}
Event: 53.337 GC heap before
{Heap before GC invocations=44 (full 0):
 garbage-first heap   total 160768K, used 104785K [0x0000000080000000, 0x0000000100000000)
  region size 1024K, 17 young (17408K), 3 survivors (3072K)
 Metaspace       used 71125K, committed 71808K, reserved 491520K
  class space    used 9968K, committed 10304K, reserved 425984K
}
Event: 53.341 GC heap after
{Heap after GC invocations=45 (full 0):
 garbage-first heap   total 160768K, used 86751K [0x0000000080000000, 0x0000000100000000)
  region size 1024K, 2 young (2048K), 2 survivors (2048K)
 Metaspace       used 71125K, committed 71808K, reserved 491520K
  class space    used 9968K, committed 10304K, reserved 425984K
}
Event: 53.540 GC heap before
{Heap before GC invocations=45 (full 0):
 garbage-first heap   total 160768K, used 91871K [0x0000000080000000, 0x0000000100000000)
  region size 1024K, 7 young (7168K), 2 survivors (2048K)
 Metaspace       used 71515K, committed 72256K, reserved 491520K
  class space    used 10012K, committed 10368K, reserved 425984K
}
Event: 53.542 GC heap after
{Heap after GC invocations=46 (full 0):
 garbage-first heap   total 160768K, used 86548K [0x0000000080000000, 0x0000000100000000)
  region size 1024K, 1 young (1024K), 1 survivors (1024K)
 Metaspace       used 71515K, committed 72256K, reserved 491520K
  class space    used 10012K, committed 10368K, reserved 425984K
}
Event: 55.371 GC heap before
{Heap before GC invocations=46 (full 0):
 garbage-first heap   total 160768K, used 129556K [0x0000000080000000, 0x0000000100000000)
  region size 1024K, 43 young (44032K), 1 survivors (1024K)
 Metaspace       used 74563K, committed 75264K, reserved 491520K
  class space    used 10386K, committed 10688K, reserved 425984K
}
Event: 55.376 GC heap after
{Heap after GC invocations=47 (full 0):
 garbage-first heap   total 250880K, used 88544K [0x0000000080000000, 0x0000000100000000)
  region size 1024K, 3 young (3072K), 3 survivors (3072K)
 Metaspace       used 74563K, committed 75264K, reserved 491520K
  class space    used 10386K, committed 10688K, reserved 425984K
}
Event: 75.037 GC heap before
{Heap before GC invocations=47 (full 0):
 garbage-first heap   total 250880K, used 198112K [0x0000000080000000, 0x0000000100000000)
  region size 1024K, 110 young (112640K), 3 survivors (3072K)
 Metaspace       used 79447K, committed 80192K, reserved 557056K
  class space    used 11082K, committed 11392K, reserved 425984K
}
Event: 75.124 GC heap after
{Heap after GC invocations=48 (full 0):
 garbage-first heap   total 250880K, used 95047K [0x0000000080000000, 0x0000000100000000)
  region size 1024K, 9 young (9216K), 9 survivors (9216K)
 Metaspace       used 79447K, committed 80192K, reserved 557056K
  class space    used 11082K, committed 11392K, reserved 425984K
}
Event: 77.776 GC heap before
{Heap before GC invocations=48 (full 0):
 garbage-first heap   total 250880K, used 197447K [0x0000000080000000, 0x0000000100000000)
  region size 1024K, 109 young (111616K), 9 survivors (9216K)
 Metaspace       used 85710K, committed 86464K, reserved 557056K
  class space    used 12083K, committed 12416K, reserved 425984K
}
Event: 77.808 GC heap after
{Heap after GC invocations=49 (full 0):
 garbage-first heap   total 250880K, used 101129K [0x0000000080000000, 0x0000000100000000)
  region size 1024K, 13 young (13312K), 13 survivors (13312K)
 Metaspace       used 85710K, committed 86464K, reserved 557056K
  class space    used 12083K, committed 12416K, reserved 425984K
}
Event: 80.027 GC heap before
{Heap before GC invocations=49 (full 0):
 garbage-first heap   total 250880K, used 207625K [0x0000000080000000, 0x0000000100000000)
  region size 1024K, 111 young (113664K), 13 survivors (13312K)
 Metaspace       used 88339K, committed 89216K, reserved 557056K
  class space    used 12496K, committed 12864K, reserved 425984K
}
Event: 80.115 GC heap after
{Heap after GC invocations=50 (full 0):
 garbage-first heap   total 250880K, used 126690K [0x0000000080000000, 0x0000000100000000)
  region size 1024K, 14 young (14336K), 14 survivors (14336K)
 Metaspace       used 88339K, committed 89216K, reserved 557056K
  class space    used 12496K, committed 12864K, reserved 425984K
}
Event: 81.337 GC heap before
{Heap before GC invocations=50 (full 0):
 garbage-first heap   total 250880K, used 199394K [0x0000000080000000, 0x0000000100000000)
  region size 1024K, 85 young (87040K), 14 survivors (14336K)
 Metaspace       used 91792K, committed 92672K, reserved 557056K
  class space    used 12982K, committed 13376K, reserved 425984K
}
Event: 81.382 GC heap after
{Heap after GC invocations=51 (full 0):
 garbage-first heap   total 250880K, used 134168K [0x0000000080000000, 0x0000000100000000)
  region size 1024K, 6 young (6144K), 6 survivors (6144K)
 Metaspace       used 91792K, committed 92672K, reserved 557056K
  class space    used 12982K, committed 13376K, reserved 425984K
}
Event: 82.559 GC heap before
{Heap before GC invocations=51 (full 0):
 garbage-first heap   total 250880K, used 203800K [0x0000000080000000, 0x0000000100000000)
  region size 1024K, 74 young (75776K), 6 survivors (6144K)
 Metaspace       used 94792K, committed 95744K, reserved 557056K
  class space    used 13390K, committed 13824K, reserved 425984K
}
Event: 82.568 GC heap after
{Heap after GC invocations=52 (full 0):
 garbage-first heap   total 250880K, used 140110K [0x0000000080000000, 0x0000000100000000)
  region size 1024K, 6 young (6144K), 6 survivors (6144K)
 Metaspace       used 94792K, committed 95744K, reserved 557056K
  class space    used 13390K, committed 13824K, reserved 425984K
}
Event: 83.105 GC heap before
{Heap before GC invocations=52 (full 0):
 garbage-first heap   total 250880K, used 206670K [0x0000000080000000, 0x0000000100000000)
  region size 1024K, 71 young (72704K), 6 survivors (6144K)
 Metaspace       used 95047K, committed 95936K, reserved 557056K
  class space    used 13414K, committed 13824K, reserved 425984K
}
Event: 83.115 GC heap after
{Heap after GC invocations=53 (full 0):
 garbage-first heap   total 250880K, used 151453K [0x0000000080000000, 0x0000000100000000)
  region size 1024K, 9 young (9216K), 9 survivors (9216K)
 Metaspace       used 95047K, committed 95936K, reserved 557056K
  class space    used 13414K, committed 13824K, reserved 425984K
}

Deoptimization events (20 events):
Event: 83.422 Thread 0x00000220ff577650 DEOPT PACKING pc=0x00000220cd5fd07b sp=0x00000092fb7f44c0
Event: 83.422 Thread 0x00000220ff577650 DEOPT UNPACKING pc=0x00000220d37a2b43 sp=0x00000092fb7f39e0 mode 0
Event: 83.427 Thread 0x00000220ff577650 DEOPT PACKING pc=0x00000220cd5fd07b sp=0x00000092fb7f44c0
Event: 83.427 Thread 0x00000220ff577650 DEOPT UNPACKING pc=0x00000220d37a2b43 sp=0x00000092fb7f39e0 mode 0
Event: 83.428 Thread 0x00000220ff577650 DEOPT PACKING pc=0x00000220cd5cfee0 sp=0x00000092fb7f44e0
Event: 83.428 Thread 0x00000220ff577650 DEOPT UNPACKING pc=0x00000220d37a2b43 sp=0x00000092fb7f39e8 mode 0
Event: 83.431 Thread 0x00000220ff577650 DEOPT PACKING pc=0x00000220cd5fd07b sp=0x00000092fb7f44c0
Event: 83.431 Thread 0x00000220ff577650 DEOPT UNPACKING pc=0x00000220d37a2b43 sp=0x00000092fb7f39e0 mode 0
Event: 83.435 Thread 0x00000220ff577650 DEOPT PACKING pc=0x00000220cd2f23e3 sp=0x00000092fb7f5c10
Event: 83.435 Thread 0x00000220ff577650 DEOPT UNPACKING pc=0x00000220d37a2b43 sp=0x00000092fb7f5160 mode 0
Event: 83.474 Thread 0x00000220ff577650 DEOPT PACKING pc=0x00000220cd5cfee0 sp=0x00000092fb7f8400
Event: 83.474 Thread 0x00000220ff577650 DEOPT UNPACKING pc=0x00000220d37a2b43 sp=0x00000092fb7f7908 mode 0
Event: 83.480 Thread 0x00000220ff577650 DEOPT PACKING pc=0x00000220cd5cfee0 sp=0x00000092fb7f86c0
Event: 83.480 Thread 0x00000220ff577650 DEOPT UNPACKING pc=0x00000220d37a2b43 sp=0x00000092fb7f7bc8 mode 0
Event: 83.546 Thread 0x00000220ff577650 DEOPT PACKING pc=0x00000220cd5cfee0 sp=0x00000092fb7f8070
Event: 83.546 Thread 0x00000220ff577650 DEOPT UNPACKING pc=0x00000220d37a2b43 sp=0x00000092fb7f7578 mode 0
Event: 83.614 Thread 0x00000220ff577650 DEOPT PACKING pc=0x00000220cd5cfee0 sp=0x00000092fb7f7ff0
Event: 83.614 Thread 0x00000220ff577650 DEOPT UNPACKING pc=0x00000220d37a2b43 sp=0x00000092fb7f74f8 mode 0
Event: 83.719 Thread 0x00000220ff577650 DEOPT PACKING pc=0x00000220cd5fd07b sp=0x00000092fb7f7cb0
Event: 83.719 Thread 0x00000220ff577650 DEOPT UNPACKING pc=0x00000220d37a2b43 sp=0x00000092fb7f71d0 mode 0

Classes unloaded (0 events):
No events

Classes redefined (0 events):
No events

Internal exceptions (20 events):
Event: 83.183 Thread 0x00000220ff577650 Exception <a 'java/lang/ClassNotFoundException'{0x000000008ec37818}: com/android/build/gradle/internal/tasks/LintModelMetadataTask_DecoratedBeanInfo> (0x000000008ec37818) 
thrown [s\open\src\hotspot\share\classfile\systemDictionary.cpp, line 256]
Event: 83.184 Thread 0x00000220ff577650 Exception <a 'java/lang/ClassNotFoundException'{0x000000008ec45bb0}: com/android/build/gradle/internal/tasks/LintModelMetadataTaskBeanInfo> (0x000000008ec45bb0) 
thrown [s\open\src\hotspot\share\classfile\systemDictionary.cpp, line 256]
Event: 83.185 Thread 0x00000220ff577650 Exception <a 'java/lang/ClassNotFoundException'{0x000000008ec53a50}: com/android/build/gradle/internal/tasks/LintModelMetadataTaskCustomizer> (0x000000008ec53a50) 
thrown [s\open\src\hotspot\share\classfile\systemDictionary.cpp, line 256]
Event: 83.185 Thread 0x00000220ff577650 Exception <a 'java/lang/ClassNotFoundException'{0x000000008ec73cf8}: com/android/build/gradle/internal/tasks/LintModelMetadataTask_DecoratedCustomizer> (0x000000008ec73cf8) 
thrown [s\open\src\hotspot\share\classfile\systemDictionary.cpp, line 256]
Event: 83.225 Thread 0x00000220ff577650 Exception <a 'java/lang/ClassNotFoundException'{0x000000008eb98cc0}: build_847pwwlmihwt8aqjd1wmvsfh2BeanInfo> (0x000000008eb98cc0) 
thrown [s\open\src\hotspot\share\classfile\systemDictionary.cpp, line 256]
Event: 83.225 Thread 0x00000220ff577650 Exception <a 'java/lang/ClassNotFoundException'{0x000000008eb9f700}: build_847pwwlmihwt8aqjd1wmvsfh2Customizer> (0x000000008eb9f700) 
thrown [s\open\src\hotspot\share\classfile\systemDictionary.cpp, line 256]
Event: 83.332 Thread 0x00000220ff577650 Exception <a 'java/lang/ClassNotFoundException'{0x000000008e4d48b0}: build_847pwwlmihwt8aqjd1wmvsfh2BeanInfo> (0x000000008e4d48b0) 
thrown [s\open\src\hotspot\share\classfile\systemDictionary.cpp, line 256]
Event: 83.332 Thread 0x00000220ff577650 Exception <a 'java/lang/ClassNotFoundException'{0x000000008e4db290}: build_847pwwlmihwt8aqjd1wmvsfh2Customizer> (0x000000008e4db290) 
thrown [s\open\src\hotspot\share\classfile\systemDictionary.cpp, line 256]
Event: 83.434 Thread 0x00000220ff577650 Exception <a 'java/lang/ClassNotFoundException'{0x000000008dd6dd78}: build_847pwwlmihwt8aqjd1wmvsfh2$_run_closure1BeanInfo> (0x000000008dd6dd78) 
thrown [s\open\src\hotspot\share\classfile\systemDictionary.cpp, line 256]
Event: 83.434 Thread 0x00000220ff577650 Exception <a 'java/lang/ClassNotFoundException'{0x000000008dd79ad8}: build_847pwwlmihwt8aqjd1wmvsfh2$_run_closure1Customizer> (0x000000008dd79ad8) 
thrown [s\open\src\hotspot\share\classfile\systemDictionary.cpp, line 256]
Event: 83.442 Thread 0x00000220ff577650 Exception <a 'java/lang/ClassNotFoundException'{0x000000008ddc8a00}: com/android/build/gradle/internal/dsl/NdkOptions_DecoratedBeanInfo> (0x000000008ddc8a00) 
thrown [s\open\src\hotspot\share\classfile\systemDictionary.cpp, line 256]
Event: 83.442 Thread 0x00000220ff577650 Exception <a 'java/lang/ClassNotFoundException'{0x000000008ddd8990}: com/android/build/gradle/internal/dsl/NdkOptionsBeanInfo> (0x000000008ddd8990) 
thrown [s\open\src\hotspot\share\classfile\systemDictionary.cpp, line 256]
Event: 83.443 Thread 0x00000220ff577650 Exception <a 'java/lang/ClassNotFoundException'{0x000000008dde8ae8}: com/android/build/gradle/internal/dsl/NdkOptionsCustomizer> (0x000000008dde8ae8) 
thrown [s\open\src\hotspot\share\classfile\systemDictionary.cpp, line 256]
Event: 83.444 Thread 0x00000220ff577650 Exception <a 'java/lang/ClassNotFoundException'{0x000000008dc0c630}: com/android/build/gradle/internal/dsl/NdkOptions_DecoratedCustomizer> (0x000000008dc0c630) 
thrown [s\open\src\hotspot\share\classfile\systemDictionary.cpp, line 256]
Event: 83.585 Thread 0x00000220ff577650 Exception <a 'java/lang/ClassNotFoundException'{0x000000008d6449f8}: build_b7t78z175pd4vkw4ty08z3aidBeanInfo> (0x000000008d6449f8) 
thrown [s\open\src\hotspot\share\classfile\systemDictionary.cpp, line 256]
Event: 83.585 Thread 0x00000220ff577650 Exception <a 'java/lang/ClassNotFoundException'{0x000000008d64b438}: build_b7t78z175pd4vkw4ty08z3aidCustomizer> (0x000000008d64b438) 
thrown [s\open\src\hotspot\share\classfile\systemDictionary.cpp, line 256]
Event: 83.600 Thread 0x00000220ff577650 Exception <a 'java/lang/ClassNotFoundException'{0x000000008d6b1c70}: build_b7t78z175pd4vkw4ty08z3aid$_run_closure1BeanInfo> (0x000000008d6b1c70) 
thrown [s\open\src\hotspot\share\classfile\systemDictionary.cpp, line 256]
Event: 83.600 Thread 0x00000220ff577650 Exception <a 'java/lang/ClassNotFoundException'{0x000000008d6b8bc8}: build_b7t78z175pd4vkw4ty08z3aid$_run_closure1Customizer> (0x000000008d6b8bc8) 
thrown [s\open\src\hotspot\share\classfile\systemDictionary.cpp, line 256]
Event: 83.960 Thread 0x00000220ff577650 Exception <a 'java/lang/ClassNotFoundException'{0x000000008ca7ea60}: build_b7t78z175pd4vkw4ty08z3aidBeanInfo> (0x000000008ca7ea60) 
thrown [s\open\src\hotspot\share\classfile\systemDictionary.cpp, line 256]
Event: 83.960 Thread 0x00000220ff577650 Exception <a 'java/lang/ClassNotFoundException'{0x000000008ca85440}: build_b7t78z175pd4vkw4ty08z3aidCustomizer> (0x000000008ca85440) 
thrown [s\open\src\hotspot\share\classfile\systemDictionary.cpp, line 256]

VM Operations (20 events):
Event: 80.716 Executing VM operation: HandshakeAllThreads
Event: 80.716 Executing VM operation: HandshakeAllThreads done
Event: 80.961 Executing VM operation: ICBufferFull
Event: 80.961 Executing VM operation: ICBufferFull done
Event: 81.023 Executing VM operation: HandshakeAllThreads
Event: 81.023 Executing VM operation: HandshakeAllThreads done
Event: 81.056 Executing VM operation: HandshakeAllThreads
Event: 81.056 Executing VM operation: HandshakeAllThreads done
Event: 81.337 Executing VM operation: G1CollectForAllocation
Event: 81.382 Executing VM operation: G1CollectForAllocation done
Event: 82.382 Executing VM operation: Cleanup
Event: 82.383 Executing VM operation: Cleanup done
Event: 82.519 Executing VM operation: HandshakeAllThreads
Event: 82.524 Executing VM operation: HandshakeAllThreads done
Event: 82.558 Executing VM operation: G1CollectForAllocation
Event: 82.568 Executing VM operation: G1CollectForAllocation done
Event: 83.105 Executing VM operation: G1CollectForAllocation
Event: 83.116 Executing VM operation: G1CollectForAllocation done
Event: 83.963 Executing VM operation: ICBufferFull
Event: 83.963 Executing VM operation: ICBufferFull done

Events (20 events):
Event: 81.054 loading class java/util/AbstractList$SubList$1
Event: 81.054 loading class java/util/AbstractList$SubList$1 done
Event: 81.054 loading class java/util/AbstractList$ListItr
Event: 81.054 loading class java/util/AbstractList$ListItr done
Event: 81.827 loading class java/util/zip/ZipOutputStream
Event: 81.830 loading class java/util/zip/ZipOutputStream done
Event: 82.337 loading class java/security/cert/CertificateEncodingException
Event: 82.339 loading class java/security/cert/CertificateEncodingException done
Event: 82.536 Thread 0x00000220e2b79b50 flushing nmethod 0x00000220cc3e2110
Event: 82.551 Thread 0x00000220e2b79b50 flushing nmethod 0x00000220cc916e10
Event: 82.552 Thread 0x00000220e2b79b50 flushing nmethod 0x00000220cc99ff90
Event: 83.085 loading class java/security/NoSuchProviderException
Event: 83.086 loading class java/security/NoSuchProviderException done
Event: 83.790 Thread 0x000002208753da30 Thread added: 0x000002208753da30
Event: 83.791 Thread 0x000002208753fda0 Thread added: 0x000002208753fda0
Event: 83.791 Thread 0x00000220875402b0 Thread added: 0x00000220875402b0
Event: 83.792 Thread 0x000002208753a280 Thread added: 0x000002208753a280
Event: 83.792 Thread 0x000002208753aca0 Thread added: 0x000002208753aca0
Event: 83.792 Thread 0x000002208753f890 Thread added: 0x000002208753f890
Event: 83.792 Thread 0x0000022087540cd0 Thread added: 0x0000022087540cd0


Dynamic libraries:
0x00007ff74ba40000 - 0x00007ff74ba50000 	C:\Program Files\Java\jdk-17\bin\java.exe
0x00007ffd18370000 - 0x00007ffd18587000 	C:\Windows\SYSTEM32\ntdll.dll
0x00007ffd17af0000 - 0x00007ffd17bb4000 	C:\Windows\System32\KERNEL32.DLL
0x00007ffd15890000 - 0x00007ffd15c36000 	C:\Windows\System32\KERNELBASE.dll
0x00007ffd15d90000 - 0x00007ffd15ea1000 	C:\Windows\System32\ucrtbase.dll
0x00007ffcfe6c0000 - 0x00007ffcfe6db000 	C:\Program Files\Java\jdk-17\bin\VCRUNTIME140.dll
0x00007ffcfd7e0000 - 0x00007ffcfd7f9000 	C:\Program Files\Java\jdk-17\bin\jli.dll
0x00007ffd16130000 - 0x00007ffd161e3000 	C:\Windows\System32\ADVAPI32.dll
0x00007ffd17f40000 - 0x00007ffd17fe7000 	C:\Windows\System32\msvcrt.dll
0x00007ffd17c70000 - 0x00007ffd17d18000 	C:\Windows\System32\sechost.dll
0x00007ffd15d60000 - 0x00007ffd15d88000 	C:\Windows\System32\bcrypt.dll
0x00007ffd18210000 - 0x00007ffd18327000 	C:\Windows\System32\RPCRT4.dll
0x00007ffd16fc0000 - 0x00007ffd1716e000 	C:\Windows\System32\USER32.dll
0x00007ffceddb0000 - 0x00007ffcee043000 	C:\Windows\WinSxS\amd64_microsoft.windows.common-controls_6595b64144ccf1df_6.0.22621.2506_none_270c5ae97388e100\COMCTL32.dll
0x00007ffd15f20000 - 0x00007ffd15f46000 	C:\Windows\System32\win32u.dll
0x00007ffd177f0000 - 0x00007ffd17819000 	C:\Windows\System32\GDI32.dll
0x00007ffd156b0000 - 0x00007ffd157c8000 	C:\Windows\System32\gdi32full.dll
0x00007ffd15c40000 - 0x00007ffd15cda000 	C:\Windows\System32\msvcp_win.dll
0x00007ffd0cb60000 - 0x00007ffd0cb6a000 	C:\Windows\SYSTEM32\VERSION.dll
0x00007ffd17ab0000 - 0x00007ffd17ae1000 	C:\Windows\System32\IMM32.DLL
0x00007ffd0a7c0000 - 0x00007ffd0a7cc000 	C:\Program Files\Java\jdk-17\bin\vcruntime140_1.dll
0x00007ffcf14c0000 - 0x00007ffcf154e000 	C:\Program Files\Java\jdk-17\bin\msvcp140.dll
0x00007ffccc580000 - 0x00007ffccd161000 	C:\Program Files\Java\jdk-17\bin\server\jvm.dll
0x00007ffd17820000 - 0x00007ffd17828000 	C:\Windows\System32\PSAPI.DLL
0x00007ffd12530000 - 0x00007ffd12539000 	C:\Windows\SYSTEM32\WSOCK32.dll
0x00007ffd0ded0000 - 0x00007ffd0df04000 	C:\Windows\SYSTEM32\WINMM.dll
0x00007ffd17bc0000 - 0x00007ffd17c31000 	C:\Windows\System32\WS2_32.dll
0x00007ffd146e0000 - 0x00007ffd146f8000 	C:\Windows\SYSTEM32\kernel.appcore.dll
0x00007ffd00cf0000 - 0x00007ffd00cfa000 	C:\Program Files\Java\jdk-17\bin\jimage.dll
0x00007ffd12bc0000 - 0x00007ffd12df3000 	C:\Windows\SYSTEM32\DBGHELP.DLL
0x00007ffd17450000 - 0x00007ffd177d9000 	C:\Windows\System32\combase.dll
0x00007ffd16ee0000 - 0x00007ffd16fb7000 	C:\Windows\System32\OLEAUT32.dll
0x00007ffd0ba40000 - 0x00007ffd0ba72000 	C:\Windows\SYSTEM32\dbgcore.DLL
0x00007ffd15ce0000 - 0x00007ffd15d5a000 	C:\Windows\System32\bcryptPrimitives.dll
0x00007ffd12470000 - 0x00007ffd1247e000 	C:\Program Files\Java\jdk-17\bin\instrument.dll
0x00007ffcf4fb0000 - 0x00007ffcf4fd5000 	C:\Program Files\Java\jdk-17\bin\java.dll
0x00007ffcf0d10000 - 0x00007ffcf0de7000 	C:\Program Files\Java\jdk-17\bin\jsvml.dll
0x00007ffd16670000 - 0x00007ffd16eca000 	C:\Windows\System32\SHELL32.dll
0x00007ffd13600000 - 0x00007ffd13ef6000 	C:\Windows\SYSTEM32\windows.storage.dll
0x00007ffd134c0000 - 0x00007ffd135fe000 	C:\Windows\SYSTEM32\wintypes.dll
0x00007ffd17d20000 - 0x00007ffd17e13000 	C:\Windows\System32\SHCORE.dll
0x00007ffd181b0000 - 0x00007ffd1820e000 	C:\Windows\System32\shlwapi.dll
0x00007ffd155e0000 - 0x00007ffd15606000 	C:\Windows\SYSTEM32\profapi.dll
0x00007ffcf5b60000 - 0x00007ffcf5b78000 	C:\Program Files\Java\jdk-17\bin\zip.dll
0x00007ffcfc0f0000 - 0x00007ffcfc109000 	C:\Program Files\Java\jdk-17\bin\net.dll
0x00007ffd0fde0000 - 0x00007ffd0ff17000 	C:\Windows\SYSTEM32\WINHTTP.dll
0x00007ffd14b60000 - 0x00007ffd14bc9000 	C:\Windows\system32\mswsock.dll
0x00007ffcf60d0000 - 0x00007ffcf60e6000 	C:\Program Files\Java\jdk-17\bin\nio.dll
0x00007ffd12480000 - 0x00007ffd12490000 	C:\Program Files\Java\jdk-17\bin\verify.dll
0x00007ffcda440000 - 0x00007ffcda467000 	C:\Users\vanth\.gradle\native\68d5fa5c4cc2d200863cafc0d521ce42e7d3e7ee720ec0a83991735586a16f82\windows-amd64\native-platform.dll
0x00007ffcd95d0000 - 0x00007ffcd9714000 	C:\Users\vanth\.gradle\native\e376f236ea51e6404a007f0833ffe2c6e607c4080706a723a18a27aeea778392\windows-amd64\native-platform-file-events.dll
0x00007ffd00360000 - 0x00007ffd0036a000 	C:\Program Files\Java\jdk-17\bin\management.dll
0x00007ffcfc230000 - 0x00007ffcfc23b000 	C:\Program Files\Java\jdk-17\bin\management_ext.dll
0x00007ffd14e20000 - 0x00007ffd14e3b000 	C:\Windows\SYSTEM32\CRYPTSP.dll
0x00007ffd14640000 - 0x00007ffd14675000 	C:\Windows\system32\rsaenh.dll
0x00007ffd14cc0000 - 0x00007ffd14cec000 	C:\Windows\SYSTEM32\USERENV.dll
0x00007ffd14e40000 - 0x00007ffd14e4c000 	C:\Windows\SYSTEM32\CRYPTBASE.dll
0x00007ffd141a0000 - 0x00007ffd141cd000 	C:\Windows\SYSTEM32\IPHLPAPI.DLL
0x00007ffd17c40000 - 0x00007ffd17c49000 	C:\Windows\System32\NSI.dll
0x00007ffd0fc30000 - 0x00007ffd0fc49000 	C:\Windows\SYSTEM32\dhcpcsvc6.DLL
0x00007ffd0fc10000 - 0x00007ffd0fc2f000 	C:\Windows\SYSTEM32\dhcpcsvc.DLL
0x00007ffd141d0000 - 0x00007ffd142c9000 	C:\Windows\SYSTEM32\DNSAPI.dll
0x00007ffcfb8e0000 - 0x00007ffcfb8ee000 	C:\Program Files\Java\jdk-17\bin\sunmscapi.dll
0x00007ffd15f50000 - 0x00007ffd160b6000 	C:\Windows\System32\CRYPT32.dll
0x00007ffd15040000 - 0x00007ffd1506e000 	C:\Windows\SYSTEM32\ncrypt.dll
0x00007ffd15000000 - 0x00007ffd15037000 	C:\Windows\SYSTEM32\NTASN1.dll
0x00007ffcf4f70000 - 0x00007ffcf4f78000 	C:\Windows\system32\wshunix.dll
0x00007ffceb630000 - 0x00007ffceb647000 	C:\Windows\system32\napinsp.dll
0x00007ffceb3e0000 - 0x00007ffceb3fb000 	C:\Windows\system32\pnrpnsp.dll
0x00007ffceb3c0000 - 0x00007ffceb3d1000 	C:\Windows\System32\winrnr.dll
0x00007ffceb3a0000 - 0x00007ffceb3b5000 	C:\Windows\system32\wshbth.dll
0x00007ffceb370000 - 0x00007ffceb391000 	C:\Windows\system32\nlansp_c.dll
0x00007ffd0cfb0000 - 0x00007ffd0cfba000 	C:\Windows\System32\rasadhlp.dll
0x00007ffd0de40000 - 0x00007ffd0dec3000 	C:\Windows\System32\fwpuclnt.dll

dbghelp: loaded successfully - version: 4.0.5 - missing functions: none
symbol engine: initialized successfully - sym options: 0x614 - pdb path: .;C:\Program Files\Java\jdk-17\bin;C:\Windows\SYSTEM32;C:\Windows\WinSxS\amd64_microsoft.windows.common-controls_6595b64144ccf1df_6.0.22621.2506_none_270c5ae97388e100;C:\Program Files\Java\jdk-17\bin\server;C:\Users\vanth\.gradle\native\68d5fa5c4cc2d200863cafc0d521ce42e7d3e7ee720ec0a83991735586a16f82\windows-amd64;C:\Users\vanth\.gradle\native\e376f236ea51e6404a007f0833ffe2c6e607c4080706a723a18a27aeea778392\windows-amd64

VM Arguments:
jvm_args: -XX:MaxMetaspaceSize=512m --add-opens=java.base/java.util=ALL-UNNAMED --add-opens=java.base/java.lang=ALL-UNNAMED --add-opens=java.base/java.lang.invoke=ALL-UNNAMED --add-opens=java.prefs/java.util.prefs=ALL-UNNAMED --add-opens=java.base/java.nio.charset=ALL-UNNAMED --add-opens=java.base/java.net=ALL-UNNAMED --add-opens=java.base/java.util.concurrent.atomic=ALL-UNNAMED -Xmx2048m -Dfile.encoding=windows-1252 -Duser.country=US -Duser.language=en -Duser.variant -javaagent:C:\Users\vanth\.gradle\wrapper\dists\gradle-8.3-all\6en3ugtfdg5xnpx44z4qbwgas\gradle-8.3\lib\agents\gradle-instrumentation-agent-8.3.jar 
java_command: org.gradle.launcher.daemon.bootstrap.GradleDaemon 8.3
java_class_path (initial): C:\Users\vanth\.gradle\wrapper\dists\gradle-8.3-all\6en3ugtfdg5xnpx44z4qbwgas\gradle-8.3\lib\gradle-launcher-8.3.jar
Launcher Type: SUN_STANDARD

[Global flags]
     intx CICompilerCount                          = 4                                         {product} {ergonomic}
   size_t CompressedClassSpaceSize                 = 436207616                                 {product} {ergonomic}
     uint ConcGCThreads                            = 2                                         {product} {ergonomic}
     uint G1ConcRefinementThreads                  = 8                                         {product} {ergonomic}
   size_t G1HeapRegionSize                         = 1048576                                   {product} {ergonomic}
    uintx GCDrainStackTargetSize                   = 64                                        {product} {ergonomic}
   size_t InitialHeapSize                          = 96468992                                  {product} {ergonomic}
   size_t MarkStackSize                            = 4194304                                   {product} {ergonomic}
   size_t MaxHeapSize                              = 2147483648                                {product} {command line}
   size_t MaxMetaspaceSize                         = 536870912                                 {product} {command line}
   size_t MaxNewSize                               = 1287651328                                {product} {ergonomic}
   size_t MinHeapDeltaBytes                        = 1048576                                   {product} {ergonomic}
   size_t MinHeapSize                              = 8388608                                   {product} {ergonomic}
    uintx NonNMethodCodeHeapSize                   = 5839372                                {pd product} {ergonomic}
    uintx NonProfiledCodeHeapSize                  = 122909434                              {pd product} {ergonomic}
    uintx ProfiledCodeHeapSize                     = 122909434                              {pd product} {ergonomic}
    uintx ReservedCodeCacheSize                    = 251658240                              {pd product} {ergonomic}
     bool SegmentedCodeCache                       = true                                      {product} {ergonomic}
   size_t SoftMaxHeapSize                          = 2147483648                             {manageable} {ergonomic}
     bool UseCompressedClassPointers               = true                           {product lp64_product} {ergonomic}
     bool UseCompressedOops                        = true                           {product lp64_product} {ergonomic}
     bool UseG1GC                                  = true                                      {product} {ergonomic}
     bool UseLargePagesIndividualAllocation        = false                                  {pd product} {ergonomic}

Logging:
Log output configuration:
 #0: stdout all=warning uptime,level,tags
 #1: stderr all=off uptime,level,tags

Environment Variables:
JAVA_HOME=C:\Program Files\Java\jdk-17
CLASSPATH=C:\Users\vanth\FixAllNow\Mobile\android\\gradle\wrapper\gradle-wrapper.jar
PATH=C:\Users\vanth\FixAllNow\Mobile\node_modules\.bin;C:\Users\vanth\FixAllNow\Mobile\node_modules\.bin;C:\Users\vanth\FixAllNow\node_modules\.bin;C:\Users\vanth\node_modules\.bin;C:\Users\node_modules\.bin;C:\node_modules\.bin;C:\Users\vanth\AppData\Roaming\npm\node_modules\npm\node_modules\@npmcli\run-script\lib\node-gyp-bin;C:\Users\vanth\FixAllNow\Mobile\node_modules\.bin;C:\Users\vanth\FixAllNow\node_modules\.bin;C:\Users\vanth\node_modules\.bin;C:\Users\node_modules\.bin;C:\node_modules\.bin;C:\Users\vanth\AppData\Roaming\npm\node_modules\npm\node_modules\@npmcli\run-script\lib\node-gyp-bin;C:\Program Files\Common Files\Oracle\Java\javapath;C:\Program Files\Microsoft\jdk-11.0.16.101-hotspot\bin;C:\Windows\system32;C:\Windows;C:\Windows\System32\Wbem;C:\Windows\System32\WindowsPowerShell\v1.0\;C:\Windows\System32\OpenSSH\;C:\Program Files\Git\cmd;C:\xampp\php;C:\Program Files\Microsoft SQL Server\150\Tools\Binn\;C:\Program Files\Microsoft SQL Server\Client SDK\ODBC\170\Tools\Binn\;C:\Program Files\dotnet\;C:\ProgramData\ComposerSetup\bin;C:\Program Files (x86)\Microsoft SQL Server\150\Tools\Binn\;C:\Program Files\Microsoft SQL Server\150\DTS\Binn\;C:\Program Files\Azure Data Studio\bin;C:\Users\vanth\AppData\Roaming\nvm;C:\Program Files\nodejs;;C:\Program Files (x86)\Microsoft SQL Server\160\DTS\Binn\;C:\Program Files\Microsoft\jdk-11.0.16.101-hotspot\bin;C:\Windows\system32;C:\Windows;C:\Windows\System32\Wbem;C:\Windows\System32\WindowsPowerShell\v1.0\;C:\Windows\System32\OpenSSH\;C:\Program Files\Git\cmd;C:\xampp\php;C:\Program Files\Microsoft SQL Server\150\Tools\Binn\;C:\Program Files\Microsoft SQL Server\Client SDK\ODBC\170\Tools\Binn\;C:\Program Files\dotnet\;C:\ProgramData\ComposerSetup\bin;C:\Program Files (x86)\Microsoft SQL Server\150\Tools\Binn\;C:\Program Files\Microsoft SQL Server\150\DTS\Binn\;C:\Program Files\Azure Data Studio\bin;C:\Users\vanth\AppData\Roaming\nvm;C:\Program Files (x86)\Microsoft SQL Server\160\DTS\Binn\;C:\Users\vanth\AppData\Loc
USERNAME=HI
LANG=en_US.UTF-8
OS=Windows_NT
PROCESSOR_IDENTIFIER=AMD64 Family 23 Model 160 Stepping 0, AuthenticAMD



---------------  S Y S T E M  ---------------

OS:
 Windows 11 , 64 bit Build 22621 (10.0.22621.2506)
OS uptime: 0 days 17:58 hours

CPU: total 8 (initial active 8) (8 cores per cpu, 2 threads per core) family 23 model 160 stepping 0 microcode 0x0, cx8, cmov, fxsr, ht, mmx, 3dnowpref, sse, sse2, sse3, ssse3, sse4a, sse4.1, sse4.2, popcnt, lzcnt, tsc, tscinvbit, avx, avx2, aes, clmul, bmi1, bmi2, adx, sha, fma, vzeroupper, clflush, clflushopt

Memory: 4k page, system-wide physical 5877M (229M free)
TotalPageFile size 24309M (AvailPageFile size 0M)
current process WorkingSet (physical memory assigned to process): 381M, peak: 382M
current process commit charge ("private bytes"): 562M, peak: 563M

vm_info: Java HotSpot(TM) 64-Bit Server VM (17.0.9+11-LTS-201) for windows-amd64 JRE (17.0.9+11-LTS-201), built on Oct 10 2023 23:16:06 by "mach5one" with MS VC++ 17.1 (VS2022)

END.
