#
# There is insufficient memory for the Java Runtime Environment to continue.
# Native memory allocation (malloc) failed to allocate 1014496 bytes for Chunk::new
# Possible reasons:
#   The system is out of physical RAM or swap space
#   The process is running with CompressedOops enabled, and the Java Heap may be blocking the growth of the native heap
# Possible solutions:
#   Reduce memory load on the system
#   Increase physical memory or swap space
#   Check if swap backing store is full
#   Decrease Java heap size (-Xmx/-Xms)
#   Decrease number of Java threads
#   Decrease Java thread stack sizes (-Xss)
#   Set larger code cache with -XX:ReservedCodeCacheSize=
#   JVM is running with Unscaled Compressed Oops mode in which the Java heap is
#     placed in the first 4GB address space. The Java Heap base address is the
#     maximum limit for the native heap growth. Please use -XX:HeapBaseMinAddress
#     to set the Java Heap base and to place the Java Heap above 4GB virtual address.
# This output file may be truncated or incomplete.
#
#  Out of Memory Error (arena.cpp:189), pid=21120, tid=27716
#
# JRE version: Java(TM) SE Runtime Environment (17.0.9+11) (build 17.0.9+11-LTS-201)
# Java VM: Java HotSpot(TM) 64-Bit Server VM (17.0.9+11-LTS-201, mixed mode, sharing, tiered, compressed oops, compressed class ptrs, g1 gc, windows-amd64)
# No core dump will be written. Minidumps are not enabled by default on client versions of Windows
#

---------------  S U M M A R Y ------------

Command Line: org.jetbrains.kotlin.cli.jvm.K2JVMCompiler @C:\Users\vanth\FixAllNow\Mobile\node_modules\react-native-gesture-handler\android\build\20240228_17954817472601526476.compiler.options

Host: AMD Ryzen 5 7520U with Radeon Graphics         , 8 cores, 5G,  Windows 11 , 64 bit Build 22621 (10.0.22621.3085)
Time: Wed Feb 28 16:01:19 2024 SE Asia Standard Time elapsed time: 14.646326 seconds (0d 0h 0m 14s)

---------------  T H R E A D  ---------------

Current thread (0x000001a8b8accb10):  JavaThread "C2 CompilerThread0" daemon [_thread_in_native, id=27716, stack(0x00000094be500000,0x00000094be600000)]


Current CompileTask:
C2:  14646 4613       4       org.jetbrains.kotlin.com.intellij.lang.impl.PsiBuilderImpl::insertLeaves (88 bytes)

Stack: [0x00000094be500000,0x00000094be600000]
Native frames: (J=compiled Java code, j=interpreted, Vv=VM code, C=native code)
V  [jvm.dll+0x678a4a]
V  [jvm.dll+0x7d9cfd]
V  [jvm.dll+0x7db60e]
V  [jvm.dll+0x7dbc73]
V  [jvm.dll+0x245e1f]
V  [jvm.dll+0xaaafb]
V  [jvm.dll+0xab09c]
V  [jvm.dll+0x2ab7ef]
V  [jvm.dll+0x5812e5]
V  [jvm.dll+0x220c52]
V  [jvm.dll+0x22102f]
V  [jvm.dll+0x219f86]
V  [jvm.dll+0x217459]
V  [jvm.dll+0x1a3bc0]
V  [jvm.dll+0x2272de]
V  [jvm.dll+0x22548b]
V  [jvm.dll+0x78f58c]
V  [jvm.dll+0x78998a]
V  [jvm.dll+0x677875]
C  [ucrtbase.dll+0x29363]
C  [KERNEL32.DLL+0x1257d]
C  [ntdll.dll+0x5aa58]


---------------  P R O C E S S  ---------------

Threads class SMR info:
_java_thread_list=0x000001a8fe08bc10, length=12, elements={
0x000001a89be4ba20, 0x000001a8b8aafac0, 0x000001a8b8ab1150, 0x000001a8b8ac7100,
0x000001a8b8aca9f0, 0x000001a8b8acb3b0, 0x000001a8b8acbd70, 0x000001a8b8accb10,
0x000001a8b8acf5d0, 0x000001a8b8ad3300, 0x000001a8fe0c9dd0, 0x000001a8fe0ce390
}

Java Threads: ( => current thread )
  0x000001a89be4ba20 JavaThread "main" [_thread_in_native, id=28232, stack(0x00000094bd800000,0x00000094bd900000)]
  0x000001a8b8aafac0 JavaThread "Reference Handler" daemon [_thread_blocked, id=8524, stack(0x00000094bdf00000,0x00000094be000000)]
  0x000001a8b8ab1150 JavaThread "Finalizer" daemon [_thread_blocked, id=15472, stack(0x00000094be000000,0x00000094be100000)]
  0x000001a8b8ac7100 JavaThread "Signal Dispatcher" daemon [_thread_blocked, id=12560, stack(0x00000094be100000,0x00000094be200000)]
  0x000001a8b8aca9f0 JavaThread "Attach Listener" daemon [_thread_blocked, id=10816, stack(0x00000094be200000,0x00000094be300000)]
  0x000001a8b8acb3b0 JavaThread "Service Thread" daemon [_thread_blocked, id=1104, stack(0x00000094be300000,0x00000094be400000)]
  0x000001a8b8acbd70 JavaThread "Monitor Deflation Thread" daemon [_thread_blocked, id=19332, stack(0x00000094be400000,0x00000094be500000)]
=>0x000001a8b8accb10 JavaThread "C2 CompilerThread0" daemon [_thread_in_native, id=27716, stack(0x00000094be500000,0x00000094be600000)]
  0x000001a8b8acf5d0 JavaThread "C1 CompilerThread0" daemon [_thread_blocked, id=720, stack(0x00000094be600000,0x00000094be700000)]
  0x000001a8b8ad3300 JavaThread "Sweeper thread" daemon [_thread_blocked, id=6380, stack(0x00000094be700000,0x00000094be800000)]
  0x000001a8fe0c9dd0 JavaThread "Notification Thread" daemon [_thread_blocked, id=1312, stack(0x00000094be800000,0x00000094be900000)]
  0x000001a8fe0ce390 JavaThread "Common-Cleaner" daemon [_thread_blocked, id=14600, stack(0x00000094bea00000,0x00000094beb00000)]

Other Threads:
  0x000001a8b8aa9310 VMThread "VM Thread" [stack: 0x00000094bde00000,0x00000094bdf00000] [id=28356]
  0x000001a8fe0cc2c0 WatcherThread [stack: 0x00000094be900000,0x00000094bea00000] [id=6064]
  0x000001a89be96800 GCTaskThread "GC Thread#0" [stack: 0x00000094bd900000,0x00000094bda00000] [id=23200]
  0x000001a8fe5cc1a0 GCTaskThread "GC Thread#1" [stack: 0x00000094beb00000,0x00000094bec00000] [id=15300]
  0x000001a8fe5df420 GCTaskThread "GC Thread#2" [stack: 0x00000094bec00000,0x00000094bed00000] [id=19444]
  0x000001a8fe5df6e0 GCTaskThread "GC Thread#3" [stack: 0x00000094bed00000,0x00000094bee00000] [id=10580]
  0x000001a8fe5dfdb0 GCTaskThread "GC Thread#4" [stack: 0x00000094bee00000,0x00000094bef00000] [id=24904]
  0x000001a8fe5e2080 GCTaskThread "GC Thread#5" [stack: 0x00000094bef00000,0x00000094bf000000] [id=28264]
  0x000001a8fe969b60 GCTaskThread "GC Thread#6" [stack: 0x00000094bf000000,0x00000094bf100000] [id=21688]
  0x000001a8fe969e20 GCTaskThread "GC Thread#7" [stack: 0x00000094bf100000,0x00000094bf200000] [id=28148]
  0x000001a89bea2f10 ConcurrentGCThread "G1 Main Marker" [stack: 0x00000094bda00000,0x00000094bdb00000] [id=8500]
  0x000001a89bea4930 ConcurrentGCThread "G1 Conc#0" [stack: 0x00000094bdb00000,0x00000094bdc00000] [id=11688]
  0x000001a8802c3250 ConcurrentGCThread "G1 Conc#1" [stack: 0x00000094bf200000,0x00000094bf300000] [id=24824]
  0x000001a89bf08260 ConcurrentGCThread "G1 Refine#0" [stack: 0x00000094bdc00000,0x00000094bdd00000] [id=28336]
  0x000001a8febfebd0 ConcurrentGCThread "G1 Refine#1" [stack: 0x00000094bf300000,0x00000094bf400000] [id=19928]
  0x000001a89bf08c90 ConcurrentGCThread "G1 Service" [stack: 0x00000094bdd00000,0x00000094bde00000] [id=2980]

Threads with active compile tasks:
C2 CompilerThread0    14662 4613       4       org.jetbrains.kotlin.com.intellij.lang.impl.PsiBuilderImpl::insertLeaves (88 bytes)

VM state: not at safepoint (normal execution)

VM Mutex/Monitor currently owned by a thread: None

Heap address: 0x00000000a4200000, size: 1470 MB, Compressed Oops mode: 32-bit

CDS archive(s) mapped at: [0x000001a8b9000000-0x000001a8b9bd0000-0x000001a8b9bd0000), size 12386304, SharedBaseAddress: 0x000001a8b9000000, ArchiveRelocationMode: 1.
Compressed class space mapped at: 0x000001a8ba000000-0x000001a8fa000000, reserved size: 1073741824
Narrow klass base: 0x000001a8b9000000, Narrow klass shift: 0, Narrow klass range: 0x100000000

GC Precious Log:
 CPUs: 8 total, 8 available
 Memory: 5877M
 Large Page Support: Disabled
 NUMA Support: Disabled
 Compressed Oops: Enabled (32-bit)
 Heap Region Size: 1M
 Heap Min Capacity: 8M
 Heap Initial Capacity: 92M
 Heap Max Capacity: 1470M
 Pre-touch: Disabled
 Parallel Workers: 8
 Concurrent Workers: 2
 Concurrent Refinement Workers: 8
 Periodic GC: Disabled

Heap:
 garbage-first heap   total 71680K, used 48374K [0x00000000a4200000, 0x0000000100000000)
  region size 1024K, 9 young (9216K), 1 survivors (1024K)
 Metaspace       used 43168K, committed 43392K, reserved 1114112K
  class space    used 5240K, committed 5312K, reserved 1048576K

Heap Regions: E=young(eden), S=young(survivor), O=old, HS=humongous(starts), HC=humongous(continues), CS=collection set, F=free, OA=open archive, CA=closed archive, TAMS=top-at-mark-start (previous, next)
|   0|0x00000000a4200000, 0x00000000a4300000, 0x00000000a4300000|100%|HS|  |TAMS 0x00000000a4300000, 0x00000000a4200000| Complete 
|   1|0x00000000a4300000, 0x00000000a4400000, 0x00000000a4400000|100%|HC|  |TAMS 0x00000000a4400000, 0x00000000a4300000| Complete 
|   2|0x00000000a4400000, 0x00000000a4500000, 0x00000000a4500000|100%|HC|  |TAMS 0x00000000a4500000, 0x00000000a4400000| Complete 
|   3|0x00000000a4500000, 0x00000000a4600000, 0x00000000a4600000|100%|HC|  |TAMS 0x00000000a4600000, 0x00000000a4500000| Complete 
|   4|0x00000000a4600000, 0x00000000a4700000, 0x00000000a4700000|100%| O|  |TAMS 0x00000000a4700000, 0x00000000a4600000| Untracked 
|   5|0x00000000a4700000, 0x00000000a4800000, 0x00000000a4800000|100%| O|  |TAMS 0x00000000a4800000, 0x00000000a4700000| Untracked 
|   6|0x00000000a4800000, 0x00000000a4900000, 0x00000000a4900000|100%| O|  |TAMS 0x00000000a4900000, 0x00000000a4800000| Untracked 
|   7|0x00000000a4900000, 0x00000000a4a00000, 0x00000000a4a00000|100%|HS|  |TAMS 0x00000000a4a00000, 0x00000000a4900000| Complete 
|   8|0x00000000a4a00000, 0x00000000a4b00000, 0x00000000a4b00000|100%|HC|  |TAMS 0x00000000a4b00000, 0x00000000a4a00000| Complete 
|   9|0x00000000a4b00000, 0x00000000a4c00000, 0x00000000a4c00000|100%|HC|  |TAMS 0x00000000a4c00000, 0x00000000a4b00000| Complete 
|  10|0x00000000a4c00000, 0x00000000a4d00000, 0x00000000a4d00000|100%|HC|  |TAMS 0x00000000a4d00000, 0x00000000a4c00000| Complete 
|  11|0x00000000a4d00000, 0x00000000a4e00000, 0x00000000a4e00000|100%| O|  |TAMS 0x00000000a4e00000, 0x00000000a4d00000| Untracked 
|  12|0x00000000a4e00000, 0x00000000a4f00000, 0x00000000a4f00000|100%| O|  |TAMS 0x00000000a4f00000, 0x00000000a4e00000| Untracked 
|  13|0x00000000a4f00000, 0x00000000a5000000, 0x00000000a5000000|100%| O|  |TAMS 0x00000000a5000000, 0x00000000a4f00000| Untracked 
|  14|0x00000000a5000000, 0x00000000a5100000, 0x00000000a5100000|100%| O|  |TAMS 0x00000000a5100000, 0x00000000a5000000| Untracked 
|  15|0x00000000a5100000, 0x00000000a5200000, 0x00000000a5200000|100%| O|  |TAMS 0x00000000a5200000, 0x00000000a5100000| Untracked 
|  16|0x00000000a5200000, 0x00000000a5300000, 0x00000000a5300000|100%| O|  |TAMS 0x00000000a5300000, 0x00000000a5200000| Untracked 
|  17|0x00000000a5300000, 0x00000000a5400000, 0x00000000a5400000|100%| O|  |TAMS 0x00000000a5400000, 0x00000000a5300000| Untracked 
|  18|0x00000000a5400000, 0x00000000a5500000, 0x00000000a5500000|100%| O|  |TAMS 0x00000000a5500000, 0x00000000a5400000| Untracked 
|  19|0x00000000a5500000, 0x00000000a5600000, 0x00000000a5600000|100%| O|  |TAMS 0x00000000a5600000, 0x00000000a5500000| Untracked 
|  20|0x00000000a5600000, 0x00000000a5700000, 0x00000000a5700000|100%| O|  |TAMS 0x00000000a5700000, 0x00000000a5600000| Untracked 
|  21|0x00000000a5700000, 0x00000000a5800000, 0x00000000a5800000|100%|HS|  |TAMS 0x00000000a5800000, 0x00000000a5700000| Complete 
|  22|0x00000000a5800000, 0x00000000a5900000, 0x00000000a5900000|100%|HC|  |TAMS 0x00000000a5900000, 0x00000000a5800000| Complete 
|  23|0x00000000a5900000, 0x00000000a5a00000, 0x00000000a5a00000|100%| O|  |TAMS 0x00000000a5a00000, 0x00000000a5900000| Untracked 
|  24|0x00000000a5a00000, 0x00000000a5b00000, 0x00000000a5b00000|100%| O|  |TAMS 0x00000000a5b00000, 0x00000000a5a00000| Untracked 
|  25|0x00000000a5b00000, 0x00000000a5c00000, 0x00000000a5c00000|100%| O|  |TAMS 0x00000000a5c00000, 0x00000000a5b00000| Untracked 
|  26|0x00000000a5c00000, 0x00000000a5d00000, 0x00000000a5d00000|100%| O|  |TAMS 0x00000000a5d00000, 0x00000000a5c00000| Untracked 
|  27|0x00000000a5d00000, 0x00000000a5e00000, 0x00000000a5e00000|100%| O|  |TAMS 0x00000000a5e00000, 0x00000000a5d00000| Untracked 
|  28|0x00000000a5e00000, 0x00000000a5f00000, 0x00000000a5f00000|100%| O|  |TAMS 0x00000000a5f00000, 0x00000000a5e00000| Untracked 
|  29|0x00000000a5f00000, 0x00000000a6000000, 0x00000000a6000000|100%| O|  |TAMS 0x00000000a6000000, 0x00000000a5f00000| Untracked 
|  30|0x00000000a6000000, 0x00000000a6100000, 0x00000000a6100000|100%| O|  |TAMS 0x00000000a6100000, 0x00000000a6000000| Untracked 
|  31|0x00000000a6100000, 0x00000000a6200000, 0x00000000a6200000|100%| O|  |TAMS 0x00000000a6200000, 0x00000000a6100000| Untracked 
|  32|0x00000000a6200000, 0x00000000a6300000, 0x00000000a6300000|100%| O|  |TAMS 0x00000000a6300000, 0x00000000a6200000| Untracked 
|  33|0x00000000a6300000, 0x00000000a6400000, 0x00000000a6400000|100%| O|  |TAMS 0x00000000a6300000, 0x00000000a6300000| Untracked 
|  34|0x00000000a6400000, 0x00000000a6500000, 0x00000000a6500000|100%| O|  |TAMS 0x00000000a6500000, 0x00000000a6400000| Untracked 
|  35|0x00000000a6500000, 0x00000000a6600000, 0x00000000a6600000|100%| O|  |TAMS 0x00000000a6600000, 0x00000000a6500000| Untracked 
|  36|0x00000000a6600000, 0x00000000a6700000, 0x00000000a6700000|100%| O|  |TAMS 0x00000000a6700000, 0x00000000a6600000| Untracked 
|  37|0x00000000a6700000, 0x00000000a6800000, 0x00000000a6800000|100%| O|  |TAMS 0x00000000a67f2e00, 0x00000000a6700000| Untracked 
|  38|0x00000000a6800000, 0x00000000a6900000, 0x00000000a6900000|100%| O|  |TAMS 0x00000000a6800000, 0x00000000a6800000| Untracked 
|  39|0x00000000a6900000, 0x00000000a695e800, 0x00000000a6a00000| 36%| O|  |TAMS 0x00000000a6900000, 0x00000000a6900000| Untracked 
|  40|0x00000000a6a00000, 0x00000000a6a00000, 0x00000000a6b00000|  0%| F|  |TAMS 0x00000000a6a00000, 0x00000000a6a00000| Untracked 
|  41|0x00000000a6b00000, 0x00000000a6b00000, 0x00000000a6c00000|  0%| F|  |TAMS 0x00000000a6b00000, 0x00000000a6b00000| Untracked 
|  42|0x00000000a6c00000, 0x00000000a6c00000, 0x00000000a6d00000|  0%| F|  |TAMS 0x00000000a6c00000, 0x00000000a6c00000| Untracked 
|  43|0x00000000a6d00000, 0x00000000a6d00000, 0x00000000a6e00000|  0%| F|  |TAMS 0x00000000a6d00000, 0x00000000a6d00000| Untracked 
|  44|0x00000000a6e00000, 0x00000000a6e00000, 0x00000000a6f00000|  0%| F|  |TAMS 0x00000000a6e00000, 0x00000000a6e00000| Untracked 
|  45|0x00000000a6f00000, 0x00000000a6f00000, 0x00000000a7000000|  0%| F|  |TAMS 0x00000000a6f00000, 0x00000000a6f00000| Untracked 
|  46|0x00000000a7000000, 0x00000000a7000000, 0x00000000a7100000|  0%| F|  |TAMS 0x00000000a7000000, 0x00000000a7000000| Untracked 
|  47|0x00000000a7100000, 0x00000000a7100000, 0x00000000a7200000|  0%| F|  |TAMS 0x00000000a7100000, 0x00000000a7100000| Untracked 
|  48|0x00000000a7200000, 0x00000000a7200000, 0x00000000a7300000|  0%| F|  |TAMS 0x00000000a7200000, 0x00000000a7200000| Untracked 
|  49|0x00000000a7300000, 0x00000000a7300000, 0x00000000a7400000|  0%| F|  |TAMS 0x00000000a7300000, 0x00000000a7300000| Untracked 
|  50|0x00000000a7400000, 0x00000000a7400000, 0x00000000a7500000|  0%| F|  |TAMS 0x00000000a7400000, 0x00000000a7400000| Untracked 
|  51|0x00000000a7500000, 0x00000000a7500000, 0x00000000a7600000|  0%| F|  |TAMS 0x00000000a7500000, 0x00000000a7500000| Untracked 
|  52|0x00000000a7600000, 0x00000000a76df1e0, 0x00000000a7700000| 87%| S|CS|TAMS 0x00000000a7600000, 0x00000000a7600000| Complete 
|  53|0x00000000a7700000, 0x00000000a7700000, 0x00000000a7800000|  0%| F|  |TAMS 0x00000000a7700000, 0x00000000a7700000| Untracked 
|  54|0x00000000a7800000, 0x00000000a7800000, 0x00000000a7900000|  0%| F|  |TAMS 0x00000000a7800000, 0x00000000a7800000| Untracked 
|  55|0x00000000a7900000, 0x00000000a7900000, 0x00000000a7a00000|  0%| F|  |TAMS 0x00000000a7900000, 0x00000000a7900000| Untracked 
|  56|0x00000000a7a00000, 0x00000000a7a00000, 0x00000000a7b00000|  0%| F|  |TAMS 0x00000000a7a00000, 0x00000000a7a00000| Untracked 
|  57|0x00000000a7b00000, 0x00000000a7b00000, 0x00000000a7c00000|  0%| F|  |TAMS 0x00000000a7b00000, 0x00000000a7b00000| Untracked 
|  58|0x00000000a7c00000, 0x00000000a7c00000, 0x00000000a7d00000|  0%| F|  |TAMS 0x00000000a7c00000, 0x00000000a7c00000| Untracked 
|  59|0x00000000a7d00000, 0x00000000a7d00000, 0x00000000a7e00000|  0%| F|  |TAMS 0x00000000a7d00000, 0x00000000a7d00000| Untracked 
|  60|0x00000000a7e00000, 0x00000000a7e00000, 0x00000000a7f00000|  0%| F|  |TAMS 0x00000000a7e00000, 0x00000000a7e00000| Untracked 
|  61|0x00000000a7f00000, 0x00000000a7f00000, 0x00000000a8000000|  0%| F|  |TAMS 0x00000000a7f00000, 0x00000000a7f00000| Untracked 
|  62|0x00000000a8000000, 0x00000000a80ce2c8, 0x00000000a8100000| 80%| E|  |TAMS 0x00000000a8000000, 0x00000000a8000000| Complete 
|  63|0x00000000a8100000, 0x00000000a8200000, 0x00000000a8200000|100%| E|CS|TAMS 0x00000000a8100000, 0x00000000a8100000| Complete 
|  64|0x00000000a8200000, 0x00000000a8300000, 0x00000000a8300000|100%| E|CS|TAMS 0x00000000a8200000, 0x00000000a8200000| Complete 
|  65|0x00000000a8300000, 0x00000000a8400000, 0x00000000a8400000|100%| E|CS|TAMS 0x00000000a8300000, 0x00000000a8300000| Complete 
|  66|0x00000000a8400000, 0x00000000a8500000, 0x00000000a8500000|100%| E|CS|TAMS 0x00000000a8400000, 0x00000000a8400000| Complete 
|  67|0x00000000a8500000, 0x00000000a8600000, 0x00000000a8600000|100%| E|CS|TAMS 0x00000000a8500000, 0x00000000a8500000| Complete 
|  68|0x00000000a8600000, 0x00000000a8700000, 0x00000000a8700000|100%| E|CS|TAMS 0x00000000a8600000, 0x00000000a8600000| Complete 
|  91|0x00000000a9d00000, 0x00000000a9e00000, 0x00000000a9e00000|100%| E|CS|TAMS 0x00000000a9d00000, 0x00000000a9d00000| Complete 

Card table byte_map: [0x000001a8b2d00000,0x000001a8b2fe0000] _byte_map_base: 0x000001a8b27df000

Marking Bits (Prev, Next): (CMBitMap*) 0x000001a89be96e20, (CMBitMap*) 0x000001a89be96e60
 Prev Bits: [0x000001a8b32c0000, 0x000001a8b49b8000)
 Next Bits: [0x000001a8b49c0000, 0x000001a8b60b8000)

Polling page: 0x000001a899d70000

Metaspace:

Usage:
  Non-class:     37.04 MB used.
      Class:      5.12 MB used.
       Both:     42.16 MB used.

Virtual space:
  Non-class space:       64.00 MB reserved,      37.19 MB ( 58%) committed,  1 nodes.
      Class space:        1.00 GB reserved,       5.19 MB ( <1%) committed,  1 nodes.
             Both:        1.06 GB reserved,      42.38 MB (  4%) committed. 

Chunk freelists:
   Non-Class:  10.27 MB
       Class:  10.81 MB
        Both:  21.08 MB

MaxMetaspaceSize: unlimited
CompressedClassSpaceSize: 1.00 GB
Initial GC threshold: 21.00 MB
Current GC threshold: 68.06 MB
CDS: on
MetaspaceReclaimPolicy: balanced
 - commit_granule_bytes: 65536.
 - commit_granule_words: 8192.
 - virtual_space_node_default_size: 8388608.
 - enlarge_chunks_in_place: 1.
 - new_chunks_are_fully_committed: 0.
 - uncommit_free_chunks: 1.
 - use_allocation_guard: 0.
 - handle_deallocations: 1.


Internal statistics:

num_allocs_failed_limit: 6.
num_arena_births: 240.
num_arena_deaths: 0.
num_vsnodes_births: 2.
num_vsnodes_deaths: 0.
num_space_committed: 676.
num_space_uncommitted: 0.
num_chunks_returned_to_freelist: 6.
num_chunks_taken_from_freelist: 1725.
num_chunk_merges: 3.
num_chunk_splits: 1389.
num_chunks_enlarged: 1222.
num_inconsistent_stats: 0.

CodeHeap 'non-profiled nmethods': size=120000Kb used=1874Kb max_used=1874Kb free=118126Kb
 bounds [0x000001a8ab1b0000, 0x000001a8ab420000, 0x000001a8b26e0000]
CodeHeap 'profiled nmethods': size=120000Kb used=9789Kb max_used=9789Kb free=110211Kb
 bounds [0x000001a8a36e0000, 0x000001a8a4070000, 0x000001a8aac10000]
CodeHeap 'non-nmethods': size=5760Kb used=1292Kb max_used=1327Kb free=4467Kb
 bounds [0x000001a8aac10000, 0x000001a8aae80000, 0x000001a8ab1b0000]
 total_blobs=5233 nmethods=4622 adapters=522
 compilation: enabled
              stopped_count=0, restarted_count=0
 full_count=0

Compilation events (20 events):
Event: 14.352 Thread 0x000001a8b8acf5d0 4623       3       org.jetbrains.kotlin.serialization.deserialization.descriptors.DeserializedClassDescriptor$DeserializedClassTypeConstructor::getDeclarationDescriptor (8 bytes)
Event: 14.353 Thread 0x000001a8b8acf5d0 nmethod 4623 0x000001a8a4067810 code [0x000001a8a40679a0, 0x000001a8a4067ab8]
Event: 14.354 Thread 0x000001a8b8acf5d0 4626       3       org.jetbrains.kotlin.descriptors.impl.DeclarationDescriptorImpl::<init> (27 bytes)
Event: 14.354 Thread 0x000001a8b8acf5d0 nmethod 4626 0x000001a8a4067b90 code [0x000001a8a4067d60, 0x000001a8a4068148]
Event: 14.486 Thread 0x000001a8b8acf5d0 4628       3       org.jetbrains.kotlin.com.google.common.collect.Maps::capacity (38 bytes)
Event: 14.487 Thread 0x000001a8b8acf5d0 nmethod 4628 0x000001a8a4068290 code [0x000001a8a4068460, 0x000001a8a4068688]
Event: 14.487 Thread 0x000001a8b8acf5d0 4629       3       org.jetbrains.kotlin.com.google.common.collect.CollectPreconditions::checkNonnegative (37 bytes)
Event: 14.487 Thread 0x000001a8b8acf5d0 nmethod 4629 0x000001a8a4068710 code [0x000001a8a4068940, 0x000001a8a4069048]
Event: 14.492 Thread 0x000001a8b8acf5d0 4630       3       org.jetbrains.kotlin.resolve.DescriptorUtils::isKindOf (35 bytes)
Event: 14.492 Thread 0x000001a8b8acf5d0 nmethod 4630 0x000001a8a4069310 code [0x000001a8a40694e0, 0x000001a8a40699d8]
Event: 14.558 Thread 0x000001a8b8acf5d0 4631       3       org.jetbrains.kotlin.com.intellij.openapi.util.Key::<init> (42 bytes)
Event: 14.558 Thread 0x000001a8b8acf5d0 nmethod 4631 0x000001a8a4069b10 code [0x000001a8a4069ce0, 0x000001a8a406a028]
Event: 14.558 Thread 0x000001a8b8acf5d0 4633   !   3       org.jetbrains.kotlin.com.intellij.util.containers.ConcurrentIntObjectHashMap::putVal (324 bytes)
Event: 14.559 Thread 0x000001a8b8acf5d0 nmethod 4633 0x000001a8a406a190 code [0x000001a8a406a460, 0x000001a8a406b748]
Event: 14.559 Thread 0x000001a8b8acf5d0 4632       3       org.jetbrains.kotlin.com.intellij.util.containers.ConcurrentIntKeyRefValueHashMap::put (40 bytes)
Event: 14.560 Thread 0x000001a8b8acf5d0 nmethod 4632 0x000001a8a406be90 code [0x000001a8a406c0a0, 0x000001a8a406c678]
Event: 14.617 Thread 0x000001a8b8acf5d0 4634       3       org.jetbrains.kotlin.com.intellij.psi.impl.source.tree.SharedImplUtil::getChildrenOfType (103 bytes)
Event: 14.618 Thread 0x000001a8b8acf5d0 nmethod 4634 0x000001a8a406c890 code [0x000001a8a406cac0, 0x000001a8a406d468]
Event: 14.635 Thread 0x000001a8b8acf5d0 4635       3       org.jetbrains.kotlin.config.LanguageVersionSettingsImpl::getFeatureSupport (77 bytes)
Event: 14.636 Thread 0x000001a8b8acf5d0 nmethod 4635 0x000001a8a406d790 code [0x000001a8a406daa0, 0x000001a8a406ea68]

GC Heap History (20 events):
Event: 4.967 GC heap before
{Heap before GC invocations=2 (full 0):
 garbage-first heap   total 94208K, used 40040K [0x00000000a4200000, 0x0000000100000000)
  region size 1024K, 30 young (30720K), 4 survivors (4096K)
 Metaspace       used 21265K, committed 21504K, reserved 1114112K
  class space    used 2734K, committed 2816K, reserved 1048576K
}
Event: 4.978 GC heap after
{Heap after GC invocations=3 (full 0):
 garbage-first heap   total 94208K, used 16688K [0x00000000a4200000, 0x0000000100000000)
  region size 1024K, 6 young (6144K), 6 survivors (6144K)
 Metaspace       used 21265K, committed 21504K, reserved 1114112K
  class space    used 2734K, committed 2816K, reserved 1048576K
}
Event: 8.002 GC heap before
{Heap before GC invocations=4 (full 0):
 garbage-first heap   total 61440K, used 49456K [0x00000000a4200000, 0x0000000100000000)
  region size 1024K, 36 young (36864K), 6 survivors (6144K)
 Metaspace       used 25959K, committed 26176K, reserved 1114112K
  class space    used 3464K, committed 3584K, reserved 1048576K
}
Event: 8.024 GC heap after
{Heap after GC invocations=5 (full 0):
 garbage-first heap   total 61440K, used 24105K [0x00000000a4200000, 0x0000000100000000)
  region size 1024K, 5 young (5120K), 5 survivors (5120K)
 Metaspace       used 25959K, committed 26176K, reserved 1114112K
  class space    used 3464K, committed 3584K, reserved 1048576K
}
Event: 8.070 GC heap before
{Heap before GC invocations=5 (full 0):
 garbage-first heap   total 61440K, used 24105K [0x00000000a4200000, 0x0000000100000000)
  region size 1024K, 6 young (6144K), 5 survivors (5120K)
 Metaspace       used 26172K, committed 26368K, reserved 1114112K
  class space    used 3486K, committed 3584K, reserved 1048576K
}
Event: 8.079 GC heap after
{Heap after GC invocations=6 (full 0):
 garbage-first heap   total 61440K, used 25459K [0x00000000a4200000, 0x0000000100000000)
  region size 1024K, 1 young (1024K), 1 survivors (1024K)
 Metaspace       used 26172K, committed 26368K, reserved 1114112K
  class space    used 3486K, committed 3584K, reserved 1048576K
}
Event: 9.098 GC heap before
{Heap before GC invocations=6 (full 0):
 garbage-first heap   total 61440K, used 45939K [0x00000000a4200000, 0x0000000100000000)
  region size 1024K, 22 young (22528K), 1 survivors (1024K)
 Metaspace       used 30121K, committed 30336K, reserved 1114112K
  class space    used 3901K, committed 3968K, reserved 1048576K
}
Event: 9.105 GC heap after
{Heap after GC invocations=7 (full 0):
 garbage-first heap   total 61440K, used 25393K [0x00000000a4200000, 0x0000000100000000)
  region size 1024K, 3 young (3072K), 3 survivors (3072K)
 Metaspace       used 30121K, committed 30336K, reserved 1114112K
  class space    used 3901K, committed 3968K, reserved 1048576K
}
Event: 10.171 GC heap before
{Heap before GC invocations=7 (full 0):
 garbage-first heap   total 61440K, used 45873K [0x00000000a4200000, 0x0000000100000000)
  region size 1024K, 24 young (24576K), 3 survivors (3072K)
 Metaspace       used 34777K, committed 35008K, reserved 1114112K
  class space    used 4330K, committed 4416K, reserved 1048576K
}
Event: 10.181 GC heap after
{Heap after GC invocations=8 (full 0):
 garbage-first heap   total 61440K, used 27467K [0x00000000a4200000, 0x0000000100000000)
  region size 1024K, 2 young (2048K), 2 survivors (2048K)
 Metaspace       used 34777K, committed 35008K, reserved 1114112K
  class space    used 4330K, committed 4416K, reserved 1048576K
}
Event: 10.506 GC heap before
{Heap before GC invocations=8 (full 0):
 garbage-first heap   total 61440K, used 29515K [0x00000000a4200000, 0x0000000100000000)
  region size 1024K, 5 young (5120K), 2 survivors (2048K)
 Metaspace       used 35708K, committed 35968K, reserved 1114112K
  class space    used 4420K, committed 4544K, reserved 1048576K
}
Event: 10.510 GC heap after
{Heap after GC invocations=9 (full 0):
 garbage-first heap   total 61440K, used 28119K [0x00000000a4200000, 0x0000000100000000)
  region size 1024K, 1 young (1024K), 1 survivors (1024K)
 Metaspace       used 35708K, committed 35968K, reserved 1114112K
  class space    used 4420K, committed 4544K, reserved 1048576K
}
Event: 11.643 GC heap before
{Heap before GC invocations=10 (full 0):
 garbage-first heap   total 61440K, used 45527K [0x00000000a4200000, 0x0000000100000000)
  region size 1024K, 19 young (19456K), 1 survivors (1024K)
 Metaspace       used 38911K, committed 39104K, reserved 1114112K
  class space    used 4797K, committed 4864K, reserved 1048576K
}
Event: 11.652 GC heap after
{Heap after GC invocations=11 (full 0):
 garbage-first heap   total 61440K, used 30720K [0x00000000a4200000, 0x0000000100000000)
  region size 1024K, 3 young (3072K), 3 survivors (3072K)
 Metaspace       used 38911K, committed 39104K, reserved 1114112K
  class space    used 4797K, committed 4864K, reserved 1048576K
}
Event: 13.411 GC heap before
{Heap before GC invocations=11 (full 0):
 garbage-first heap   total 61440K, used 47104K [0x00000000a4200000, 0x0000000100000000)
  region size 1024K, 18 young (18432K), 3 survivors (3072K)
 Metaspace       used 41120K, committed 41408K, reserved 1114112K
  class space    used 5012K, committed 5120K, reserved 1048576K
}
Event: 13.422 GC heap after
{Heap after GC invocations=12 (full 0):
 garbage-first heap   total 61440K, used 36027K [0x00000000a4200000, 0x0000000100000000)
  region size 1024K, 3 young (3072K), 3 survivors (3072K)
 Metaspace       used 41120K, committed 41408K, reserved 1114112K
  class space    used 5012K, committed 5120K, reserved 1048576K
}
Event: 13.602 GC heap before
{Heap before GC invocations=13 (full 0):
 garbage-first heap   total 65536K, used 48315K [0x00000000a4200000, 0x0000000100000000)
  region size 1024K, 15 young (15360K), 3 survivors (3072K)
 Metaspace       used 41182K, committed 41472K, reserved 1114112K
  class space    used 5012K, committed 5120K, reserved 1048576K
}
Event: 13.612 GC heap after
{Heap after GC invocations=14 (full 0):
 garbage-first heap   total 65536K, used 39883K [0x00000000a4200000, 0x0000000100000000)
  region size 1024K, 2 young (2048K), 2 survivors (2048K)
 Metaspace       used 41182K, committed 41472K, reserved 1114112K
  class space    used 5012K, committed 5120K, reserved 1048576K
}
Event: 13.887 GC heap before
{Heap before GC invocations=14 (full 0):
 garbage-first heap   total 65536K, used 51147K [0x00000000a4200000, 0x0000000100000000)
  region size 1024K, 13 young (13312K), 2 survivors (2048K)
 Metaspace       used 41379K, committed 41664K, reserved 1114112K
  class space    used 5023K, committed 5120K, reserved 1048576K
}
Event: 13.893 GC heap after
{Heap after GC invocations=15 (full 0):
 garbage-first heap   total 65536K, used 41206K [0x00000000a4200000, 0x0000000100000000)
  region size 1024K, 1 young (1024K), 1 survivors (1024K)
 Metaspace       used 41379K, committed 41664K, reserved 1114112K
  class space    used 5023K, committed 5120K, reserved 1048576K
}

Deoptimization events (20 events):
Event: 14.293 Thread 0x000001a89be4ba20 Uncommon trap: trap_request=0xffffff45 fr.pc=0x000001a8ab3423c4 relative=0x0000000000000404
Event: 14.293 Thread 0x000001a89be4ba20 Uncommon trap: reason=unstable_if action=reinterpret pc=0x000001a8ab3423c4 method=java.util.HashMap.getNode(Ljava/lang/Object;)Ljava/util/HashMap$Node; @ 66 c2
Event: 14.293 Thread 0x000001a89be4ba20 DEOPT PACKING pc=0x000001a8ab3423c4 sp=0x00000094bd8fd7e0
Event: 14.293 Thread 0x000001a89be4ba20 DEOPT UNPACKING pc=0x000001a8aac623a3 sp=0x00000094bd8fd690 mode 2
Event: 14.293 Thread 0x000001a89be4ba20 Uncommon trap: trap_request=0xffffff45 fr.pc=0x000001a8ab2e4ea0 relative=0x0000000000000200
Event: 14.293 Thread 0x000001a89be4ba20 Uncommon trap: reason=unstable_if action=reinterpret pc=0x000001a8ab2e4ea0 method=java.util.HashMap.getNode(Ljava/lang/Object;)Ljava/util/HashMap$Node; @ 66 c2
Event: 14.293 Thread 0x000001a89be4ba20 DEOPT PACKING pc=0x000001a8ab2e4ea0 sp=0x00000094bd8fd780
Event: 14.293 Thread 0x000001a89be4ba20 DEOPT UNPACKING pc=0x000001a8aac623a3 sp=0x00000094bd8fd698 mode 2
Event: 14.491 Thread 0x000001a89be4ba20 Uncommon trap: trap_request=0xffffff45 fr.pc=0x000001a8ab31ef70 relative=0x0000000000000150
Event: 14.491 Thread 0x000001a89be4ba20 Uncommon trap: reason=unstable_if action=reinterpret pc=0x000001a8ab31ef70 method=org.jetbrains.kotlin.com.intellij.util.keyFMap.ArrayBackedFMap.indexOf(I)I @ 8 c2
Event: 14.491 Thread 0x000001a89be4ba20 DEOPT PACKING pc=0x000001a8ab31ef70 sp=0x00000094bd8fc3c0
Event: 14.491 Thread 0x000001a89be4ba20 DEOPT UNPACKING pc=0x000001a8aac623a3 sp=0x00000094bd8fc2d8 mode 2
Event: 14.491 Thread 0x000001a89be4ba20 Uncommon trap: trap_request=0xffffff45 fr.pc=0x000001a8ab2fb6a4 relative=0x0000000000000104
Event: 14.491 Thread 0x000001a89be4ba20 Uncommon trap: reason=unstable_if action=reinterpret pc=0x000001a8ab2fb6a4 method=org.jetbrains.kotlin.com.intellij.util.keyFMap.ArrayBackedFMap.indexOf(I)I @ 8 c2
Event: 14.491 Thread 0x000001a89be4ba20 DEOPT PACKING pc=0x000001a8ab2fb6a4 sp=0x00000094bd8fc320
Event: 14.491 Thread 0x000001a89be4ba20 DEOPT UNPACKING pc=0x000001a8aac623a3 sp=0x00000094bd8fc2a8 mode 2
Event: 14.617 Thread 0x000001a89be4ba20 Uncommon trap: trap_request=0xffffff45 fr.pc=0x000001a8ab1fb6c8 relative=0x0000000000000228
Event: 14.617 Thread 0x000001a89be4ba20 Uncommon trap: reason=unstable_if action=reinterpret pc=0x000001a8ab1fb6c8 method=java.util.HashMap.hash(Ljava/lang/Object;)I @ 1 c2
Event: 14.617 Thread 0x000001a89be4ba20 DEOPT PACKING pc=0x000001a8ab1fb6c8 sp=0x00000094bd8fc890
Event: 14.617 Thread 0x000001a89be4ba20 DEOPT UNPACKING pc=0x000001a8aac623a3 sp=0x00000094bd8fc798 mode 2

Classes unloaded (0 events):
No events

Classes redefined (0 events):
No events

Internal exceptions (20 events):
Event: 3.114 Thread 0x000001a89be4ba20 Exception <a 'java/lang/NoSuchMethodError'{0x00000000a7c6f5d0}: 'long java.lang.invoke.DirectMethodHandle$Holder.invokeStaticInit(java.lang.Object)'> (0x00000000a7c6f5d0) 
thrown [s\open\src\hotspot\share\interpreter\linkResolver.cpp, line 759]
Event: 3.297 Thread 0x000001a89be4ba20 Exception <a 'java/lang/NoSuchMethodError'{0x00000000a9c697c8}: 'int java.lang.invoke.DirectMethodHandle$Holder.invokeStaticInit(java.lang.Object, java.lang.Object, java.lang.Object)'> (0x00000000a9c697c8) 
thrown [s\open\src\hotspot\share\interpreter\linkResolver.cpp, line 759]
Event: 3.308 Thread 0x000001a89be4ba20 Exception <a 'java/lang/NoSuchMethodError'{0x00000000a9c92a60}: 'int java.lang.invoke.DirectMethodHandle$Holder.invokeStaticInit(java.lang.Object, java.lang.Object)'> (0x00000000a9c92a60) 
thrown [s\open\src\hotspot\share\interpreter\linkResolver.cpp, line 759]
Event: 3.361 Thread 0x000001a89be4ba20 Exception <a 'java/lang/NoSuchMethodError'{0x00000000a9b6e870}: 'void java.lang.invoke.DirectMethodHandle$Holder.invokeSpecial(java.lang.Object, java.lang.Object, java.lang.Object)'> (0x00000000a9b6e870) 
thrown [s\open\src\hotspot\share\interpreter\linkResolver.cpp, line 759]
Event: 4.004 Thread 0x000001a89be4ba20 Exception <a 'java/lang/NoSuchMethodError'{0x00000000a904a478}: 'void java.lang.invoke.DirectMethodHandle$Holder.invokeStatic(java.lang.Object, java.lang.Object, java.lang.Object, java.lang.Object)'> (0x00000000a904a478) 
thrown [s\open\src\hotspot\share\interpreter\linkResolver.cpp, line 759]
Event: 4.250 Thread 0x000001a89be4ba20 Exception <a 'java/lang/NoSuchMethodError'{0x00000000a8c3dfa0}: 'void java.lang.invoke.DirectMethodHandle$Holder.invokeStaticInit(java.lang.Object, java.lang.Object)'> (0x00000000a8c3dfa0) 
thrown [s\open\src\hotspot\share\interpreter\linkResolver.cpp, line 759]
Event: 4.607 Thread 0x000001a89be4ba20 Exception <a 'java/lang/NoSuchMethodError'{0x00000000a8860078}: 'void java.lang.invoke.DirectMethodHandle$Holder.invokeVirtual(java.lang.Object, java.lang.Object)'> (0x00000000a8860078) 
thrown [s\open\src\hotspot\share\interpreter\linkResolver.cpp, line 759]
Event: 4.644 Thread 0x000001a89be4ba20 Exception <a 'java/lang/NoSuchMethodError'{0x00000000a88eb120}: 'int java.lang.invoke.DirectMethodHandle$Holder.invokeVirtual(java.lang.Object, java.lang.Object)'> (0x00000000a88eb120) 
thrown [s\open\src\hotspot\share\interpreter\linkResolver.cpp, line 759]
Event: 4.706 Thread 0x000001a89be4ba20 Exception <a 'java/lang/NoSuchMethodError'{0x00000000a8790ed0}: 'java.lang.Object java.lang.invoke.Invokers$Holder.invokeExact_MT(java.lang.Object, java.lang.Object, java.lang.Object, java.lang.Object, java.lang.Object, java.lang.Object)'> (0x00000000a8790ed0) 
thrown [s\open\src\hotspot\share\interpreter\linkResolver.cpp, line 759]
Event: 8.170 Thread 0x000001a89be4ba20 Exception <a 'java/lang/NoSuchMethodError'{0x00000000a80af938}: 'java.lang.Object java.lang.invoke.DirectMethodHandle$Holder.invokeVirtual(java.lang.Object, java.lang.Object, java.lang.Object)'> (0x00000000a80af938) 
thrown [s\open\src\hotspot\share\interpreter\linkResolver.cpp, line 759]
Event: 10.202 Thread 0x000001a89be4ba20 Exception <a 'java/lang/NoSuchMethodError'{0x00000000a9d4f590}: 'java.lang.Object java.lang.invoke.DirectMethodHandle$Holder.newInvokeSpecial(java.lang.Object, java.lang.Object, int)'> (0x00000000a9d4f590) 
thrown [s\open\src\hotspot\share\interpreter\linkResolver.cpp, line 759]
Event: 10.288 Thread 0x000001a89be4ba20 Exception <a 'java/lang/NoSuchMethodError'{0x00000000a8397af0}: 'java.lang.Object java.lang.invoke.DirectMethodHandle$Holder.invokeInterface(java.lang.Object, java.lang.Object)'> (0x00000000a8397af0) 
thrown [s\open\src\hotspot\share\interpreter\linkResolver.cpp, line 759]
Event: 11.004 Thread 0x000001a89be4ba20 Exception <a 'java/lang/NoSuchMethodError'{0x00000000a7ee7478}: 'java.lang.Object java.lang.invoke.DirectMethodHandle$Holder.newInvokeSpecial(java.lang.Object, java.lang.Object, java.lang.Object, int)'> (0x00000000a7ee7478) 
thrown [s\open\src\hotspot\share\interpreter\linkResolver.cpp, line 759]
Event: 11.005 Thread 0x000001a89be4ba20 Exception <a 'java/lang/NoSuchMethodError'{0x00000000a7eebb00}: 'java.lang.Object java.lang.invoke.DirectMethodHandle$Holder.invokeSpecial(java.lang.Object, java.lang.Object, java.lang.Object, java.lang.Object, int)'> (0x00000000a7eebb00) 
thrown [s\open\src\hotspot\share\interpreter\linkResolver.cpp, line 759]
Event: 11.006 Thread 0x000001a89be4ba20 Exception <a 'java/lang/NoSuchMethodError'{0x00000000a7eef970}: 'java.lang.Object java.lang.invoke.Invokers$Holder.linkToTargetMethod(java.lang.Object, java.lang.Object, int, java.lang.Object)'> (0x00000000a7eef970) 
thrown [s\open\src\hotspot\share\interpreter\linkResolver.cpp, line 759]
Event: 14.088 Thread 0x000001a89be4ba20 Exception <a 'java/lang/NoSuchMethodError'{0x00000000a853ade8}: 'java.lang.Object java.lang.invoke.DirectMethodHandle$Holder.newInvokeSpecial(java.lang.Object, java.lang.Object, java.lang.Object, java.lang.Object, java.lang.Object, java.lang.Object, java.lang.Object, java.lang.Object)'> (0x00000000a853ade8) 
thrown [s\open\src\hotspot\share\interpreter\linkResolver.cpp, line 759]
Event: 14.090 Thread 0x000001a89be4ba20 Exception <a 'java/lang/NoSuchMethodError'{0x00000000a8540400}: 'java.lang.Object java.lang.invoke.DirectMethodHandle$Holder.invokeSpecial(java.lang.Object, java.lang.Object, java.lang.Object, java.lang.Object, java.lang.Object, java.lang.Object, java.lang.Object, java.lang.Object, java.lang.Object)'> (0x00000000a8540400) 
thrown [s\open\src\hotspot\share\interpreter\linkResolver.cpp, line 759]
Event: 14.091 Thread 0x000001a89be4ba20 Exception <a 'java/lang/NoSuchMethodError'{0x00000000a8545330}: 'java.lang.Object java.lang.invoke.Invokers$Holder.linkToTargetMethod(java.lang.Object, java.lang.Object, java.lang.Object, java.lang.Object, java.lang.Object, java.lang.Object, java.lang.Object, java.lang.Object)'> (0x00000000a8545330) 
thrown [s\open\src\hotspot\share\interpreter\linkResolver.cpp, line 759]
Event: 14.391 Thread 0x000001a89be4ba20 Exception <a 'java/lang/NoSuchMethodError'{0x00000000a84fd880}: 'java.lang.Object java.lang.invoke.DirectMethodHandle$Holder.newInvokeSpecial(java.lang.Object, java.lang.Object, java.lang.Object, java.lang.Object, java.lang.Object, java.lang.Object)'> (0x00000000a84fd880) 
thrown [s\open\src\hotspot\share\interpreter\linkResolver.cpp, line 759]
Event: 14.617 Thread 0x000001a89be4ba20 Implicit null exception at 0x000001a8ab1fb4ea to 0x000001a8ab1fb6ac

VM Operations (20 events):
Event: 11.710 Executing VM operation: HandshakeAllThreads
Event: 11.710 Executing VM operation: HandshakeAllThreads done
Event: 12.718 Executing VM operation: Cleanup
Event: 12.718 Executing VM operation: Cleanup done
Event: 13.257 Executing VM operation: HandshakeAllThreads
Event: 13.257 Executing VM operation: HandshakeAllThreads done
Event: 13.410 Executing VM operation: G1TryInitiateConcMark
Event: 13.427 Executing VM operation: G1TryInitiateConcMark done
Event: 13.448 Executing VM operation: G1Concurrent
Event: 13.467 Executing VM operation: G1Concurrent done
Event: 13.478 Executing VM operation: G1Concurrent
Event: 13.478 Executing VM operation: G1Concurrent done
Event: 13.602 Executing VM operation: G1CollectForAllocation
Event: 13.615 Executing VM operation: G1CollectForAllocation done
Event: 13.886 Executing VM operation: G1CollectForAllocation
Event: 13.893 Executing VM operation: G1CollectForAllocation done
Event: 13.923 Executing VM operation: G1Concurrent
Event: 13.929 Executing VM operation: G1Concurrent done
Event: 13.943 Executing VM operation: G1Concurrent
Event: 13.943 Executing VM operation: G1Concurrent done

Events (20 events):
Event: 10.051 loading class java/util/EmptyStackException
Event: 10.057 loading class java/util/EmptyStackException done
Event: 10.093 loading class java/util/BitSet
Event: 10.096 loading class java/util/BitSet done
Event: 10.100 loading class java/util/PrimitiveIterator$OfInt
Event: 10.101 loading class java/util/PrimitiveIterator
Event: 10.102 loading class java/util/PrimitiveIterator done
Event: 10.102 loading class java/util/PrimitiveIterator$OfInt done
Event: 10.200 loading class java/util/function/IntUnaryOperator
Event: 10.201 loading class java/util/function/IntUnaryOperator done
Event: 10.974 loading class java/util/ArrayList$ListItr
Event: 10.974 loading class java/util/ArrayList$ListItr done
Event: 11.632 loading class java/util/AbstractList$SubList$1
Event: 11.632 loading class java/util/AbstractList$SubList$1 done
Event: 11.632 loading class java/util/AbstractList$ListItr
Event: 11.632 loading class java/util/AbstractList$ListItr done
Event: 11.744 loading class java/text/StringCharacterIterator
Event: 11.744 loading class java/text/CharacterIterator
Event: 11.744 loading class java/text/CharacterIterator done
Event: 11.744 loading class java/text/StringCharacterIterator done


Dynamic libraries:
0x00007ff6aa9e0000 - 0x00007ff6aa9f0000 	C:\Program Files\Java\jdk-17\bin\java.exe
0x00007ff82bad0000 - 0x00007ff82bce7000 	C:\Windows\SYSTEM32\ntdll.dll
0x00007ff829f50000 - 0x00007ff82a014000 	C:\Windows\System32\KERNEL32.DLL
0x00007ff829160000 - 0x00007ff829506000 	C:\Windows\System32\KERNELBASE.dll
0x00007ff829630000 - 0x00007ff829741000 	C:\Windows\System32\ucrtbase.dll
0x00007ffff3160000 - 0x00007ffff3179000 	C:\Program Files\Java\jdk-17\bin\jli.dll
0x00007ff82a430000 - 0x00007ff82a4e3000 	C:\Windows\System32\ADVAPI32.dll
0x00007ff82b9e0000 - 0x00007ff82ba87000 	C:\Windows\System32\msvcrt.dll
0x00007ff82a760000 - 0x00007ff82a808000 	C:\Windows\System32\sechost.dll
0x00007ff8297f0000 - 0x00007ff829818000 	C:\Windows\System32\bcrypt.dll
0x00007ff82b140000 - 0x00007ff82b257000 	C:\Windows\System32\RPCRT4.dll
0x00007ff8073e0000 - 0x00007ff8073fb000 	C:\Program Files\Java\jdk-17\bin\VCRUNTIME140.dll
0x00007ff829980000 - 0x00007ff829b2e000 	C:\Windows\System32\USER32.dll
0x00007ff829510000 - 0x00007ff829536000 	C:\Windows\System32\win32u.dll
0x00007ff82b110000 - 0x00007ff82b139000 	C:\Windows\System32\GDI32.dll
0x00007ff828e10000 - 0x00007ff828f28000 	C:\Windows\System32\gdi32full.dll
0x00007ff829750000 - 0x00007ff8297ea000 	C:\Windows\System32\msvcp_win.dll
0x00007ff817570000 - 0x00007ff817803000 	C:\Windows\WinSxS\amd64_microsoft.windows.common-controls_6595b64144ccf1df_6.0.22621.2506_none_270c5ae97388e100\COMCTL32.dll
0x00007ff81e280000 - 0x00007ff81e28a000 	C:\Windows\SYSTEM32\VERSION.dll
0x00007ff82b0d0000 - 0x00007ff82b101000 	C:\Windows\System32\IMM32.DLL
0x00007ff815c70000 - 0x00007ff815c7c000 	C:\Program Files\Java\jdk-17\bin\vcruntime140_1.dll
0x00007fffecc50000 - 0x00007fffeccde000 	C:\Program Files\Java\jdk-17\bin\msvcp140.dll
0x00007fffd9a30000 - 0x00007fffda611000 	C:\Program Files\Java\jdk-17\bin\server\jvm.dll
0x00007ff829d80000 - 0x00007ff829d88000 	C:\Windows\System32\PSAPI.DLL
0x00007ff81e550000 - 0x00007ff81e559000 	C:\Windows\SYSTEM32\WSOCK32.dll
0x00007ff82b8b0000 - 0x00007ff82b921000 	C:\Windows\System32\WS2_32.dll
0x00007ff821030000 - 0x00007ff821064000 	C:\Windows\SYSTEM32\WINMM.dll
0x00007ff827e50000 - 0x00007ff827e68000 	C:\Windows\SYSTEM32\kernel.appcore.dll
0x00007ff815c20000 - 0x00007ff815c2a000 	C:\Program Files\Java\jdk-17\bin\jimage.dll
0x00007ff826800000 - 0x00007ff826a33000 	C:\Windows\SYSTEM32\DBGHELP.DLL
0x00007ff82a020000 - 0x00007ff82a3a9000 	C:\Windows\System32\combase.dll
0x00007ff82b2c0000 - 0x00007ff82b397000 	C:\Windows\System32\OLEAUT32.dll
0x00007ff810c10000 - 0x00007ff810c42000 	C:\Windows\SYSTEM32\dbgcore.DLL
0x00007ff8295b0000 - 0x00007ff82962a000 	C:\Windows\System32\bcryptPrimitives.dll
0x00007fffef500000 - 0x00007fffef525000 	C:\Program Files\Java\jdk-17\bin\java.dll
0x00007fffdd8f0000 - 0x00007fffdd9c7000 	C:\Program Files\Java\jdk-17\bin\jsvml.dll
0x00007ff82a860000 - 0x00007ff82b0bb000 	C:\Windows\System32\SHELL32.dll
0x00007ff826d70000 - 0x00007ff827666000 	C:\Windows\SYSTEM32\windows.storage.dll
0x00007ff826c30000 - 0x00007ff826d6e000 	C:\Windows\SYSTEM32\wintypes.dll
0x00007ff82a660000 - 0x00007ff82a753000 	C:\Windows\System32\SHCORE.dll
0x00007ff82a600000 - 0x00007ff82a65e000 	C:\Windows\System32\shlwapi.dll
0x00007ff828d40000 - 0x00007ff828d66000 	C:\Windows\SYSTEM32\profapi.dll
0x00007fffef4e0000 - 0x00007fffef4f9000 	C:\Program Files\Java\jdk-17\bin\net.dll
0x00007ff823110000 - 0x00007ff823247000 	C:\Windows\SYSTEM32\WINHTTP.dll
0x00007ff828340000 - 0x00007ff8283a9000 	C:\Windows\system32\mswsock.dll
0x00007fffef4c0000 - 0x00007fffef4d6000 	C:\Program Files\Java\jdk-17\bin\nio.dll
0x00007fffecc30000 - 0x00007fffecc48000 	C:\Program Files\Java\jdk-17\bin\zip.dll
0x00007ff815c00000 - 0x00007ff815c10000 	C:\Program Files\Java\jdk-17\bin\verify.dll

dbghelp: loaded successfully - version: 4.0.5 - missing functions: none
symbol engine: initialized successfully - sym options: 0x614 - pdb path: .;C:\Program Files\Java\jdk-17\bin;C:\Windows\SYSTEM32;C:\Windows\WinSxS\amd64_microsoft.windows.common-controls_6595b64144ccf1df_6.0.22621.2506_none_270c5ae97388e100;C:\Program Files\Java\jdk-17\bin\server

VM Arguments:
java_command: org.jetbrains.kotlin.cli.jvm.K2JVMCompiler @C:\Users\vanth\FixAllNow\Mobile\node_modules\react-native-gesture-handler\android\build\20240228_17954817472601526476.compiler.options
java_class_path (initial): C:\Users\vanth\.gradle\caches\modules-2\files-2.1\org.jetbrains.kotlin\kotlin-compiler-embeddable\1.8.0\eb9118d4bcceaa2a94b2ae2a33a4ddba7c9a947f\kotlin-compiler-embeddable-1.8.0.jar;C:\Users\vanth\.gradle\caches\modules-2\files-2.1\org.jetbrains.kotlin\kotlin-stdlib\1.8.0\1796921c7a3e2e2665a83e6c8d33399336cd39bc\kotlin-stdlib-1.8.0.jar;C:\Users\vanth\.gradle\caches\modules-2\files-2.1\org.jetbrains.kotlin\kotlin-script-runtime\1.8.0\b2f7e760d283cb339974851c222a4c1d48f2d3d\kotlin-script-runtime-1.8.0.jar;C:\Users\vanth\.gradle\caches\modules-2\files-2.1\org.jetbrains.kotlin\kotlin-reflect\1.6.10\1cbe9c92c12a94eea200d23c2bbaedaf3daf5132\kotlin-reflect-1.6.10.jar;C:\Users\vanth\.gradle\caches\modules-2\files-2.1\org.jetbrains.kotlin\kotlin-daemon-embeddable\1.8.0\d255216c551685dc3a7e852b53617f5f01aaaa5c\kotlin-daemon-embeddable-1.8.0.jar;C:\Users\vanth\.gradle\caches\modules-2\files-2.1\org.jetbrains.intellij.deps\trove4j\1.0.20200330\3afb14d5f9ceb459d724e907a21145e8ff394f02\trove4j-1.0.20200330.jar;C:\Users\vanth\.gradle\caches\modules-2\files-2.1\net.java.dev.jna\jna\5.6.0\330f2244e9030119ab3030fc3fededc86713d9cc\jna-5.6.0.jar;C:\Users\vanth\.gradle\caches\modules-2\files-2.1\org.jetbrains.kotlin\kotlin-stdlib-common\1.8.0\f7197e7cc76453ac59f8b0f8d5137cc600becd36\kotlin-stdlib-common-1.8.0.jar;C:\Users\vanth\.gradle\caches\modules-2\files-2.1\org.jetbrains\annotations\13.0\919f0dfe192fb4e063e7dacadee7f8bb9a2672a9\annotations-13.0.jar
Launcher Type: SUN_STANDARD

[Global flags]
     intx CICompilerCount                          = 4                                         {product} {ergonomic}
     uint ConcGCThreads                            = 2                                         {product} {ergonomic}
     uint G1ConcRefinementThreads                  = 8                                         {product} {ergonomic}
   size_t G1HeapRegionSize                         = 1048576                                   {product} {ergonomic}
    uintx GCDrainStackTargetSize                   = 64                                        {product} {ergonomic}
   size_t InitialHeapSize                          = 96468992                                  {product} {ergonomic}
   size_t MarkStackSize                            = 4194304                                   {product} {ergonomic}
   size_t MaxHeapSize                              = 1541406720                                {product} {ergonomic}
   size_t MaxNewSize                               = 924844032                                 {product} {ergonomic}
   size_t MinHeapDeltaBytes                        = 1048576                                   {product} {ergonomic}
   size_t MinHeapSize                              = 8388608                                   {product} {ergonomic}
    uintx NonNMethodCodeHeapSize                   = 5839372                                {pd product} {ergonomic}
    uintx NonProfiledCodeHeapSize                  = 122909434                              {pd product} {ergonomic}
    uintx ProfiledCodeHeapSize                     = 122909434                              {pd product} {ergonomic}
    uintx ReservedCodeCacheSize                    = 251658240                              {pd product} {ergonomic}
     bool SegmentedCodeCache                       = true                                      {product} {ergonomic}
   size_t SoftMaxHeapSize                          = 1541406720                             {manageable} {ergonomic}
     bool UseCompressedClassPointers               = true                           {product lp64_product} {ergonomic}
     bool UseCompressedOops                        = true                           {product lp64_product} {ergonomic}
     bool UseG1GC                                  = true                                      {product} {ergonomic}
     bool UseLargePagesIndividualAllocation        = false                                  {pd product} {ergonomic}

Logging:
Log output configuration:
 #0: stdout all=warning uptime,level,tags
 #1: stderr all=off uptime,level,tags

Environment Variables:
JAVA_HOME=C:\Program Files\Java\jdk-17
CLASSPATH=C:\Users\vanth\FixAllNow\Mobile\android\\gradle\wrapper\gradle-wrapper.jar
PATH=C:\Users\vanth\FixAllNow\Mobile\node_modules\.bin;C:\Users\vanth\FixAllNow\Mobile\node_modules\.bin;C:\Users\vanth\FixAllNow\node_modules\.bin;C:\Users\vanth\node_modules\.bin;C:\Users\node_modules\.bin;C:\node_modules\.bin;C:\Users\vanth\AppData\Roaming\npm\node_modules\npm\node_modules\@npmcli\run-script\lib\node-gyp-bin;C:\Users\vanth\FixAllNow\Mobile\node_modules\.bin;C:\Users\vanth\FixAllNow\node_modules\.bin;C:\Users\vanth\node_modules\.bin;C:\Users\node_modules\.bin;C:\node_modules\.bin;C:\Users\vanth\AppData\Roaming\npm\node_modules\npm\node_modules\@npmcli\run-script\lib\node-gyp-bin;C:\Program Files\Common Files\Oracle\Java\javapath;C:\Program Files\Microsoft\jdk-11.0.16.101-hotspot\bin;C:\Windows\system32;C:\Windows;C:\Windows\System32\Wbem;C:\Windows\System32\WindowsPowerShell\v1.0\;C:\Windows\System32\OpenSSH\;C:\Program Files\Git\cmd;C:\xampp\php;C:\Program Files\Microsoft SQL Server\150\Tools\Binn\;C:\Program Files\Microsoft SQL Server\Client SDK\ODBC\170\Tools\Binn\;C:\Program Files\dotnet\;C:\ProgramData\ComposerSetup\bin;C:\Program Files (x86)\Microsoft SQL Server\150\Tools\Binn\;C:\Program Files\Microsoft SQL Server\150\DTS\Binn\;C:\Program Files\Azure Data Studio\bin;C:\Users\vanth\AppData\Roaming\nvm;C:\Program Files\nodejs;;C:\Program Files (x86)\Microsoft SQL Server\160\DTS\Binn\;C:\Program Files\Microsoft\jdk-11.0.16.101-hotspot\bin;C:\Windows\system32;C:\Windows;C:\Windows\System32\Wbem;C:\Windows\System32\WindowsPowerShell\v1.0\;C:\Windows\System32\OpenSSH\;C:\Program Files\Git\cmd;C:\xampp\php;C:\Program Files\Microsoft SQL Server\150\Tools\Binn\;C:\Program Files\Microsoft SQL Server\Client SDK\ODBC\170\Tools\Binn\;C:\Program Files\dotnet\;C:\ProgramData\ComposerSetup\bin;C:\Program Files (x86)\Microsoft SQL Server\150\Tools\Binn\;C:\Program Files\Microsoft SQL Server\150\DTS\Binn\;C:\Program Files\Azure Data Studio\bin;C:\Users\vanth\AppData\Roaming\nvm;C:\Program Files (x86)\Microsoft SQL Server\160\DTS\Binn\;C:\Users\vanth\AppData\Loc
USERNAME=HI
LANG=en_US.UTF-8
OS=Windows_NT
PROCESSOR_IDENTIFIER=AMD64 Family 23 Model 160 Stepping 0, AuthenticAMD



---------------  S Y S T E M  ---------------

OS:
 Windows 11 , 64 bit Build 22621 (10.0.22621.3085)
OS uptime: 4 days 6:47 hours

CPU: total 8 (initial active 8) (8 cores per cpu, 2 threads per core) family 23 model 160 stepping 0 microcode 0x0, cx8, cmov, fxsr, ht, mmx, 3dnowpref, sse, sse2, sse3, ssse3, sse4a, sse4.1, sse4.2, popcnt, lzcnt, tsc, tscinvbit, avx, avx2, aes, clmul, bmi1, bmi2, adx, sha, fma, vzeroupper, clflush, clflushopt

Memory: 4k page, system-wide physical 5877M (24M free)
TotalPageFile size 24309M (AvailPageFile size 4M)
current process WorkingSet (physical memory assigned to process): 181M, peak: 188M
current process commit charge ("private bytes"): 248M, peak: 250M

vm_info: Java HotSpot(TM) 64-Bit Server VM (17.0.9+11-LTS-201) for windows-amd64 JRE (17.0.9+11-LTS-201), built on Oct 10 2023 23:16:06 by "mach5one" with MS VC++ 17.1 (VS2022)

END.
